03/05/2016 06:17:21 p.m. FrannZ de NOVAERA es expulsado en validar permanencia.
03/05/2016 06:17:21 p.m. FrannZ de NOVAERA NO provoca cambio de alineación. MAXANT:Falso
03/05/2016 06:17:21 p.m. FRANNZ ha sido expulsado de NOVAERA Expulsador = -1
03/05/2016 06:17:33 p.m. POTOKO de NOVAERA es expulsado en validar permanencia.
03/05/2016 06:17:33 p.m. POTOKO de NOVAERA NO provoca cambio de alineación. MAXANT:Falso
03/05/2016 06:17:33 p.m. POTOKO ha sido expulsado de NOVAERA Expulsador = -1
03/05/2016 08:39:40 p.m. CeCH de NOVAERA es expulsado en validar permanencia.
03/05/2016 08:39:40 p.m. CeCH de NOVAERA NO provoca cambio de alineación. MAXANT:Falso
03/05/2016 08:39:40 p.m. CECH ha sido expulsado de NOVAERA Expulsador = -1
03/05/2016 09:16:54 p.m. RAZOR ha sido expulsado de NOVAERA Expulsador = 2
10/05/2016 09:58:42 p.m. MAGO E ha sido expulsado de Switzerland Expulsador = 5
11/05/2016 02:36:44 p.m. Zherten de wEP es expulsado en validar permanencia.
11/05/2016 02:36:44 p.m. Zherten de wEP NO provoca cambio de alineación. MAXANT:Falso
11/05/2016 02:36:44 p.m. ZHERTEN ha sido expulsado de wEP Expulsador = -1
14/05/2016 12:01:29 p.m. FONZ ha sido expulsado de New School Expulsador = 1
14/05/2016 09:50:33 p.m. FRANCOTIRADOR ha sido expulsado de Shadows Expulsador = 1
15/05/2016 06:46:11 p.m. ARZEN ha sido expulsado de Los PJ Expulsador = 1
15/05/2016 11:15:05 p.m. TOMMEN ha sido expulsado de Los PJ Expulsador = 1
16/05/2016 09:59:12 a.m. TOMMEN ha sido expulsado de Los PJ Expulsador = 1
16/05/2016 09:59:39 a.m. TOMMEN ha sido expulsado de Los PJ Expulsador = 1
17/05/2016 01:39:28 p.m. KRIMZZEL ha sido expulsado de Switzerland Expulsador = 1
17/05/2016 09:45:58 p.m. PABLO LESCANO ha sido expulsado de BrawLhalla Expulsador = 3
17/05/2016 11:44:04 p.m. PABLO LESCANO ha sido expulsado de PsicodelicoS Expulsador = 1
18/05/2016 07:51:29 p.m. KRIMZZEL ha sido expulsado de PsicodelicoS Expulsador = 2
20/05/2016 03:05:42 p.m. RAKIO ha sido expulsado de PsicodelicoS Expulsador = 2
20/05/2016 05:00:36 p.m. Jineck, líder de KrOwN hizo bajar la alienación de su clan.
20/05/2016 05:00:36 p.m. ¡El clan KrOwN cambio de alineación!
20/05/2016 06:42:32 p.m. LINTENNDO ha sido expulsado de Leger Rode Expulsador = 2
20/11/2016 01:41:45 a.m. Crip, líder de Cream Caramel hizo bajar la alienación de su clan.
20/11/2016 01:41:45 a.m. ¡El clan Cream Caramel cambio de alineación!
20/11/2016 02:01:25 p.m. TSUNA ha sido expulsado de Zokals Expulsador = 2
20/11/2016 06:41:20 p.m. JHAZKET ha sido expulsado de Assassins Expulsador = 9
20/11/2016 11:47:21 p.m. ACADEMIA ha sido expulsado de Zokals Expulsador = 4
21/11/2016 12:04:10 a.m. WILLIAM ha sido expulsado de Cheat On Expulsador = 2
21/11/2016 11:45:04 a.m. COMPA ha sido expulsado de Manicomio Expulsador = 2
21/11/2016 12:10:48 p.m. GLATER ha sido expulsado de Zokals Expulsador = 2
21/11/2016 12:10:51 p.m. AUTOPSIA ha sido expulsado de Zokals Expulsador = 4
21/11/2016 12:46:53 p.m. NISCA ha sido expulsado de ALQUAEDA Expulsador = 3
21/11/2016 02:13:25 p.m. TSUNA ha sido expulsado de Ethernals Expulsador = 2
27/11/2016 04:00:00 p.m. LIMONADA ha sido expulsado de Ritalis Expulsador = 1
27/11/2016 11:43:59 p.m. EL VEINTI ha sido expulsado de eL rAnChO Expulsador = 3
28/11/2016 08:46:04 p.m. FSK, líder de URUGUAY hizo bajar la alienación de su clan.
28/11/2016 08:46:04 p.m. ¡El clan URUGUAY cambio de alineación!
29/11/2016 11:04:15 a.m. JKLAN ha sido expulsado de Pluma Azul Expulsador = 2
29/11/2016 06:55:26 p.m. LIMONADA ha sido expulsado de Ritalis Expulsador = 2
29/11/2016 06:56:08 p.m. TSUNA ha sido expulsado de Ritalis Expulsador = 2
29/11/2016 06:56:57 p.m. CORNALITO ha sido expulsado de Ritalis Expulsador = 2
29/11/2016 07:06:54 p.m. NADYAN ha sido expulsado de ALQUAEDA Expulsador = 4
30/11/2016 01:47:19 a.m. ENCHULAMELA ha sido expulsado de ONN FIREE Expulsador = 1
30/11/2016 08:43:06 p.m. NEYRA ha sido expulsado de Ritalis Expulsador = 1
30/11/2016 08:57:18 p.m. KLAMT de ALQUAEDA es expulsado en validar permanencia.
30/11/2016 08:57:18 p.m. KLAMT de ALQUAEDA NO provoca cambio de alineación. MAXANT:Falso
30/11/2016 08:57:18 p.m. KLAMT ha sido expulsado de ALQUAEDA Expulsador = -1
30/11/2016 09:54:59 p.m. NEXHA ha sido expulsado de Ritalis Expulsador = 5
30/11/2016 10:35:57 p.m. KURSSI ha sido expulsado de Ritalis Expulsador = 4
30/11/2016 10:46:53 p.m. KLAMT ha sido expulsado de Mac Meezelany Expulsador = 2
30/11/2016 11:03:17 p.m. LIMONADA ha sido expulsado de ONN FIREE Expulsador = 1
01/12/2016 05:32:59 p.m. ESTEARA ha sido expulsado de VAGDEY Expulsador = 1
02/12/2016 06:06:55 p.m. EL VEINTI ha sido expulsado de Pluma Azul Expulsador = 2
