01/12/2016 04:27:15 a.m. Lady Mish compró del NPC 1000 Poción azul
01/12/2016 04:27:16 a.m. Lady Mish compró del NPC 1000 Poción roja
01/12/2016 11:27:02 a.m. KLAMT tiró al piso 6978 Poción roja Mapa: 175 X: 34 Y: 43
01/12/2016 11:27:02 a.m. KLAMT tiró al piso 5952 Poción azul Mapa: 175 X: 32 Y: 44
01/12/2016 11:28:11 a.m. KLAMT tiró al piso 5952 Poción azul Mapa: 175 X: 33 Y: 34
01/12/2016 12:09:13 p.m. LuIgI mató un dragón
01/12/2016 12:09:22 p.m. FRED paso a nivel 2 gano HP: 8
01/12/2016 12:09:22 p.m. FRED paso a nivel 3 gano HP: 8
01/12/2016 12:09:22 p.m. FRED paso a nivel 4 gano HP: 8
01/12/2016 12:09:22 p.m. FRED paso a nivel 5 gano HP: 9
01/12/2016 12:09:22 p.m. FRED paso a nivel 6 gano HP: 8
01/12/2016 12:09:22 p.m. FRED paso a nivel 7 gano HP: 8
01/12/2016 12:09:22 p.m. FRED paso a nivel 8 gano HP: 9
01/12/2016 12:09:22 p.m. FRED paso a nivel 9 gano HP: 8
01/12/2016 12:09:22 p.m. FRED paso a nivel 10 gano HP: 8
01/12/2016 12:09:22 p.m. FRED paso a nivel 11 gano HP: 8
01/12/2016 12:09:22 p.m. FRED paso a nivel 12 gano HP: 8
01/12/2016 12:09:22 p.m. FRED paso a nivel 13 gano HP: 8
01/12/2016 12:09:22 p.m. FRED paso a nivel 14 gano HP: 9
01/12/2016 12:09:22 p.m. FRED paso a nivel 15 gano HP: 9
01/12/2016 12:09:22 p.m. FRED paso a nivel 16 gano HP: 9
01/12/2016 12:09:22 p.m. FRED paso a nivel 17 gano HP: 8
01/12/2016 12:09:22 p.m. FRED paso a nivel 18 gano HP: 9
01/12/2016 12:09:22 p.m. FRED paso a nivel 19 gano HP: 9
01/12/2016 12:09:22 p.m. FRED paso a nivel 20 gano HP: 9
01/12/2016 12:09:22 p.m. FRED paso a nivel 21 gano HP: 8
01/12/2016 12:09:22 p.m. FRED paso a nivel 22 gano HP: 9
01/12/2016 12:09:22 p.m. FRED paso a nivel 23 gano HP: 9
01/12/2016 12:09:22 p.m. FRED paso a nivel 24 gano HP: 9
01/12/2016 12:09:22 p.m. FRED paso a nivel 25 gano HP: 9
01/12/2016 12:09:22 p.m. FRED paso a nivel 26 gano HP: 8
01/12/2016 12:09:22 p.m. FRED paso a nivel 27 gano HP: 8
01/12/2016 12:09:22 p.m. FRED paso a nivel 28 gano HP: 8
01/12/2016 12:09:22 p.m. FRED paso a nivel 29 gano HP: 9
01/12/2016 12:09:22 p.m. FRED paso a nivel 30 gano HP: 8
01/12/2016 12:09:22 p.m. FRED paso a nivel 31 gano HP: 8
01/12/2016 12:09:22 p.m. FRED paso a nivel 32 gano HP: 9
01/12/2016 12:09:22 p.m. FRED paso a nivel 33 gano HP: 8
01/12/2016 12:09:22 p.m. FRED paso a nivel 34 gano HP: 9
01/12/2016 12:09:22 p.m. FRED paso a nivel 35 gano HP: 8
01/12/2016 12:09:22 p.m. FRED paso a nivel 36 gano HP: 8
01/12/2016 12:09:22 p.m. FRED paso a nivel 37 gano HP: 8
01/12/2016 12:09:22 p.m. FRED paso a nivel 38 gano HP: 8
01/12/2016 12:09:22 p.m. FRED paso a nivel 39 gano HP: 8
01/12/2016 12:09:22 p.m. FRED paso a nivel 40 gano HP: 9
01/12/2016 12:13:54 p.m. carla paso a nivel 29 gano HP: 6
01/12/2016 12:16:14 p.m. carla paso a nivel 30 gano HP: 6
01/12/2016 12:16:39 p.m. carla paso a nivel 31 gano HP: 6
01/12/2016 12:17:53 p.m. carla paso a nivel 32 gano HP: 6
01/12/2016 12:18:27 p.m. carla paso a nivel 33 gano HP: 6
01/12/2016 12:19:05 p.m. carla paso a nivel 34 gano HP: 5
01/12/2016 12:25:49 p.m. Luigi paso a nivel 42 gano HP: 8
01/12/2016 12:25:49 p.m. Luigi paso a nivel 43 gano HP: 10
01/12/2016 12:25:49 p.m. Luigi paso a nivel 44 gano HP: 8
01/12/2016 12:31:40 p.m. Luigi mató un dragón
01/12/2016 12:31:55 p.m. FFF paso a nivel 2 gano HP: 6
01/12/2016 12:31:55 p.m. FFF paso a nivel 3 gano HP: 6
01/12/2016 12:31:55 p.m. FFF paso a nivel 4 gano HP: 6
01/12/2016 12:31:55 p.m. FFF paso a nivel 5 gano HP: 8
01/12/2016 12:31:55 p.m. FFF paso a nivel 6 gano HP: 6
01/12/2016 12:31:55 p.m. FFF paso a nivel 7 gano HP: 8
01/12/2016 12:31:55 p.m. FFF paso a nivel 8 gano HP: 8
01/12/2016 12:31:55 p.m. FFF paso a nivel 9 gano HP: 6
01/12/2016 12:31:55 p.m. FFF paso a nivel 10 gano HP: 8
01/12/2016 12:31:55 p.m. FFF paso a nivel 11 gano HP: 6
01/12/2016 12:31:55 p.m. FFF paso a nivel 12 gano HP: 6
01/12/2016 12:31:55 p.m. FFF paso a nivel 13 gano HP: 8
01/12/2016 12:31:55 p.m. FFF paso a nivel 14 gano HP: 8
01/12/2016 12:31:55 p.m. FFF paso a nivel 15 gano HP: 6
01/12/2016 12:31:55 p.m. FFF paso a nivel 16 gano HP: 8
01/12/2016 12:31:55 p.m. FFF paso a nivel 17 gano HP: 6
01/12/2016 12:31:55 p.m. FFF paso a nivel 18 gano HP: 8
01/12/2016 12:31:55 p.m. FFF paso a nivel 19 gano HP: 8
01/12/2016 12:31:55 p.m. FFF paso a nivel 20 gano HP: 8
01/12/2016 12:31:55 p.m. FFF paso a nivel 21 gano HP: 8
01/12/2016 12:31:55 p.m. FFF paso a nivel 22 gano HP: 8
01/12/2016 12:31:55 p.m. FFF paso a nivel 23 gano HP: 6
01/12/2016 12:31:55 p.m. FFF paso a nivel 24 gano HP: 6
01/12/2016 12:31:55 p.m. FFF paso a nivel 25 gano HP: 6
01/12/2016 12:31:55 p.m. FFF paso a nivel 26 gano HP: 6
01/12/2016 12:31:55 p.m. FFF paso a nivel 27 gano HP: 8
01/12/2016 12:31:55 p.m. FFF paso a nivel 28 gano HP: 6
01/12/2016 12:31:55 p.m. FFF paso a nivel 29 gano HP: 6
01/12/2016 12:31:55 p.m. FFF paso a nivel 30 gano HP: 6
01/12/2016 12:31:55 p.m. FFF paso a nivel 31 gano HP: 6
01/12/2016 12:31:55 p.m. FFF paso a nivel 32 gano HP: 8
01/12/2016 12:31:55 p.m. FFF paso a nivel 33 gano HP: 8
01/12/2016 12:31:55 p.m. FFF paso a nivel 34 gano HP: 8
01/12/2016 12:31:55 p.m. FFF paso a nivel 35 gano HP: 6
01/12/2016 12:31:55 p.m. FFF paso a nivel 36 gano HP: 6
01/12/2016 12:31:55 p.m. FFF paso a nivel 37 gano HP: 6
01/12/2016 12:31:55 p.m. FFF paso a nivel 38 gano HP: 6
01/12/2016 12:31:55 p.m. FFF paso a nivel 39 gano HP: 8
01/12/2016 12:31:55 p.m. FFF paso a nivel 40 gano HP: 8
01/12/2016 12:36:34 p.m. KLAMT compró del NPC 1000 Poción azul
01/12/2016 12:36:34 p.m. KLAMT compró del NPC 1000 Poción azul
01/12/2016 01:09:56 p.m. FFF paso a nivel 41 gano HP: 6
01/12/2016 01:59:48 p.m. Borio paso a nivel 2 gano HP: 7
01/12/2016 01:59:48 p.m. Borio paso a nivel 3 gano HP: 8
01/12/2016 01:59:52 p.m. Borio paso a nivel 4 gano HP: 7
01/12/2016 01:59:52 p.m. Borio paso a nivel 5 gano HP: 8
01/12/2016 02:00:56 p.m. Borio paso a nivel 6 gano HP: 8
01/12/2016 02:01:00 p.m. Borio paso a nivel 7 gano HP: 8
01/12/2016 02:01:12 p.m. Borio paso a nivel 8 gano HP: 8
01/12/2016 02:01:25 p.m. Borio paso a nivel 9 gano HP: 7
01/12/2016 02:01:43 p.m. Borio paso a nivel 10 gano HP: 7
01/12/2016 02:02:03 p.m. Borio paso a nivel 11 gano HP: 8
01/12/2016 02:04:25 p.m. Borio paso a nivel 12 gano HP: 7
01/12/2016 02:04:51 p.m. Borio paso a nivel 13 gano HP: 8
01/12/2016 02:08:22 p.m. DIOS paso a nivel 2 gano HP: 8
01/12/2016 02:08:22 p.m. DIOS paso a nivel 3 gano HP: 8
01/12/2016 02:08:22 p.m. DIOS paso a nivel 4 gano HP: 8
01/12/2016 02:08:22 p.m. DIOS paso a nivel 5 gano HP: 8
01/12/2016 02:08:36 p.m. DIOS paso a nivel 6 gano HP: 7
01/12/2016 02:08:36 p.m. DIOS paso a nivel 7 gano HP: 8
01/12/2016 02:08:36 p.m. DIOS paso a nivel 8 gano HP: 8
01/12/2016 02:08:41 p.m. DIOS paso a nivel 9 gano HP: 8
01/12/2016 02:08:44 p.m. DIOS paso a nivel 10 gano HP: 7
01/12/2016 02:08:57 p.m. DIOS paso a nivel 11 gano HP: 8
01/12/2016 02:09:03 p.m. DIOS paso a nivel 12 gano HP: 8
01/12/2016 02:09:41 p.m. DIOS paso a nivel 13 gano HP: 8
01/12/2016 02:11:03 p.m. DIOS compró del NPC 1000 Poción roja
01/12/2016 02:11:04 p.m. DIOS compró del NPC 1000 Poción azul
01/12/2016 02:13:26 p.m. DIOS paso a nivel 14 gano HP: 8
01/12/2016 02:13:28 p.m. DIOS paso a nivel 15 gano HP: 7
01/12/2016 02:14:36 p.m. DIOS paso a nivel 16 gano HP: 7
01/12/2016 02:14:39 p.m. DIOS paso a nivel 17 gano HP: 7
01/12/2016 02:14:48 p.m. DIOS paso a nivel 18 gano HP: 7
01/12/2016 02:15:04 p.m. DIOS paso a nivel 19 gano HP: 7
01/12/2016 02:15:27 p.m. Verefor paso a nivel 2 gano HP: 7
01/12/2016 02:15:27 p.m. Verefor paso a nivel 3 gano HP: 7
01/12/2016 02:15:28 p.m. Verefor paso a nivel 4 gano HP: 7
01/12/2016 02:15:37 p.m. DIOS paso a nivel 20 gano HP: 7
01/12/2016 02:15:38 p.m. Verefor paso a nivel 5 gano HP: 7
01/12/2016 02:15:44 p.m. Verefor paso a nivel 6 gano HP: 7
01/12/2016 02:15:47 p.m. Verefor paso a nivel 7 gano HP: 9
01/12/2016 02:15:51 p.m. Verefor paso a nivel 8 gano HP: 7
01/12/2016 02:15:59 p.m. Verefor paso a nivel 9 gano HP: 9
01/12/2016 02:16:07 p.m. DIOS paso a nivel 21 gano HP: 7
01/12/2016 02:16:28 p.m. Verefor paso a nivel 10 gano HP: 9
01/12/2016 02:16:39 p.m. Verefor paso a nivel 11 gano HP: 9
01/12/2016 02:16:49 p.m. Verefor paso a nivel 12 gano HP: 9
01/12/2016 02:17:03 p.m. Verefor paso a nivel 13 gano HP: 7
01/12/2016 02:21:10 p.m. Borio paso a nivel 14 gano HP: 8
01/12/2016 02:21:10 p.m. Borio paso a nivel 15 gano HP: 8
01/12/2016 02:21:10 p.m. Borio paso a nivel 16 gano HP: 8
01/12/2016 02:21:10 p.m. Borio paso a nivel 17 gano HP: 7
01/12/2016 02:21:10 p.m. Borio paso a nivel 18 gano HP: 7
01/12/2016 02:21:10 p.m. Borio paso a nivel 19 gano HP: 8
01/12/2016 02:21:10 p.m. Borio paso a nivel 20 gano HP: 7
01/12/2016 02:21:10 p.m. Borio paso a nivel 21 gano HP: 7
01/12/2016 02:21:10 p.m. Borio paso a nivel 22 gano HP: 7
01/12/2016 02:21:10 p.m. Borio paso a nivel 23 gano HP: 8
01/12/2016 02:21:10 p.m. Borio paso a nivel 24 gano HP: 8
01/12/2016 02:21:17 p.m. NOHOK paso a nivel 2 gano HP: 7
01/12/2016 02:21:18 p.m. NOHOK paso a nivel 3 gano HP: 7
01/12/2016 02:21:22 p.m. NOHOK paso a nivel 4 gano HP: 8
01/12/2016 02:21:25 p.m. NOHOK paso a nivel 5 gano HP: 7
01/12/2016 02:21:28 p.m. NOHOK paso a nivel 6 gano HP: 8
01/12/2016 02:21:42 p.m. NOHOK paso a nivel 7 gano HP: 8
01/12/2016 02:22:34 p.m. Verefor paso a nivel 14 gano HP: 7
01/12/2016 02:23:23 p.m. Verefor paso a nivel 15 gano HP: 9
01/12/2016 02:23:45 p.m. Borio paso a nivel 25 gano HP: 8
01/12/2016 02:24:54 p.m. Verefor paso a nivel 16 gano HP: 7
01/12/2016 02:26:01 p.m. SIR NELSON paso a nivel 2 gano HP: 8
01/12/2016 02:26:17 p.m. Verefor paso a nivel 17 gano HP: 9
01/12/2016 02:26:17 p.m. SIR NELSON paso a nivel 3 gano HP: 8
01/12/2016 02:26:17 p.m. SIR NELSON paso a nivel 4 gano HP: 7
01/12/2016 02:26:17 p.m. SIR NELSON paso a nivel 5 gano HP: 7
01/12/2016 02:26:17 p.m. SIR NELSON paso a nivel 6 gano HP: 8
01/12/2016 02:26:17 p.m. SIR NELSON paso a nivel 7 gano HP: 8
01/12/2016 02:26:31 p.m. SIR NELSON paso a nivel 8 gano HP: 7
01/12/2016 02:26:31 p.m. SIR NELSON paso a nivel 9 gano HP: 7
01/12/2016 02:26:42 p.m. SIR NELSON paso a nivel 10 gano HP: 7
01/12/2016 02:27:28 p.m. SIR NELSON paso a nivel 11 gano HP: 8
01/12/2016 02:27:34 p.m. SIR NELSON paso a nivel 12 gano HP: 8
01/12/2016 02:27:37 p.m. Verefor paso a nivel 18 gano HP: 9
01/12/2016 02:27:54 p.m. SIR NELSON paso a nivel 13 gano HP: 8
01/12/2016 02:28:49 p.m. Verefor paso a nivel 19 gano HP: 7
01/12/2016 02:29:09 p.m. Verefor paso a nivel 20 gano HP: 7
01/12/2016 02:29:30 p.m. Verefor paso a nivel 21 gano HP: 9
01/12/2016 02:33:06 p.m. i AM RiCH paso a nivel 2 gano HP: 7
01/12/2016 02:33:06 p.m. i AM RiCH paso a nivel 3 gano HP: 7
01/12/2016 02:33:06 p.m. i AM RiCH paso a nivel 4 gano HP: 5
01/12/2016 02:33:06 p.m. i AM RiCH paso a nivel 5 gano HP: 7
01/12/2016 02:33:07 p.m. i AM RiCH paso a nivel 6 gano HP: 5
01/12/2016 02:33:07 p.m. i AM RiCH paso a nivel 7 gano HP: 5
01/12/2016 02:33:53 p.m. i AM RiCH paso a nivel 8 gano HP: 7
01/12/2016 02:34:12 p.m. i AM RiCH paso a nivel 9 gano HP: 5
01/12/2016 02:34:22 p.m. i AM RiCH paso a nivel 10 gano HP: 7
01/12/2016 02:34:27 p.m. i AM RiCH paso a nivel 11 gano HP: 5
01/12/2016 02:34:37 p.m. i AM RiCH paso a nivel 12 gano HP: 5
01/12/2016 02:34:49 p.m. FFF compró del NPC 1000 Poción azul
01/12/2016 02:34:50 p.m. FFF compró del NPC 1000 Poción azul
01/12/2016 02:34:52 p.m. FFF compró del NPC 1000 Poción azul
01/12/2016 02:35:02 p.m. i AM RiCH paso a nivel 13 gano HP: 5
01/12/2016 02:36:36 p.m. CUCO paso a nivel 2 gano HP: 8
01/12/2016 02:36:36 p.m. CUCO paso a nivel 3 gano HP: 8
01/12/2016 02:36:36 p.m. CUCO paso a nivel 4 gano HP: 6
01/12/2016 02:36:36 p.m. CUCO paso a nivel 5 gano HP: 8
01/12/2016 02:36:46 p.m. CUCO paso a nivel 6 gano HP: 8
01/12/2016 02:36:46 p.m. CUCO paso a nivel 7 gano HP: 6
01/12/2016 02:36:49 p.m. CUCO paso a nivel 8 gano HP: 6
01/12/2016 02:37:10 p.m. CUCO paso a nivel 9 gano HP: 8
01/12/2016 02:37:12 p.m. CUCO paso a nivel 10 gano HP: 8
01/12/2016 02:37:17 p.m. CUCO paso a nivel 11 gano HP: 8
01/12/2016 02:37:21 p.m. CUCO paso a nivel 12 gano HP: 8
01/12/2016 02:37:48 p.m. CUCO paso a nivel 13 gano HP: 6
01/12/2016 02:41:12 p.m. BEREFOR paso a nivel 2 gano HP: 7
01/12/2016 02:41:12 p.m. BEREFOR paso a nivel 3 gano HP: 8
01/12/2016 02:41:14 p.m. BEREFOR paso a nivel 4 gano HP: 7
01/12/2016 02:41:14 p.m. BEREFOR paso a nivel 5 gano HP: 8
01/12/2016 02:41:15 p.m. BEREFOR paso a nivel 6 gano HP: 7
01/12/2016 02:41:19 p.m. CONCHiTA paso a nivel 2 gano HP: 7
01/12/2016 02:41:30 p.m. BEREFOR paso a nivel 7 gano HP: 8
01/12/2016 02:41:31 p.m. CONCHiTA paso a nivel 3 gano HP: 7
01/12/2016 02:41:31 p.m. CONCHiTA paso a nivel 4 gano HP: 7
01/12/2016 02:41:31 p.m. CONCHiTA paso a nivel 5 gano HP: 7
01/12/2016 02:41:31 p.m. CONCHiTA paso a nivel 6 gano HP: 7
01/12/2016 02:41:31 p.m. CONCHiTA paso a nivel 7 gano HP: 7
01/12/2016 02:41:31 p.m. CONCHiTA paso a nivel 8 gano HP: 9
01/12/2016 02:41:31 p.m. CONCHiTA paso a nivel 9 gano HP: 9
01/12/2016 02:41:31 p.m. CONCHiTA paso a nivel 10 gano HP: 9
01/12/2016 02:41:31 p.m. CONCHiTA paso a nivel 11 gano HP: 9
01/12/2016 02:41:35 p.m. BEREFOR paso a nivel 8 gano HP: 7
01/12/2016 02:41:36 p.m. CONCHiTA paso a nivel 12 gano HP: 9
01/12/2016 02:41:36 p.m. CONCHiTA paso a nivel 13 gano HP: 7
01/12/2016 02:41:37 p.m. Borio paso a nivel 26 gano HP: 7
01/12/2016 02:41:37 p.m. Borio paso a nivel 27 gano HP: 7
01/12/2016 02:41:37 p.m. Borio paso a nivel 28 gano HP: 8
01/12/2016 02:41:37 p.m. Borio paso a nivel 29 gano HP: 7
01/12/2016 02:41:37 p.m. Borio paso a nivel 30 gano HP: 7
01/12/2016 02:41:37 p.m. Borio paso a nivel 31 gano HP: 7
01/12/2016 02:41:37 p.m. Borio paso a nivel 32 gano HP: 8
01/12/2016 02:41:37 p.m. Borio paso a nivel 33 gano HP: 7
01/12/2016 02:41:37 p.m. Borio paso a nivel 34 gano HP: 7
01/12/2016 02:41:37 p.m. Borio paso a nivel 35 gano HP: 8
01/12/2016 02:41:49 p.m. BEREFOR paso a nivel 9 gano HP: 8
01/12/2016 02:41:57 p.m. BEREFOR paso a nivel 10 gano HP: 8
01/12/2016 02:42:02 p.m. BEREFOR paso a nivel 11 gano HP: 7
01/12/2016 02:42:12 p.m. BEREFOR paso a nivel 12 gano HP: 7
01/12/2016 02:42:23 p.m. BEREFOR paso a nivel 13 gano HP: 7
01/12/2016 02:42:39 p.m. BEREFOR paso a nivel 14 gano HP: 7
01/12/2016 02:42:53 p.m. BEREFOR paso a nivel 15 gano HP: 8
01/12/2016 02:43:27 p.m. BEREFOR paso a nivel 16 gano HP: 7
01/12/2016 02:43:31 p.m. EMPANADA DE CARNE paso a nivel 2 gano HP: 10
01/12/2016 02:43:31 p.m. EMPANADA DE CARNE paso a nivel 3 gano HP: 10
01/12/2016 02:43:31 p.m. EMPANADA DE CARNE paso a nivel 4 gano HP: 10
01/12/2016 02:43:31 p.m. EMPANADA DE CARNE paso a nivel 5 gano HP: 11
01/12/2016 02:43:31 p.m. EMPANADA DE CARNE paso a nivel 6 gano HP: 10
01/12/2016 02:43:31 p.m. EMPANADA DE CARNE paso a nivel 7 gano HP: 10
01/12/2016 02:43:31 p.m. EMPANADA DE CARNE paso a nivel 8 gano HP: 10
01/12/2016 02:43:31 p.m. EMPANADA DE CARNE paso a nivel 9 gano HP: 10
01/12/2016 02:43:31 p.m. EMPANADA DE CARNE paso a nivel 10 gano HP: 10
01/12/2016 02:43:31 p.m. EMPANADA DE CARNE paso a nivel 11 gano HP: 11
01/12/2016 02:43:39 p.m. EMPANADA DE CARNE paso a nivel 12 gano HP: 10
01/12/2016 02:43:39 p.m. EMPANADA DE CARNE paso a nivel 13 gano HP: 10
01/12/2016 02:43:54 p.m. BEREFOR paso a nivel 17 gano HP: 7
01/12/2016 02:43:58 p.m. EMPANADA DE CARNE compró del NPC 1000 Poción roja
01/12/2016 02:44:44 p.m. BEREFOR paso a nivel 18 gano HP: 7
01/12/2016 02:45:06 p.m. EMPANADA DE CARNE paso a nivel 14 gano HP: 11
01/12/2016 02:45:06 p.m. EMPANADA DE CARNE paso a nivel 15 gano HP: 10
01/12/2016 02:45:08 p.m. EMPANADA DE CARNE paso a nivel 16 gano HP: 10
01/12/2016 02:45:16 p.m. EMPANADA DE CARNE paso a nivel 17 gano HP: 10
01/12/2016 02:45:18 p.m. EMPANADA DE CARNE paso a nivel 18 gano HP: 11
01/12/2016 02:45:25 p.m. EMPANADA DE CARNE paso a nivel 19 gano HP: 11
01/12/2016 02:45:35 p.m. BEREFOR paso a nivel 19 gano HP: 7
01/12/2016 02:46:25 p.m. BEREFOR paso a nivel 20 gano HP: 8
01/12/2016 02:46:36 p.m. EMPANADA DE CARNE paso a nivel 20 gano HP: 10
01/12/2016 02:46:39 p.m. EMPANADA DE CARNE paso a nivel 21 gano HP: 11
01/12/2016 02:46:54 p.m. EMPANADA DE CARNE paso a nivel 22 gano HP: 10
01/12/2016 02:47:29 p.m. BEREFOR paso a nivel 21 gano HP: 8
01/12/2016 02:48:40 p.m. EMPANADA DE CARNE paso a nivel 23 gano HP: 10
01/12/2016 02:49:10 p.m. BEREFOR paso a nivel 22 gano HP: 7
01/12/2016 02:49:21 p.m. EMPANADA DE CARNE paso a nivel 24 gano HP: 11
01/12/2016 02:49:53 p.m. EMPANADA DE CARNE paso a nivel 25 gano HP: 10
01/12/2016 02:53:44 p.m. Borio paso a nivel 36 gano HP: 8
01/12/2016 02:54:43 p.m. BEREFOR paso a nivel 23 gano HP: 8
01/12/2016 02:55:34 p.m. BEREFOR paso a nivel 24 gano HP: 7
01/12/2016 02:56:02 p.m. BEREFOR paso a nivel 25 gano HP: 8
01/12/2016 02:56:24 p.m. BEREFOR paso a nivel 26 gano HP: 7
01/12/2016 03:01:00 p.m. BEREFOR paso a nivel 27 gano HP: 8
01/12/2016 03:02:52 p.m. BEREFOR paso a nivel 28 gano HP: 7
01/12/2016 03:05:01 p.m. BEREFOR paso a nivel 29 gano HP: 8
01/12/2016 03:06:34 p.m. BEREFOR paso a nivel 30 gano HP: 8
01/12/2016 03:07:19 p.m. BEREFOR paso a nivel 31 gano HP: 8
01/12/2016 03:08:39 p.m. BEREFOR paso a nivel 32 gano HP: 7
01/12/2016 03:10:17 p.m. BEREFOR paso a nivel 33 gano HP: 8
01/12/2016 03:12:08 p.m. BEREFOR paso a nivel 34 gano HP: 7
01/12/2016 03:13:52 p.m. vELkRA compró del NPC 1000 Poción azul
01/12/2016 03:13:52 p.m. vELkRA compró del NPC 1000 Poción azul
01/12/2016 03:15:10 p.m. BEREFOR paso a nivel 35 gano HP: 7
01/12/2016 03:19:39 p.m. BEREFOR paso a nivel 36 gano HP: 8
01/12/2016 03:22:31 p.m. Borio paso a nivel 37 gano HP: 7
01/12/2016 03:39:04 p.m. Borio compró del NPC 1000 Poción azul
01/12/2016 03:39:05 p.m. Borio compró del NPC 1000 Poción azul
01/12/2016 03:39:05 p.m. Borio compró del NPC 1000 Poción azul
01/12/2016 03:44:14 p.m. BEREFOR paso a nivel 37 gano HP: 7
01/12/2016 03:44:14 p.m. BEREFOR paso a nivel 38 gano HP: 7
01/12/2016 03:44:52 p.m. berefor paso a nivel 39 gano HP: 8
01/12/2016 03:45:29 p.m. vELkRA paso a nivel 47 gano HP: 7
01/12/2016 03:47:48 p.m. berefor paso a nivel 40 gano HP: 8
01/12/2016 03:55:15 p.m. Borio paso a nivel 38 gano HP: 7
01/12/2016 03:58:39 p.m. berefor paso a nivel 41 gano HP: 7
01/12/2016 03:59:18 p.m. Borio paso a nivel 39 gano HP: 7
01/12/2016 04:00:20 p.m. BIYONZ juntó del piso 10000 Oro Mapa: 145 X: 56 Y: 21
01/12/2016 04:00:23 p.m. BIYONZ juntó del piso 10000 Oro Mapa: 145 X: 56 Y: 21
01/12/2016 04:00:26 p.m. BIYONZ juntó del piso 10000 Oro Mapa: 145 X: 56 Y: 21
01/12/2016 04:00:30 p.m. BIYONZ juntó del piso 10000 Oro Mapa: 145 X: 56 Y: 21
01/12/2016 04:00:32 p.m. BIYONZ juntó del piso 10000 Oro Mapa: 145 X: 56 Y: 21
01/12/2016 04:00:35 p.m. BIYONZ juntó del piso 10000 Oro Mapa: 145 X: 56 Y: 21
01/12/2016 04:00:40 p.m. BIYONZ juntó del piso 10000 Oro Mapa: 145 X: 56 Y: 21
01/12/2016 04:02:35 p.m. berefor paso a nivel 42 gano HP: 7
01/12/2016 04:03:49 p.m. Borio paso a nivel 40 gano HP: 7
01/12/2016 04:25:28 p.m. Borio paso a nivel 41 gano HP: 8
01/12/2016 04:28:25 p.m. Borio paso a nivel 42 gano HP: 7
01/12/2016 04:29:00 p.m. Wertion paso a nivel 2 gano HP: 10
01/12/2016 04:29:00 p.m. Wertion paso a nivel 3 gano HP: 9
01/12/2016 04:29:00 p.m. Wertion paso a nivel 4 gano HP: 10
01/12/2016 04:29:00 p.m. Wertion paso a nivel 5 gano HP: 10
01/12/2016 04:29:01 p.m. Wertion paso a nivel 6 gano HP: 9
01/12/2016 04:29:02 p.m. Wertion paso a nivel 7 gano HP: 10
01/12/2016 04:29:02 p.m. Wertion paso a nivel 8 gano HP: 9
01/12/2016 04:29:13 p.m. Wertion paso a nivel 9 gano HP: 9
01/12/2016 04:29:29 p.m. Wertion paso a nivel 10 gano HP: 9
01/12/2016 04:30:51 p.m. Wertion paso a nivel 11 gano HP: 9
01/12/2016 04:31:01 p.m. Wertion paso a nivel 12 gano HP: 10
01/12/2016 04:34:52 p.m. Borio paso a nivel 43 gano HP: 7
01/12/2016 04:35:15 p.m. Wertion paso a nivel 13 gano HP: 9
01/12/2016 04:38:35 p.m. Borio paso a nivel 44 gano HP: 7
01/12/2016 04:45:31 p.m. Borio paso a nivel 45 gano HP: 8
01/12/2016 05:21:15 p.m. FFF paso a nivel 42 gano HP: 8
01/12/2016 05:21:28 p.m. KALIAN paso a nivel 2 gano HP: 9
01/12/2016 05:21:28 p.m. KALIAN paso a nivel 3 gano HP: 9
01/12/2016 05:21:38 p.m. KALIAN paso a nivel 4 gano HP: 7
01/12/2016 05:21:38 p.m. KALIAN paso a nivel 5 gano HP: 9
01/12/2016 05:21:43 p.m. KALIAN paso a nivel 6 gano HP: 9
01/12/2016 05:21:48 p.m. KALIAN paso a nivel 7 gano HP: 7
01/12/2016 05:22:13 p.m. KALIAN paso a nivel 8 gano HP: 7
01/12/2016 05:22:21 p.m. KALIAN paso a nivel 9 gano HP: 9
01/12/2016 05:22:36 p.m. KALIAN paso a nivel 10 gano HP: 7
01/12/2016 05:25:21 p.m. SITRAX paso a nivel 2 gano HP: 6
01/12/2016 05:25:21 p.m. SITRAX paso a nivel 3 gano HP: 7
01/12/2016 05:25:27 p.m. SITRAX paso a nivel 4 gano HP: 7
01/12/2016 05:25:32 p.m. SITRAX paso a nivel 5 gano HP: 6
01/12/2016 05:25:39 p.m. SITRAX paso a nivel 6 gano HP: 6
01/12/2016 05:25:47 p.m. SITRAX paso a nivel 7 gano HP: 6
01/12/2016 05:26:01 p.m. SITRAX paso a nivel 8 gano HP: 6
01/12/2016 05:27:17 p.m. Berefor paso a nivel 43 gano HP: 8
01/12/2016 05:32:32 p.m. Berefor paso a nivel 44 gano HP: 8
01/12/2016 05:38:07 p.m. vELkRA compró del NPC 1000 Báculo Engarzado
01/12/2016 05:38:07 p.m. vELkRA compró del NPC 1000 Báculo Engarzado
01/12/2016 05:38:07 p.m. vELkRA compró del NPC 1000 Báculo Engarzado
01/12/2016 05:38:07 p.m. vELkRA compró del NPC 1000 Báculo Engarzado
01/12/2016 05:38:08 p.m. vELkRA compró del NPC 1000 Báculo Engarzado
01/12/2016 05:38:08 p.m. vELkRA compró del NPC 1000 Báculo Engarzado
01/12/2016 05:38:08 p.m. vELkRA compró del NPC 1000 Báculo Engarzado
01/12/2016 05:38:11 p.m. vELkRA compró del NPC 1000 Sombrero de Mago
01/12/2016 05:38:22 p.m. vELkRA compró del NPC 1000 Sombrero de Mago
01/12/2016 05:38:22 p.m. vELkRA compró del NPC 1000 Sombrero de Mago
01/12/2016 05:38:22 p.m. vELkRA compró del NPC 1000 Sombrero de Mago
01/12/2016 05:38:22 p.m. vELkRA compró del NPC 1000 Sombrero de Mago
01/12/2016 05:38:22 p.m. vELkRA compró del NPC 1000 Sombrero de Mago
01/12/2016 05:38:22 p.m. vELkRA compró del NPC 1000 Sombrero de Mago
01/12/2016 05:38:23 p.m. vELkRA compró del NPC 1000 Sombrero de Mago
01/12/2016 05:38:44 p.m. vELkRA compró del NPC 1000 Báculo Engarzado
01/12/2016 05:38:46 p.m. vELkRA compró del NPC 1000 Báculo Engarzado
01/12/2016 05:38:47 p.m. vELkRA compró del NPC 1000 Sombrero de Mago
01/12/2016 05:39:01 p.m. vELkRA compró del NPC 1000 Túnica Legendaria (H/E/EO-M/H)
01/12/2016 05:39:01 p.m. vELkRA compró del NPC 1000 Túnica Legendaria (H/E/EO-M/H)
01/12/2016 05:39:01 p.m. vELkRA compró del NPC 1000 Túnica Legendaria (H/E/EO-M/H)
01/12/2016 05:39:01 p.m. vELkRA compró del NPC 1000 Túnica Legendaria (H/E/EO-M/H)
01/12/2016 05:39:01 p.m. vELkRA compró del NPC 1000 Túnica Legendaria (H/E/EO-M/H)
01/12/2016 05:39:01 p.m. vELkRA compró del NPC 1000 Túnica Legendaria (H/E/EO-M/H)
01/12/2016 05:39:01 p.m. vELkRA compró del NPC 1000 Túnica Legendaria (H/E/EO-M/H)
01/12/2016 05:39:01 p.m. vELkRA compró del NPC 1000 Túnica Legendaria (H/E/EO-M/H)
01/12/2016 05:39:11 p.m. vELkRA compró del NPC 1000 Túnica Legendaria (H/E/EO-M/H)
01/12/2016 05:39:16 p.m. vELkRA vendió al NPC 1000 Báculo Engarzado
01/12/2016 05:39:20 p.m. Berefor paso a nivel 45 gano HP: 7
01/12/2016 05:59:29 p.m. GOMAEVA compró del NPC 1000 Poción roja
01/12/2016 05:59:30 p.m. GOMAEVA compró del NPC 1000 Poción azul
01/12/2016 05:59:30 p.m. GOMAEVA compró del NPC 1000 Poción azul
01/12/2016 06:01:39 p.m. GOMAEVA paso a nivel 2 gano HP: 5
01/12/2016 06:01:39 p.m. GOMAEVA paso a nivel 3 gano HP: 7
01/12/2016 06:01:41 p.m. GOMAEVA paso a nivel 4 gano HP: 5
01/12/2016 06:01:41 p.m. GOMAEVA paso a nivel 5 gano HP: 7
01/12/2016 06:01:44 p.m. GOMAEVA paso a nivel 6 gano HP: 7
01/12/2016 06:01:47 p.m. GOMAEVA paso a nivel 7 gano HP: 5
01/12/2016 06:01:50 p.m. GOMAEVA paso a nivel 8 gano HP: 5
01/12/2016 06:01:56 p.m. GOMAEVA paso a nivel 9 gano HP: 5
01/12/2016 06:02:03 p.m. GOMAEVA paso a nivel 10 gano HP: 7
01/12/2016 06:02:22 p.m. Berefor paso a nivel 46 gano HP: 8
01/12/2016 06:02:26 p.m. GOMAEVA paso a nivel 11 gano HP: 5
01/12/2016 06:02:28 p.m. GOMAEVA paso a nivel 12 gano HP: 7
01/12/2016 06:02:31 p.m. GOMAEVA paso a nivel 13 gano HP: 7
01/12/2016 06:02:38 p.m. GOMAEVA paso a nivel 14 gano HP: 7
01/12/2016 06:02:45 p.m. GOMAEVA paso a nivel 15 gano HP: 7
01/12/2016 06:02:53 p.m. GOMAEVA paso a nivel 16 gano HP: 7
01/12/2016 06:02:59 p.m. GOMAEVA paso a nivel 17 gano HP: 7
01/12/2016 06:03:10 p.m. GOMAEVA paso a nivel 18 gano HP: 7
01/12/2016 06:03:30 p.m. GOMAEVA paso a nivel 19 gano HP: 5
01/12/2016 06:03:49 p.m. GOMAEVA paso a nivel 20 gano HP: 5
01/12/2016 10:53:04 p.m. LIKMAR paso a nivel 2 gano HP: 7
01/12/2016 10:53:04 p.m. LIKMAR paso a nivel 3 gano HP: 9
01/12/2016 10:53:05 p.m. LIKMAR paso a nivel 4 gano HP: 7
01/12/2016 10:53:05 p.m. LIKMAR paso a nivel 5 gano HP: 7
01/12/2016 10:53:07 p.m. LIKMAR paso a nivel 6 gano HP: 7
01/12/2016 10:53:15 p.m. LIKMAR paso a nivel 7 gano HP: 9
02/12/2016 05:32:01 p.m. GOMAEVA paso a nivel 21 gano HP: 5
02/12/2016 05:32:32 p.m. GOMAEVA paso a nivel 22 gano HP: 7
02/12/2016 05:33:34 p.m. GOMAEVA paso a nivel 23 gano HP: 7
02/12/2016 05:57:31 p.m. MOPE paso a nivel 47 gano HP: 7
