07/04/2016 10:03:47 a.m. gs compró del NPC 1000 Poción Roja
07/04/2016 10:03:47 a.m. gs compró del NPC 1000 Poción Roja
07/04/2016 10:03:48 a.m. gs compró del NPC 1000 Poción Roja
07/04/2016 10:03:48 a.m. gs compró del NPC 1000 Poción Roja
07/04/2016 10:03:50 a.m. gs compró del NPC 1000 Poción Roja
07/04/2016 10:03:50 a.m. gs compró del NPC 1000 Poción Roja
07/04/2016 10:03:50 a.m. gs compró del NPC 1000 Poción Roja
07/04/2016 10:03:50 a.m. gs compró del NPC 1000 Poción Roja
07/04/2016 10:03:50 a.m. gs compró del NPC 1000 Poción Roja
07/04/2016 10:03:50 a.m. gs compró del NPC 1000 Poción Roja
07/04/2016 10:03:50 a.m. gs compró del NPC 1000 Poción Roja
07/04/2016 10:09:00 a.m. gs compró del NPC 1000 Poción Azul
07/04/2016 10:09:08 a.m. gs compró del NPC 1000 Poción Azul
07/04/2016 10:09:09 a.m. gs compró del NPC 1000 Poción Azul
07/04/2016 10:09:09 a.m. gs compró del NPC 1000 Poción Azul
07/04/2016 10:09:09 a.m. gs compró del NPC 1000 Poción Azul
07/04/2016 10:09:09 a.m. gs compró del NPC 1000 Poción Azul
07/04/2016 10:09:10 a.m. gs compró del NPC 1000 Poción Azul
07/04/2016 10:09:10 a.m. gs compró del NPC 1000 Poción Azul
07/04/2016 10:09:10 a.m. gs compró del NPC 1000 Poción Azul
07/04/2016 10:09:10 a.m. gs compró del NPC 1000 Poción Azul
07/04/2016 10:09:16 a.m. gs compró del NPC 1000 Poción Roja
07/04/2016 10:09:16 a.m. gs compró del NPC 1000 Poción Roja
07/04/2016 10:09:16 a.m. gs compró del NPC 1000 Poción Roja
07/04/2016 10:09:16 a.m. gs compró del NPC 1000 Poción Roja
07/04/2016 10:09:16 a.m. gs compró del NPC 1000 Poción Roja
07/04/2016 10:09:16 a.m. gs compró del NPC 1000 Poción Roja
07/04/2016 10:09:16 a.m. gs compró del NPC 1000 Poción Roja
07/04/2016 10:09:17 a.m. gs compró del NPC 1000 Poción Roja
07/04/2016 10:09:17 a.m. gs compró del NPC 1000 Poción Roja
07/04/2016 10:09:17 a.m. gs compró del NPC 1000 Poción Roja
07/04/2016 11:22:49 a.m. gs paso a nivel 26 gano HP: 9
07/04/2016 11:31:22 a.m. gs paso a nivel 27 gano HP: 6
07/04/2016 11:31:44 a.m. gs paso a nivel 28 gano HP: 6
07/04/2016 11:31:59 a.m. gs paso a nivel 29 gano HP: 7
07/04/2016 11:33:15 a.m. gs paso a nivel 30 gano HP: 6
07/04/2016 11:34:21 a.m. gs paso a nivel 26 gano HP: 7
07/04/2016 11:36:33 a.m. gs paso a nivel 27 gano HP: 8
07/04/2016 11:40:57 a.m. gs paso a nivel 27 gano HP: 8
07/04/2016 11:40:59 a.m. gs paso a nivel 28 gano HP: 10
07/04/2016 11:41:00 a.m. gs paso a nivel 29 gano HP: 10
07/04/2016 11:41:02 a.m. gs paso a nivel 30 gano HP: 9
07/04/2016 11:41:05 a.m. gs paso a nivel 31 gano HP: 9
07/04/2016 11:44:49 a.m. gs paso a nivel 32 gano HP: 9
07/04/2016 11:49:26 a.m. gs paso a nivel 33 gano HP: 9
07/04/2016 11:51:03 a.m. gs paso a nivel 34 gano HP: 10
07/04/2016 12:16:51 p.m. gs paso a nivel 35 gano HP: 10
07/04/2016 12:27:28 p.m. gs paso a nivel 36 gano HP: 10
07/04/2016 12:49:19 p.m. gs paso a nivel 37 gano HP: 10
07/04/2016 01:49:44 p.m. gs tiró al piso 9955 Poción Roja Mapa: 1 X: 58 Y: 47
07/04/2016 01:49:44 p.m. gs tiró al piso 9992 Poción Roja Mapa: 1 X: 59 Y: 47
07/04/2016 01:49:44 p.m. gs tiró al piso 9958 Poción Azul Mapa: 1 X: 56 Y: 44
07/04/2016 01:49:44 p.m. gs tira oro. Cercanos: gs,
07/04/2016 01:55:59 p.m. gs juntó del piso 9958 Poción Azul Mapa: 1 X: 56 Y: 44
07/04/2016 01:56:02 p.m. gs juntó del piso 9992 Poción Roja Mapa: 1 X: 59 Y: 47
07/04/2016 01:56:02 p.m. gs juntó del piso 9955 Poción Roja Mapa: 1 X: 58 Y: 47
07/04/2016 07:13:53 p.m. gs paso a nivel 2 gano HP: 7
07/04/2016 07:13:53 p.m. gs paso a nivel 3 gano HP: 7
07/04/2016 07:13:53 p.m. gs paso a nivel 4 gano HP: 8
07/04/2016 07:13:53 p.m. gs paso a nivel 5 gano HP: 7
07/04/2016 07:13:53 p.m. gs paso a nivel 6 gano HP: 7
07/04/2016 07:13:53 p.m. gs paso a nivel 7 gano HP: 7
07/04/2016 07:13:53 p.m. gs paso a nivel 8 gano HP: 10
07/04/2016 07:13:53 p.m. gs paso a nivel 9 gano HP: 6
07/04/2016 07:13:53 p.m. gs paso a nivel 10 gano HP: 8
07/04/2016 07:13:53 p.m. gs paso a nivel 11 gano HP: 9
07/04/2016 07:13:53 p.m. gs paso a nivel 12 gano HP: 6
07/04/2016 07:13:53 p.m. gs paso a nivel 13 gano HP: 10
07/04/2016 07:13:53 p.m. gs paso a nivel 14 gano HP: 10
07/04/2016 07:13:53 p.m. gs paso a nivel 15 gano HP: 8
07/04/2016 07:13:53 p.m. gs paso a nivel 16 gano HP: 7
07/04/2016 07:13:53 p.m. gs paso a nivel 17 gano HP: 9
07/04/2016 07:13:53 p.m. gs paso a nivel 18 gano HP: 8
07/04/2016 07:13:53 p.m. gs paso a nivel 19 gano HP: 7
07/04/2016 07:13:53 p.m. gs paso a nivel 20 gano HP: 8
07/04/2016 07:13:53 p.m. gs paso a nivel 21 gano HP: 7
07/04/2016 07:13:53 p.m. gs paso a nivel 22 gano HP: 7
07/04/2016 07:13:53 p.m. gs paso a nivel 23 gano HP: 8
07/04/2016 07:13:53 p.m. gs paso a nivel 24 gano HP: 6
07/04/2016 07:13:53 p.m. gs paso a nivel 25 gano HP: 8
07/04/2016 07:13:53 p.m. gs paso a nivel 26 gano HP: 7
07/04/2016 07:13:53 p.m. gs paso a nivel 27 gano HP: 9
07/04/2016 07:13:53 p.m. gs paso a nivel 28 gano HP: 10
07/04/2016 07:13:53 p.m. gs paso a nivel 29 gano HP: 9
07/04/2016 07:13:53 p.m. gs paso a nivel 30 gano HP: 10
07/04/2016 07:13:53 p.m. gs paso a nivel 31 gano HP: 8
07/04/2016 07:13:53 p.m. gs paso a nivel 32 gano HP: 10
07/04/2016 07:13:53 p.m. gs paso a nivel 33 gano HP: 10
07/04/2016 07:13:53 p.m. gs paso a nivel 34 gano HP: 9
07/04/2016 07:14:00 p.m. gs paso a nivel 35 gano HP: 10
07/04/2016 07:14:00 p.m. gs paso a nivel 36 gano HP: 9
07/04/2016 07:14:00 p.m. gs paso a nivel 37 gano HP: 8
07/04/2016 07:14:00 p.m. gs paso a nivel 38 gano HP: 10
07/04/2016 07:14:00 p.m. gs paso a nivel 39 gano HP: 8
07/04/2016 07:14:00 p.m. gs paso a nivel 40 gano HP: 8
07/04/2016 07:14:01 p.m. gs paso a nivel 41 gano HP: 10
07/04/2016 07:14:01 p.m. gs paso a nivel 42 gano HP: 6
07/04/2016 07:14:01 p.m. gs paso a nivel 43 gano HP: 7
07/04/2016 07:14:02 p.m. gs paso a nivel 44 gano HP: 8
07/04/2016 07:14:02 p.m. gs paso a nivel 45 gano HP: 6
07/04/2016 07:14:03 p.m. gs paso a nivel 46 gano HP: 8
07/04/2016 07:14:03 p.m. gs paso a nivel 47 gano HP: 7
09/04/2016 06:56:43 p.m. Nhelk paso a nivel 2 gano HP: 9
09/04/2016 06:56:45 p.m. Nhelk paso a nivel 3 gano HP: 8
09/04/2016 06:56:47 p.m. Nhelk paso a nivel 4 gano HP: 7
09/04/2016 06:56:49 p.m. Nhelk paso a nivel 5 gano HP: 7
09/04/2016 06:56:57 p.m. Nhelk paso a nivel 6 gano HP: 7
09/04/2016 06:57:02 p.m. Nhelk paso a nivel 7 gano HP: 10
09/04/2016 06:57:15 p.m. Nhelk paso a nivel 8 gano HP: 9
09/04/2016 06:57:25 p.m. Nhelk paso a nivel 9 gano HP: 10
18/04/2016 06:09:46 p.m. NHELKYY paso a nivel 2 gano HP: 8
18/04/2016 06:10:22 p.m. NHELKYY paso a nivel 3 gano HP: 8
18/04/2016 06:10:48 p.m. NHELKYY paso a nivel 4 gano HP: 8
18/04/2016 08:08:06 p.m. Nhelkyy paso a nivel 5 gano HP: 7
18/04/2016 08:08:54 p.m. Nhelkyy paso a nivel 6 gano HP: 6
18/04/2016 08:14:49 p.m. Nhelkyy paso a nivel 7 gano HP: 9
18/04/2016 08:15:36 p.m. Nhelkyy paso a nivel 8 gano HP: 7
23/04/2016 06:54:11 p.m. Nhelkyy paso a nivel 9 gano HP: 9
23/04/2016 11:14:20 p.m. Nhelk juntó del piso 10000 Monedas de oro Mapa: 40 X: 66 Y: 37
23/04/2016 11:14:20 p.m. Nhelk juntó del piso 10000 Monedas de oro Mapa: 40 X: 66 Y: 36
23/04/2016 11:14:21 p.m. Nhelk juntó del piso 10000 Monedas de oro Mapa: 40 X: 66 Y: 35
23/04/2016 11:14:21 p.m. Nhelk juntó del piso 10000 Monedas de oro Mapa: 40 X: 67 Y: 35
23/04/2016 11:14:22 p.m. Nhelk juntó del piso 10000 Monedas de oro Mapa: 40 X: 69 Y: 36
23/04/2016 11:14:22 p.m. Nhelk juntó del piso 10000 Monedas de oro Mapa: 40 X: 70 Y: 36
23/04/2016 11:14:22 p.m. Nhelk juntó del piso 10000 Monedas de oro Mapa: 40 X: 70 Y: 37
23/04/2016 11:14:23 p.m. Nhelk juntó del piso 10000 Monedas de oro Mapa: 40 X: 70 Y: 38
23/04/2016 11:23:12 p.m. Nhelk juntó del piso 10000 Monedas de oro Mapa: 40 X: 67 Y: 37
23/04/2016 11:23:13 p.m. Nhelk juntó del piso 10000 Monedas de oro Mapa: 40 X: 68 Y: 35
23/04/2016 11:23:14 p.m. Nhelk juntó del piso 10000 Monedas de oro Mapa: 40 X: 69 Y: 35
23/04/2016 11:23:14 p.m. Nhelk juntó del piso 10000 Monedas de oro Mapa: 40 X: 70 Y: 35
23/04/2016 11:23:15 p.m. Nhelk juntó del piso 10000 Monedas de oro Mapa: 40 X: 69 Y: 37
23/04/2016 11:23:16 p.m. Nhelk juntó del piso 10000 Monedas de oro Mapa: 40 X: 67 Y: 39
24/04/2016 07:45:39 p.m. NhelkYY paso a nivel 10 gano HP: 6
24/04/2016 07:45:56 p.m. NhelkYY paso a nivel 11 gano HP: 7
25/04/2016 10:01:56 p.m. Nhelk paso a nivel 2 gano HP: 8
25/04/2016 10:02:00 p.m. Nhelk paso a nivel 3 gano HP: 6
25/04/2016 10:02:02 p.m. Nhelk paso a nivel 4 gano HP: 9
25/04/2016 10:02:06 p.m. Nhelk paso a nivel 5 gano HP: 9
25/04/2016 10:02:38 p.m. Nhelk paso a nivel 6 gano HP: 10
25/04/2016 10:02:38 p.m. Nhelk paso a nivel 7 gano HP: 6
25/04/2016 10:02:43 p.m. Nhelk paso a nivel 8 gano HP: 9
25/04/2016 10:02:43 p.m. Nhelk paso a nivel 9 gano HP: 8
25/04/2016 10:02:47 p.m. Nhelk paso a nivel 10 gano HP: 7
25/04/2016 10:02:48 p.m. Nhelk paso a nivel 11 gano HP: 10
25/04/2016 10:03:30 p.m. Nhelk paso a nivel 12 gano HP: 7
25/04/2016 10:03:50 p.m. Nhelk paso a nivel 13 gano HP: 9
25/04/2016 10:04:10 p.m. Nhelk paso a nivel 14 gano HP: 6
25/04/2016 10:04:40 p.m. Nhelk paso a nivel 15 gano HP: 8
25/04/2016 10:05:10 p.m. Nhelk paso a nivel 16 gano HP: 6
25/04/2016 10:05:39 p.m. Nhelk paso a nivel 17 gano HP: 7
25/04/2016 10:05:55 p.m. Nhelk juntó del piso 10000 Monedas de oro Mapa: 77 X: 34 Y: 57
25/04/2016 10:05:57 p.m. Nhelk juntó del piso 10000 Monedas de oro Mapa: 77 X: 35 Y: 57
25/04/2016 10:05:58 p.m. Nhelk juntó del piso 10000 Monedas de oro Mapa: 77 X: 35 Y: 58
25/04/2016 10:15:02 p.m. Nhelk paso a nivel 18 gano HP: 6
25/04/2016 10:15:02 p.m. Nhelk paso a nivel 19 gano HP: 7
25/04/2016 10:15:08 p.m. Nhelk paso a nivel 20 gano HP: 6
25/04/2016 10:15:09 p.m. Nhelk paso a nivel 21 gano HP: 8
25/04/2016 10:15:13 p.m. Nhelk paso a nivel 22 gano HP: 10
25/04/2016 10:15:16 p.m. Nhelk paso a nivel 23 gano HP: 7
25/04/2016 10:15:23 p.m. Nhelk paso a nivel 24 gano HP: 10
25/04/2016 10:15:27 p.m. Nhelk paso a nivel 25 gano HP: 6
25/04/2016 10:15:34 p.m. Nhelk paso a nivel 26 gano HP: 8
25/04/2016 10:15:50 p.m. Nhelk paso a nivel 27 gano HP: 10
25/04/2016 10:16:25 p.m. Nhelk paso a nivel 28 gano HP: 8
25/04/2016 10:16:35 p.m. Nhelk paso a nivel 29 gano HP: 9
25/04/2016 10:17:05 p.m. Nhelk paso a nivel 30 gano HP: 9
25/04/2016 10:17:26 p.m. Nhelk paso a nivel 31 gano HP: 9
25/04/2016 10:18:01 p.m. Nhelk paso a nivel 32 gano HP: 7
25/04/2016 10:18:23 p.m. Nhelk juntó del piso 10000 Monedas de oro Mapa: 175 X: 53 Y: 45
25/04/2016 10:18:25 p.m. Nhelk juntó del piso 10000 Monedas de oro Mapa: 175 X: 54 Y: 45
25/04/2016 10:18:26 p.m. Nhelk juntó del piso 10000 Monedas de oro Mapa: 175 X: 56 Y: 47
25/04/2016 10:18:27 p.m. Nhelk juntó del piso 10000 Monedas de oro Mapa: 175 X: 54 Y: 47
25/04/2016 10:18:28 p.m. Nhelk juntó del piso 10000 Monedas de oro Mapa: 175 X: 54 Y: 46
25/04/2016 10:18:29 p.m. Nhelk juntó del piso 10000 Monedas de oro Mapa: 175 X: 55 Y: 45
25/04/2016 10:18:29 p.m. Nhelk juntó del piso 10000 Monedas de oro Mapa: 175 X: 55 Y: 46
25/04/2016 10:18:32 p.m. Nhelk juntó del piso 10000 Monedas de oro Mapa: 175 X: 56 Y: 46
25/04/2016 10:18:34 p.m. Nhelk juntó del piso 10000 Monedas de oro Mapa: 175 X: 55 Y: 47
25/04/2016 10:18:35 p.m. Nhelk juntó del piso 10000 Monedas de oro Mapa: 175 X: 54 Y: 48
25/04/2016 10:18:36 p.m. Nhelk juntó del piso 10000 Monedas de oro Mapa: 175 X: 55 Y: 48
25/04/2016 10:18:37 p.m. Nhelk juntó del piso 10000 Monedas de oro Mapa: 175 X: 56 Y: 48
25/04/2016 10:19:31 p.m. Nhelk paso a nivel 33 gano HP: 10
25/04/2016 10:20:40 p.m. Nhelk paso a nivel 34 gano HP: 6
25/04/2016 10:22:01 p.m. Nhelk paso a nivel 35 gano HP: 10
25/04/2016 10:22:14 p.m. Nhelk juntó del piso 10000 Monedas de oro Mapa: 175 X: 65 Y: 41
25/04/2016 10:22:24 p.m. Nhelk juntó del piso 10000 Monedas de oro Mapa: 175 X: 66 Y: 41
25/04/2016 10:22:25 p.m. Nhelk juntó del piso 10000 Monedas de oro Mapa: 175 X: 66 Y: 42
25/04/2016 10:22:25 p.m. Nhelk juntó del piso 10000 Monedas de oro Mapa: 175 X: 66 Y: 43
25/04/2016 10:22:26 p.m. Nhelk juntó del piso 10000 Monedas de oro Mapa: 175 X: 68 Y: 44
25/04/2016 10:22:27 p.m. Nhelk juntó del piso 10000 Monedas de oro Mapa: 175 X: 68 Y: 43
25/04/2016 10:22:27 p.m. Nhelk juntó del piso 10000 Monedas de oro Mapa: 175 X: 68 Y: 42
25/04/2016 10:22:28 p.m. Nhelk juntó del piso 10000 Monedas de oro Mapa: 175 X: 67 Y: 41
25/04/2016 10:22:28 p.m. Nhelk juntó del piso 10000 Monedas de oro Mapa: 175 X: 67 Y: 42
25/04/2016 10:22:29 p.m. Nhelk juntó del piso 10000 Monedas de oro Mapa: 175 X: 67 Y: 44
25/04/2016 10:22:31 p.m. Nhelk juntó del piso 10000 Monedas de oro Mapa: 175 X: 67 Y: 43
25/04/2016 10:22:32 p.m. Nhelk juntó del piso 10000 Monedas de oro Mapa: 175 X: 66 Y: 44
27/04/2016 09:32:20 p.m. Nhelk tiró al piso 9999 Poción violeta Mapa: 191 X: 20 Y: 19
27/04/2016 09:33:41 p.m. Nhelk juntó del piso 9999 Poción violeta Mapa: 191 X: 20 Y: 19
27/04/2016 09:57:33 p.m. Nhelk tiró al piso 9999 Poción violeta Mapa: 191 X: 18 Y: 21
27/04/2016 09:59:19 p.m. Nhelk juntó del piso 9999 Poción violeta Mapa: 191 X: 18 Y: 21
27/04/2016 10:03:02 p.m. Nhelko tiró al piso 9998 Poción violeta Mapa: 1 X: 52 Y: 48
27/04/2016 10:03:02 p.m. Nhelko tira oro. Cercanos: Nhelko,Nhelk,
27/04/2016 10:03:35 p.m. Nhelko juntó del piso 10000 Monedas de oro Mapa: 1 X: 50 Y: 46
27/04/2016 10:03:38 p.m. Nhelko juntó del piso 10000 Monedas de oro Mapa: 1 X: 50 Y: 45
27/04/2016 10:03:38 p.m. Nhelko juntó del piso 10000 Monedas de oro Mapa: 1 X: 51 Y: 45
27/04/2016 10:03:38 p.m. Nhelko juntó del piso 10000 Monedas de oro Mapa: 1 X: 52 Y: 45
27/04/2016 10:03:39 p.m. Nhelko juntó del piso 10000 Monedas de oro Mapa: 1 X: 53 Y: 45
27/04/2016 10:03:39 p.m. Nhelko juntó del piso 10000 Monedas de oro Mapa: 1 X: 54 Y: 45
27/04/2016 10:03:39 p.m. Nhelko juntó del piso 10000 Monedas de oro Mapa: 1 X: 55 Y: 45
27/04/2016 10:03:40 p.m. Nhelko juntó del piso 10000 Monedas de oro Mapa: 1 X: 56 Y: 45
27/04/2016 10:03:40 p.m. Nhelko juntó del piso 10000 Monedas de oro Mapa: 1 X: 57 Y: 45
27/04/2016 10:03:40 p.m. Nhelko juntó del piso 10000 Monedas de oro Mapa: 1 X: 58 Y: 45
27/04/2016 10:03:40 p.m. Nhelko juntó del piso 10000 Monedas de oro Mapa: 1 X: 58 Y: 46
27/04/2016 10:03:41 p.m. Nhelko juntó del piso 10000 Monedas de oro Mapa: 1 X: 58 Y: 47
27/04/2016 10:03:41 p.m. Nhelko juntó del piso 10000 Monedas de oro Mapa: 1 X: 58 Y: 48
27/04/2016 10:03:41 p.m. Nhelko juntó del piso 10000 Monedas de oro Mapa: 1 X: 58 Y: 49
27/04/2016 10:03:41 p.m. Nhelko juntó del piso 10000 Monedas de oro Mapa: 1 X: 58 Y: 50
27/04/2016 10:03:42 p.m. Nhelko juntó del piso 10000 Monedas de oro Mapa: 1 X: 58 Y: 51
27/04/2016 10:03:42 p.m. Nhelko juntó del piso 10000 Monedas de oro Mapa: 1 X: 58 Y: 52
27/04/2016 10:03:42 p.m. Nhelko juntó del piso 10000 Monedas de oro Mapa: 1 X: 57 Y: 52
27/04/2016 10:03:42 p.m. Nhelko juntó del piso 10000 Monedas de oro Mapa: 1 X: 56 Y: 52
27/04/2016 10:03:43 p.m. Nhelko juntó del piso 10000 Monedas de oro Mapa: 1 X: 55 Y: 52
27/04/2016 10:03:43 p.m. Nhelko juntó del piso 10000 Monedas de oro Mapa: 1 X: 54 Y: 52
27/04/2016 10:03:43 p.m. Nhelko juntó del piso 10000 Monedas de oro Mapa: 1 X: 53 Y: 52
27/04/2016 10:03:44 p.m. Nhelko juntó del piso 10000 Monedas de oro Mapa: 1 X: 52 Y: 52
27/04/2016 10:03:44 p.m. Nhelko juntó del piso 10000 Monedas de oro Mapa: 1 X: 51 Y: 52
27/04/2016 10:03:44 p.m. Nhelko juntó del piso 10000 Monedas de oro Mapa: 1 X: 50 Y: 52
27/04/2016 10:03:44 p.m. Nhelko juntó del piso 10000 Monedas de oro Mapa: 1 X: 50 Y: 53
27/04/2016 10:03:45 p.m. Nhelko juntó del piso 10000 Monedas de oro Mapa: 1 X: 51 Y: 53
27/04/2016 10:03:46 p.m. Nhelko juntó del piso 10000 Monedas de oro Mapa: 1 X: 51 Y: 51
27/04/2016 10:03:46 p.m. Nhelko juntó del piso 10000 Monedas de oro Mapa: 1 X: 51 Y: 50
27/04/2016 10:03:46 p.m. Nhelko juntó del piso 10000 Monedas de oro Mapa: 1 X: 51 Y: 49
27/04/2016 10:03:46 p.m. Nhelko juntó del piso 10000 Monedas de oro Mapa: 1 X: 51 Y: 48
27/04/2016 10:03:47 p.m. Nhelko juntó del piso 10000 Monedas de oro Mapa: 1 X: 51 Y: 47
27/04/2016 10:03:47 p.m. Nhelko juntó del piso 10000 Monedas de oro Mapa: 1 X: 50 Y: 47
27/04/2016 10:03:47 p.m. Nhelko juntó del piso 10000 Monedas de oro Mapa: 1 X: 50 Y: 48
27/04/2016 10:03:47 p.m. Nhelko juntó del piso 10000 Monedas de oro Mapa: 1 X: 50 Y: 49
27/04/2016 10:03:49 p.m. Nhelko juntó del piso 10000 Monedas de oro Mapa: 1 X: 50 Y: 50
27/04/2016 10:03:49 p.m. Nhelko juntó del piso 10000 Monedas de oro Mapa: 1 X: 50 Y: 51
27/04/2016 10:03:50 p.m. Nhelko juntó del piso 10000 Monedas de oro Mapa: 1 X: 55 Y: 51
27/04/2016 10:03:51 p.m. Nhelko juntó del piso 10000 Monedas de oro Mapa: 1 X: 56 Y: 51
27/04/2016 10:03:52 p.m. Nhelko juntó del piso 10000 Monedas de oro Mapa: 1 X: 57 Y: 50
27/04/2016 10:03:52 p.m. Nhelko juntó del piso 10000 Monedas de oro Mapa: 1 X: 57 Y: 48
27/04/2016 10:03:53 p.m. Nhelko juntó del piso 10000 Monedas de oro Mapa: 1 X: 57 Y: 46
27/04/2016 10:03:54 p.m. Nhelko juntó del piso 10000 Monedas de oro Mapa: 1 X: 55 Y: 46
27/04/2016 10:03:54 p.m. Nhelko juntó del piso 10000 Monedas de oro Mapa: 1 X: 54 Y: 46
27/04/2016 10:03:55 p.m. Nhelko juntó del piso 10000 Monedas de oro Mapa: 1 X: 51 Y: 46
27/04/2016 10:03:55 p.m. Nhelko juntó del piso 10000 Monedas de oro Mapa: 1 X: 52 Y: 46
27/04/2016 10:03:57 p.m. Nhelko juntó del piso 10000 Monedas de oro Mapa: 1 X: 56 Y: 46
27/04/2016 10:03:58 p.m. Nhelko juntó del piso 10000 Monedas de oro Mapa: 1 X: 57 Y: 47
27/04/2016 10:03:58 p.m. Nhelko juntó del piso 10000 Monedas de oro Mapa: 1 X: 57 Y: 49
27/04/2016 10:03:59 p.m. Nhelko juntó del piso 10000 Monedas de oro Mapa: 1 X: 57 Y: 51
27/04/2016 10:04:15 p.m. Nhelko juntó del piso 9998 Poción violeta Mapa: 1 X: 52 Y: 48
