10/10/2016 05:35:01 p.m. Nhelk tira oro. Cercanos: Nhelk,
10/10/2016 05:35:07 p.m. Nhelk tira oro. Cercanos: Nhelk,
10/10/2016 05:35:10 p.m. Nhelk juntó del piso 10000 Monedas de oro Mapa: 1 X: 58 Y: 41
10/10/2016 05:35:11 p.m. Nhelk juntó del piso 10000 Monedas de oro Mapa: 1 X: 59 Y: 41
10/10/2016 05:35:11 p.m. Nhelk juntó del piso 10000 Monedas de oro Mapa: 1 X: 60 Y: 41
10/10/2016 05:35:15 p.m. Nhelk juntó del piso 10000 Monedas de oro Mapa: 1 X: 58 Y: 43
10/10/2016 05:35:17 p.m. Nhelk juntó del piso 10000 Monedas de oro Mapa: 1 X: 58 Y: 44
10/10/2016 05:35:17 p.m. Nhelk juntó del piso 10000 Monedas de oro Mapa: 1 X: 58 Y: 45
10/10/2016 05:35:18 p.m. Nhelk juntó del piso 10000 Monedas de oro Mapa: 1 X: 59 Y: 44
10/10/2016 05:35:18 p.m. Nhelk juntó del piso 10000 Monedas de oro Mapa: 1 X: 59 Y: 43
10/10/2016 05:35:21 p.m. Nhelk juntó del piso 10000 Monedas de oro Mapa: 1 X: 58 Y: 42
10/10/2016 05:35:22 p.m. Nhelk juntó del piso 10000 Monedas de oro Mapa: 1 X: 60 Y: 43
10/10/2016 05:35:22 p.m. Nhelk juntó del piso 10000 Monedas de oro Mapa: 1 X: 60 Y: 45
10/10/2016 05:35:23 p.m. Nhelk juntó del piso 10000 Monedas de oro Mapa: 1 X: 60 Y: 46
10/10/2016 05:35:23 p.m. Nhelk juntó del piso 10000 Monedas de oro Mapa: 1 X: 58 Y: 46
10/10/2016 05:35:24 p.m. Nhelk juntó del piso 10000 Monedas de oro Mapa: 1 X: 59 Y: 46
10/10/2016 05:35:26 p.m. Nhelk juntó del piso 10000 Monedas de oro Mapa: 1 X: 60 Y: 44
10/10/2016 05:35:28 p.m. Nhelk juntó del piso 10000 Monedas de oro Mapa: 1 X: 60 Y: 42
10/10/2016 11:50:00 p.m. Nhelky tiró al piso 9996 Lingote de oro Mapa: 191 X: 20 Y: 19
10/10/2016 11:50:00 p.m. Nhelky tiró al piso 10000 Lingote de plata Mapa: 191 X: 21 Y: 19
10/10/2016 11:50:00 p.m. Nhelky tiró al piso 10000 Lingote de hierro Mapa: 191 X: 17 Y: 20
10/10/2016 11:50:24 p.m. Nhelky juntó del piso 10000 Lingote de hierro Mapa: 191 X: 17 Y: 20
10/10/2016 11:50:25 p.m. Nhelky juntó del piso 9996 Lingote de oro Mapa: 191 X: 20 Y: 19
10/10/2016 11:50:26 p.m. Nhelky juntó del piso 10000 Lingote de plata Mapa: 191 X: 21 Y: 19
11/10/2016 00:04:46 Nhelky tiró al piso 10000 Lingote de hierro Mapa: 191 X: 20 Y: 20
11/10/2016 00:04:46 Nhelky tiró al piso 10000 Lingote de plata Mapa: 191 X: 20 Y: 22
11/10/2016 00:04:46 Nhelky tiró al piso 9996 Lingote de oro Mapa: 191 X: 20 Y: 19
11/10/2016 00:06:31 Nhelky juntó del piso 10000 Lingote de plata Mapa: 191 X: 20 Y: 22
11/10/2016 00:06:32 Nhelky juntó del piso 10000 Lingote de hierro Mapa: 191 X: 20 Y: 20
11/10/2016 00:06:33 Nhelky juntó del piso 9996 Lingote de oro Mapa: 191 X: 20 Y: 19
11/10/2016 00:08:00 Nhelky tiró al piso 10000 Lingote de plata Mapa: 191 X: 18 Y: 21
11/10/2016 00:08:00 Nhelky tiró al piso 10000 Lingote de hierro Mapa: 191 X: 18 Y: 22
11/10/2016 00:08:00 Nhelky tiró al piso 9996 Lingote de oro Mapa: 191 X: 18 Y: 19
17/10/2016 03:28:13 a.m. PIN tira oro. Cercanos: PIN,
18/10/2016 10:46:21 a.m. Nhelk juntó del piso 10000 Monedas de oro Mapa: 1 X: 59 Y: 46
18/10/2016 10:46:22 a.m. Nhelk juntó del piso 10000 Monedas de oro Mapa: 1 X: 57 Y: 46
18/10/2016 10:46:22 a.m. Nhelk juntó del piso 10000 Monedas de oro Mapa: 1 X: 57 Y: 45
18/10/2016 10:46:29 a.m. Nhelk juntó del piso 10000 Monedas de oro Mapa: 1 X: 58 Y: 44
18/10/2016 10:46:29 a.m. Nhelk juntó del piso 10000 Monedas de oro Mapa: 1 X: 59 Y: 44
18/10/2016 10:46:30 a.m. Nhelk juntó del piso 10000 Monedas de oro Mapa: 1 X: 57 Y: 44
18/10/2016 10:46:32 a.m. Nhelk juntó del piso 10000 Monedas de oro Mapa: 1 X: 59 Y: 45
18/10/2016 10:46:33 a.m. Nhelk juntó del piso 10000 Monedas de oro Mapa: 1 X: 58 Y: 46
19/10/2016 10:27:41 p.m. Nhelk juntó del piso 10000 Monedas de oro Mapa: 1 X: 57 Y: 44
19/10/2016 10:27:41 p.m. Nhelk juntó del piso 10000 Monedas de oro Mapa: 1 X: 59 Y: 44
19/10/2016 10:27:44 p.m. Nhelk juntó del piso 10000 Monedas de oro Mapa: 1 X: 57 Y: 45
19/10/2016 10:27:51 p.m. Nhelk juntó del piso 10000 Monedas de oro Mapa: 1 X: 59 Y: 45
19/10/2016 10:27:51 p.m. Nhelk juntó del piso 10000 Monedas de oro Mapa: 1 X: 59 Y: 46
19/10/2016 10:27:52 p.m. Nhelk juntó del piso 10000 Monedas de oro Mapa: 1 X: 57 Y: 46
19/10/2016 10:27:55 p.m. Nhelk juntó del piso 10000 Monedas de oro Mapa: 1 X: 58 Y: 46
19/10/2016 10:27:57 p.m. Nhelk juntó del piso 10000 Monedas de oro Mapa: 1 X: 58 Y: 44
23/10/2016 10:12:17 p.m. NHELKS paso a nivel 2 gano HP: 6
23/10/2016 10:12:32 p.m. NHELKS paso a nivel 3 gano HP: 8
23/10/2016 10:12:34 p.m. NHELKS paso a nivel 4 gano HP: 6
23/10/2016 10:12:36 p.m. NHELKS paso a nivel 5 gano HP: 8
23/10/2016 10:12:44 p.m. NHELKS paso a nivel 6 gano HP: 8
23/10/2016 10:13:19 p.m. NHELKS paso a nivel 7 gano HP: 7
23/10/2016 10:13:32 p.m. NHELKS paso a nivel 8 gano HP: 8
23/10/2016 10:13:37 p.m. NHELKS paso a nivel 9 gano HP: 7
23/10/2016 10:14:33 p.m. NHELKS paso a nivel 10 gano HP: 8
23/10/2016 10:14:56 p.m. NHELKS paso a nivel 11 gano HP: 7
23/10/2016 10:15:07 p.m. NHELKS paso a nivel 12 gano HP: 4
23/10/2016 10:15:15 p.m. NHELKS paso a nivel 13 gano HP: 5
23/10/2016 10:18:38 p.m. NHELKS paso a nivel 14 gano HP: 8
23/10/2016 10:19:22 p.m. NHELKS paso a nivel 15 gano HP: 8
23/10/2016 10:19:36 p.m. NHELKS paso a nivel 16 gano HP: 8
23/10/2016 10:19:47 p.m. NHELKS paso a nivel 17 gano HP: 8
23/10/2016 10:20:14 p.m. NHELKS paso a nivel 18 gano HP: 7
23/10/2016 10:20:45 p.m. NHELKS paso a nivel 19 gano HP: 8
23/10/2016 10:21:08 p.m. NHELKS paso a nivel 20 gano HP: 8
23/10/2016 10:21:37 p.m. NHELKS paso a nivel 21 gano HP: 5
23/10/2016 10:22:31 p.m. NHELKS paso a nivel 22 gano HP: 5
23/10/2016 10:23:38 p.m. NHELKS paso a nivel 23 gano HP: 8
23/10/2016 10:25:19 p.m. NHELKS paso a nivel 24 gano HP: 4
23/10/2016 10:27:19 p.m. NHELKS paso a nivel 25 gano HP: 6
23/10/2016 10:27:49 p.m. NHELKS paso a nivel 26 gano HP: 6
23/10/2016 10:28:33 p.m. NHELKS paso a nivel 27 gano HP: 7
23/10/2016 10:29:10 p.m. NHELKS paso a nivel 28 gano HP: 7
23/10/2016 10:29:57 p.m. NHELKS paso a nivel 29 gano HP: 5
23/10/2016 10:32:52 p.m. NHELKS paso a nivel 30 gano HP: 7
23/10/2016 10:33:01 p.m. NHELKS paso a nivel 31 gano HP: 5
23/10/2016 10:33:17 p.m. NHELKS paso a nivel 32 gano HP: 7
23/10/2016 10:33:34 p.m. NHELKS paso a nivel 33 gano HP: 8
23/10/2016 10:33:48 p.m. NHELKS paso a nivel 34 gano HP: 7
23/10/2016 10:34:07 p.m. NHELKS paso a nivel 35 gano HP: 5
23/10/2016 10:34:57 p.m. Nhelks paso a nivel 36 gano HP: 4
23/10/2016 10:35:23 p.m. Nhelks paso a nivel 37 gano HP: 5
23/10/2016 10:35:34 p.m. Nhelks juntó del piso 10000 Monedas de oro Mapa: 77 X: 63 Y: 71
23/10/2016 10:35:35 p.m. Nhelks juntó del piso 10000 Monedas de oro Mapa: 77 X: 64 Y: 72
23/10/2016 10:36:23 p.m. Nhelks paso a nivel 38 gano HP: 7
23/10/2016 10:37:09 p.m. Nhelks paso a nivel 39 gano HP: 4
23/10/2016 10:39:16 p.m. Nhelks paso a nivel 40 gano HP: 5
23/10/2016 10:39:16 p.m. Nhelks paso a nivel 41 gano HP: 5
23/10/2016 10:39:16 p.m. Nhelks paso a nivel 42 gano HP: 5
23/10/2016 10:39:16 p.m. Nhelks paso a nivel 43 gano HP: 8
23/10/2016 10:39:16 p.m. Nhelks paso a nivel 44 gano HP: 8
23/10/2016 10:39:21 p.m. Nhelks paso a nivel 45 gano HP: 4
23/10/2016 10:39:21 p.m. Nhelks paso a nivel 46 gano HP: 8
23/10/2016 10:39:24 p.m. Nhelks paso a nivel 47 gano HP: 7
23/10/2016 10:52:33 p.m. G Toy tiró al piso 5437 Poción azul Mapa: 191 X: 19 Y: 20
24/10/2016 07:58:02 p.m. G Toy compró del NPC 1000 Poción roja
24/10/2016 07:58:02 p.m. G Toy compró del NPC 1000 Poción roja
24/10/2016 07:58:02 p.m. G Toy compró del NPC 1000 Poción roja
24/10/2016 07:58:02 p.m. G Toy compró del NPC 1000 Poción roja
24/10/2016 07:58:04 p.m. G Toy compró del NPC 1000 Poción azul
24/10/2016 07:58:04 p.m. G Toy compró del NPC 1000 Poción azul
24/10/2016 07:58:04 p.m. G Toy compró del NPC 1000 Poción azul
24/10/2016 07:58:05 p.m. G Toy compró del NPC 1000 Poción azul
24/10/2016 09:32:13 p.m. Nhelks tiró al piso 5434 Poción azul Mapa: 1 X: 55 Y: 66
31/10/2016 03:23:40 a.m. KUROL paso a nivel 2 gano HP: 8
31/10/2016 03:23:40 a.m. KUROL paso a nivel 3 gano HP: 9
31/10/2016 03:23:40 a.m. KUROL paso a nivel 4 gano HP: 8
31/10/2016 03:23:40 a.m. KUROL paso a nivel 5 gano HP: 8
31/10/2016 03:23:41 a.m. KUROL paso a nivel 6 gano HP: 7
31/10/2016 03:23:41 a.m. KUROL paso a nivel 7 gano HP: 10
31/10/2016 03:23:41 a.m. KUROL paso a nivel 8 gano HP: 7
31/10/2016 03:23:41 a.m. KUROL paso a nivel 9 gano HP: 6
31/10/2016 03:23:41 a.m. KUROL paso a nivel 10 gano HP: 7
31/10/2016 03:23:41 a.m. KUROL paso a nivel 11 gano HP: 6
31/10/2016 03:23:41 a.m. KUROL paso a nivel 12 gano HP: 10
31/10/2016 03:23:41 a.m. KUROL paso a nivel 13 gano HP: 9
31/10/2016 03:23:41 a.m. KUROL paso a nivel 14 gano HP: 7
31/10/2016 03:23:41 a.m. KUROL paso a nivel 15 gano HP: 10
31/10/2016 03:23:41 a.m. KUROL paso a nivel 16 gano HP: 6
31/10/2016 03:23:41 a.m. KUROL paso a nivel 17 gano HP: 6
31/10/2016 03:23:41 a.m. KUROL paso a nivel 18 gano HP: 7
31/10/2016 03:23:41 a.m. KUROL paso a nivel 19 gano HP: 6
31/10/2016 03:23:41 a.m. KUROL paso a nivel 20 gano HP: 10
31/10/2016 03:23:41 a.m. KUROL paso a nivel 21 gano HP: 6
31/10/2016 03:23:41 a.m. KUROL paso a nivel 22 gano HP: 10
31/10/2016 03:23:41 a.m. KUROL paso a nivel 23 gano HP: 7
31/10/2016 03:23:41 a.m. KUROL paso a nivel 24 gano HP: 7
31/10/2016 03:23:41 a.m. KUROL paso a nivel 25 gano HP: 6
31/10/2016 03:23:41 a.m. KUROL paso a nivel 26 gano HP: 8
31/10/2016 03:23:42 a.m. KUROL paso a nivel 27 gano HP: 6
31/10/2016 03:23:42 a.m. KUROL paso a nivel 28 gano HP: 10
31/10/2016 03:23:42 a.m. KUROL paso a nivel 29 gano HP: 8
31/10/2016 03:23:42 a.m. KUROL paso a nivel 30 gano HP: 9
31/10/2016 03:23:42 a.m. KUROL paso a nivel 31 gano HP: 8
31/10/2016 03:23:42 a.m. KUROL paso a nivel 32 gano HP: 10
31/10/2016 03:23:42 a.m. KUROL paso a nivel 33 gano HP: 9
31/10/2016 03:23:42 a.m. KUROL paso a nivel 34 gano HP: 7
31/10/2016 03:23:42 a.m. KUROL paso a nivel 35 gano HP: 10
31/10/2016 02:41:46 p.m. Nhelk tiró al piso 9995 Lingote de oro Mapa: 1 X: 57 Y: 44
31/10/2016 02:54:15 p.m. Nhelk tiró al piso 10000 Lingote de hierro Mapa: 1 X: 57 Y: 46
31/10/2016 03:56:11 p.m. ASDASDG paso a nivel 2 gano HP: 8
31/10/2016 03:56:56 p.m. ASDASDG paso a nivel 3 gano HP: 8
