28/11/2016 05:00:28 p.m. Error en SUB USERDIE. Error: 9 Descripción: El subíndice está fuera del intervalo
28/11/2016 05:00:47 p.m. Error en SUB USERDIE. Error: 9 Descripción: El subíndice está fuera del intervalo
28/11/2016 05:04:54 p.m. Error en SUB USERDIE. Error: 9 Descripción: El subíndice está fuera del intervalo
28/11/2016 05:05:49 p.m. Error en SUB USERDIE. Error: 9 Descripción: El subíndice está fuera del intervalo
28/11/2016 05:06:07 p.m. Error en SUB USERDIE. Error: 9 Descripción: El subíndice está fuera del intervalo
28/11/2016 05:28:52 p.m. Error en SUB USERDIE. Error: 9 Descripción: El subíndice está fuera del intervalo
28/11/2016 05:30:46 p.m. Error en SUB USERDIE. Error: 9 Descripción: El subíndice está fuera del intervalo
28/11/2016 05:34:36 p.m. Error en SUB USERDIE. Error: 9 Descripción: El subíndice está fuera del intervalo
28/11/2016 05:36:07 p.m. Error en SUB USERDIE. Error: 9 Descripción: El subíndice está fuera del intervalo
28/11/2016 05:36:15 p.m. Error en SUB USERDIE. Error: 9 Descripción: El subíndice está fuera del intervalo
28/11/2016 05:37:57 p.m. Error en SUB USERDIE. Error: 9 Descripción: El subíndice está fuera del intervalo
28/11/2016 05:38:16 p.m. Error en SUB USERDIE. Error: 9 Descripción: El subíndice está fuera del intervalo
28/11/2016 05:38:49 p.m. Error en SUB USERDIE. Error: 9 Descripción: El subíndice está fuera del intervalo
28/11/2016 05:38:54 p.m. Error en SUB USERDIE. Error: 9 Descripción: El subíndice está fuera del intervalo
28/11/2016 05:39:19 p.m. Error en SUB USERDIE. Error: 9 Descripción: El subíndice está fuera del intervalo
28/11/2016 05:39:48 p.m. Error en SUB USERDIE. Error: 9 Descripción: El subíndice está fuera del intervalo
28/11/2016 05:39:48 p.m. Error en SUB USERDIE. Error: 9 Descripción: El subíndice está fuera del intervalo
28/11/2016 05:40:10 p.m. Error en SUB USERDIE. Error: 9 Descripción: El subíndice está fuera del intervalo
28/11/2016 05:40:27 p.m. Error en SUB USERDIE. Error: 9 Descripción: El subíndice está fuera del intervalo
28/11/2016 05:42:00 p.m. Error en SUB USERDIE. Error: 9 Descripción: El subíndice está fuera del intervalo
28/11/2016 05:42:07 p.m. Error en SUB USERDIE. Error: 9 Descripción: El subíndice está fuera del intervalo
28/11/2016 05:44:09 p.m. Error en SUB USERDIE. Error: 9 Descripción: El subíndice está fuera del intervalo
28/11/2016 05:44:26 p.m. Error en SUB USERDIE. Error: 9 Descripción: El subíndice está fuera del intervalo
28/11/2016 05:45:24 p.m. Error en SUB USERDIE. Error: 9 Descripción: El subíndice está fuera del intervalo
28/11/2016 05:45:59 p.m. Error en SUB USERDIE. Error: 9 Descripción: El subíndice está fuera del intervalo
28/11/2016 05:46:36 p.m. Error en SUB USERDIE. Error: 9 Descripción: El subíndice está fuera del intervalo
28/11/2016 05:47:00 p.m. Error en SUB USERDIE. Error: 9 Descripción: El subíndice está fuera del intervalo
28/11/2016 05:50:03 p.m. Error en SUB USERDIE. Error: 9 Descripción: El subíndice está fuera del intervalo
28/11/2016 05:51:07 p.m. Error en SUB USERDIE. Error: 9 Descripción: El subíndice está fuera del intervalo
28/11/2016 05:51:12 p.m. Error en SUB USERDIE. Error: 9 Descripción: El subíndice está fuera del intervalo
28/11/2016 05:52:37 p.m. Error en SUB USERDIE. Error: 9 Descripción: El subíndice está fuera del intervalo
28/11/2016 05:54:41 p.m. Error en SUB USERDIE. Error: 9 Descripción: El subíndice está fuera del intervalo
28/11/2016 05:56:17 p.m. Error en SUB USERDIE. Error: 9 Descripción: El subíndice está fuera del intervalo
28/11/2016 05:56:48 p.m. Error en SUB USERDIE. Error: 9 Descripción: El subíndice está fuera del intervalo
28/11/2016 05:57:05 p.m. Error en SUB USERDIE. Error: 9 Descripción: El subíndice está fuera del intervalo
28/11/2016 05:59:15 p.m. Error en SUB USERDIE. Error: 9 Descripción: El subíndice está fuera del intervalo
28/11/2016 05:59:23 p.m. Error en SUB USERDIE. Error: 9 Descripción: El subíndice está fuera del intervalo
28/11/2016 05:59:46 p.m. Error en SUB USERDIE. Error: 9 Descripción: El subíndice está fuera del intervalo
28/11/2016 06:01:51 p.m. Error en SUB USERDIE. Error: 9 Descripción: El subíndice está fuera del intervalo
28/11/2016 06:05:28 p.m. Error en SUB USERDIE. Error: 9 Descripción: El subíndice está fuera del intervalo
28/11/2016 06:05:49 p.m. Error en SUB USERDIE. Error: 9 Descripción: El subíndice está fuera del intervalo
28/11/2016 06:07:02 p.m. Error en SUB USERDIE. Error: 9 Descripción: El subíndice está fuera del intervalo
28/11/2016 06:07:08 p.m. Error en SUB USERDIE. Error: 9 Descripción: El subíndice está fuera del intervalo
28/11/2016 06:07:40 p.m. Error en SUB USERDIE. Error: 9 Descripción: El subíndice está fuera del intervalo
28/11/2016 06:09:14 p.m. Error en SUB USERDIE. Error: 9 Descripción: El subíndice está fuera del intervalo
28/11/2016 06:12:25 p.m. Error en SUB USERDIE. Error: 9 Descripción: El subíndice está fuera del intervalo
28/11/2016 06:15:40 p.m. Error en SUB USERDIE. Error: 9 Descripción: El subíndice está fuera del intervalo
28/11/2016 06:15:55 p.m. Error en SUB USERDIE. Error: 9 Descripción: El subíndice está fuera del intervalo
28/11/2016 06:20:35 p.m. Error en SUB USERDIE. Error: 9 Descripción: El subíndice está fuera del intervalo
28/11/2016 06:23:52 p.m. Error en SUB USERDIE. Error: 9 Descripción: El subíndice está fuera del intervalo
28/11/2016 06:25:35 p.m. Error en SUB USERDIE. Error: 9 Descripción: El subíndice está fuera del intervalo
28/11/2016 06:26:46 p.m. Error en SUB USERDIE. Error: 9 Descripción: El subíndice está fuera del intervalo
28/11/2016 06:26:50 p.m. Error en SUB USERDIE. Error: 9 Descripción: El subíndice está fuera del intervalo
28/11/2016 06:30:36 p.m. Error en SUB USERDIE. Error: 9 Descripción: El subíndice está fuera del intervalo
28/11/2016 06:31:23 p.m. Error en SUB USERDIE. Error: 9 Descripción: El subíndice está fuera del intervalo
28/11/2016 06:33:07 p.m. Error en SUB USERDIE. Error: 9 Descripción: El subíndice está fuera del intervalo
28/11/2016 06:37:01 p.m. Error en SUB USERDIE. Error: 9 Descripción: El subíndice está fuera del intervalo
28/11/2016 06:37:13 p.m. Error en SUB USERDIE. Error: 9 Descripción: El subíndice está fuera del intervalo
28/11/2016 06:38:37 p.m. Error en SUB USERDIE. Error: 9 Descripción: El subíndice está fuera del intervalo
28/11/2016 06:39:57 p.m. Error en SUB USERDIE. Error: 9 Descripción: El subíndice está fuera del intervalo
28/11/2016 06:42:20 p.m. Error en SUB USERDIE. Error: 9 Descripción: El subíndice está fuera del intervalo
28/11/2016 06:53:01 p.m. Error en SUB USERDIE. Error: 9 Descripción: El subíndice está fuera del intervalo
28/11/2016 06:54:24 p.m. Error en SUB USERDIE. Error: 9 Descripción: El subíndice está fuera del intervalo
28/11/2016 06:55:00 p.m. Error en SUB USERDIE. Error: 9 Descripción: El subíndice está fuera del intervalo
28/11/2016 06:57:47 p.m. Error en SUB USERDIE. Error: 9 Descripción: El subíndice está fuera del intervalo
28/11/2016 07:04:05 p.m. Error en SUB USERDIE. Error: 9 Descripción: El subíndice está fuera del intervalo
28/11/2016 07:28:13 p.m. Error en SUB USERDIE. Error: 9 Descripción: El subíndice está fuera del intervalo
28/11/2016 07:36:12 p.m. Error en SUB USERDIE. Error: 9 Descripción: El subíndice está fuera del intervalo
28/11/2016 08:00:27 p.m. Error en SUB USERDIE. Error: 9 Descripción: El subíndice está fuera del intervalo
28/11/2016 08:05:33 p.m. Error en SUB USERDIE. Error: 9 Descripción: El subíndice está fuera del intervalo
28/11/2016 08:06:12 p.m. Error en SUB USERDIE. Error: 9 Descripción: El subíndice está fuera del intervalo
28/11/2016 08:06:45 p.m. Error en SUB USERDIE. Error: 9 Descripción: El subíndice está fuera del intervalo
28/11/2016 08:07:12 p.m. Error en SUB USERDIE. Error: 9 Descripción: El subíndice está fuera del intervalo
28/11/2016 08:21:14 p.m. Error en SUB USERDIE. Error: 9 Descripción: El subíndice está fuera del intervalo
28/11/2016 08:23:50 p.m. Error en SUB USERDIE. Error: 9 Descripción: El subíndice está fuera del intervalo
28/11/2016 08:34:38 p.m. Error en SUB USERDIE. Error: 9 Descripción: El subíndice está fuera del intervalo
28/11/2016 08:43:44 p.m. Error en SUB USERDIE. Error: 9 Descripción: El subíndice está fuera del intervalo
28/11/2016 11:03:40 p.m. Error en SUB USERDIE. Error: 9 Descripción: El subíndice está fuera del intervalo
28/11/2016 11:05:00 p.m. Error en SUB USERDIE. Error: 9 Descripción: El subíndice está fuera del intervalo
28/11/2016 11:08:11 p.m. Error en SUB USERDIE. Error: 9 Descripción: El subíndice está fuera del intervalo
29/11/2016 02:16:00 a.m. Error en SUB USERDIE. Error: 9 Descripción: El subíndice está fuera del intervalo
29/11/2016 02:25:20 a.m. Error en SUB USERDIE. Error: 9 Descripción: El subíndice está fuera del intervalo
29/11/2016 02:26:48 a.m. Error en SUB USERDIE. Error: 9 Descripción: El subíndice está fuera del intervalo
29/11/2016 02:27:33 a.m. Error en SUB USERDIE. Error: 9 Descripción: El subíndice está fuera del intervalo
29/11/2016 08:18:13 a.m. Error en SUB USERDIE. Error: 9 Descripción: El subíndice está fuera del intervalo
29/11/2016 11:22:41 a.m. Error en SUB USERDIE. Error: 9 Descripción: El subíndice está fuera del intervalo
29/11/2016 11:25:01 a.m. Error en SUB USERDIE. Error: 9 Descripción: El subíndice está fuera del intervalo
29/11/2016 11:26:57 a.m. Error en SUB USERDIE. Error: 9 Descripción: El subíndice está fuera del intervalo
29/11/2016 11:37:41 a.m. Error en SUB USERDIE. Error: 9 Descripción: El subíndice está fuera del intervalo
29/11/2016 11:41:46 a.m. Error en SUB USERDIE. Error: 9 Descripción: El subíndice está fuera del intervalo
29/11/2016 11:43:07 a.m. Error en SUB USERDIE. Error: 9 Descripción: El subíndice está fuera del intervalo
29/11/2016 11:44:39 a.m. Error en SUB USERDIE. Error: 9 Descripción: El subíndice está fuera del intervalo
29/11/2016 11:47:00 a.m. Error en SUB USERDIE. Error: 9 Descripción: El subíndice está fuera del intervalo
29/11/2016 12:17:43 p.m. Error en SUB USERDIE. Error: 9 Descripción: El subíndice está fuera del intervalo
29/11/2016 02:23:12 p.m. Error en SUB USERDIE. Error: 9 Descripción: El subíndice está fuera del intervalo
29/11/2016 03:51:42 p.m. Error en SUB USERDIE. Error: 9 Descripción: El subíndice está fuera del intervalo
29/11/2016 05:12:49 p.m. Error en SUB USERDIE. Error: 9 Descripción: El subíndice está fuera del intervalo
29/11/2016 05:16:07 p.m. Error en SUB USERDIE. Error: 9 Descripción: El subíndice está fuera del intervalo
29/11/2016 05:16:42 p.m. Error en SUB USERDIE. Error: 9 Descripción: El subíndice está fuera del intervalo
29/11/2016 05:20:28 p.m. Error en SUB USERDIE. Error: 9 Descripción: El subíndice está fuera del intervalo
29/11/2016 05:21:09 p.m. Error en SUB USERDIE. Error: 9 Descripción: El subíndice está fuera del intervalo
29/11/2016 05:21:32 p.m. Error en SUB USERDIE. Error: 9 Descripción: El subíndice está fuera del intervalo
29/11/2016 05:29:24 p.m. Error en SUB USERDIE. Error: 9 Descripción: El subíndice está fuera del intervalo
29/11/2016 05:41:26 p.m. Error en SUB USERDIE. Error: 9 Descripción: El subíndice está fuera del intervalo
29/11/2016 05:47:11 p.m. Error en SUB USERDIE. Error: 9 Descripción: El subíndice está fuera del intervalo
29/11/2016 05:51:46 p.m. Error en SUB USERDIE. Error: 9 Descripción: El subíndice está fuera del intervalo
29/11/2016 05:52:27 p.m. Error en SUB USERDIE. Error: 9 Descripción: El subíndice está fuera del intervalo
29/11/2016 05:53:45 p.m. Error en SUB USERDIE. Error: 9 Descripción: El subíndice está fuera del intervalo
29/11/2016 05:54:56 p.m. Error en SUB USERDIE. Error: 9 Descripción: El subíndice está fuera del intervalo
29/11/2016 05:55:25 p.m. Error en SUB USERDIE. Error: 9 Descripción: El subíndice está fuera del intervalo
29/11/2016 05:55:59 p.m. Error en SUB USERDIE. Error: 9 Descripción: El subíndice está fuera del intervalo
29/11/2016 06:02:05 p.m. Error en SUB USERDIE. Error: 9 Descripción: El subíndice está fuera del intervalo
29/11/2016 06:04:00 p.m. Error en SUB USERDIE. Error: 9 Descripción: El subíndice está fuera del intervalo
29/11/2016 06:11:01 p.m. Error en SUB USERDIE. Error: 9 Descripción: El subíndice está fuera del intervalo
29/11/2016 06:11:43 p.m. Error en SUB USERDIE. Error: 9 Descripción: El subíndice está fuera del intervalo
29/11/2016 06:12:33 p.m. Error en SUB USERDIE. Error: 9 Descripción: El subíndice está fuera del intervalo
29/11/2016 06:13:01 p.m. Error en SUB USERDIE. Error: 9 Descripción: El subíndice está fuera del intervalo
29/11/2016 06:13:26 p.m. Error en SUB USERDIE. Error: 9 Descripción: El subíndice está fuera del intervalo
29/11/2016 06:14:19 p.m. Error en SUB USERDIE. Error: 9 Descripción: El subíndice está fuera del intervalo
29/11/2016 06:14:40 p.m. Error en SUB USERDIE. Error: 9 Descripción: El subíndice está fuera del intervalo
29/11/2016 06:14:58 p.m. Error en SUB USERDIE. Error: 9 Descripción: El subíndice está fuera del intervalo
29/11/2016 06:15:16 p.m. Error en SUB USERDIE. Error: 9 Descripción: El subíndice está fuera del intervalo
29/11/2016 06:15:30 p.m. Error en SUB USERDIE. Error: 9 Descripción: El subíndice está fuera del intervalo
29/11/2016 06:15:47 p.m. Error en SUB USERDIE. Error: 9 Descripción: El subíndice está fuera del intervalo
29/11/2016 06:16:01 p.m. Error en SUB USERDIE. Error: 9 Descripción: El subíndice está fuera del intervalo
29/11/2016 06:16:15 p.m. Error en SUB USERDIE. Error: 9 Descripción: El subíndice está fuera del intervalo
29/11/2016 06:16:51 p.m. Error en SUB USERDIE. Error: 9 Descripción: El subíndice está fuera del intervalo
29/11/2016 06:17:10 p.m. Error en SUB USERDIE. Error: 9 Descripción: El subíndice está fuera del intervalo
29/11/2016 06:17:24 p.m. Error en SUB USERDIE. Error: 9 Descripción: El subíndice está fuera del intervalo
29/11/2016 06:17:51 p.m. Error en SUB USERDIE. Error: 9 Descripción: El subíndice está fuera del intervalo
29/11/2016 06:18:05 p.m. Error en SUB USERDIE. Error: 9 Descripción: El subíndice está fuera del intervalo
29/11/2016 06:18:24 p.m. Error en SUB USERDIE. Error: 9 Descripción: El subíndice está fuera del intervalo
29/11/2016 06:18:38 p.m. Error en SUB USERDIE. Error: 9 Descripción: El subíndice está fuera del intervalo
29/11/2016 06:18:59 p.m. Error en SUB USERDIE. Error: 9 Descripción: El subíndice está fuera del intervalo
29/11/2016 06:19:15 p.m. Error en SUB USERDIE. Error: 9 Descripción: El subíndice está fuera del intervalo
29/11/2016 06:19:29 p.m. Error en SUB USERDIE. Error: 9 Descripción: El subíndice está fuera del intervalo
29/11/2016 06:19:52 p.m. Error en SUB USERDIE. Error: 9 Descripción: El subíndice está fuera del intervalo
29/11/2016 06:20:04 p.m. Error en SUB USERDIE. Error: 9 Descripción: El subíndice está fuera del intervalo
29/11/2016 06:20:18 p.m. Error en SUB USERDIE. Error: 9 Descripción: El subíndice está fuera del intervalo
29/11/2016 06:20:37 p.m. Error en SUB USERDIE. Error: 9 Descripción: El subíndice está fuera del intervalo
29/11/2016 06:20:51 p.m. Error en SUB USERDIE. Error: 9 Descripción: El subíndice está fuera del intervalo
29/11/2016 06:21:07 p.m. Error en SUB USERDIE. Error: 9 Descripción: El subíndice está fuera del intervalo
29/11/2016 06:21:20 p.m. Error en SUB USERDIE. Error: 9 Descripción: El subíndice está fuera del intervalo
29/11/2016 06:21:41 p.m. Error en SUB USERDIE. Error: 9 Descripción: El subíndice está fuera del intervalo
29/11/2016 06:46:57 p.m. Error en SUB USERDIE. Error: 9 Descripción: El subíndice está fuera del intervalo
29/11/2016 06:48:28 p.m. Error en SUB USERDIE. Error: 9 Descripción: El subíndice está fuera del intervalo
29/11/2016 06:50:39 p.m. Error en SUB USERDIE. Error: 9 Descripción: El subíndice está fuera del intervalo
29/11/2016 06:51:37 p.m. Error en SUB USERDIE. Error: 9 Descripción: El subíndice está fuera del intervalo
29/11/2016 06:57:24 p.m. Error en SUB USERDIE. Error: 9 Descripción: El subíndice está fuera del intervalo
29/11/2016 06:57:53 p.m. Error en SUB USERDIE. Error: 9 Descripción: El subíndice está fuera del intervalo
29/11/2016 07:01:15 p.m. Error en SUB USERDIE. Error: 9 Descripción: El subíndice está fuera del intervalo
29/11/2016 07:01:17 p.m. Error en SUB USERDIE. Error: 9 Descripción: El subíndice está fuera del intervalo
29/11/2016 07:03:10 p.m. Error en SUB USERDIE. Error: 9 Descripción: El subíndice está fuera del intervalo
29/11/2016 07:03:41 p.m. Error en SUB USERDIE. Error: 9 Descripción: El subíndice está fuera del intervalo
29/11/2016 07:04:09 p.m. Error en SUB USERDIE. Error: 9 Descripción: El subíndice está fuera del intervalo
29/11/2016 07:05:21 p.m. Error en SUB USERDIE. Error: 9 Descripción: El subíndice está fuera del intervalo
29/11/2016 07:09:17 p.m. Error en SUB USERDIE. Error: 9 Descripción: El subíndice está fuera del intervalo
29/11/2016 07:10:26 p.m. Error en SUB USERDIE. Error: 9 Descripción: El subíndice está fuera del intervalo
29/11/2016 07:14:44 p.m. Error en SUB USERDIE. Error: 9 Descripción: El subíndice está fuera del intervalo
29/11/2016 07:16:04 p.m. Error en SUB USERDIE. Error: 9 Descripción: El subíndice está fuera del intervalo
29/11/2016 07:18:14 p.m. Error en SUB USERDIE. Error: 9 Descripción: El subíndice está fuera del intervalo
29/11/2016 07:19:12 p.m. Error en SUB USERDIE. Error: 9 Descripción: El subíndice está fuera del intervalo
29/11/2016 07:20:17 p.m. Error en SUB USERDIE. Error: 9 Descripción: El subíndice está fuera del intervalo
29/11/2016 07:22:08 p.m. Error en SUB USERDIE. Error: 9 Descripción: El subíndice está fuera del intervalo
29/11/2016 07:23:44 p.m. Error en SUB USERDIE. Error: 9 Descripción: El subíndice está fuera del intervalo
29/11/2016 07:25:08 p.m. Error en SUB USERDIE. Error: 9 Descripción: El subíndice está fuera del intervalo
29/11/2016 07:26:01 p.m. Error en SUB USERDIE. Error: 9 Descripción: El subíndice está fuera del intervalo
29/11/2016 07:27:04 p.m. Error en SUB USERDIE. Error: 9 Descripción: El subíndice está fuera del intervalo
29/11/2016 07:28:33 p.m. Error en SUB USERDIE. Error: 9 Descripción: El subíndice está fuera del intervalo
29/11/2016 07:54:20 p.m. NPCAI Medusa 0 0 mapa:48 x:29 y:68 Mov:3 TargU:0 TargN:0
29/11/2016 08:06:36 p.m. Error en SUB USERDIE. Error: 9 Descripción: El subíndice está fuera del intervalo
29/11/2016 09:59:37 p.m. Error en SUB USERDIE. Error: 9 Descripción: El subíndice está fuera del intervalo
29/11/2016 10:15:16 p.m. Error en SUB USERDIE. Error: 9 Descripción: El subíndice está fuera del intervalo
29/11/2016 10:17:33 p.m. Error en SUB USERDIE. Error: 9 Descripción: El subíndice está fuera del intervalo
29/11/2016 10:46:07 p.m. Error en SUB USERDIE. Error: 9 Descripción: El subíndice está fuera del intervalo
29/11/2016 10:47:08 p.m. Error en SUB USERDIE. Error: 9 Descripción: El subíndice está fuera del intervalo
29/11/2016 11:25:30 p.m. Error en SUB USERDIE. Error: 9 Descripción: El subíndice está fuera del intervalo
29/11/2016 11:28:59 p.m. Error en SUB USERDIE. Error: 9 Descripción: El subíndice está fuera del intervalo
29/11/2016 11:30:14 p.m. Error en SUB USERDIE. Error: 9 Descripción: El subíndice está fuera del intervalo
29/11/2016 11:32:25 p.m. Error en SUB USERDIE. Error: 9 Descripción: El subíndice está fuera del intervalo
29/11/2016 11:36:14 p.m. Error en SUB USERDIE. Error: 9 Descripción: El subíndice está fuera del intervalo
29/11/2016 11:37:52 p.m. Error en SUB USERDIE. Error: 9 Descripción: El subíndice está fuera del intervalo
29/11/2016 11:41:42 p.m. Error en SUB USERDIE. Error: 9 Descripción: El subíndice está fuera del intervalo
29/11/2016 11:43:20 p.m. Error en SUB USERDIE. Error: 9 Descripción: El subíndice está fuera del intervalo
29/11/2016 11:53:15 p.m. Error en SUB USERDIE. Error: 9 Descripción: El subíndice está fuera del intervalo
30/11/2016 12:05:30 a.m. Error en SUB USERDIE. Error: 9 Descripción: El subíndice está fuera del intervalo
30/11/2016 12:09:18 a.m. Error en SUB USERDIE. Error: 9 Descripción: El subíndice está fuera del intervalo
30/11/2016 12:20:52 a.m. Error en SUB USERDIE. Error: 9 Descripción: El subíndice está fuera del intervalo
30/11/2016 12:23:59 a.m. Error en SUB USERDIE. Error: 9 Descripción: El subíndice está fuera del intervalo
30/11/2016 01:48:01 a.m. Error en SUB USERDIE. Error: 9 Descripción: El subíndice está fuera del intervalo
30/11/2016 01:48:19 a.m. Error en SUB USERDIE. Error: 9 Descripción: El subíndice está fuera del intervalo
30/11/2016 06:39:55 p.m. Error en SUB USERDIE. Error: 9 Descripción: El subíndice está fuera del intervalo
30/11/2016 06:41:28 p.m. Error en SUB USERDIE. Error: 9 Descripción: El subíndice está fuera del intervalo
30/11/2016 06:42:15 p.m. Error en SUB USERDIE. Error: 9 Descripción: El subíndice está fuera del intervalo
30/11/2016 06:50:48 p.m. Error en SUB USERDIE. Error: 9 Descripción: El subíndice está fuera del intervalo
30/11/2016 06:51:54 p.m. Error en SUB USERDIE. Error: 9 Descripción: El subíndice está fuera del intervalo
30/11/2016 06:59:38 p.m. Error en SUB USERDIE. Error: 9 Descripción: El subíndice está fuera del intervalo
30/11/2016 07:00:07 p.m. Error en SUB USERDIE. Error: 9 Descripción: El subíndice está fuera del intervalo
30/11/2016 08:37:14 p.m. Error en SUB USERDIE. Error: 9 Descripción: El subíndice está fuera del intervalo
30/11/2016 08:40:58 p.m. Error en SUB USERDIE. Error: 9 Descripción: El subíndice está fuera del intervalo
30/11/2016 08:53:55 p.m. Error en SUB USERDIE. Error: 9 Descripción: El subíndice está fuera del intervalo
30/11/2016 08:57:22 p.m. Error en SUB USERDIE. Error: 9 Descripción: El subíndice está fuera del intervalo
30/11/2016 09:09:11 p.m. Error en SUB USERDIE. Error: 9 Descripción: El subíndice está fuera del intervalo
30/11/2016 09:14:26 p.m. Error en SUB USERDIE. Error: 9 Descripción: El subíndice está fuera del intervalo
30/11/2016 09:17:53 p.m. Error en SUB USERDIE. Error: 9 Descripción: El subíndice está fuera del intervalo
30/11/2016 09:18:54 p.m. Error en SUB USERDIE. Error: 9 Descripción: El subíndice está fuera del intervalo
30/11/2016 09:22:02 p.m. Error en SUB USERDIE. Error: 9 Descripción: El subíndice está fuera del intervalo
30/11/2016 09:23:56 p.m. Error en SUB USERDIE. Error: 9 Descripción: El subíndice está fuera del intervalo
30/11/2016 09:25:30 p.m. Error en SUB USERDIE. Error: 9 Descripción: El subíndice está fuera del intervalo
30/11/2016 09:26:25 p.m. Error en SUB USERDIE. Error: 9 Descripción: El subíndice está fuera del intervalo
30/11/2016 09:26:51 p.m. Error en SUB USERDIE. Error: 9 Descripción: El subíndice está fuera del intervalo
30/11/2016 09:28:41 p.m. Error en SUB USERDIE. Error: 9 Descripción: El subíndice está fuera del intervalo
30/11/2016 09:30:50 p.m. Error en SUB USERDIE. Error: 9 Descripción: El subíndice está fuera del intervalo
30/11/2016 09:31:14 p.m. Error en SUB USERDIE. Error: 9 Descripción: El subíndice está fuera del intervalo
30/11/2016 10:04:29 p.m. Error en SUB USERDIE. Error: 9 Descripción: El subíndice está fuera del intervalo
30/11/2016 10:04:47 p.m. Error en SUB USERDIE. Error: 9 Descripción: El subíndice está fuera del intervalo
30/11/2016 10:06:04 p.m. Error en SUB USERDIE. Error: 9 Descripción: El subíndice está fuera del intervalo
30/11/2016 10:07:43 p.m. Error en SUB USERDIE. Error: 9 Descripción: El subíndice está fuera del intervalo
30/11/2016 10:09:06 p.m. Error en SUB USERDIE. Error: 9 Descripción: El subíndice está fuera del intervalo
30/11/2016 10:10:59 p.m. Error en SUB USERDIE. Error: 9 Descripción: El subíndice está fuera del intervalo
30/11/2016 10:11:44 p.m. Error en SUB USERDIE. Error: 9 Descripción: El subíndice está fuera del intervalo
30/11/2016 10:13:33 p.m. Error en SUB USERDIE. Error: 9 Descripción: El subíndice está fuera del intervalo
30/11/2016 10:22:56 p.m. Error en SUB USERDIE. Error: 9 Descripción: El subíndice está fuera del intervalo
30/11/2016 10:23:03 p.m. Error en SUB USERDIE. Error: 9 Descripción: El subíndice está fuera del intervalo
30/11/2016 10:28:51 p.m. Error en SUB USERDIE. Error: 9 Descripción: El subíndice está fuera del intervalo
30/11/2016 10:40:47 p.m. Error en SUB USERDIE. Error: 9 Descripción: El subíndice está fuera del intervalo
30/11/2016 10:41:49 p.m. Error en SUB USERDIE. Error: 9 Descripción: El subíndice está fuera del intervalo
30/11/2016 10:42:48 p.m. Error en SUB USERDIE. Error: 9 Descripción: El subíndice está fuera del intervalo
30/11/2016 10:43:02 p.m. Error en SUB USERDIE. Error: 9 Descripción: El subíndice está fuera del intervalo
30/11/2016 10:43:22 p.m. Error en SUB USERDIE. Error: 9 Descripción: El subíndice está fuera del intervalo
30/11/2016 10:47:21 p.m. Error en SUB USERDIE. Error: 9 Descripción: El subíndice está fuera del intervalo
30/11/2016 10:47:51 p.m. Error en SUB USERDIE. Error: 9 Descripción: El subíndice está fuera del intervalo
30/11/2016 10:54:31 p.m. Error en SUB USERDIE. Error: 9 Descripción: El subíndice está fuera del intervalo
30/11/2016 10:55:10 p.m. Error en SUB USERDIE. Error: 9 Descripción: El subíndice está fuera del intervalo
30/11/2016 10:56:16 p.m. Error en SUB USERDIE. Error: 9 Descripción: El subíndice está fuera del intervalo
30/11/2016 10:56:32 p.m. Error en SUB USERDIE. Error: 9 Descripción: El subíndice está fuera del intervalo
30/11/2016 10:56:59 p.m. Error en SUB USERDIE. Error: 9 Descripción: El subíndice está fuera del intervalo
30/11/2016 10:58:02 p.m. Error en SUB USERDIE. Error: 9 Descripción: El subíndice está fuera del intervalo
30/11/2016 11:05:27 p.m. Error en SUB USERDIE. Error: 9 Descripción: El subíndice está fuera del intervalo
30/11/2016 11:06:03 p.m. Error en SUB USERDIE. Error: 9 Descripción: El subíndice está fuera del intervalo
30/11/2016 11:07:09 p.m. Error en SUB USERDIE. Error: 9 Descripción: El subíndice está fuera del intervalo
30/11/2016 11:08:13 p.m. Error en SUB USERDIE. Error: 9 Descripción: El subíndice está fuera del intervalo
30/11/2016 11:09:14 p.m. Error en SUB USERDIE. Error: 9 Descripción: El subíndice está fuera del intervalo
30/11/2016 11:09:40 p.m. Error en SUB USERDIE. Error: 9 Descripción: El subíndice está fuera del intervalo
30/11/2016 11:13:58 p.m. Error en SUB USERDIE. Error: 9 Descripción: El subíndice está fuera del intervalo
30/11/2016 11:16:14 p.m. Error en SUB USERDIE. Error: 9 Descripción: El subíndice está fuera del intervalo
01/12/2016 04:28:12 a.m. Error en SUB USERDIE. Error: 9 Descripción: El subíndice está fuera del intervalo
01/12/2016 11:27:02 a.m. Error en SUB USERDIE. Error: 9 Descripción: El subíndice está fuera del intervalo
01/12/2016 11:28:11 a.m. Error en SUB USERDIE. Error: 9 Descripción: El subíndice está fuera del intervalo
01/12/2016 12:13:03 p.m. Error en SUB USERDIE. Error: 9 Descripción: El subíndice está fuera del intervalo
01/12/2016 12:13:22 p.m. Error en SUB USERDIE. Error: 9 Descripción: El subíndice está fuera del intervalo
01/12/2016 12:21:07 p.m. Error en SUB USERDIE. Error: 9 Descripción: El subíndice está fuera del intervalo
01/12/2016 02:19:23 p.m. Error en SUB USERDIE. Error: 9 Descripción: El subíndice está fuera del intervalo
01/12/2016 03:00:05 p.m. NPCAI Medusa 0 0 mapa:48 x:57 y:69 Mov:9 TargU:1 TargN:2553
01/12/2016 03:00:24 p.m. NPCAI Medusa 0 0 mapa:48 x:66 y:64 Mov:4 TargU:1 TargN:2558
01/12/2016 03:00:35 p.m. NPCAI Medusa 0 0 mapa:48 x:58 y:63 Mov:3 TargU:1 TargN:0
01/12/2016 03:01:05 p.m. NPCAI Medusa 0 0 mapa:48 x:57 y:67 Mov:3 TargU:0 TargN:0
01/12/2016 03:02:00 p.m. NPCAI Medusa 0 0 mapa:48 x:69 y:56 Mov:9 TargU:1 TargN:2558
01/12/2016 03:14:31 p.m. NPCAI Golem de Hielo 0 0 mapa:171 x:59 y:41 Mov:3 TargU:0 TargN:0
01/12/2016 03:15:43 p.m. NPCAI Oso Polar 0 0 mapa:170 x:53 y:23 Mov:3 TargU:2 TargN:0
01/12/2016 03:23:45 p.m. Error en TimerAutoSave 438: El objeto no acepta esta propiedad o método
01/12/2016 03:32:12 p.m. Error en SUB USERDIE. Error: 9 Descripción: El subíndice está fuera del intervalo
01/12/2016 03:32:27 p.m. Error en SUB USERDIE. Error: 9 Descripción: El subíndice está fuera del intervalo
01/12/2016 03:35:45 p.m. Error en SUB USERDIE. Error: 9 Descripción: El subíndice está fuera del intervalo
01/12/2016 03:36:46 p.m. Error en SUB USERDIE. Error: 9 Descripción: El subíndice está fuera del intervalo
01/12/2016 03:39:46 p.m. Error en TimerAutoSave 438: El objeto no acepta esta propiedad o método
01/12/2016 03:41:19 p.m. Error: 438 [El objeto no acepta esta propiedad o método]  Source: MDSServer	 HelpFile: 	 HelpContext: 1000438	 LastDllError: 0	 - UserIndex: 1 - producido al manejar el paquete: 47
01/12/2016 03:41:25 p.m. Error: 438 [El objeto no acepta esta propiedad o método]  Source: MDSServer	 HelpFile: 	 HelpContext: 1000438	 LastDllError: 0	 - UserIndex: 1 - producido al manejar el paquete: 47
01/12/2016 03:41:53 p.m. Error en SUB USERDIE. Error: 9 Descripción: El subíndice está fuera del intervalo
01/12/2016 03:42:14 p.m. Error: 438 [El objeto no acepta esta propiedad o método]  Source: MDSServer	 HelpFile: 	 HelpContext: 1000438	 LastDllError: 0	 - UserIndex: 1 - producido al manejar el paquete: 47
01/12/2016 03:42:21 p.m. Error: 438 [El objeto no acepta esta propiedad o método]  Source: MDSServer	 HelpFile: 	 HelpContext: 1000438	 LastDllError: 0	 - UserIndex: 1 - producido al manejar el paquete: 47
01/12/2016 03:42:25 p.m. Error: 438 [El objeto no acepta esta propiedad o método]  Source: MDSServer	 HelpFile: 	 HelpContext: 1000438	 LastDllError: 0	 - UserIndex: 1 - producido al manejar el paquete: 47
01/12/2016 03:47:23 p.m. Error: 438 [El objeto no acepta esta propiedad o método]  Source: MDSServer	 HelpFile: 	 HelpContext: 1000438	 LastDllError: 0	 - UserIndex: 1 - producido al manejar el paquete: 47
01/12/2016 03:47:31 p.m. Error: 438 [El objeto no acepta esta propiedad o método]  Source: MDSServer	 HelpFile: 	 HelpContext: 1000438	 LastDllError: 0	 - UserIndex: 1 - producido al manejar el paquete: 47
01/12/2016 03:47:58 p.m. Error: 438 [El objeto no acepta esta propiedad o método]  Source: MDSServer	 HelpFile: 	 HelpContext: 1000438	 LastDllError: 0	 - UserIndex: 2 - producido al manejar el paquete: 47
01/12/2016 03:48:40 p.m. Error: 438 [El objeto no acepta esta propiedad o método]  Source: MDSServer	 HelpFile: 	 HelpContext: 1000438	 LastDllError: 0	 - UserIndex: 2 - producido al manejar el paquete: 47
01/12/2016 03:48:43 p.m. Error: 438 [El objeto no acepta esta propiedad o método]  Source: MDSServer	 HelpFile: 	 HelpContext: 1000438	 LastDllError: 0	 - UserIndex: 2 - producido al manejar el paquete: 47
01/12/2016 03:48:46 p.m. Error: 438 [El objeto no acepta esta propiedad o método]  Source: MDSServer	 HelpFile: 	 HelpContext: 1000438	 LastDllError: 0	 - UserIndex: 2 - producido al manejar el paquete: 47
01/12/2016 03:48:51 p.m. Error: 438 [El objeto no acepta esta propiedad o método]  Source: MDSServer	 HelpFile: 	 HelpContext: 1000438	 LastDllError: 0	 - UserIndex: 2 - producido al manejar el paquete: 47
01/12/2016 03:48:54 p.m. Error: 438 [El objeto no acepta esta propiedad o método]  Source: MDSServer	 HelpFile: 	 HelpContext: 1000438	 LastDllError: 0	 - UserIndex: 2 - producido al manejar el paquete: 47
01/12/2016 03:49:27 p.m. Error: 438 [El objeto no acepta esta propiedad o método]  Source: MDSServer	 HelpFile: 	 HelpContext: 1000438	 LastDllError: 0	 - UserIndex: 2 - producido al manejar el paquete: 47
01/12/2016 03:49:32 p.m. Error: 438 [El objeto no acepta esta propiedad o método]  Source: MDSServer	 HelpFile: 	 HelpContext: 1000438	 LastDllError: 0	 - UserIndex: 2 - producido al manejar el paquete: 47
01/12/2016 03:50:34 p.m. Error en SUB USERDIE. Error: 9 Descripción: El subíndice está fuera del intervalo
01/12/2016 03:51:14 p.m. Error: 438 [El objeto no acepta esta propiedad o método]  Source: MDSServer	 HelpFile: 	 HelpContext: 1000438	 LastDllError: 0	 - UserIndex: 3 - producido al manejar el paquete: 47
01/12/2016 03:51:54 p.m. Error en SUB USERDIE. Error: 9 Descripción: El subíndice está fuera del intervalo
01/12/2016 03:51:55 p.m. Error en SUB USERDIE. Error: 9 Descripción: El subíndice está fuera del intervalo
01/12/2016 03:52:11 p.m. Error: 438 [El objeto no acepta esta propiedad o método]  Source: MDSServer	 HelpFile: 	 HelpContext: 1000438	 LastDllError: 0	 - UserIndex: 2 - producido al manejar el paquete: 47
01/12/2016 03:52:32 p.m. Error: 438 [El objeto no acepta esta propiedad o método]  Source: MDSServer	 HelpFile: 	 HelpContext: 1000438	 LastDllError: 0	 - UserIndex: 4 - producido al manejar el paquete: 47
01/12/2016 03:55:07 p.m. Error en SUB USERDIE. Error: 9 Descripción: El subíndice está fuera del intervalo
01/12/2016 03:55:35 p.m. Error en SUB USERDIE. Error: 9 Descripción: El subíndice está fuera del intervalo
01/12/2016 03:55:43 p.m. Error: 438 [El objeto no acepta esta propiedad o método]  Source: MDSServer	 HelpFile: 	 HelpContext: 1000438	 LastDllError: 0	 - UserIndex: 2 - producido al manejar el paquete: 47
01/12/2016 03:55:46 p.m. Error en TimerAutoSave 438: El objeto no acepta esta propiedad o método
01/12/2016 03:55:46 p.m. Error: 438 [El objeto no acepta esta propiedad o método]  Source: MDSServer	 HelpFile: 	 HelpContext: 1000438	 LastDllError: 0	 - UserIndex: 2 - producido al manejar el paquete: 47
01/12/2016 03:55:49 p.m. Error: 438 [El objeto no acepta esta propiedad o método]  Source: MDSServer	 HelpFile: 	 HelpContext: 1000438	 LastDllError: 0	 - UserIndex: 2 - producido al manejar el paquete: 47
01/12/2016 03:55:51 p.m. Error: 438 [El objeto no acepta esta propiedad o método]  Source: MDSServer	 HelpFile: 	 HelpContext: 1000438	 LastDllError: 0	 - UserIndex: 2 - producido al manejar el paquete: 47
01/12/2016 03:55:58 p.m. Error: 438 [El objeto no acepta esta propiedad o método]  Source: MDSServer	 HelpFile: 	 HelpContext: 1000438	 LastDllError: 0	 - UserIndex: 2 - producido al manejar el paquete: 47
01/12/2016 03:56:02 p.m. Error: 438 [El objeto no acepta esta propiedad o método]  Source: MDSServer	 HelpFile: 	 HelpContext: 1000438	 LastDllError: 0	 - UserIndex: 2 - producido al manejar el paquete: 47
01/12/2016 03:56:04 p.m. Error: 438 [El objeto no acepta esta propiedad o método]  Source: MDSServer	 HelpFile: 	 HelpContext: 1000438	 LastDllError: 0	 - UserIndex: 2 - producido al manejar el paquete: 47
01/12/2016 03:56:08 p.m. Error: 438 [El objeto no acepta esta propiedad o método]  Source: MDSServer	 HelpFile: 	 HelpContext: 1000438	 LastDllError: 0	 - UserIndex: 2 - producido al manejar el paquete: 47
01/12/2016 03:56:10 p.m. Error: 438 [El objeto no acepta esta propiedad o método]  Source: MDSServer	 HelpFile: 	 HelpContext: 1000438	 LastDllError: 0	 - UserIndex: 2 - producido al manejar el paquete: 47
01/12/2016 03:56:15 p.m. Error: 438 [El objeto no acepta esta propiedad o método]  Source: MDSServer	 HelpFile: 	 HelpContext: 1000438	 LastDllError: 0	 - UserIndex: 2 - producido al manejar el paquete: 47
01/12/2016 03:56:17 p.m. Error: 438 [El objeto no acepta esta propiedad o método]  Source: MDSServer	 HelpFile: 	 HelpContext: 1000438	 LastDllError: 0	 - UserIndex: 2 - producido al manejar el paquete: 47
01/12/2016 03:56:20 p.m. Error: 438 [El objeto no acepta esta propiedad o método]  Source: MDSServer	 HelpFile: 	 HelpContext: 1000438	 LastDllError: 0	 - UserIndex: 2 - producido al manejar el paquete: 47
01/12/2016 03:56:22 p.m. Error: 438 [El objeto no acepta esta propiedad o método]  Source: MDSServer	 HelpFile: 	 HelpContext: 1000438	 LastDllError: 0	 - UserIndex: 2 - producido al manejar el paquete: 47
01/12/2016 03:56:25 p.m. Error: 438 [El objeto no acepta esta propiedad o método]  Source: MDSServer	 HelpFile: 	 HelpContext: 1000438	 LastDllError: 0	 - UserIndex: 2 - producido al manejar el paquete: 47
01/12/2016 03:56:28 p.m. Error: 438 [El objeto no acepta esta propiedad o método]  Source: MDSServer	 HelpFile: 	 HelpContext: 1000438	 LastDllError: 0	 - UserIndex: 2 - producido al manejar el paquete: 47
01/12/2016 03:59:48 p.m. Error: 438 [El objeto no acepta esta propiedad o método]  Source: MDSServer	 HelpFile: 	 HelpContext: 1000438	 LastDllError: 0	 - UserIndex: 2 - producido al manejar el paquete: 47
01/12/2016 03:59:54 p.m. Error: 438 [El objeto no acepta esta propiedad o método]  Source: MDSServer	 HelpFile: 	 HelpContext: 1000438	 LastDllError: 0	 - UserIndex: 2 - producido al manejar el paquete: 47
01/12/2016 03:59:59 p.m. Error: 438 [El objeto no acepta esta propiedad o método]  Source: MDSServer	 HelpFile: 	 HelpContext: 1000438	 LastDllError: 0	 - UserIndex: 2 - producido al manejar el paquete: 47
01/12/2016 04:00:04 p.m. Error: 438 [El objeto no acepta esta propiedad o método]  Source: MDSServer	 HelpFile: 	 HelpContext: 1000438	 LastDllError: 0	 - UserIndex: 2 - producido al manejar el paquete: 47
01/12/2016 04:00:14 p.m. Error: 438 [El objeto no acepta esta propiedad o método]  Source: MDSServer	 HelpFile: 	 HelpContext: 1000438	 LastDllError: 0	 - UserIndex: 2 - producido al manejar el paquete: 47
01/12/2016 04:00:18 p.m. Error: 438 [El objeto no acepta esta propiedad o método]  Source: MDSServer	 HelpFile: 	 HelpContext: 1000438	 LastDllError: 0	 - UserIndex: 2 - producido al manejar el paquete: 47
01/12/2016 04:00:21 p.m. Error: 438 [El objeto no acepta esta propiedad o método]  Source: MDSServer	 HelpFile: 	 HelpContext: 1000438	 LastDllError: 0	 - UserIndex: 2 - producido al manejar el paquete: 47
01/12/2016 04:00:23 p.m. Error: 438 [El objeto no acepta esta propiedad o método]  Source: MDSServer	 HelpFile: 	 HelpContext: 1000438	 LastDllError: 0	 - UserIndex: 2 - producido al manejar el paquete: 47
01/12/2016 04:00:26 p.m. Error: 438 [El objeto no acepta esta propiedad o método]  Source: MDSServer	 HelpFile: 	 HelpContext: 1000438	 LastDllError: 0	 - UserIndex: 2 - producido al manejar el paquete: 47
01/12/2016 04:00:30 p.m. Error: 438 [El objeto no acepta esta propiedad o método]  Source: MDSServer	 HelpFile: 	 HelpContext: 1000438	 LastDllError: 0	 - UserIndex: 2 - producido al manejar el paquete: 47
01/12/2016 04:00:33 p.m. Error: 438 [El objeto no acepta esta propiedad o método]  Source: MDSServer	 HelpFile: 	 HelpContext: 1000438	 LastDllError: 0	 - UserIndex: 2 - producido al manejar el paquete: 47
01/12/2016 04:00:36 p.m. Error: 438 [El objeto no acepta esta propiedad o método]  Source: MDSServer	 HelpFile: 	 HelpContext: 1000438	 LastDllError: 0	 - UserIndex: 2 - producido al manejar el paquete: 47
01/12/2016 04:01:47 p.m. Error: 438 [El objeto no acepta esta propiedad o método]  Source: MDSServer	 HelpFile: 	 HelpContext: 1000438	 LastDllError: 0	 - UserIndex: 2 - producido al manejar el paquete: 47
01/12/2016 04:05:59 p.m. Error: 438 [El objeto no acepta esta propiedad o método]  Source: MDSServer	 HelpFile: 	 HelpContext: 1000438	 LastDllError: 0	 - UserIndex: 2 - producido al manejar el paquete: 47
01/12/2016 04:06:02 p.m. Error: 438 [El objeto no acepta esta propiedad o método]  Source: MDSServer	 HelpFile: 	 HelpContext: 1000438	 LastDllError: 0	 - UserIndex: 1 - producido al manejar el paquete: 47
01/12/2016 04:06:05 p.m. Error: 438 [El objeto no acepta esta propiedad o método]  Source: MDSServer	 HelpFile: 	 HelpContext: 1000438	 LastDllError: 0	 - UserIndex: 1 - producido al manejar el paquete: 47
01/12/2016 04:06:07 p.m. Error: 438 [El objeto no acepta esta propiedad o método]  Source: MDSServer	 HelpFile: 	 HelpContext: 1000438	 LastDllError: 0	 - UserIndex: 1 - producido al manejar el paquete: 47
01/12/2016 04:06:12 p.m. Error: 438 [El objeto no acepta esta propiedad o método]  Source: MDSServer	 HelpFile: 	 HelpContext: 1000438	 LastDllError: 0	 - UserIndex: 1 - producido al manejar el paquete: 47
01/12/2016 04:06:16 p.m. Error: 438 [El objeto no acepta esta propiedad o método]  Source: MDSServer	 HelpFile: 	 HelpContext: 1000438	 LastDllError: 0	 - UserIndex: 1 - producido al manejar el paquete: 47
01/12/2016 04:06:18 p.m. Error: 438 [El objeto no acepta esta propiedad o método]  Source: MDSServer	 HelpFile: 	 HelpContext: 1000438	 LastDllError: 0	 - UserIndex: 1 - producido al manejar el paquete: 47
01/12/2016 04:06:21 p.m. Error: 438 [El objeto no acepta esta propiedad o método]  Source: MDSServer	 HelpFile: 	 HelpContext: 1000438	 LastDllError: 0	 - UserIndex: 1 - producido al manejar el paquete: 47
01/12/2016 04:06:24 p.m. Error: 438 [El objeto no acepta esta propiedad o método]  Source: MDSServer	 HelpFile: 	 HelpContext: 1000438	 LastDllError: 0	 - UserIndex: 1 - producido al manejar el paquete: 47
01/12/2016 04:06:29 p.m. Error: 438 [El objeto no acepta esta propiedad o método]  Source: MDSServer	 HelpFile: 	 HelpContext: 1000438	 LastDllError: 0	 - UserIndex: 1 - producido al manejar el paquete: 47
01/12/2016 04:06:31 p.m. Error: 438 [El objeto no acepta esta propiedad o método]  Source: MDSServer	 HelpFile: 	 HelpContext: 1000438	 LastDllError: 0	 - UserIndex: 1 - producido al manejar el paquete: 47
01/12/2016 04:06:34 p.m. Error: 438 [El objeto no acepta esta propiedad o método]  Source: MDSServer	 HelpFile: 	 HelpContext: 1000438	 LastDllError: 0	 - UserIndex: 1 - producido al manejar el paquete: 47
01/12/2016 04:06:37 p.m. Error: 438 [El objeto no acepta esta propiedad o método]  Source: MDSServer	 HelpFile: 	 HelpContext: 1000438	 LastDllError: 0	 - UserIndex: 1 - producido al manejar el paquete: 47
01/12/2016 04:06:41 p.m. Error: 438 [El objeto no acepta esta propiedad o método]  Source: MDSServer	 HelpFile: 	 HelpContext: 1000438	 LastDllError: 0	 - UserIndex: 1 - producido al manejar el paquete: 47
01/12/2016 04:06:43 p.m. Error: 438 [El objeto no acepta esta propiedad o método]  Source: MDSServer	 HelpFile: 	 HelpContext: 1000438	 LastDllError: 0	 - UserIndex: 1 - producido al manejar el paquete: 47
01/12/2016 04:06:46 p.m. Error: 438 [El objeto no acepta esta propiedad o método]  Source: MDSServer	 HelpFile: 	 HelpContext: 1000438	 LastDllError: 0	 - UserIndex: 1 - producido al manejar el paquete: 47
01/12/2016 04:06:50 p.m. Error: 438 [El objeto no acepta esta propiedad o método]  Source: MDSServer	 HelpFile: 	 HelpContext: 1000438	 LastDllError: 0	 - UserIndex: 1 - producido al manejar el paquete: 47
01/12/2016 04:06:52 p.m. Error: 438 [El objeto no acepta esta propiedad o método]  Source: MDSServer	 HelpFile: 	 HelpContext: 1000438	 LastDllError: 0	 - UserIndex: 1 - producido al manejar el paquete: 47
01/12/2016 04:06:55 p.m. Error: 438 [El objeto no acepta esta propiedad o método]  Source: MDSServer	 HelpFile: 	 HelpContext: 1000438	 LastDllError: 0	 - UserIndex: 1 - producido al manejar el paquete: 47
01/12/2016 04:06:58 p.m. Error: 438 [El objeto no acepta esta propiedad o método]  Source: MDSServer	 HelpFile: 	 HelpContext: 1000438	 LastDllError: 0	 - UserIndex: 1 - producido al manejar el paquete: 47
01/12/2016 04:09:07 p.m. Error: 438 [El objeto no acepta esta propiedad o método]  Source: MDSServer	 HelpFile: 	 HelpContext: 1000438	 LastDllError: 0	 - UserIndex: 1 - producido al manejar el paquete: 47
01/12/2016 04:11:46 p.m. Error en TimerAutoSave 438: El objeto no acepta esta propiedad o método
01/12/2016 04:12:20 p.m. Error en SUB USERDIE. Error: 9 Descripción: El subíndice está fuera del intervalo
01/12/2016 04:14:24 p.m. Error: 438 [El objeto no acepta esta propiedad o método]  Source: MDSServer	 HelpFile: 	 HelpContext: 1000438	 LastDllError: 0	 - UserIndex: 1 - producido al manejar el paquete: 47
01/12/2016 04:22:09 p.m. Error: 438 [El objeto no acepta esta propiedad o método]  Source: MDSServer	 HelpFile: 	 HelpContext: 1000438	 LastDllError: 0	 - UserIndex: 1 - producido al manejar el paquete: 47
01/12/2016 04:27:08 p.m. Error: 438 [El objeto no acepta esta propiedad o método]  Source: MDSServer	 HelpFile: 	 HelpContext: 1000438	 LastDllError: 0	 - UserIndex: 2 - producido al manejar el paquete: 47
01/12/2016 04:27:33 p.m. Error: 438 [El objeto no acepta esta propiedad o método]  Source: MDSServer	 HelpFile: 	 HelpContext: 1000438	 LastDllError: 0	 - UserIndex: 2 - producido al manejar el paquete: 47
01/12/2016 04:27:46 p.m. Error en TimerAutoSave 438: El objeto no acepta esta propiedad o método
01/12/2016 04:27:51 p.m. Error: 438 [El objeto no acepta esta propiedad o método]  Source: MDSServer	 HelpFile: 	 HelpContext: 1000438	 LastDllError: 0	 - UserIndex: 2 - producido al manejar el paquete: 47
01/12/2016 04:43:47 p.m. Error en TimerAutoSave 438: El objeto no acepta esta propiedad o método
01/12/2016 04:59:47 p.m. Error en TimerAutoSave 438: El objeto no acepta esta propiedad o método
01/12/2016 05:00:03 p.m. Error: 438 [El objeto no acepta esta propiedad o método]  Source: MDSServer	 HelpFile: 	 HelpContext: 1000438	 LastDllError: 0	 - UserIndex: 1 - producido al manejar el paquete: 47
01/12/2016 05:09:41 p.m. Error: 438 [El objeto no acepta esta propiedad o método]  Source: MDSServer	 HelpFile: 	 HelpContext: 1000438	 LastDllError: 0	 - UserIndex: 2 - producido al manejar el paquete: 47
01/12/2016 05:15:26 p.m. Error en SUB USERDIE. Error: 9 Descripción: El subíndice está fuera del intervalo
01/12/2016 05:15:47 p.m. Error en TimerAutoSave 438: El objeto no acepta esta propiedad o método
01/12/2016 05:16:22 p.m. Error en SUB USERDIE. Error: 9 Descripción: El subíndice está fuera del intervalo
01/12/2016 05:31:47 p.m. Error en TimerAutoSave 438: El objeto no acepta esta propiedad o método
01/12/2016 05:31:49 p.m. Error en SUB USERDIE. Error: 9 Descripción: El subíndice está fuera del intervalo
01/12/2016 05:35:16 p.m. Error: 438 [El objeto no acepta esta propiedad o método]  Source: MDSServer	 HelpFile: 	 HelpContext: 1000438	 LastDllError: 0	 - UserIndex: 3 - producido al manejar el paquete: 47
01/12/2016 05:35:19 p.m. Error: 438 [El objeto no acepta esta propiedad o método]  Source: MDSServer	 HelpFile: 	 HelpContext: 1000438	 LastDllError: 0	 - UserIndex: 3 - producido al manejar el paquete: 47
01/12/2016 05:35:24 p.m. Error: 438 [El objeto no acepta esta propiedad o método]  Source: MDSServer	 HelpFile: 	 HelpContext: 1000438	 LastDllError: 0	 - UserIndex: 3 - producido al manejar el paquete: 47
01/12/2016 05:35:27 p.m. Error: 438 [El objeto no acepta esta propiedad o método]  Source: MDSServer	 HelpFile: 	 HelpContext: 1000438	 LastDllError: 0	 - UserIndex: 3 - producido al manejar el paquete: 47
01/12/2016 05:35:29 p.m. Error: 438 [El objeto no acepta esta propiedad o método]  Source: MDSServer	 HelpFile: 	 HelpContext: 1000438	 LastDllError: 0	 - UserIndex: 3 - producido al manejar el paquete: 47
01/12/2016 05:35:32 p.m. Error: 438 [El objeto no acepta esta propiedad o método]  Source: MDSServer	 HelpFile: 	 HelpContext: 1000438	 LastDllError: 0	 - UserIndex: 3 - producido al manejar el paquete: 47
01/12/2016 05:35:35 p.m. Error: 438 [El objeto no acepta esta propiedad o método]  Source: MDSServer	 HelpFile: 	 HelpContext: 1000438	 LastDllError: 0	 - UserIndex: 3 - producido al manejar el paquete: 47
01/12/2016 05:35:38 p.m. Error: 438 [El objeto no acepta esta propiedad o método]  Source: MDSServer	 HelpFile: 	 HelpContext: 1000438	 LastDllError: 0	 - UserIndex: 3 - producido al manejar el paquete: 47
01/12/2016 05:35:41 p.m. Error: 438 [El objeto no acepta esta propiedad o método]  Source: MDSServer	 HelpFile: 	 HelpContext: 1000438	 LastDllError: 0	 - UserIndex: 3 - producido al manejar el paquete: 47
01/12/2016 05:35:45 p.m. Error: 438 [El objeto no acepta esta propiedad o método]  Source: MDSServer	 HelpFile: 	 HelpContext: 1000438	 LastDllError: 0	 - UserIndex: 3 - producido al manejar el paquete: 47
01/12/2016 05:35:48 p.m. Error: 438 [El objeto no acepta esta propiedad o método]  Source: MDSServer	 HelpFile: 	 HelpContext: 1000438	 LastDllError: 0	 - UserIndex: 3 - producido al manejar el paquete: 47
01/12/2016 05:35:51 p.m. Error: 438 [El objeto no acepta esta propiedad o método]  Source: MDSServer	 HelpFile: 	 HelpContext: 1000438	 LastDllError: 0	 - UserIndex: 3 - producido al manejar el paquete: 47
01/12/2016 05:35:53 p.m. Error: 438 [El objeto no acepta esta propiedad o método]  Source: MDSServer	 HelpFile: 	 HelpContext: 1000438	 LastDllError: 0	 - UserIndex: 3 - producido al manejar el paquete: 47
01/12/2016 05:35:56 p.m. Error: 438 [El objeto no acepta esta propiedad o método]  Source: MDSServer	 HelpFile: 	 HelpContext: 1000438	 LastDllError: 0	 - UserIndex: 3 - producido al manejar el paquete: 47
01/12/2016 05:35:59 p.m. Error: 438 [El objeto no acepta esta propiedad o método]  Source: MDSServer	 HelpFile: 	 HelpContext: 1000438	 LastDllError: 0	 - UserIndex: 3 - producido al manejar el paquete: 47
01/12/2016 05:36:03 p.m. Error: 438 [El objeto no acepta esta propiedad o método]  Source: MDSServer	 HelpFile: 	 HelpContext: 1000438	 LastDllError: 0	 - UserIndex: 3 - producido al manejar el paquete: 47
01/12/2016 05:36:08 p.m. Error: 438 [El objeto no acepta esta propiedad o método]  Source: MDSServer	 HelpFile: 	 HelpContext: 1000438	 LastDllError: 0	 - UserIndex: 3 - producido al manejar el paquete: 47
01/12/2016 05:36:11 p.m. Error: 438 [El objeto no acepta esta propiedad o método]  Source: MDSServer	 HelpFile: 	 HelpContext: 1000438	 LastDllError: 0	 - UserIndex: 3 - producido al manejar el paquete: 47
01/12/2016 05:36:14 p.m. Error: 438 [El objeto no acepta esta propiedad o método]  Source: MDSServer	 HelpFile: 	 HelpContext: 1000438	 LastDllError: 0	 - UserIndex: 3 - producido al manejar el paquete: 47
01/12/2016 05:37:23 p.m. Error: 438 [El objeto no acepta esta propiedad o método]  Source: MDSServer	 HelpFile: 	 HelpContext: 1000438	 LastDllError: 0	 - UserIndex: 3 - producido al manejar el paquete: 47
01/12/2016 05:41:05 p.m. Error: 438 [El objeto no acepta esta propiedad o método]  Source: MDSServer	 HelpFile: 	 HelpContext: 1000438	 LastDllError: 0	 - UserIndex: 3 - producido al manejar el paquete: 47
01/12/2016 05:41:08 p.m. Error: 438 [El objeto no acepta esta propiedad o método]  Source: MDSServer	 HelpFile: 	 HelpContext: 1000438	 LastDllError: 0	 - UserIndex: 3 - producido al manejar el paquete: 47
01/12/2016 05:41:12 p.m. Error: 438 [El objeto no acepta esta propiedad o método]  Source: MDSServer	 HelpFile: 	 HelpContext: 1000438	 LastDllError: 0	 - UserIndex: 1 - producido al manejar el paquete: 47
01/12/2016 05:41:24 p.m. Error: 438 [El objeto no acepta esta propiedad o método]  Source: MDSServer	 HelpFile: 	 HelpContext: 1000438	 LastDllError: 0	 - UserIndex: 1 - producido al manejar el paquete: 47
01/12/2016 05:41:27 p.m. Error: 438 [El objeto no acepta esta propiedad o método]  Source: MDSServer	 HelpFile: 	 HelpContext: 1000438	 LastDllError: 0	 - UserIndex: 1 - producido al manejar el paquete: 47
01/12/2016 05:41:30 p.m. Error: 438 [El objeto no acepta esta propiedad o método]  Source: MDSServer	 HelpFile: 	 HelpContext: 1000438	 LastDllError: 0	 - UserIndex: 1 - producido al manejar el paquete: 47
01/12/2016 05:41:46 p.m. Error: 438 [El objeto no acepta esta propiedad o método]  Source: MDSServer	 HelpFile: 	 HelpContext: 1000438	 LastDllError: 0	 - UserIndex: 1 - producido al manejar el paquete: 47
01/12/2016 05:45:46 p.m. Error en SUB USERDIE. Error: 9 Descripción: El subíndice está fuera del intervalo
01/12/2016 05:46:51 p.m. Error en SUB USERDIE. Error: 9 Descripción: El subíndice está fuera del intervalo
01/12/2016 05:47:47 p.m. Error en TimerAutoSave 438: El objeto no acepta esta propiedad o método
01/12/2016 05:48:27 p.m. Error en SUB USERDIE. Error: 9 Descripción: El subíndice está fuera del intervalo
01/12/2016 05:49:13 p.m. Error en SUB USERDIE. Error: 9 Descripción: El subíndice está fuera del intervalo
01/12/2016 05:51:18 p.m. Error en SUB USERDIE. Error: 9 Descripción: El subíndice está fuera del intervalo
01/12/2016 05:52:08 p.m. Error en SUB USERDIE. Error: 9 Descripción: El subíndice está fuera del intervalo
01/12/2016 05:53:57 p.m. Error en SUB USERDIE. Error: 9 Descripción: El subíndice está fuera del intervalo
01/12/2016 05:57:21 p.m. Error en SUB USERDIE. Error: 9 Descripción: El subíndice está fuera del intervalo
01/12/2016 05:57:44 p.m. Error: 438 [El objeto no acepta esta propiedad o método]  Source: MDSServer	 HelpFile: 	 HelpContext: 1000438	 LastDllError: 0	 - UserIndex: 1 - producido al manejar el paquete: 47
01/12/2016 05:57:47 p.m. Error: 438 [El objeto no acepta esta propiedad o método]  Source: MDSServer	 HelpFile: 	 HelpContext: 1000438	 LastDllError: 0	 - UserIndex: 1 - producido al manejar el paquete: 47
01/12/2016 05:57:49 p.m. Error: 438 [El objeto no acepta esta propiedad o método]  Source: MDSServer	 HelpFile: 	 HelpContext: 1000438	 LastDllError: 0	 - UserIndex: 1 - producido al manejar el paquete: 47
01/12/2016 05:57:56 p.m. Error: 438 [El objeto no acepta esta propiedad o método]  Source: MDSServer	 HelpFile: 	 HelpContext: 1000438	 LastDllError: 0	 - UserIndex: 1 - producido al manejar el paquete: 47
01/12/2016 06:03:49 p.m. Error en TimerAutoSave 438: El objeto no acepta esta propiedad o método
01/12/2016 06:03:49 p.m. Error en TimerAutoSave 438: El objeto no acepta esta propiedad o método
01/12/2016 06:06:06 p.m. Error: 438 [El objeto no acepta esta propiedad o método]  Source: MDSServer	 HelpFile: 	 HelpContext: 1000438	 LastDllError: 0	 - UserIndex: 1 - producido al manejar el paquete: 47
01/12/2016 06:06:09 p.m. Error: 438 [El objeto no acepta esta propiedad o método]  Source: MDSServer	 HelpFile: 	 HelpContext: 1000438	 LastDllError: 0	 - UserIndex: 1 - producido al manejar el paquete: 47
01/12/2016 06:06:13 p.m. Error: 438 [El objeto no acepta esta propiedad o método]  Source: MDSServer	 HelpFile: 	 HelpContext: 1000438	 LastDllError: 0	 - UserIndex: 1 - producido al manejar el paquete: 47
01/12/2016 06:06:19 p.m. Error: 438 [El objeto no acepta esta propiedad o método]  Source: MDSServer	 HelpFile: 	 HelpContext: 1000438	 LastDllError: 0	 - UserIndex: 1 - producido al manejar el paquete: 47
01/12/2016 06:06:26 p.m. Error: 438 [El objeto no acepta esta propiedad o método]  Source: MDSServer	 HelpFile: 	 HelpContext: 1000438	 LastDllError: 0	 - UserIndex: 1 - producido al manejar el paquete: 47
01/12/2016 06:06:30 p.m. Error: 438 [El objeto no acepta esta propiedad o método]  Source: MDSServer	 HelpFile: 	 HelpContext: 1000438	 LastDllError: 0	 - UserIndex: 1 - producido al manejar el paquete: 47
01/12/2016 06:06:33 p.m. Error: 438 [El objeto no acepta esta propiedad o método]  Source: MDSServer	 HelpFile: 	 HelpContext: 1000438	 LastDllError: 0	 - UserIndex: 1 - producido al manejar el paquete: 47
01/12/2016 06:06:36 p.m. Error: 438 [El objeto no acepta esta propiedad o método]  Source: MDSServer	 HelpFile: 	 HelpContext: 1000438	 LastDllError: 0	 - UserIndex: 1 - producido al manejar el paquete: 47
01/12/2016 06:06:39 p.m. Error: 438 [El objeto no acepta esta propiedad o método]  Source: MDSServer	 HelpFile: 	 HelpContext: 1000438	 LastDllError: 0	 - UserIndex: 1 - producido al manejar el paquete: 47
01/12/2016 06:06:41 p.m. Error: 438 [El objeto no acepta esta propiedad o método]  Source: MDSServer	 HelpFile: 	 HelpContext: 1000438	 LastDllError: 0	 - UserIndex: 1 - producido al manejar el paquete: 47
01/12/2016 06:06:46 p.m. Error: 438 [El objeto no acepta esta propiedad o método]  Source: MDSServer	 HelpFile: 	 HelpContext: 1000438	 LastDllError: 0	 - UserIndex: 1 - producido al manejar el paquete: 47
01/12/2016 06:06:49 p.m. Error: 438 [El objeto no acepta esta propiedad o método]  Source: MDSServer	 HelpFile: 	 HelpContext: 1000438	 LastDllError: 0	 - UserIndex: 1 - producido al manejar el paquete: 47
01/12/2016 06:06:52 p.m. Error: 438 [El objeto no acepta esta propiedad o método]  Source: MDSServer	 HelpFile: 	 HelpContext: 1000438	 LastDllError: 0	 - UserIndex: 1 - producido al manejar el paquete: 47
01/12/2016 06:06:58 p.m. Error: 438 [El objeto no acepta esta propiedad o método]  Source: MDSServer	 HelpFile: 	 HelpContext: 1000438	 LastDllError: 0	 - UserIndex: 1 - producido al manejar el paquete: 47
01/12/2016 06:07:01 p.m. Error: 438 [El objeto no acepta esta propiedad o método]  Source: MDSServer	 HelpFile: 	 HelpContext: 1000438	 LastDllError: 0	 - UserIndex: 1 - producido al manejar el paquete: 47
01/12/2016 06:07:04 p.m. Error: 438 [El objeto no acepta esta propiedad o método]  Source: MDSServer	 HelpFile: 	 HelpContext: 1000438	 LastDllError: 0	 - UserIndex: 1 - producido al manejar el paquete: 47
01/12/2016 06:07:06 p.m. Error: 438 [El objeto no acepta esta propiedad o método]  Source: MDSServer	 HelpFile: 	 HelpContext: 1000438	 LastDllError: 0	 - UserIndex: 1 - producido al manejar el paquete: 47
01/12/2016 06:07:11 p.m. Error: 438 [El objeto no acepta esta propiedad o método]  Source: MDSServer	 HelpFile: 	 HelpContext: 1000438	 LastDllError: 0	 - UserIndex: 1 - producido al manejar el paquete: 47
01/12/2016 06:07:14 p.m. Error: 438 [El objeto no acepta esta propiedad o método]  Source: MDSServer	 HelpFile: 	 HelpContext: 1000438	 LastDllError: 0	 - UserIndex: 1 - producido al manejar el paquete: 47
01/12/2016 06:19:49 p.m. Error en TimerAutoSave 438: El objeto no acepta esta propiedad o método
01/12/2016 06:35:49 p.m. Error en TimerAutoSave 438: El objeto no acepta esta propiedad o método
01/12/2016 06:51:50 p.m. Error en TimerAutoSave 438: El objeto no acepta esta propiedad o método
01/12/2016 07:07:50 p.m. Error en TimerAutoSave 438: El objeto no acepta esta propiedad o método
01/12/2016 07:23:50 p.m. Error en TimerAutoSave 438: El objeto no acepta esta propiedad o método
01/12/2016 07:39:50 p.m. Error en TimerAutoSave 438: El objeto no acepta esta propiedad o método
01/12/2016 07:55:50 p.m. Error en TimerAutoSave 438: El objeto no acepta esta propiedad o método
01/12/2016 08:11:51 p.m. Error en TimerAutoSave 438: El objeto no acepta esta propiedad o método
01/12/2016 08:27:51 p.m. Error en TimerAutoSave 438: El objeto no acepta esta propiedad o método
01/12/2016 08:43:51 p.m. Error en TimerAutoSave 438: El objeto no acepta esta propiedad o método
01/12/2016 08:59:51 p.m. Error en TimerAutoSave 438: El objeto no acepta esta propiedad o método
01/12/2016 09:03:53 p.m. Error en TimerAutoSave 438: El objeto no acepta esta propiedad o método
01/12/2016 09:15:53 p.m. Error en TimerAutoSave 438: El objeto no acepta esta propiedad o método
01/12/2016 09:31:53 p.m. Error en TimerAutoSave 438: El objeto no acepta esta propiedad o método
01/12/2016 09:47:28 p.m. Error: 438 [El objeto no acepta esta propiedad o método]  Source: MDSServer	 HelpFile: 	 HelpContext: 1000438	 LastDllError: 0	 - UserIndex: 1 - producido al manejar el paquete: 47
01/12/2016 09:47:32 p.m. Error: 438 [El objeto no acepta esta propiedad o método]  Source: MDSServer	 HelpFile: 	 HelpContext: 1000438	 LastDllError: 0	 - UserIndex: 1 - producido al manejar el paquete: 47
01/12/2016 09:47:53 p.m. Error en TimerAutoSave 438: El objeto no acepta esta propiedad o método
01/12/2016 10:03:54 p.m. Error en TimerAutoSave 438: El objeto no acepta esta propiedad o método
01/12/2016 10:19:54 p.m. Error en TimerAutoSave 438: El objeto no acepta esta propiedad o método
01/12/2016 10:35:54 p.m. Error en TimerAutoSave 438: El objeto no acepta esta propiedad o método
01/12/2016 10:51:54 p.m. Error en TimerAutoSave 438: El objeto no acepta esta propiedad o método
01/12/2016 11:07:54 p.m. Error en TimerAutoSave 438: El objeto no acepta esta propiedad o método
01/12/2016 11:23:55 p.m. Error en TimerAutoSave 438: El objeto no acepta esta propiedad o método
01/12/2016 11:39:55 p.m. Error en TimerAutoSave 438: El objeto no acepta esta propiedad o método
01/12/2016 11:55:55 p.m. Error en TimerAutoSave 438: El objeto no acepta esta propiedad o método
02/12/2016 12:03:57 a.m. Error en TimerAutoSave 438: El objeto no acepta esta propiedad o método
02/12/2016 12:11:57 a.m. Error en TimerAutoSave 438: El objeto no acepta esta propiedad o método
02/12/2016 12:27:57 a.m. Error en TimerAutoSave 438: El objeto no acepta esta propiedad o método
02/12/2016 12:43:57 a.m. Error en TimerAutoSave 438: El objeto no acepta esta propiedad o método
02/12/2016 12:59:57 a.m. Error en TimerAutoSave 438: El objeto no acepta esta propiedad o método
02/12/2016 01:15:58 a.m. Error en TimerAutoSave 438: El objeto no acepta esta propiedad o método
02/12/2016 01:31:58 a.m. Error en TimerAutoSave 438: El objeto no acepta esta propiedad o método
02/12/2016 01:47:58 a.m. Error en TimerAutoSave 438: El objeto no acepta esta propiedad o método
02/12/2016 02:03:58 a.m. Error en TimerAutoSave 438: El objeto no acepta esta propiedad o método
02/12/2016 02:19:58 a.m. Error en TimerAutoSave 438: El objeto no acepta esta propiedad o método
02/12/2016 02:35:59 a.m. Error en TimerAutoSave 438: El objeto no acepta esta propiedad o método
02/12/2016 02:51:59 a.m. Error en TimerAutoSave 438: El objeto no acepta esta propiedad o método
02/12/2016 03:04:00 a.m. Error en TimerAutoSave 438: El objeto no acepta esta propiedad o método
02/12/2016 03:08:00 a.m. Error en TimerAutoSave 438: El objeto no acepta esta propiedad o método
02/12/2016 03:24:01 a.m. Error en TimerAutoSave 438: El objeto no acepta esta propiedad o método
02/12/2016 03:40:01 a.m. Error en TimerAutoSave 438: El objeto no acepta esta propiedad o método
02/12/2016 03:56:01 a.m. Error en TimerAutoSave 438: El objeto no acepta esta propiedad o método
02/12/2016 04:12:01 a.m. Error en TimerAutoSave 438: El objeto no acepta esta propiedad o método
02/12/2016 04:28:02 a.m. Error en TimerAutoSave 438: El objeto no acepta esta propiedad o método
02/12/2016 04:44:02 a.m. Error en TimerAutoSave 438: El objeto no acepta esta propiedad o método
02/12/2016 05:00:02 a.m. Error en TimerAutoSave 438: El objeto no acepta esta propiedad o método
02/12/2016 05:16:02 a.m. Error en TimerAutoSave 438: El objeto no acepta esta propiedad o método
02/12/2016 05:32:02 a.m. Error en TimerAutoSave 438: El objeto no acepta esta propiedad o método
02/12/2016 05:48:03 a.m. Error en TimerAutoSave 438: El objeto no acepta esta propiedad o método
02/12/2016 06:04:04 a.m. Error en TimerAutoSave 438: El objeto no acepta esta propiedad o método
02/12/2016 06:04:04 a.m. Error en TimerAutoSave 438: El objeto no acepta esta propiedad o método
02/12/2016 06:20:04 a.m. Error en TimerAutoSave 438: El objeto no acepta esta propiedad o método
02/12/2016 06:36:05 a.m. Error en TimerAutoSave 438: El objeto no acepta esta propiedad o método
02/12/2016 06:52:05 a.m. Error en TimerAutoSave 438: El objeto no acepta esta propiedad o método
02/12/2016 07:08:05 a.m. Error en TimerAutoSave 438: El objeto no acepta esta propiedad o método
02/12/2016 07:24:05 a.m. Error en TimerAutoSave 438: El objeto no acepta esta propiedad o método
02/12/2016 07:40:06 a.m. Error en TimerAutoSave 438: El objeto no acepta esta propiedad o método
02/12/2016 07:56:06 a.m. Error en TimerAutoSave 438: El objeto no acepta esta propiedad o método
02/12/2016 08:12:06 a.m. Error en TimerAutoSave 438: El objeto no acepta esta propiedad o método
02/12/2016 08:28:06 a.m. Error en TimerAutoSave 438: El objeto no acepta esta propiedad o método
02/12/2016 08:44:06 a.m. Error en TimerAutoSave 438: El objeto no acepta esta propiedad o método
02/12/2016 09:00:08 a.m. Error en TimerAutoSave 438: El objeto no acepta esta propiedad o método
02/12/2016 09:04:08 a.m. Error en TimerAutoSave 438: El objeto no acepta esta propiedad o método
02/12/2016 09:16:08 a.m. Error en TimerAutoSave 438: El objeto no acepta esta propiedad o método
02/12/2016 09:32:08 a.m. Error en TimerAutoSave 438: El objeto no acepta esta propiedad o método
02/12/2016 09:48:09 a.m. Error en TimerAutoSave 438: El objeto no acepta esta propiedad o método
02/12/2016 10:04:09 a.m. Error en TimerAutoSave 438: El objeto no acepta esta propiedad o método
02/12/2016 10:20:09 a.m. Error en TimerAutoSave 438: El objeto no acepta esta propiedad o método
02/12/2016 10:36:09 a.m. Error en TimerAutoSave 438: El objeto no acepta esta propiedad o método
02/12/2016 10:52:10 a.m. Error en TimerAutoSave 438: El objeto no acepta esta propiedad o método
02/12/2016 11:08:10 a.m. Error en TimerAutoSave 438: El objeto no acepta esta propiedad o método
02/12/2016 11:24:10 a.m. Error en TimerAutoSave 438: El objeto no acepta esta propiedad o método
02/12/2016 11:40:10 a.m. Error en TimerAutoSave 438: El objeto no acepta esta propiedad o método
02/12/2016 11:56:10 a.m. Error en TimerAutoSave 438: El objeto no acepta esta propiedad o método
02/12/2016 12:04:12 p.m. Error en TimerAutoSave 438: El objeto no acepta esta propiedad o método
02/12/2016 12:12:12 p.m. Error en TimerAutoSave 438: El objeto no acepta esta propiedad o método
02/12/2016 12:28:12 p.m. Error en TimerAutoSave 438: El objeto no acepta esta propiedad o método
02/12/2016 12:44:12 p.m. Error en TimerAutoSave 438: El objeto no acepta esta propiedad o método
02/12/2016 01:00:13 p.m. Error en TimerAutoSave 438: El objeto no acepta esta propiedad o método
02/12/2016 01:16:13 p.m. Error en TimerAutoSave 438: El objeto no acepta esta propiedad o método
02/12/2016 01:32:13 p.m. Error en TimerAutoSave 438: El objeto no acepta esta propiedad o método
02/12/2016 01:48:13 p.m. Error en TimerAutoSave 438: El objeto no acepta esta propiedad o método
02/12/2016 02:04:13 p.m. Error en TimerAutoSave 438: El objeto no acepta esta propiedad o método
02/12/2016 02:20:14 p.m. Error en TimerAutoSave 438: El objeto no acepta esta propiedad o método
02/12/2016 02:36:14 p.m. Error en TimerAutoSave 438: El objeto no acepta esta propiedad o método
02/12/2016 02:52:14 p.m. Error en TimerAutoSave 438: El objeto no acepta esta propiedad o método
02/12/2016 03:04:16 p.m. Error en TimerAutoSave 438: El objeto no acepta esta propiedad o método
02/12/2016 03:08:16 p.m. Error en TimerAutoSave 438: El objeto no acepta esta propiedad o método
02/12/2016 03:24:16 p.m. Error en TimerAutoSave 438: El objeto no acepta esta propiedad o método
02/12/2016 03:40:16 p.m. Error en TimerAutoSave 438: El objeto no acepta esta propiedad o método
02/12/2016 03:56:16 p.m. Error en TimerAutoSave 438: El objeto no acepta esta propiedad o método
02/12/2016 03:57:45 p.m. Error: 438 [El objeto no acepta esta propiedad o método]  Source: MDSServer	 HelpFile: 	 HelpContext: 1000438	 LastDllError: 0	 - UserIndex: 1 - producido al manejar el paquete: 47
02/12/2016 03:57:50 p.m. Error: 438 [El objeto no acepta esta propiedad o método]  Source: MDSServer	 HelpFile: 	 HelpContext: 1000438	 LastDllError: 0	 - UserIndex: 1 - producido al manejar el paquete: 47
02/12/2016 03:57:53 p.m. Error: 438 [El objeto no acepta esta propiedad o método]  Source: MDSServer	 HelpFile: 	 HelpContext: 1000438	 LastDllError: 0	 - UserIndex: 1 - producido al manejar el paquete: 47
02/12/2016 04:01:34 p.m. Error: 438 [El objeto no acepta esta propiedad o método]  Source: MDSServer	 HelpFile: 	 HelpContext: 1000438	 LastDllError: 0	 - UserIndex: 1 - producido al manejar el paquete: 47
02/12/2016 04:01:39 p.m. Error: 438 [El objeto no acepta esta propiedad o método]  Source: MDSServer	 HelpFile: 	 HelpContext: 1000438	 LastDllError: 0	 - UserIndex: 1 - producido al manejar el paquete: 47
02/12/2016 04:01:45 p.m. Error: 438 [El objeto no acepta esta propiedad o método]  Source: MDSServer	 HelpFile: 	 HelpContext: 1000438	 LastDllError: 0	 - UserIndex: 1 - producido al manejar el paquete: 47
02/12/2016 04:01:55 p.m. Error: 438 [El objeto no acepta esta propiedad o método]  Source: MDSServer	 HelpFile: 	 HelpContext: 1000438	 LastDllError: 0	 - UserIndex: 1 - producido al manejar el paquete: 47
02/12/2016 04:04:48 p.m. Error: 438 [El objeto no acepta esta propiedad o método]  Source: MDSServer	 HelpFile: 	 HelpContext: 1000438	 LastDllError: 0	 - UserIndex: 1 - producido al manejar el paquete: 47
02/12/2016 04:12:17 p.m. Error en TimerAutoSave 438: El objeto no acepta esta propiedad o método
02/12/2016 04:28:17 p.m. Error en TimerAutoSave 438: El objeto no acepta esta propiedad o método
02/12/2016 04:44:17 p.m. Error en TimerAutoSave 438: El objeto no acepta esta propiedad o método
02/12/2016 05:00:17 p.m. Error en TimerAutoSave 438: El objeto no acepta esta propiedad o método
02/12/2016 05:13:03 p.m. Error cargando mapa: 195 - Pos: 0,0.El subíndice está fuera del intervalo
02/12/2016 05:13:03 p.m. Error cargando mapa: 197 - Pos: 0,0.El subíndice está fuera del intervalo
11/5/2020 02:10:44 Error cargando mapa: 195 - Pos: 0,0.El subíndice está fuera del intervalo
11/5/2020 02:10:44 Error cargando mapa: 197 - Pos: 0,0.El subíndice está fuera del intervalo
11/5/2020 09:53:08 Error cargando mapa: 195 - Pos: 0,0.El subíndice está fuera del intervalo
11/5/2020 09:53:08 Error cargando mapa: 197 - Pos: 0,0.El subíndice está fuera del intervalo
11/5/2020 10:23:37 Error en SUB USERDIE. Error: 9 Descripción: El subíndice está fuera del intervalo
11/5/2020 14:26:49 Error cargando mapa: 195 - Pos: 0,0.El subíndice está fuera del intervalo
11/5/2020 14:26:49 Error cargando mapa: 197 - Pos: 0,0.El subíndice está fuera del intervalo
11/5/2020 16:33:43 Error cargando mapa: 195 - Pos: 0,0.El subíndice está fuera del intervalo
11/5/2020 16:33:43 Error cargando mapa: 197 - Pos: 0,0.El subíndice está fuera del intervalo
11/5/2020 19:34:29 clsClan.RevisarElecciones: tempS is not Date
11/5/2020 22:35:10 clsClan.RevisarElecciones: tempS is not Date
12/5/2020 01:35:52 clsClan.RevisarElecciones: tempS is not Date
12/5/2020 04:36:34 clsClan.RevisarElecciones: tempS is not Date
12/5/2020 07:37:14 clsClan.RevisarElecciones: tempS is not Date
12/5/2020 10:37:56 clsClan.RevisarElecciones: tempS is not Date
