06/04/2016 08:04:24 p.m. Se conecto con ip:127.0.0.1
06/04/2016 08:05:41 p.m. Se conecto con ip:127.0.0.1
06/04/2016 08:14:09 p.m. Se conecto con ip:127.0.0.1
06/04/2016 08:14:27 p.m. Transportó a gs hacia Mapa1 X:60 Y:44
06/04/2016 08:14:28 p.m. Transportó a gs hacia Mapa1 X:57 Y:45
06/04/2016 08:14:29 p.m. Transportó a gs hacia Mapa1 X:52 Y:48
06/04/2016 08:14:30 p.m. Transportó a gs hacia Mapa1 X:46 Y:51
06/04/2016 08:14:30 p.m. Transportó a gs hacia Mapa1 X:40 Y:52
06/04/2016 08:14:31 p.m. Transportó a gs hacia Mapa1 X:43 Y:56
06/04/2016 08:14:31 p.m. Transportó a gs hacia Mapa1 X:50 Y:52
06/04/2016 08:14:32 p.m. Transportó a gs hacia Mapa1 X:56 Y:48
06/04/2016 08:14:32 p.m. Transportó a gs hacia Mapa1 X:58 Y:45
06/04/2016 08:24:48 p.m. Se conecto con ip:127.0.0.1
06/04/2016 08:33:11 p.m. Se conecto con ip:127.0.0.1
06/04/2016 08:35:40 p.m. Se conecto con ip:127.0.0.1
06/04/2016 09:31:26 p.m. Se conecto con ip:127.0.0.1
06/04/2016 10:08:58 p.m. Se conecto con ip:127.0.0.1
06/04/2016 10:09:16 p.m. Se conecto con ip:127.0.0.1
06/04/2016 10:09:31 p.m. Transportó a gs hacia Mapa1 X:49 Y:47
06/04/2016 10:09:33 p.m. Transportó a gs hacia Mapa1 X:42 Y:48
06/04/2016 10:09:34 p.m. Transportó a gs hacia Mapa1 X:39 Y:51
06/04/2016 10:09:35 p.m. Transportó a gs hacia Mapa1 X:46 Y:50
06/04/2016 10:09:36 p.m. Transportó a gs hacia Mapa1 X:50 Y:48
06/04/2016 10:09:37 p.m. Transportó a gs hacia Mapa1 X:45 Y:46
06/04/2016 10:09:37 p.m. Transportó a gs hacia Mapa1 X:38 Y:47
06/04/2016 10:09:37 p.m. Transportó a gs hacia Mapa1 X:37 Y:50
06/04/2016 10:09:38 p.m. Transportó a gs hacia Mapa1 X:36 Y:54
06/04/2016 10:09:38 p.m. Transportó a gs hacia Mapa1 X:32 Y:55
06/04/2016 10:09:39 p.m. Transportó a gs hacia Mapa1 X:26 Y:55
06/04/2016 10:09:40 p.m. Transportó a gs hacia Mapa1 X:30 Y:54
06/04/2016 10:09:40 p.m. Transportó a gs hacia Mapa1 X:35 Y:54
06/04/2016 10:09:49 p.m. Transportó a gs hacia Mapa1 X:36 Y:53
06/04/2016 10:09:50 p.m. Transportó a gs hacia Mapa1 X:41 Y:51
06/04/2016 10:09:50 p.m. Transportó a gs hacia Mapa1 X:48 Y:48
06/04/2016 10:09:50 p.m. Transportó a gs hacia Mapa1 X:54 Y:49
06/04/2016 10:09:51 p.m. Transportó a gs hacia Mapa1 X:57 Y:46
06/04/2016 10:09:51 p.m. Transportó a gs hacia Mapa1 X:60 Y:44
06/04/2016 10:09:52 p.m. Transportó a gs hacia Mapa1 X:59 Y:45
06/04/2016 10:11:50 p.m. Se conecto con ip:127.0.0.1
06/04/2016 10:11:52 p.m. Transportó a gs hacia Mapa1 X:53 Y:48
06/04/2016 10:11:52 p.m. Transportó a gs hacia Mapa1 X:48 Y:51
06/04/2016 10:11:53 p.m. Transportó a gs hacia Mapa1 X:42 Y:53
06/04/2016 10:11:53 p.m. Transportó a gs hacia Mapa1 X:37 Y:53
06/04/2016 10:11:54 p.m. Transportó a gs hacia Mapa1 X:33 Y:55
06/04/2016 10:11:58 p.m. Transportó a gs hacia Mapa40 X:47 Y:14
06/04/2016 10:12:06 p.m. Transportó a gs hacia Mapa40 X:50 Y:20
06/04/2016 10:12:07 p.m. Transportó a gs hacia Mapa40 X:47 Y:22
06/04/2016 10:12:07 p.m. Transportó a gs hacia Mapa40 X:44 Y:26
06/04/2016 10:12:07 p.m. Transportó a gs hacia Mapa40 X:41 Y:31
06/04/2016 10:12:07 p.m. Transportó a gs hacia Mapa40 X:43 Y:34
06/04/2016 10:12:08 p.m. Transportó a gs hacia Mapa40 X:47 Y:32
06/04/2016 10:12:09 p.m. Transportó a gs hacia Mapa40 X:52 Y:35
06/04/2016 10:12:10 p.m. Transportó a gs hacia Mapa40 X:59 Y:35
06/04/2016 10:12:10 p.m. Transportó a gs hacia Mapa40 X:67 Y:35
06/04/2016 10:12:11 p.m. Transportó a gs hacia Mapa40 X:70 Y:31
06/04/2016 10:12:11 p.m. Transportó a gs hacia Mapa40 X:74 Y:27
06/04/2016 10:12:11 p.m. Transportó a gs hacia Mapa40 X:70 Y:25
06/04/2016 10:12:12 p.m. Transportó a gs hacia Mapa40 X:68 Y:21
06/04/2016 10:12:47 p.m. Se conecto con ip:127.0.0.1
06/04/2016 10:13:25 p.m. Se conecto con ip:127.0.0.1
06/04/2016 10:15:00 p.m. Se conecto con ip:127.0.0.1
06/04/2016 10:16:54 p.m. Transportó a gs hacia Mapa40 X:71 Y:27
06/04/2016 10:19:34 p.m. Se conecto con ip:127.0.0.1
06/04/2016 10:21:50 p.m. Se conecto con ip:127.0.0.1
06/04/2016 10:29:02 p.m. Se conecto con ip:127.0.0.1
06/04/2016 10:30:09 p.m. Se conecto con ip:127.0.0.1
06/04/2016 10:31:14 p.m. Se conecto con ip:127.0.0.1
06/04/2016 10:33:31 p.m. Se conecto con ip:127.0.0.1
06/04/2016 10:41:18 p.m. Se conecto con ip:127.0.0.1
06/04/2016 10:41:30 p.m. Transportó a gs hacia Mapa34 X:50 Y:50
06/04/2016 10:41:34 p.m. Transportó a gs hacia Mapa34 X:39 Y:57
06/04/2016 10:41:37 p.m. Transportó a gs hacia Mapa34 X:34 Y:61
06/04/2016 10:41:38 p.m. Transportó a gs hacia Mapa34 X:30 Y:66
06/04/2016 10:41:39 p.m. Transportó a gs hacia Mapa34 X:29 Y:70
06/04/2016 10:41:40 p.m. Transportó a gs hacia Mapa34 X:26 Y:72
06/04/2016 10:41:42 p.m. Transportó a gs hacia Mapa34 X:26 Y:74
06/04/2016 10:43:48 p.m. Se conecto con ip:127.0.0.1
06/04/2016 10:44:23 p.m. Transportó a gs hacia Mapa34 X:28 Y:70
06/04/2016 10:44:23 p.m. Transportó a gs hacia Mapa34 X:30 Y:64
06/04/2016 10:44:24 p.m. Transportó a gs hacia Mapa34 X:34 Y:58
06/04/2016 10:44:24 p.m. Transportó a gs hacia Mapa34 X:38 Y:52
06/04/2016 10:44:24 p.m. Transportó a gs hacia Mapa34 X:44 Y:48
06/04/2016 10:44:24 p.m. Transportó a gs hacia Mapa34 X:51 Y:44
06/04/2016 10:44:25 p.m. Transportó a gs hacia Mapa34 X:56 Y:45
06/04/2016 10:44:25 p.m. Transportó a gs hacia Mapa34 X:55 Y:50
06/04/2016 10:44:25 p.m. Transportó a gs hacia Mapa34 X:50 Y:54
06/04/2016 10:44:25 p.m. Transportó a gs hacia Mapa34 X:44 Y:58
06/04/2016 10:44:26 p.m. Transportó a gs hacia Mapa34 X:37 Y:61
06/04/2016 10:44:26 p.m. Transportó a gs hacia Mapa34 X:30 Y:63
06/04/2016 10:44:26 p.m. Transportó a gs hacia Mapa34 X:23 Y:65
06/04/2016 10:44:26 p.m. Transportó a gs hacia Mapa34 X:19 Y:70
06/04/2016 10:44:26 p.m. Transportó a gs hacia Mapa34 X:17 Y:76
06/04/2016 10:44:27 p.m. Transportó a gs hacia Mapa34 X:16 Y:82
06/04/2016 10:44:27 p.m. Transportó a gs hacia Mapa34 X:20 Y:78
06/04/2016 10:44:37 p.m. Se conecto con ip:127.0.0.1
06/04/2016 10:44:40 p.m. Transportó a gs hacia Mapa34 X:23 Y:75
06/04/2016 10:44:41 p.m. Transportó a gs hacia Mapa34 X:26 Y:72
07/04/2016 09:05:19 a.m. Se conecto con ip:127.0.0.1
07/04/2016 09:05:35 a.m. Transportó a gs hacia Mapa34 X:24 Y:73
07/04/2016 09:05:36 a.m. Transportó a gs hacia Mapa34 X:22 Y:73
07/04/2016 09:05:36 a.m. Transportó a gs hacia Mapa34 X:18 Y:71
07/04/2016 09:05:38 a.m. Transportó a gs hacia Mapa34 X:12 Y:70
07/04/2016 09:05:40 a.m. Transportó a gs hacia Mapa34 X:16 Y:64
07/04/2016 09:05:41 a.m. Transportó a gs hacia Mapa34 X:17 Y:59
07/04/2016 09:05:42 a.m. Transportó a gs hacia Mapa34 X:18 Y:57
07/04/2016 09:05:43 a.m. Transportó a gs hacia Mapa34 X:18 Y:53
07/04/2016 09:05:44 a.m. Transportó a gs hacia Mapa34 X:18 Y:49
07/04/2016 09:05:44 a.m. Transportó a gs hacia Mapa34 X:20 Y:46
07/04/2016 09:05:45 a.m. Transportó a gs hacia Mapa34 X:24 Y:44
07/04/2016 09:05:59 a.m. Transportó a gs hacia Mapa34 X:33 Y:39
07/04/2016 09:06:05 a.m. Transportó a gs hacia Mapa34 X:32 Y:46
07/04/2016 09:06:05 a.m. Transportó a gs hacia Mapa34 X:30 Y:52
07/04/2016 09:06:06 a.m. Transportó a gs hacia Mapa34 X:27 Y:57
07/04/2016 09:06:07 a.m. Transportó a gs hacia Mapa34 X:25 Y:61
07/04/2016 09:06:07 a.m. Transportó a gs hacia Mapa34 X:22 Y:66
07/04/2016 09:06:08 a.m. Transportó a gs hacia Mapa34 X:20 Y:69
07/04/2016 09:07:05 a.m. Transportó a gs hacia Mapa34 X:24 Y:74
07/04/2016 09:07:06 a.m. Transportó a gs hacia Mapa34 X:30 Y:74
07/04/2016 09:07:09 a.m. Transportó a gs hacia Mapa34 X:28 Y:65
07/04/2016 09:07:10 a.m. Transportó a gs hacia Mapa34 X:26 Y:61
07/04/2016 09:07:10 a.m. Transportó a gs hacia Mapa34 X:20 Y:58
07/04/2016 09:07:11 a.m. Transportó a gs hacia Mapa34 X:21 Y:62
07/04/2016 09:07:14 a.m. Transportó a gs hacia Mapa34 X:19 Y:58
07/04/2016 09:07:16 a.m. Transportó a gs hacia Mapa34 X:24 Y:58
07/04/2016 09:07:17 a.m. Transportó a gs hacia Mapa34 X:29 Y:61
07/04/2016 09:07:17 a.m. Transportó a gs hacia Mapa34 X:27 Y:62
07/04/2016 09:07:56 a.m. Transportó a gs hacia Mapa34 X:29 Y:61
07/04/2016 09:07:56 a.m. Transportó a gs hacia Mapa34 X:34 Y:60
07/04/2016 09:07:57 a.m. Transportó a gs hacia Mapa34 X:37 Y:59
07/04/2016 09:07:57 a.m. Transportó a gs hacia Mapa34 X:43 Y:57
07/04/2016 09:07:58 a.m. Transportó a gs hacia Mapa34 X:43 Y:60
07/04/2016 09:12:34 a.m. Se conecto con ip:127.0.0.1
07/04/2016 09:12:40 a.m. Transportó a gs hacia Mapa34 X:38 Y:64
07/04/2016 09:12:42 a.m. Transportó a gs hacia Mapa34 X:34 Y:67
07/04/2016 09:12:42 a.m. Transportó a gs hacia Mapa34 X:29 Y:70
07/04/2016 09:12:43 a.m. Transportó a gs hacia Mapa34 X:26 Y:72
07/04/2016 09:13:12 a.m. Se conecto con ip:127.0.0.1
07/04/2016 09:16:40 a.m. Se conecto con ip:127.0.0.1
07/04/2016 09:17:03 a.m. Transportó a gs hacia Mapa34 X:26 Y:67
07/04/2016 09:17:03 a.m. Transportó a gs hacia Mapa34 X:22 Y:62
07/04/2016 09:17:04 a.m. Transportó a gs hacia Mapa34 X:19 Y:57
07/04/2016 09:17:04 a.m. Transportó a gs hacia Mapa34 X:25 Y:61
07/04/2016 09:17:05 a.m. Transportó a gs hacia Mapa34 X:30 Y:62
07/04/2016 09:17:05 a.m. Transportó a gs hacia Mapa34 X:30 Y:58
07/04/2016 09:17:05 a.m. Transportó a gs hacia Mapa34 X:28 Y:54
07/04/2016 09:17:05 a.m. Transportó a gs hacia Mapa34 X:26 Y:49
07/04/2016 09:17:06 a.m. Transportó a gs hacia Mapa34 X:23 Y:44
07/04/2016 09:17:06 a.m. Transportó a gs hacia Mapa34 X:19 Y:41
07/04/2016 09:17:08 a.m. Transportó a gs hacia Mapa34 X:21 Y:44
07/04/2016 09:17:09 a.m. Transportó a gs hacia Mapa34 X:25 Y:44
07/04/2016 09:17:09 a.m. Transportó a gs hacia Mapa34 X:31 Y:47
07/04/2016 09:17:10 a.m. Transportó a gs hacia Mapa34 X:38 Y:48
07/04/2016 09:17:11 a.m. Transportó a gs hacia Mapa34 X:40 Y:44
07/04/2016 09:17:12 a.m. Transportó a gs hacia Mapa34 X:48 Y:44
07/04/2016 09:17:17 a.m. Transportó a gs hacia Mapa34 X:52 Y:37
07/04/2016 09:17:17 a.m. Transportó a gs hacia Mapa34 X:53 Y:33
07/04/2016 09:17:20 a.m. Transportó a gs hacia Mapa34 X:55 Y:27
07/04/2016 09:17:21 a.m. Transportó a gs hacia Mapa34 X:53 Y:21
07/04/2016 09:17:22 a.m. Transportó a gs hacia Mapa34 X:57 Y:24
07/04/2016 09:17:22 a.m. Transportó a gs hacia Mapa34 X:61 Y:28
07/04/2016 09:17:23 a.m. Transportó a gs hacia Mapa34 X:66 Y:32
07/04/2016 09:17:23 a.m. Transportó a gs hacia Mapa34 X:74 Y:31
07/04/2016 09:17:24 a.m. Transportó a gs hacia Mapa34 X:66 Y:31
07/04/2016 09:17:25 a.m. Transportó a gs hacia Mapa34 X:73 Y:32
07/04/2016 09:17:28 a.m. Transportó a gs hacia Mapa34 X:84 Y:32
07/04/2016 09:17:28 a.m. Transportó a gs hacia Mapa34 X:86 Y:34
07/04/2016 09:17:28 a.m. Transportó a gs hacia Mapa34 X:82 Y:37
07/04/2016 09:17:28 a.m. Transportó a gs hacia Mapa34 X:77 Y:40
07/04/2016 09:17:29 a.m. Transportó a gs hacia Mapa34 X:71 Y:42
07/04/2016 09:17:30 a.m. Transportó a gs hacia Mapa34 X:65 Y:43
07/04/2016 09:17:30 a.m. Transportó a gs hacia Mapa34 X:57 Y:44
07/04/2016 09:17:31 a.m. Transportó a gs hacia Mapa34 X:52 Y:43
07/04/2016 09:17:32 a.m. Transportó a gs hacia Mapa34 X:49 Y:43
07/04/2016 09:17:32 a.m. Transportó a gs hacia Mapa34 X:43 Y:43
07/04/2016 09:17:34 a.m. Transportó a gs hacia Mapa34 X:45 Y:45
07/04/2016 09:17:36 a.m. Transportó a gs hacia Mapa34 X:45 Y:42
07/04/2016 09:17:41 a.m. Transportó a gs hacia Mapa34 X:46 Y:28
07/04/2016 09:17:42 a.m. Transportó a gs hacia Mapa34 X:38 Y:29
07/04/2016 09:17:42 a.m. Transportó a gs hacia Mapa34 X:33 Y:33
07/04/2016 09:17:43 a.m. Transportó a gs hacia Mapa34 X:25 Y:36
07/04/2016 09:17:44 a.m. Transportó a gs hacia Mapa34 X:19 Y:37
07/04/2016 09:17:44 a.m. Transportó a gs hacia Mapa34 X:13 Y:39
07/04/2016 09:17:44 a.m. Transportó a gs hacia Mapa34 X:16 Y:44
07/04/2016 09:17:45 a.m. Transportó a gs hacia Mapa34 X:14 Y:49
07/04/2016 09:17:46 a.m. Transportó a gs hacia Mapa34 X:12 Y:55
07/04/2016 09:17:46 a.m. Transportó a gs hacia Mapa34 X:12 Y:58
07/04/2016 09:17:47 a.m. Transportó a gs hacia Mapa34 X:12 Y:62
07/04/2016 09:17:47 a.m. Transportó a gs hacia Mapa34 X:13 Y:67
07/04/2016 09:17:48 a.m. Transportó a gs hacia Mapa34 X:14 Y:70
07/04/2016 09:17:56 a.m. Transportó a gs hacia Mapa34 X:29 Y:77
07/04/2016 09:17:56 a.m. Transportó a gs hacia Mapa34 X:36 Y:81
07/04/2016 09:17:57 a.m. Transportó a gs hacia Mapa34 X:39 Y:79
07/04/2016 09:17:57 a.m. Transportó a gs hacia Mapa34 X:42 Y:74
07/04/2016 09:18:01 a.m. Transportó a gs hacia Mapa1 X:50 Y:50
07/04/2016 09:18:05 a.m. Transportó a gs hacia Mapa1 X:45 Y:53
07/04/2016 09:18:06 a.m. Transportó a gs hacia Mapa1 X:38 Y:51
07/04/2016 09:18:07 a.m. Transportó a gs hacia Mapa1 X:32 Y:48
07/04/2016 09:18:08 a.m. Transportó a gs hacia Mapa1 X:37 Y:44
07/04/2016 09:18:08 a.m. Transportó a gs hacia Mapa1 X:35 Y:40
07/04/2016 09:18:09 a.m. Transportó a gs hacia Mapa1 X:30 Y:36
07/04/2016 09:18:10 a.m. Transportó a gs hacia Mapa1 X:28 Y:31
07/04/2016 09:18:10 a.m. Transportó a gs hacia Mapa1 X:26 Y:26
07/04/2016 09:18:11 a.m. Transportó a gs hacia Mapa1 X:32 Y:25
07/04/2016 09:18:12 a.m. Transportó a gs hacia Mapa1 X:37 Y:27
07/04/2016 09:18:12 a.m. Transportó a gs hacia Mapa1 X:43 Y:31
07/04/2016 09:18:12 a.m. Transportó a gs hacia Mapa1 X:48 Y:33
07/04/2016 09:18:13 a.m. Transportó a gs hacia Mapa1 X:55 Y:35
07/04/2016 09:18:13 a.m. Transportó a gs hacia Mapa1 X:62 Y:38
07/04/2016 09:18:14 a.m. Transportó a gs hacia Mapa1 X:65 Y:41
07/04/2016 09:18:15 a.m. Transportó a gs hacia Mapa1 X:70 Y:41
07/04/2016 09:18:15 a.m. Transportó a gs hacia Mapa1 X:73 Y:39
07/04/2016 09:26:42 a.m. Se conecto con ip:127.0.0.1
07/04/2016 09:32:24 a.m. Se conecto con ip:127.0.0.1
07/04/2016 09:33:11 a.m. Se conecto con ip:127.0.0.1
07/04/2016 09:33:19 a.m. Transportó a gs hacia Mapa1 X:64 Y:40
07/04/2016 09:33:20 a.m. Transportó a gs hacia Mapa1 X:59 Y:40
07/04/2016 09:33:21 a.m. Transportó a gs hacia Mapa1 X:55 Y:40
07/04/2016 09:33:24 a.m. Transportó a gs hacia Mapa1 X:54 Y:43
07/04/2016 09:33:25 a.m. Transportó a gs hacia Mapa1 X:50 Y:40
07/04/2016 09:33:26 a.m. Transportó a gs hacia Mapa1 X:51 Y:40
07/04/2016 09:33:27 a.m. Transportó a gs hacia Mapa1 X:53 Y:43
07/04/2016 09:33:28 a.m. Transportó a gs hacia Mapa1 X:58 Y:47
07/04/2016 09:35:36 a.m. Se conecto con ip:127.0.0.1
07/04/2016 09:36:03 a.m. Transportó a gs hacia Mapa1 X:54 Y:50
07/04/2016 09:36:04 a.m. Transportó a gs hacia Mapa1 X:49 Y:51
07/04/2016 09:36:05 a.m. Transportó a gs hacia Mapa1 X:41 Y:50
07/04/2016 09:36:06 a.m. Transportó a gs hacia Mapa1 X:35 Y:47
07/04/2016 09:36:06 a.m. Transportó a gs hacia Mapa1 X:31 Y:43
07/04/2016 09:36:07 a.m. Transportó a gs hacia Mapa1 X:29 Y:40
07/04/2016 09:36:07 a.m. Transportó a gs hacia Mapa1 X:28 Y:36
07/04/2016 09:36:15 a.m. Transportó a gs hacia Mapa1 X:34 Y:31
07/04/2016 09:36:15 a.m. Transportó a gs hacia Mapa1 X:40 Y:26
07/04/2016 09:36:16 a.m. Transportó a gs hacia Mapa1 X:45 Y:28
07/04/2016 09:36:17 a.m. Transportó a gs hacia Mapa1 X:51 Y:29
07/04/2016 09:36:17 a.m. Transportó a gs hacia Mapa1 X:58 Y:28
07/04/2016 09:36:18 a.m. Transportó a gs hacia Mapa1 X:65 Y:30
07/04/2016 09:36:19 a.m. Transportó a gs hacia Mapa1 X:70 Y:33
07/04/2016 09:36:29 a.m. Transportó a gs hacia Mapa1 X:73 Y:39
07/04/2016 09:36:30 a.m. Transportó a gs hacia Mapa1 X:76 Y:45
07/04/2016 09:36:31 a.m. Transportó a gs hacia Mapa1 X:77 Y:47
07/04/2016 09:40:58 a.m. Se conecto con ip:127.0.0.1
07/04/2016 09:41:14 a.m. Transportó a gs hacia Mapa1 X:71 Y:47
07/04/2016 09:41:17 a.m. Transportó a gs hacia Mapa1 X:76 Y:49
07/04/2016 09:41:19 a.m. Transportó a gs hacia Mapa1 X:69 Y:48
07/04/2016 09:41:22 a.m. Transportó a gs hacia Mapa1 X:76 Y:49
07/04/2016 09:41:46 a.m. Transportó a gs hacia Mapa1 X:77 Y:54
07/04/2016 09:43:35 a.m. Se conecto con ip:127.0.0.1
07/04/2016 09:44:05 a.m. Tiró cantidad:1 Objeto:Monedas de Oro
07/04/2016 09:44:15 a.m. Tiró cantidad:1 Objeto:Monedas de Oro
07/04/2016 09:50:51 a.m. Se conecto con ip:127.0.0.1
07/04/2016 09:51:32 a.m. Transportó a gs hacia Mapa1 X:58 Y:48
07/04/2016 09:51:33 a.m. Transportó a gs hacia Mapa1 X:50 Y:49
07/04/2016 09:51:37 a.m. Transportó a gs hacia Mapa1 X:45 Y:55
07/04/2016 09:51:38 a.m. Transportó a gs hacia Mapa1 X:37 Y:59
07/04/2016 09:51:39 a.m. Transportó a gs hacia Mapa1 X:36 Y:62
07/04/2016 09:51:40 a.m. Transportó a gs hacia Mapa1 X:39 Y:62
07/04/2016 09:51:41 a.m. Transportó a gs hacia Mapa1 X:45 Y:66
07/04/2016 09:51:42 a.m. Transportó a gs hacia Mapa1 X:48 Y:67
07/04/2016 09:51:48 a.m. Transportó a gs hacia Mapa1 X:54 Y:63
07/04/2016 09:51:49 a.m. Transportó a gs hacia Mapa1 X:53 Y:59
07/04/2016 09:51:49 a.m. Transportó a gs hacia Mapa1 X:54 Y:54
07/04/2016 09:51:50 a.m. Transportó a gs hacia Mapa1 X:54 Y:53
07/04/2016 09:51:51 a.m. Transportó a gs hacia Mapa1 X:59 Y:54
07/04/2016 09:51:51 a.m. Transportó a gs hacia Mapa1 X:65 Y:55
07/04/2016 09:51:52 a.m. Transportó a gs hacia Mapa1 X:72 Y:52
07/04/2016 09:51:53 a.m. Transportó a gs hacia Mapa1 X:76 Y:50
07/04/2016 09:51:55 a.m. Transportó a gs hacia Mapa1 X:70 Y:48
07/04/2016 09:51:56 a.m. Transportó a gs hacia Mapa1 X:64 Y:49
07/04/2016 09:51:57 a.m. Transportó a gs hacia Mapa1 X:59 Y:47
07/04/2016 09:52:57 a.m. Se conecto con ip:127.0.0.1
07/04/2016 09:53:27 a.m. Transportó a gs hacia Mapa1 X:63 Y:61
07/04/2016 09:53:28 a.m. Transportó a gs hacia Mapa1 X:63 Y:65
07/04/2016 09:53:35 a.m. Transportó a gs hacia Mapa1 X:55 Y:60
07/04/2016 09:53:35 a.m. Transportó a gs hacia Mapa1 X:49 Y:62
07/04/2016 09:53:41 a.m. Transportó a gs hacia Mapa1 X:52 Y:57
07/04/2016 09:53:41 a.m. Transportó a gs hacia Mapa1 X:54 Y:52
07/04/2016 09:53:42 a.m. Transportó a gs hacia Mapa1 X:57 Y:49
07/04/2016 09:53:42 a.m. Transportó a gs hacia Mapa1 X:58 Y:47
07/04/2016 09:56:59 a.m. Se conecto con ip:127.0.0.1
07/04/2016 09:57:12 a.m. Transportó a gs hacia Mapa1 X:59 Y:45
07/04/2016 09:57:14 a.m. Transportó a gs hacia Mapa1 X:67 Y:43
07/04/2016 09:57:14 a.m. Transportó a gs hacia Mapa1 X:74 Y:42
07/04/2016 09:57:14 a.m. Transportó a gs hacia Mapa1 X:77 Y:47
07/04/2016 09:58:49 a.m. Se conecto con ip:127.0.0.1
07/04/2016 09:58:52 a.m. Transportó a gs hacia Mapa1 X:69 Y:46
07/04/2016 09:58:53 a.m. Transportó a gs hacia Mapa1 X:63 Y:46
07/04/2016 09:59:15 a.m. Transportó a gs hacia Mapa1 X:65 Y:47
07/04/2016 09:59:16 a.m. Transportó a gs hacia Mapa1 X:60 Y:46
07/04/2016 09:59:18 a.m. Transportó a gs hacia Mapa1 X:67 Y:41
07/04/2016 09:59:18 a.m. Transportó a gs hacia Mapa1 X:73 Y:36
07/04/2016 09:59:33 a.m. Transportó a gs hacia Mapa1 X:67 Y:34
07/04/2016 09:59:33 a.m. Transportó a gs hacia Mapa1 X:62 Y:37
07/04/2016 09:59:34 a.m. Transportó a gs hacia Mapa1 X:56 Y:39
07/04/2016 09:59:34 a.m. Transportó a gs hacia Mapa1 X:54 Y:43
07/04/2016 09:59:35 a.m. Transportó a gs hacia Mapa1 X:57 Y:43
07/04/2016 09:59:50 a.m. /MOD LEVEL 25  GS
07/04/2016 09:59:50 a.m. Transportó a gs hacia Mapa1 X:63 Y:46
07/04/2016 10:00:04 a.m. /MOD SKILLS LIDERAZGO 100 GS
07/04/2016 10:02:09 a.m. Se conecto con ip:127.0.0.1
07/04/2016 10:02:19 a.m. Transportó a gs hacia Mapa1 X:60 Y:44
07/04/2016 10:02:21 a.m. Transportó a gs hacia Mapa1 X:65 Y:40
07/04/2016 10:02:51 a.m. /MOD AGREGAR 300  gs
07/04/2016 10:02:57 a.m. Transportó a gs hacia Mapa1 X:68 Y:38
07/04/2016 10:02:57 a.m. Transportó a gs hacia Mapa1 X:64 Y:42
07/04/2016 10:02:57 a.m. Transportó a gs hacia Mapa1 X:60 Y:46
07/04/2016 10:02:58 a.m. Transportó a gs hacia Mapa1 X:64 Y:46
07/04/2016 10:03:05 a.m. /MOD AGREGAR 9999999999  gs
07/04/2016 10:03:11 a.m. /MOD AGREGAR 5000000  gs
07/04/2016 10:03:16 a.m. /MOD AGREGAR 5000000  gs
07/04/2016 10:03:40 a.m. Transportó a gs hacia Mapa1 X:66 Y:42
07/04/2016 10:03:40 a.m. Transportó a gs hacia Mapa1 X:68 Y:37
07/04/2016 10:03:41 a.m. Transportó a gs hacia Mapa1 X:72 Y:34
07/04/2016 10:03:42 a.m. Transportó a gs hacia Mapa1 X:77 Y:34
07/04/2016 10:03:53 a.m. Transportó a gs hacia Mapa1 X:74 Y:34
07/04/2016 10:03:53 a.m. Transportó a gs hacia Mapa1 X:70 Y:36
07/04/2016 10:03:54 a.m. Transportó a gs hacia Mapa1 X:65 Y:35
07/04/2016 10:03:54 a.m. Transportó a gs hacia Mapa1 X:61 Y:37
07/04/2016 10:03:55 a.m. Transportó a gs hacia Mapa1 X:64 Y:41
07/04/2016 10:03:56 a.m. Transportó a gs hacia Mapa1 X:61 Y:42
07/04/2016 10:03:57 a.m. Transportó a gs hacia Mapa1 X:61 Y:47
07/04/2016 10:05:38 a.m. Se conecto con ip:127.0.0.1
07/04/2016 10:06:41 a.m. Se conecto con ip:127.0.0.1
07/04/2016 10:07:35 a.m. Tiró cantidad:2 Objeto:Poción Roja
07/04/2016 10:07:36 a.m. Agarro:2 Objeto:Poción Roja
07/04/2016 10:08:46 a.m. Se conecto con ip:127.0.0.1
07/04/2016 10:08:54 a.m. Transportó a gs hacia Mapa1 X:67 Y:40
07/04/2016 10:08:54 a.m. Transportó a gs hacia Mapa1 X:73 Y:36
07/04/2016 10:08:55 a.m. Transportó a gs hacia Mapa1 X:79 Y:35
07/04/2016 10:12:31 a.m. Se conecto con ip:127.0.0.1
07/04/2016 10:12:50 a.m. Transportó a gs hacia Mapa1 X:71 Y:42
07/04/2016 10:12:50 a.m. Transportó a gs hacia Mapa1 X:65 Y:45
07/04/2016 10:12:51 a.m. Transportó a gs hacia Mapa1 X:61 Y:48
07/04/2016 10:12:52 a.m. Transportó a gs hacia Mapa1 X:59 Y:46
07/04/2016 10:14:29 a.m. Se conecto con ip:127.0.0.1
07/04/2016 10:17:23 a.m. Se conecto con ip:127.0.0.1
07/04/2016 10:18:00 a.m. Se conecto con ip:127.0.0.1
07/04/2016 10:18:33 a.m. Se conecto con ip:127.0.0.1
07/04/2016 10:19:19 a.m. Transportó a gs hacia Mapa1 X:52 Y:51
07/04/2016 10:19:20 a.m. Transportó a gs hacia Mapa1 X:46 Y:52
07/04/2016 10:19:21 a.m. Transportó a gs hacia Mapa1 X:40 Y:54
07/04/2016 10:19:22 a.m. Transportó a gs hacia Mapa1 X:35 Y:54
07/04/2016 10:19:25 a.m. Transportó a gs hacia Mapa40 X:48 Y:13
07/04/2016 10:19:26 a.m. Transportó a gs hacia Mapa40 X:48 Y:18
07/04/2016 10:19:26 a.m. Transportó a gs hacia Mapa40 X:45 Y:23
07/04/2016 11:00:31 a.m. Se conecto con ip:127.0.0.1
07/04/2016 11:00:34 a.m. Se conecto con ip:127.0.0.1
07/04/2016 11:02:27 a.m. Se conecto con ip:127.0.0.1
07/04/2016 11:04:45 a.m. Se conecto con ip:127.0.0.1
07/04/2016 11:05:36 a.m. Se conecto con ip:127.0.0.1
07/04/2016 11:06:47 a.m. Se conecto con ip:127.0.0.1
07/04/2016 11:07:47 a.m. Se conecto con ip:127.0.0.1
07/04/2016 11:12:51 a.m. Se conecto con ip:127.0.0.1
07/04/2016 11:19:26 a.m. Se conecto con ip:127.0.0.1
07/04/2016 11:20:12 a.m. Se conecto con ip:127.0.0.1
07/04/2016 11:21:14 a.m. Se conecto con ip:127.0.0.1
07/04/2016 11:21:17 a.m. Transportó a gs hacia Mapa40 X:47 Y:24
07/04/2016 11:21:17 a.m. Transportó a gs hacia Mapa40 X:48 Y:27
07/04/2016 11:21:18 a.m. Transportó a gs hacia Mapa40 X:52 Y:32
07/04/2016 11:21:19 a.m. Transportó a gs hacia Mapa40 X:59 Y:33
07/04/2016 11:21:19 a.m. Transportó a gs hacia Mapa40 X:65 Y:29
07/04/2016 11:21:20 a.m. Transportó a gs hacia Mapa40 X:71 Y:29
07/04/2016 11:21:21 a.m. Transportó a gs hacia Mapa40 X:70 Y:27
07/04/2016 11:21:22 a.m. Transportó a gs hacia Mapa40 X:70 Y:23
07/04/2016 11:21:24 a.m. Transportó a gs hacia Mapa40 X:72 Y:25
07/04/2016 11:21:24 a.m. Transportó a gs hacia Mapa40 X:71 Y:26
07/04/2016 11:21:28 a.m. Transportó a gs hacia Mapa40 X:71 Y:25
07/04/2016 11:21:29 a.m. Transportó a gs hacia Mapa40 X:71 Y:21
07/04/2016 11:21:40 a.m. Sumoneo Araña Gigante
07/04/2016 11:21:42 a.m. Sumoneo Araña Gigante
07/04/2016 11:21:42 a.m. Sumoneo Araña Gigante
07/04/2016 11:22:31 a.m. /CI: 205
07/04/2016 11:22:32 a.m. Agarro:100 Objeto:Proyectil Mágico
07/04/2016 11:22:47 a.m. /MOD SKILLS magia 100 gs
07/04/2016 11:30:41 a.m. Se conecto con ip:127.0.0.1
07/04/2016 11:31:02 a.m. Se conecto con ip:127.0.0.1
07/04/2016 11:33:31 a.m. /MOD LEVEL 2  gs
07/04/2016 11:33:51 a.m. /MOD LEVEL 13  gs
07/04/2016 11:33:58 a.m. /MOD LEVEL 20  gs
07/04/2016 11:34:03 a.m. /MOD LEVEL 25  gs
07/04/2016 11:40:54 a.m. Se conecto con ip:127.0.0.1
07/04/2016 11:41:12 a.m. Transportó a gs hacia Mapa40 X:69 Y:24
07/04/2016 11:41:12 a.m. Transportó a gs hacia Mapa40 X:71 Y:20
07/04/2016 11:41:13 a.m. Transportó a gs hacia Mapa40 X:69 Y:21
07/04/2016 11:41:13 a.m. Transportó a gs hacia Mapa40 X:67 Y:24
07/04/2016 11:41:13 a.m. Transportó a gs hacia Mapa40 X:66 Y:29
07/04/2016 11:41:13 a.m. Transportó a gs hacia Mapa40 X:64 Y:34
07/04/2016 11:41:14 a.m. Transportó a gs hacia Mapa40 X:57 Y:36
07/04/2016 11:41:14 a.m. Transportó a gs hacia Mapa40 X:49 Y:36
07/04/2016 11:41:15 a.m. Transportó a gs hacia Mapa40 X:46 Y:39
07/04/2016 11:41:15 a.m. Transportó a gs hacia Mapa40 X:40 Y:37
07/04/2016 11:41:16 a.m. Transportó a gs hacia Mapa40 X:34 Y:35
07/04/2016 11:41:16 a.m. Transportó a gs hacia Mapa40 X:28 Y:31
07/04/2016 11:41:17 a.m. Transportó a gs hacia Mapa40 X:28 Y:34
07/04/2016 11:41:17 a.m. Transportó a gs hacia Mapa40 X:28 Y:38
07/04/2016 11:41:17 a.m. Transportó a gs hacia Mapa40 X:29 Y:43
07/04/2016 11:41:17 a.m. Transportó a gs hacia Mapa40 X:30 Y:48
07/04/2016 11:41:18 a.m. Transportó a gs hacia Mapa40 X:25 Y:54
07/04/2016 11:41:21 a.m. Transportó a gs hacia Mapa40 X:25 Y:60
07/04/2016 11:41:21 a.m. Transportó a gs hacia Mapa40 X:25 Y:65
07/04/2016 11:41:51 a.m. /MOD SKILLS meditar 100 gs
07/04/2016 11:42:01 a.m. Transportó a gs hacia Mapa40 X:24 Y:70
07/04/2016 11:42:27 a.m. Se conecto con ip:127.0.0.1
07/04/2016 11:42:55 a.m. /CI: 530
07/04/2016 11:42:57 a.m. /CI: 531
07/04/2016 11:43:00 a.m. /CI: 532
07/04/2016 11:43:01 a.m. Agarro:100 Objeto:Apocalipsis
07/04/2016 11:43:01 a.m. Agarro:100 Objeto:Descarga Eléctrica
07/04/2016 11:43:01 a.m. Agarro:100 Objeto:Inmovilizar
07/04/2016 11:43:25 a.m. /MOD SKILLS supervivencia 100 gs
07/04/2016 11:43:39 a.m. Se conecto con ip:127.0.0.1
07/04/2016 11:44:00 a.m. /CI: 530
07/04/2016 11:44:01 a.m. Agarro:100 Objeto:Inmovilizar
07/04/2016 11:44:03 a.m. /CI: 531
07/04/2016 11:44:04 a.m. Agarro:100 Objeto:Descarga Eléctrica
07/04/2016 11:44:06 a.m. /CI: 532
07/04/2016 11:44:07 a.m. Agarro:100 Objeto:Apocalipsis
07/04/2016 11:45:13 a.m. /MOD SKILLS meditar 1 gs
07/04/2016 11:45:25 a.m. /MOD SKILLS meditar 50 gs
07/04/2016 11:46:21 a.m. /MOD SKILLS meditar 100 gs
07/04/2016 11:47:32 a.m. /MOD SKILLS meditar 100 gs
07/04/2016 11:47:39 a.m. /MOD SKILLS meditar 50 gs
07/04/2016 11:48:25 a.m. /MOD SKILLS meditar  gs
07/04/2016 11:48:38 a.m. /MOD SKILLS meditar  gs
07/04/2016 11:48:44 a.m. /MOD SKILLS meditar 25 gs
07/04/2016 11:49:24 a.m. /MOD SKILLS meditar 1 gs
07/04/2016 11:50:04 a.m. /MOD SKILLS meditar 100 gs
07/04/2016 11:50:50 a.m. Transportó a gs hacia Mapa40 X:28 Y:80
07/04/2016 11:50:51 a.m. Transportó a gs hacia Mapa40 X:34 Y:78
07/04/2016 11:50:51 a.m. Transportó a gs hacia Mapa40 X:41 Y:76
07/04/2016 11:50:52 a.m. Transportó a gs hacia Mapa40 X:44 Y:79
07/04/2016 11:50:52 a.m. Transportó a gs hacia Mapa40 X:47 Y:83
07/04/2016 11:50:53 a.m. Transportó a gs hacia Mapa40 X:49 Y:88
07/04/2016 11:50:53 a.m. Transportó a gs hacia Mapa40 X:50 Y:93
07/04/2016 11:50:55 a.m. Transportó a gs hacia Mapa40 X:47 Y:89
07/04/2016 11:50:55 a.m. Transportó a gs hacia Mapa40 X:44 Y:84
07/04/2016 11:50:55 a.m. Transportó a gs hacia Mapa40 X:41 Y:79
07/04/2016 11:50:55 a.m. Transportó a gs hacia Mapa40 X:36 Y:76
07/04/2016 11:50:56 a.m. Transportó a gs hacia Mapa40 X:30 Y:75
07/04/2016 11:50:56 a.m. Transportó a gs hacia Mapa40 X:24 Y:75
07/04/2016 11:50:56 a.m. Transportó a gs hacia Mapa40 X:25 Y:70
07/04/2016 11:50:56 a.m. Transportó a gs hacia Mapa40 X:26 Y:65
07/04/2016 11:50:57 a.m. Transportó a gs hacia Mapa40 X:24 Y:62
07/04/2016 11:50:57 a.m. Transportó a gs hacia Mapa40 X:23 Y:65
07/04/2016 11:51:06 a.m. Transportó a gs hacia Mapa40 X:23 Y:60
07/04/2016 11:51:06 a.m. Transportó a gs hacia Mapa40 X:23 Y:55
07/04/2016 11:51:21 a.m. Transportó a gs hacia Mapa40 X:22 Y:53
07/04/2016 11:51:27 a.m. Transportó a gs hacia Mapa40 X:24 Y:60
07/04/2016 11:51:27 a.m. Transportó a gs hacia Mapa40 X:25 Y:65
07/04/2016 11:51:28 a.m. Transportó a gs hacia Mapa40 X:26 Y:70
07/04/2016 11:51:28 a.m. Transportó a gs hacia Mapa40 X:26 Y:70
07/04/2016 12:12:31 p.m. Se conecto con ip:127.0.0.1
07/04/2016 12:17:18 p.m. /MOD CLASE asesino  gs
07/04/2016 12:17:24 p.m. /MOD RAZA DROW  gs
07/04/2016 12:17:27 p.m. /MOD RAZA ASD  gs
07/04/2016 12:17:32 p.m. /MOD SKILLS apuñalar 100 gs
07/04/2016 12:24:04 p.m. Se conecto con ip:127.0.0.1
07/04/2016 12:27:52 p.m. Agarro:1 Objeto:Llave Catacumbas de Ullathorpe
07/04/2016 12:28:10 p.m. Tiró cantidad:1 Objeto:Llave Catacumbas de Ullathorpe
07/04/2016 12:28:14 p.m. Agarro:1 Objeto:Llave Catacumbas de Ullathorpe
07/04/2016 12:28:18 p.m. Tiró cantidad:1 Objeto:Llave Catacumbas de Ullathorpe
07/04/2016 12:28:21 p.m. Agarro:1 Objeto:Llave Catacumbas de Ullathorpe
07/04/2016 12:28:26 p.m. Tiró cantidad:1 Objeto:Llave Catacumbas de Ullathorpe
07/04/2016 12:28:29 p.m. Agarro:1 Objeto:Llave Catacumbas de Ullathorpe
07/04/2016 12:28:48 p.m. Agarro:100 Objeto:Minerales de Plata
07/04/2016 12:28:50 p.m. Agarro:100 Objeto:Minerales de Oro
07/04/2016 12:28:52 p.m. Agarro:100 Objeto:Minerales de Oro
07/04/2016 12:28:56 p.m. Transportó a gs hacia Mapa40 X:25 Y:58
07/04/2016 12:28:57 p.m. Transportó a gs hacia Mapa40 X:25 Y:62
07/04/2016 12:28:57 p.m. Transportó a gs hacia Mapa40 X:25 Y:64
07/04/2016 12:29:08 p.m. Transportó a gs hacia Mapa40 X:36 Y:77
07/04/2016 12:29:09 p.m. Transportó a gs hacia Mapa40 X:43 Y:80
07/04/2016 12:29:09 p.m. Transportó a gs hacia Mapa40 X:50 Y:80
07/04/2016 12:29:09 p.m. Transportó a gs hacia Mapa40 X:53 Y:83
07/04/2016 12:29:10 p.m. Transportó a gs hacia Mapa40 X:56 Y:88
07/04/2016 12:29:10 p.m. Transportó a gs hacia Mapa40 X:58 Y:94
07/04/2016 12:29:11 p.m. Transportó a gs hacia Mapa40 X:52 Y:93
07/04/2016 12:29:11 p.m. Transportó a gs hacia Mapa40 X:47 Y:90
07/04/2016 12:29:11 p.m. Transportó a gs hacia Mapa40 X:49 Y:93
07/04/2016 12:29:12 p.m. Transportó a gs hacia Mapa40 X:47 Y:88
07/04/2016 12:29:12 p.m. Transportó a gs hacia Mapa40 X:45 Y:83
07/04/2016 12:29:12 p.m. Transportó a gs hacia Mapa40 X:44 Y:78
07/04/2016 12:29:13 p.m. Transportó a gs hacia Mapa40 X:44 Y:73
07/04/2016 12:29:13 p.m. Transportó a gs hacia Mapa40 X:46 Y:68
07/04/2016 12:29:13 p.m. Transportó a gs hacia Mapa40 X:48 Y:63
07/04/2016 12:29:13 p.m. Transportó a gs hacia Mapa40 X:51 Y:58
07/04/2016 12:29:13 p.m. Transportó a gs hacia Mapa40 X:53 Y:53
07/04/2016 12:29:14 p.m. Transportó a gs hacia Mapa40 X:50 Y:50
07/04/2016 12:29:14 p.m. Transportó a gs hacia Mapa40 X:45 Y:48
07/04/2016 12:29:14 p.m. Transportó a gs hacia Mapa40 X:42 Y:45
07/04/2016 12:29:14 p.m. Transportó a gs hacia Mapa40 X:42 Y:41
07/04/2016 12:29:14 p.m. Transportó a gs hacia Mapa40 X:41 Y:37
07/04/2016 12:29:15 p.m. Transportó a gs hacia Mapa40 X:36 Y:36
07/04/2016 12:29:15 p.m. Transportó a gs hacia Mapa40 X:30 Y:37
07/04/2016 12:29:15 p.m. Transportó a gs hacia Mapa40 X:24 Y:38
07/04/2016 12:29:16 p.m. Transportó a gs hacia Mapa40 X:27 Y:34
07/04/2016 12:29:16 p.m. Transportó a gs hacia Mapa40 X:30 Y:29
07/04/2016 12:29:16 p.m. Transportó a gs hacia Mapa40 X:30 Y:33
07/04/2016 12:29:16 p.m. Transportó a gs hacia Mapa40 X:30 Y:37
07/04/2016 12:29:17 p.m. Transportó a gs hacia Mapa40 X:30 Y:42
07/04/2016 12:29:46 p.m. Se conecto con ip:127.0.0.1
07/04/2016 12:29:50 p.m. Transportó a gs hacia Mapa1 X:50 Y:50
07/04/2016 12:29:58 p.m. Transportó a gs hacia Mapa1 X:66 Y:53
07/04/2016 12:29:58 p.m. Transportó a gs hacia Mapa1 X:71 Y:49
07/04/2016 12:29:59 p.m. Transportó a gs hacia Mapa1 X:75 Y:44
07/04/2016 12:29:59 p.m. Transportó a gs hacia Mapa1 X:77 Y:47
07/04/2016 12:30:02 p.m. Transportó a gs hacia Mapa1 X:77 Y:42
07/04/2016 12:30:03 p.m. Transportó a gs hacia Mapa1 X:78 Y:38
07/04/2016 12:30:03 p.m. Transportó a gs hacia Mapa1 X:79 Y:34
07/04/2016 12:30:07 p.m. Transportó a gs hacia Mapa1 X:73 Y:34
07/04/2016 12:30:10 p.m. Transportó a gs hacia Mapa1 X:79 Y:34
07/04/2016 12:30:14 p.m. Transportó a gs hacia Mapa1 X:72 Y:35
07/04/2016 12:30:31 p.m. Tiró cantidad:200 Objeto:Minerales de Oro
07/04/2016 12:30:33 p.m. Tiró cantidad:100 Objeto:Minerales de Plata
07/04/2016 12:30:35 p.m. Tiró cantidad:99 Objeto:Inmovilizar
07/04/2016 12:30:42 p.m. Transportó a gs hacia Mapa1 X:65 Y:37
07/04/2016 12:30:43 p.m. Transportó a gs hacia Mapa1 X:59 Y:41
07/04/2016 12:30:44 p.m. Transportó a gs hacia Mapa1 X:54 Y:47
07/04/2016 12:30:45 p.m. Transportó a gs hacia Mapa1 X:58 Y:45
07/04/2016 12:35:30 p.m. Se conecto con ip:127.0.0.1
07/04/2016 12:38:56 p.m. Se conecto con ip:127.0.0.1
07/04/2016 12:40:39 p.m. Se conecto con ip:127.0.0.1
07/04/2016 12:41:53 p.m. Se conecto con ip:127.0.0.1
07/04/2016 12:42:09 p.m. Transportó a gs hacia Mapa1 X:65 Y:43
07/04/2016 12:42:09 p.m. Transportó a gs hacia Mapa1 X:72 Y:40
07/04/2016 12:42:10 p.m. Transportó a gs hacia Mapa1 X:74 Y:38
07/04/2016 12:42:17 p.m. Transportó a gs hacia Mapa1 X:67 Y:42
07/04/2016 12:42:18 p.m. Transportó a gs hacia Mapa1 X:61 Y:45
07/04/2016 12:42:18 p.m. Transportó a gs hacia Mapa1 X:55 Y:46
07/04/2016 12:42:20 p.m. Transportó a gs hacia Mapa1 X:58 Y:46
07/04/2016 12:42:59 p.m. Se conecto con ip:127.0.0.1
07/04/2016 12:43:02 p.m. Transportó a gs hacia Mapa1 X:62 Y:45
07/04/2016 12:43:03 p.m. Transportó a gs hacia Mapa1 X:59 Y:44
07/04/2016 12:43:15 p.m. Transportó a gs hacia Mapa1 X:59 Y:45
07/04/2016 12:43:24 p.m. Transportó a gs hacia Mapa1 X:59 Y:44
07/04/2016 12:43:26 p.m. Transportó a gs hacia Mapa1 X:60 Y:45
07/04/2016 12:43:27 p.m. Transportó a gs hacia Mapa1 X:57 Y:46
07/04/2016 12:43:27 p.m. Transportó a gs hacia Mapa1 X:56 Y:48
07/04/2016 12:43:28 p.m. Transportó a gs hacia Mapa1 X:53 Y:52
07/04/2016 12:43:29 p.m. Transportó a gs hacia Mapa1 X:57 Y:48
07/04/2016 12:43:30 p.m. Transportó a gs hacia Mapa1 X:59 Y:46
07/04/2016 12:43:31 p.m. Transportó a gs hacia Mapa1 X:60 Y:44
07/04/2016 12:43:32 p.m. Transportó a gs hacia Mapa1 X:60 Y:48
07/04/2016 12:43:33 p.m. Transportó a gs hacia Mapa1 X:59 Y:45
07/04/2016 12:43:34 p.m. Transportó a gs hacia Mapa1 X:59 Y:43
07/04/2016 12:43:35 p.m. Transportó a gs hacia Mapa1 X:62 Y:45
07/04/2016 12:43:37 p.m. Transportó a gs hacia Mapa1 X:60 Y:44
07/04/2016 12:43:42 p.m. Sumoneo Dragón Rojo
07/04/2016 12:43:42 p.m. Sumoneo Dragón Rojo
07/04/2016 12:43:43 p.m. Sumoneo Dragón Rojo
07/04/2016 12:45:43 p.m. Se conecto con ip:127.0.0.1
07/04/2016 12:45:46 p.m. Transportó a gs hacia Mapa1 X:58 Y:46
07/04/2016 12:45:48 p.m. Transportó a gs hacia Mapa1 X:60 Y:44
07/04/2016 12:45:49 p.m. Transportó a gs hacia Mapa1 X:58 Y:44
07/04/2016 12:45:49 p.m. Transportó a gs hacia Mapa1 X:56 Y:46
07/04/2016 12:45:51 p.m. Transportó a gs hacia Mapa1 X:59 Y:47
07/04/2016 12:45:52 p.m. Transportó a gs hacia Mapa1 X:59 Y:45
07/04/2016 12:45:53 p.m. Transportó a gs hacia Mapa1 X:56 Y:47
07/04/2016 12:45:54 p.m. Transportó a gs hacia Mapa1 X:59 Y:44
07/04/2016 12:47:16 p.m. Se conecto con ip:127.0.0.1
07/04/2016 12:47:18 p.m. Transportó a gs hacia Mapa1 X:59 Y:47
07/04/2016 12:47:19 p.m. Transportó a gs hacia Mapa1 X:59 Y:47
07/04/2016 12:47:20 p.m. Transportó a gs hacia Mapa1 X:59 Y:47
07/04/2016 12:47:21 p.m. Transportó a gs hacia Mapa1 X:59 Y:47
07/04/2016 12:47:55 p.m. Transportó a gs hacia Mapa1 X:59 Y:47
07/04/2016 12:47:56 p.m. Transportó a gs hacia Mapa1 X:59 Y:47
07/04/2016 12:47:57 p.m. Transportó a gs hacia Mapa1 X:59 Y:47
07/04/2016 12:49:11 p.m. Se conecto con ip:127.0.0.1
07/04/2016 12:49:13 p.m. Transportó a gs hacia Mapa1 X:59 Y:47
07/04/2016 12:49:14 p.m. Transportó a gs hacia Mapa1 X:59 Y:47
07/04/2016 12:49:22 p.m. Transportó a gs hacia Mapa1 X:58 Y:45
07/04/2016 12:49:23 p.m. Transportó a gs hacia Mapa1 X:58 Y:45
07/04/2016 12:49:25 p.m. Transportó a gs hacia Mapa1 X:58 Y:47
07/04/2016 12:49:25 p.m. Transportó a gs hacia Mapa1 X:59 Y:48
07/04/2016 12:49:26 p.m. Transportó a gs hacia Mapa1 X:53 Y:49
07/04/2016 12:49:26 p.m. Transportó a gs hacia Mapa1 X:51 Y:51
07/04/2016 12:49:53 p.m. Transportó a gs hacia Mapa1 X:51 Y:51
07/04/2016 12:49:54 p.m. Transportó a gs hacia Mapa1 X:47 Y:56
07/04/2016 12:49:54 p.m. Transportó a gs hacia Mapa1 X:52 Y:61
07/04/2016 12:49:55 p.m. Transportó a gs hacia Mapa1 X:48 Y:62
07/04/2016 12:49:57 p.m. Transportó a gs hacia Mapa1 X:56 Y:62
07/04/2016 12:49:57 p.m. Transportó a gs hacia Mapa1 X:63 Y:62
07/04/2016 12:49:58 p.m. Transportó a gs hacia Mapa1 X:64 Y:64
07/04/2016 12:49:58 p.m. Transportó a gs hacia Mapa1 X:69 Y:65
07/04/2016 12:49:58 p.m. Transportó a gs hacia Mapa1 X:74 Y:66
07/04/2016 12:49:59 p.m. Transportó a gs hacia Mapa1 X:78 Y:65
07/04/2016 12:50:00 p.m. Transportó a gs hacia Mapa1 X:76 Y:62
07/04/2016 12:50:00 p.m. Transportó a gs hacia Mapa1 X:76 Y:58
07/04/2016 12:50:00 p.m. Transportó a gs hacia Mapa1 X:76 Y:54
07/04/2016 12:50:02 p.m. Transportó a gs hacia Mapa1 X:76 Y:50
07/04/2016 12:50:03 p.m. Transportó a gs hacia Mapa1 X:75 Y:48
07/04/2016 12:50:04 p.m. Transportó a gs hacia Mapa1 X:75 Y:43
07/04/2016 12:50:05 p.m. Transportó a gs hacia Mapa1 X:76 Y:40
07/04/2016 12:50:05 p.m. Transportó a gs hacia Mapa1 X:73 Y:36
07/04/2016 12:50:08 p.m. Transportó a gs hacia Mapa1 X:80 Y:34
07/04/2016 12:50:09 p.m. Transportó a gs hacia Mapa1 X:74 Y:36
07/04/2016 12:50:15 p.m. Transportó a gs hacia Mapa1 X:67 Y:35
07/04/2016 12:50:15 p.m. Transportó a gs hacia Mapa1 X:61 Y:35
07/04/2016 12:50:31 p.m. Transportó a gs hacia Mapa1 X:53 Y:43
07/04/2016 12:50:32 p.m. Transportó a gs hacia Mapa1 X:47 Y:48
07/04/2016 12:50:32 p.m. Transportó a gs hacia Mapa1 X:40 Y:51
07/04/2016 12:50:33 p.m. Transportó a gs hacia Mapa1 X:40 Y:49
07/04/2016 12:50:33 p.m. Transportó a gs hacia Mapa1 X:44 Y:45
07/04/2016 12:50:35 p.m. Transportó a gs hacia Mapa1 X:40 Y:48
07/04/2016 12:50:35 p.m. Transportó a gs hacia Mapa1 X:38 Y:52
07/04/2016 12:50:36 p.m. Transportó a gs hacia Mapa1 X:41 Y:54
07/04/2016 12:50:39 p.m. Transportó a gs hacia Mapa1 X:38 Y:55
07/04/2016 12:50:39 p.m. Transportó a gs hacia Mapa1 X:33 Y:55
07/04/2016 12:50:43 p.m. Transportó a gs hacia Mapa1 X:33 Y:49
07/04/2016 12:50:43 p.m. Transportó a gs hacia Mapa1 X:33 Y:55
07/04/2016 12:50:43 p.m. Transportó a gs hacia Mapa1 X:33 Y:61
07/04/2016 12:50:44 p.m. Transportó a gs hacia Mapa1 X:36 Y:61
07/04/2016 12:50:44 p.m. Transportó a gs hacia Mapa1 X:40 Y:60
07/04/2016 12:50:44 p.m. Transportó a gs hacia Mapa1 X:45 Y:60
07/04/2016 12:50:45 p.m. Transportó a gs hacia Mapa1 X:44 Y:61
07/04/2016 12:50:46 p.m. Transportó a gs hacia Mapa1 X:38 Y:62
07/04/2016 12:50:47 p.m. Transportó a gs hacia Mapa1 X:42 Y:59
07/04/2016 12:50:48 p.m. Transportó a gs hacia Mapa1 X:47 Y:55
07/04/2016 12:51:22 p.m. Se conecto con ip:127.0.0.1
07/04/2016 12:51:27 p.m. Transportó a gs hacia Mapa1 X:46 Y:53
07/04/2016 12:51:28 p.m. Transportó a gs hacia Mapa1 X:42 Y:54
07/04/2016 12:51:29 p.m. Transportó a gs hacia Mapa1 X:51 Y:50
07/04/2016 12:51:30 p.m. Transportó a gs hacia Mapa1 X:58 Y:49
07/04/2016 12:51:30 p.m. Transportó a gs hacia Mapa1 X:58 Y:46
07/04/2016 12:51:31 p.m. Transportó a gs hacia Mapa1 X:61 Y:44
07/04/2016 12:51:31 p.m. Transportó a gs hacia Mapa1 X:56 Y:40
07/04/2016 12:51:32 p.m. Transportó a gs hacia Mapa1 X:51 Y:37
07/04/2016 12:51:32 p.m. Transportó a gs hacia Mapa1 X:45 Y:36
07/04/2016 12:51:34 p.m. Transportó a gs hacia Mapa1 X:38 Y:38
07/04/2016 12:51:35 p.m. Transportó a gs hacia Mapa1 X:37 Y:42
07/04/2016 12:51:35 p.m. Transportó a gs hacia Mapa1 X:36 Y:46
07/04/2016 12:51:35 p.m. Transportó a gs hacia Mapa1 X:35 Y:50
07/04/2016 12:51:36 p.m. Transportó a gs hacia Mapa1 X:39 Y:54
07/04/2016 12:51:36 p.m. Transportó a gs hacia Mapa1 X:40 Y:60
07/04/2016 12:51:37 p.m. Transportó a gs hacia Mapa1 X:47 Y:61
07/04/2016 12:51:38 p.m. Transportó a gs hacia Mapa1 X:53 Y:56
07/04/2016 12:51:38 p.m. Transportó a gs hacia Mapa1 X:59 Y:51
07/04/2016 12:51:38 p.m. Transportó a gs hacia Mapa1 X:65 Y:45
07/04/2016 12:51:38 p.m. Transportó a gs hacia Mapa1 X:71 Y:39
07/04/2016 12:51:39 p.m. Transportó a gs hacia Mapa1 X:76 Y:36
07/04/2016 12:51:39 p.m. Transportó a gs hacia Mapa1 X:81 Y:35
07/04/2016 12:51:41 p.m. Transportó a gs hacia Mapa1 X:75 Y:35
07/04/2016 12:51:43 p.m. Transportó a gs hacia Mapa1 X:66 Y:35
07/04/2016 12:51:43 p.m. Transportó a gs hacia Mapa1 X:62 Y:30
07/04/2016 12:51:44 p.m. Transportó a gs hacia Mapa1 X:69 Y:32
07/04/2016 12:51:44 p.m. Transportó a gs hacia Mapa1 X:72 Y:35
07/04/2016 12:51:49 p.m. Transportó a gs hacia Mapa1 X:67 Y:38
07/04/2016 12:51:50 p.m. Transportó a gs hacia Mapa1 X:62 Y:38
07/04/2016 12:51:50 p.m. Transportó a gs hacia Mapa1 X:57 Y:37
07/04/2016 12:51:50 p.m. Transportó a gs hacia Mapa1 X:53 Y:40
07/04/2016 12:51:51 p.m. Transportó a gs hacia Mapa1 X:56 Y:42
07/04/2016 12:55:40 p.m. Se conecto con ip:127.0.0.1
07/04/2016 12:55:50 p.m. Transportó a gs hacia Mapa1 X:57 Y:44
07/04/2016 12:55:50 p.m. Transportó a gs hacia Mapa1 X:58 Y:48
07/04/2016 12:55:51 p.m. Transportó a gs hacia Mapa1 X:51 Y:51
07/04/2016 12:55:51 p.m. Transportó a gs hacia Mapa1 X:46 Y:53
07/04/2016 12:55:52 p.m. Transportó a gs hacia Mapa1 X:40 Y:52
07/04/2016 12:55:53 p.m. Transportó a gs hacia Mapa1 X:42 Y:48
07/04/2016 12:55:53 p.m. Transportó a gs hacia Mapa1 X:45 Y:43
07/04/2016 12:55:54 p.m. Transportó a gs hacia Mapa1 X:50 Y:38
07/04/2016 12:55:55 p.m. Transportó a gs hacia Mapa1 X:54 Y:39
07/04/2016 12:55:55 p.m. Transportó a gs hacia Mapa1 X:49 Y:43
07/04/2016 12:55:56 p.m. Transportó a gs hacia Mapa1 X:44 Y:46
07/04/2016 12:55:57 p.m. Transportó a gs hacia Mapa1 X:41 Y:48
07/04/2016 12:56:02 p.m. Transportó a gs hacia Mapa1 X:46 Y:46
07/04/2016 12:56:02 p.m. Transportó a gs hacia Mapa1 X:52 Y:45
07/04/2016 12:56:03 p.m. Transportó a gs hacia Mapa1 X:57 Y:45
07/04/2016 12:56:03 p.m. Transportó a gs hacia Mapa1 X:59 Y:44
07/04/2016 12:56:04 p.m. Transportó a gs hacia Mapa1 X:59 Y:47
07/04/2016 12:56:13 p.m. Transportó a gs hacia Mapa1 X:61 Y:49
07/04/2016 12:56:13 p.m. Transportó a gs hacia Mapa1 X:58 Y:52
07/04/2016 12:56:13 p.m. Transportó a gs hacia Mapa1 X:54 Y:56
07/04/2016 12:56:14 p.m. Transportó a gs hacia Mapa1 X:53 Y:57
07/04/2016 12:56:14 p.m. Transportó a gs hacia Mapa1 X:49 Y:60
07/04/2016 12:56:16 p.m. Transportó a gs hacia Mapa1 X:48 Y:63
07/04/2016 12:56:20 p.m. Transportó a gs hacia Mapa1 X:42 Y:61
07/04/2016 12:56:21 p.m. Transportó a gs hacia Mapa1 X:43 Y:65
07/04/2016 12:56:21 p.m. Transportó a gs hacia Mapa1 X:44 Y:71
07/04/2016 12:56:22 p.m. Transportó a gs hacia Mapa1 X:40 Y:74
07/04/2016 12:56:22 p.m. Transportó a gs hacia Mapa1 X:36 Y:76
07/04/2016 12:56:22 p.m. Transportó a gs hacia Mapa1 X:33 Y:81
07/04/2016 12:56:23 p.m. Transportó a gs hacia Mapa1 X:32 Y:87
07/04/2016 12:56:23 p.m. Transportó a gs hacia Mapa1 X:34 Y:90
07/04/2016 12:56:23 p.m. Transportó a gs hacia Mapa1 X:36 Y:92
07/04/2016 12:56:24 p.m. Transportó a gs hacia Mapa1 X:38 Y:88
07/04/2016 12:56:24 p.m. Transportó a gs hacia Mapa1 X:40 Y:84
07/04/2016 12:56:24 p.m. Transportó a gs hacia Mapa1 X:44 Y:81
07/04/2016 12:56:24 p.m. Transportó a gs hacia Mapa1 X:49 Y:79
07/04/2016 12:56:25 p.m. Transportó a gs hacia Mapa1 X:54 Y:78
07/04/2016 12:56:25 p.m. Transportó a gs hacia Mapa1 X:54 Y:80
07/04/2016 12:56:25 p.m. Transportó a gs hacia Mapa1 X:55 Y:85
07/04/2016 12:56:26 p.m. Transportó a gs hacia Mapa1 X:55 Y:88
07/04/2016 12:56:26 p.m. Transportó a gs hacia Mapa1 X:55 Y:89
07/04/2016 12:56:30 p.m. Transportó a gs hacia Mapa2 X:51 Y:17
07/04/2016 12:56:30 p.m. Transportó a gs hacia Mapa2 X:47 Y:20
07/04/2016 12:56:30 p.m. Transportó a gs hacia Mapa2 X:43 Y:24
07/04/2016 12:56:31 p.m. Transportó a gs hacia Mapa2 X:45 Y:28
07/04/2016 12:56:31 p.m. Transportó a gs hacia Mapa2 X:52 Y:29
07/04/2016 12:56:31 p.m. Transportó a gs hacia Mapa2 X:59 Y:27
07/04/2016 12:56:32 p.m. Transportó a gs hacia Mapa2 X:66 Y:26
07/04/2016 12:56:32 p.m. Transportó a gs hacia Mapa2 X:64 Y:29
07/04/2016 12:56:32 p.m. Transportó a gs hacia Mapa2 X:61 Y:34
07/04/2016 12:56:32 p.m. Transportó a gs hacia Mapa2 X:57 Y:37
07/04/2016 12:56:33 p.m. Transportó a gs hacia Mapa2 X:52 Y:39
07/04/2016 12:56:34 p.m. Transportó a gs hacia Mapa2 X:49 Y:38
07/04/2016 12:56:34 p.m. Transportó a gs hacia Mapa2 X:45 Y:38
07/04/2016 12:56:34 p.m. Transportó a gs hacia Mapa2 X:39 Y:40
07/04/2016 12:56:35 p.m. Transportó a gs hacia Mapa2 X:34 Y:44
07/04/2016 12:56:35 p.m. Transportó a gs hacia Mapa2 X:32 Y:48
07/04/2016 12:56:35 p.m. Transportó a gs hacia Mapa2 X:35 Y:44
07/04/2016 12:56:36 p.m. Transportó a gs hacia Mapa2 X:38 Y:40
07/04/2016 12:56:36 p.m. Transportó a gs hacia Mapa2 X:42 Y:35
07/04/2016 12:56:36 p.m. Transportó a gs hacia Mapa2 X:46 Y:30
07/04/2016 12:56:36 p.m. Transportó a gs hacia Mapa2 X:50 Y:25
07/04/2016 12:56:37 p.m. Transportó a gs hacia Mapa2 X:54 Y:20
07/04/2016 12:56:37 p.m. Transportó a gs hacia Mapa2 X:58 Y:15
07/04/2016 12:56:37 p.m. Transportó a gs hacia Mapa2 X:62 Y:11
07/04/2016 12:56:42 p.m. Transportó a gs hacia Mapa2 X:67 Y:13
07/04/2016 12:56:42 p.m. Transportó a gs hacia Mapa2 X:72 Y:15
07/04/2016 12:56:42 p.m. Transportó a gs hacia Mapa2 X:69 Y:19
07/04/2016 12:56:43 p.m. Transportó a gs hacia Mapa2 X:65 Y:24
07/04/2016 12:56:43 p.m. Transportó a gs hacia Mapa2 X:59 Y:25
07/04/2016 12:56:43 p.m. Transportó a gs hacia Mapa2 X:53 Y:23
07/04/2016 12:56:44 p.m. Transportó a gs hacia Mapa2 X:46 Y:22
07/04/2016 12:56:44 p.m. Transportó a gs hacia Mapa2 X:39 Y:22
07/04/2016 12:57:01 p.m. Transportó a gs hacia Mapa2 X:49 Y:44
07/04/2016 12:57:01 p.m. Transportó a gs hacia Mapa2 X:52 Y:39
07/04/2016 12:57:02 p.m. Transportó a gs hacia Mapa2 X:47 Y:34
07/04/2016 12:57:03 p.m. Transportó a gs hacia Mapa2 X:42 Y:34
07/04/2016 12:57:03 p.m. Transportó a gs hacia Mapa2 X:35 Y:32
07/04/2016 12:57:03 p.m. Transportó a gs hacia Mapa2 X:28 Y:29
07/04/2016 12:57:04 p.m. Transportó a gs hacia Mapa2 X:24 Y:25
07/04/2016 12:57:04 p.m. Transportó a gs hacia Mapa2 X:21 Y:21
07/04/2016 12:57:05 p.m. Transportó a gs hacia Mapa2 X:27 Y:20
07/04/2016 12:57:05 p.m. Transportó a gs hacia Mapa2 X:33 Y:19
07/04/2016 12:57:06 p.m. Transportó a gs hacia Mapa2 X:39 Y:22
07/04/2016 12:57:08 p.m. Transportó a gs hacia Mapa2 X:47 Y:14
07/04/2016 12:57:08 p.m. Transportó a gs hacia Mapa2 X:51 Y:10
07/04/2016 12:57:10 p.m. Transportó a gs hacia Mapa1 X:53 Y:87
07/04/2016 12:57:10 p.m. Transportó a gs hacia Mapa1 X:53 Y:82
07/04/2016 12:57:11 p.m. Transportó a gs hacia Mapa1 X:54 Y:77
07/04/2016 12:57:11 p.m. Transportó a gs hacia Mapa1 X:55 Y:71
07/04/2016 12:57:11 p.m. Transportó a gs hacia Mapa1 X:56 Y:65
07/04/2016 12:57:11 p.m. Transportó a gs hacia Mapa1 X:56 Y:61
07/04/2016 12:57:12 p.m. Transportó a gs hacia Mapa1 X:54 Y:59
07/04/2016 12:57:12 p.m. Transportó a gs hacia Mapa1 X:53 Y:63
07/04/2016 12:57:12 p.m. Transportó a gs hacia Mapa1 X:52 Y:68
07/04/2016 12:57:12 p.m. Transportó a gs hacia Mapa1 X:52 Y:74
07/04/2016 12:57:12 p.m. Transportó a gs hacia Mapa1 X:52 Y:80
07/04/2016 12:57:13 p.m. Transportó a gs hacia Mapa1 X:52 Y:86
07/04/2016 12:57:13 p.m. Transportó a gs hacia Mapa1 X:53 Y:90
07/04/2016 12:57:13 p.m. Transportó a gs hacia Mapa1 X:55 Y:87
07/04/2016 12:57:14 p.m. Transportó a gs hacia Mapa1 X:55 Y:85
07/04/2016 12:57:15 p.m. Transportó a gs hacia Mapa1 X:55 Y:80
07/04/2016 12:57:15 p.m. Transportó a gs hacia Mapa1 X:56 Y:75
07/04/2016 12:57:16 p.m. Transportó a gs hacia Mapa1 X:56 Y:70
07/04/2016 12:57:16 p.m. Transportó a gs hacia Mapa1 X:55 Y:65
07/04/2016 12:57:16 p.m. Transportó a gs hacia Mapa1 X:56 Y:60
07/04/2016 12:57:17 p.m. Transportó a gs hacia Mapa1 X:57 Y:55
07/04/2016 12:57:17 p.m. Transportó a gs hacia Mapa1 X:58 Y:50
07/04/2016 12:57:17 p.m. Transportó a gs hacia Mapa1 X:57 Y:47
07/04/2016 12:57:18 p.m. Transportó a gs hacia Mapa1 X:57 Y:44
07/04/2016 12:57:18 p.m. Transportó a gs hacia Mapa1 X:58 Y:45
07/04/2016 12:59:04 p.m. Se conecto con ip:127.0.0.1
07/04/2016 12:59:10 p.m. Transportó a gs hacia Mapa1 X:58 Y:48
07/04/2016 12:59:10 p.m. Transportó a gs hacia Mapa1 X:53 Y:48
07/04/2016 12:59:11 p.m. Transportó a gs hacia Mapa1 X:46 Y:49
07/04/2016 12:59:12 p.m. Transportó a gs hacia Mapa1 X:39 Y:48
07/04/2016 12:59:21 p.m. Transportó a gs hacia Mapa1 X:55 Y:48
07/04/2016 12:59:21 p.m. Transportó a gs hacia Mapa1 X:61 Y:44
07/04/2016 12:59:22 p.m. Transportó a gs hacia Mapa1 X:59 Y:45
07/04/2016 12:59:42 p.m. Se conecto con ip:127.0.0.1
07/04/2016 01:01:11 p.m. Se conecto con ip:127.0.0.1
07/04/2016 01:02:46 p.m. Se conecto con ip:127.0.0.1
07/04/2016 01:05:03 p.m. Se conecto con ip:127.0.0.1
07/04/2016 01:06:46 p.m. Se conecto con ip:127.0.0.1
07/04/2016 01:07:54 p.m. Se conecto con ip:127.0.0.1
07/04/2016 01:09:07 p.m. Se conecto con ip:127.0.0.1
07/04/2016 01:10:16 p.m. Se conecto con ip:127.0.0.1
07/04/2016 01:11:25 p.m. Se conecto con ip:127.0.0.1
07/04/2016 01:11:51 p.m. Se conecto con ip:127.0.0.1
07/04/2016 01:12:49 p.m. Se conecto con ip:127.0.0.1
07/04/2016 01:13:41 p.m. Se conecto con ip:127.0.0.1
07/04/2016 01:14:07 p.m. Se conecto con ip:127.0.0.1
07/04/2016 01:14:27 p.m. Se conecto con ip:127.0.0.1
07/04/2016 01:15:48 p.m. Se conecto con ip:127.0.0.1
07/04/2016 01:48:44 p.m. Se conecto con ip:127.0.0.1
07/04/2016 01:48:47 p.m. Se conecto con ip:127.0.0.1
07/04/2016 01:49:15 p.m. Transportó a gs hacia Mapa1 X:55 Y:64
07/04/2016 01:49:16 p.m. Transportó a gs hacia Mapa1 X:55 Y:57
07/04/2016 01:49:16 p.m. Transportó a gs hacia Mapa1 X:55 Y:51
07/04/2016 01:49:17 p.m. Transportó a gs hacia Mapa1 X:58 Y:48
07/04/2016 01:49:44 p.m. Tiró cantidad:192 Objeto:Poción Roja (Newbie)
07/04/2016 01:49:44 p.m. Tiró cantidad:186 Objeto:Poción Azul (Newbie)
07/04/2016 01:49:44 p.m. Tiró cantidad:1 Objeto:Vestimentas Comunes (Newbie)
07/04/2016 01:49:44 p.m. Tiró cantidad:1 Objeto:Daga (Newbie)
07/04/2016 01:49:44 p.m. Tiró cantidad:100 Objeto:Manzana Roja (Newbie)
07/04/2016 01:49:44 p.m. Tiró cantidad:100 Objeto:Botella de Agua (Newbie)
07/04/2016 01:49:44 p.m. Tiró cantidad:9955 Objeto:Poción Roja
07/04/2016 01:49:44 p.m. Tiró cantidad:9992 Objeto:Poción Roja
07/04/2016 01:49:44 p.m. Tiró cantidad:9958 Objeto:Poción Azul
07/04/2016 01:49:44 p.m. Tiró cantidad:995 Objeto:Poción Roja
07/04/2016 01:49:44 p.m. Tiró cantidad:99 Objeto:Proyectil Mágico
07/04/2016 01:49:44 p.m. Tiró cantidad:1 Objeto:Ropa de Pordiosero
07/04/2016 01:49:44 p.m. Tiró cantidad:99 Objeto:Descarga Eléctrica
07/04/2016 01:49:44 p.m. Tiró cantidad:99 Objeto:Apocalipsis
07/04/2016 01:49:44 p.m. Tiró cantidad:1 Objeto:Ropa de Campesino
07/04/2016 01:49:44 p.m. Tiró cantidad:46 Objeto:Hacha de Leñador
07/04/2016 01:49:44 p.m. Tiró cantidad:1 Objeto:Túnica Roja
07/04/2016 01:49:44 p.m. Tiró cantidad:1 Objeto:Túnica Roja Burda
07/04/2016 01:49:44 p.m. Tiró cantidad:1 Objeto:Túnica Azul
07/04/2016 01:49:44 p.m. Tiró cantidad:10000 Objeto:Monedas de Oro
07/04/2016 01:49:44 p.m. Tiró cantidad:10000 Objeto:Monedas de Oro
07/04/2016 01:49:44 p.m. Tiró cantidad:10000 Objeto:Monedas de Oro
07/04/2016 01:49:44 p.m. Tiró cantidad:10000 Objeto:Monedas de Oro
07/04/2016 01:49:44 p.m. Tiró cantidad:10000 Objeto:Monedas de Oro
07/04/2016 01:49:44 p.m. Tiró cantidad:10000 Objeto:Monedas de Oro
07/04/2016 01:49:44 p.m. Tiró cantidad:10000 Objeto:Monedas de Oro
07/04/2016 01:49:44 p.m. Tiró cantidad:10000 Objeto:Monedas de Oro
07/04/2016 01:49:44 p.m. Tiró cantidad:10000 Objeto:Monedas de Oro
07/04/2016 01:49:44 p.m. Tiró cantidad:10000 Objeto:Monedas de Oro
07/04/2016 01:49:44 p.m. Tiró cantidad:10000 Objeto:Monedas de Oro
07/04/2016 01:49:44 p.m. Tiró cantidad:10000 Objeto:Monedas de Oro
07/04/2016 01:49:44 p.m. Tiró cantidad:10000 Objeto:Monedas de Oro
07/04/2016 01:49:44 p.m. Tiró cantidad:10000 Objeto:Monedas de Oro
07/04/2016 01:49:44 p.m. Tiró cantidad:10000 Objeto:Monedas de Oro
07/04/2016 01:49:44 p.m. Tiró cantidad:10000 Objeto:Monedas de Oro
07/04/2016 01:49:44 p.m. Tiró cantidad:10000 Objeto:Monedas de Oro
07/04/2016 01:49:44 p.m. Tiró cantidad:10000 Objeto:Monedas de Oro
07/04/2016 01:49:44 p.m. Tiró cantidad:10000 Objeto:Monedas de Oro
07/04/2016 01:49:44 p.m. Tiró cantidad:10000 Objeto:Monedas de Oro
07/04/2016 01:49:44 p.m. Tiró cantidad:10000 Objeto:Monedas de Oro
07/04/2016 01:49:44 p.m. Tiró cantidad:10000 Objeto:Monedas de Oro
07/04/2016 01:49:44 p.m. Tiró cantidad:10000 Objeto:Monedas de Oro
07/04/2016 01:49:44 p.m. Tiró cantidad:10000 Objeto:Monedas de Oro
07/04/2016 01:49:44 p.m. Tiró cantidad:10000 Objeto:Monedas de Oro
07/04/2016 01:49:44 p.m. Tiró cantidad:10000 Objeto:Monedas de Oro
07/04/2016 01:49:44 p.m. Tiró cantidad:10000 Objeto:Monedas de Oro
07/04/2016 01:49:44 p.m. Tiró cantidad:10000 Objeto:Monedas de Oro
07/04/2016 01:49:45 p.m. Tiró cantidad:10000 Objeto:Monedas de Oro
07/04/2016 01:49:45 p.m. Tiró cantidad:10000 Objeto:Monedas de Oro
07/04/2016 01:49:45 p.m. Tiró cantidad:10000 Objeto:Monedas de Oro
07/04/2016 01:49:45 p.m. Tiró cantidad:10000 Objeto:Monedas de Oro
07/04/2016 01:49:45 p.m. Tiró cantidad:10000 Objeto:Monedas de Oro
07/04/2016 01:49:45 p.m. Tiró cantidad:10000 Objeto:Monedas de Oro
07/04/2016 01:49:45 p.m. Tiró cantidad:10000 Objeto:Monedas de Oro
07/04/2016 01:49:45 p.m. Tiró cantidad:10000 Objeto:Monedas de Oro
07/04/2016 01:49:45 p.m. Tiró cantidad:10000 Objeto:Monedas de Oro
07/04/2016 01:49:45 p.m. Tiró cantidad:10000 Objeto:Monedas de Oro
07/04/2016 01:49:45 p.m. Tiró cantidad:10000 Objeto:Monedas de Oro
07/04/2016 01:49:45 p.m. Tiró cantidad:10000 Objeto:Monedas de Oro
07/04/2016 01:49:45 p.m. Tiró cantidad:10000 Objeto:Monedas de Oro
07/04/2016 01:49:45 p.m. Tiró cantidad:10000 Objeto:Monedas de Oro
07/04/2016 01:49:45 p.m. Tiró cantidad:10000 Objeto:Monedas de Oro
07/04/2016 01:49:45 p.m. Tiró cantidad:10000 Objeto:Monedas de Oro
07/04/2016 01:49:45 p.m. Tiró cantidad:10000 Objeto:Monedas de Oro
07/04/2016 01:49:45 p.m. Tiró cantidad:10000 Objeto:Monedas de Oro
07/04/2016 01:49:45 p.m. Tiró cantidad:10000 Objeto:Monedas de Oro
07/04/2016 01:49:45 p.m. Tiró cantidad:10000 Objeto:Monedas de Oro
07/04/2016 01:49:45 p.m. Tiró cantidad:10000 Objeto:Monedas de Oro
07/04/2016 01:49:45 p.m. Tiró cantidad:10000 Objeto:Monedas de Oro
07/04/2016 01:49:45 p.m.  ejecuto a gs
07/04/2016 01:50:47 p.m. Transportó a gs hacia Mapa1 X:61 Y:45
07/04/2016 01:50:47 p.m. Transportó a gs hacia Mapa1 X:66 Y:49
07/04/2016 01:50:48 p.m. Transportó a gs hacia Mapa1 X:71 Y:53
07/04/2016 01:50:49 p.m. Transportó a gs hacia Mapa1 X:76 Y:59
07/04/2016 01:50:50 p.m. Transportó a gs hacia Mapa1 X:76 Y:62
07/04/2016 01:50:54 p.m. Transportó a gs hacia Mapa1 X:68 Y:59
07/04/2016 01:50:55 p.m. Transportó a gs hacia Mapa1 X:63 Y:55
07/04/2016 01:50:55 p.m. Transportó a gs hacia Mapa1 X:58 Y:51
07/04/2016 01:50:55 p.m. Transportó a gs hacia Mapa1 X:59 Y:48
07/04/2016 01:50:59 p.m. Transportó a gs hacia Mapa1 X:62 Y:52
07/04/2016 01:50:59 p.m. Transportó a gs hacia Mapa1 X:66 Y:58
07/04/2016 01:51:00 p.m. Transportó a gs hacia Mapa1 X:72 Y:62
07/04/2016 01:51:00 p.m. Transportó a gs hacia Mapa1 X:76 Y:63
07/04/2016 01:51:05 p.m. /MOD RAZA ELFO  gs
07/04/2016 01:51:07 p.m.  ejecuto a gs
07/04/2016 01:51:37 p.m. /MOD RAZA ENANO  gs
07/04/2016 01:51:41 p.m.  ejecuto a gs
07/04/2016 01:51:50 p.m. /MOD RAZA GNOMO  gs
07/04/2016 01:51:53 p.m.  ejecuto a gs
07/04/2016 01:52:00 p.m. /MOD RAZA ELFO  gs
07/04/2016 01:52:03 p.m.  ejecuto a gs
07/04/2016 01:52:16 p.m.  ejecuto a gs
07/04/2016 01:52:27 p.m. /MOD RAZA HUMANO  gs
07/04/2016 01:54:19 p.m. /MOD SEX mujer  gs
07/04/2016 01:54:22 p.m.  ejecuto a gs
07/04/2016 01:54:30 p.m.  ejecuto a gs
07/04/2016 01:54:34 p.m. /MOD RAZA ELFO  gs
07/04/2016 01:55:05 p.m. /MOD RAZA ENANO  gs
07/04/2016 01:55:07 p.m.  ejecuto a gs
07/04/2016 01:55:19 p.m.  ejecuto a gs
07/04/2016 01:55:23 p.m. /MOD SEX hombre  gs
07/04/2016 01:55:32 p.m. /MOD RAZA GNOMO  gs
07/04/2016 01:55:33 p.m. Transportó a gs hacia Mapa1 X:70 Y:58
07/04/2016 01:55:33 p.m. Transportó a gs hacia Mapa1 X:65 Y:55
07/04/2016 01:55:33 p.m. Transportó a gs hacia Mapa1 X:64 Y:51
07/04/2016 01:55:34 p.m. Transportó a gs hacia Mapa1 X:62 Y:47
07/04/2016 01:55:34 p.m. Transportó a gs hacia Mapa1 X:58 Y:46
07/04/2016 01:55:49 p.m. Agarro:1 Objeto:Túnica Roja Burda
07/04/2016 01:55:57 p.m. Agarro:1 Objeto:Túnica Azul
07/04/2016 01:55:57 p.m. Agarro:1 Objeto:Túnica Roja
07/04/2016 01:55:58 p.m. Agarro:1 Objeto:Ropa de Campesino
07/04/2016 01:55:58 p.m. Agarro:99 Objeto:Descarga Eléctrica
07/04/2016 01:55:59 p.m. Agarro:9958 Objeto:Poción Azul
07/04/2016 01:56:00 p.m. Agarro:995 Objeto:Poción Roja
07/04/2016 01:56:00 p.m. Agarro:99 Objeto:Proyectil Mágico
07/04/2016 01:56:00 p.m. Agarro:1 Objeto:Ropa de Pordiosero
07/04/2016 01:56:02 p.m. Agarro:100 Objeto:Manzana Roja (Newbie)
07/04/2016 01:56:02 p.m. Agarro:9992 Objeto:Poción Roja
07/04/2016 01:56:02 p.m. Agarro:9955 Objeto:Poción Roja
07/04/2016 01:56:02 p.m. Agarro:100 Objeto:Botella de Agua (Newbie)
07/04/2016 01:56:04 p.m. Agarro:99 Objeto:Apocalipsis
07/04/2016 01:56:04 p.m. Agarro:192 Objeto:Poción Roja (Newbie)
07/04/2016 01:56:04 p.m. Agarro:186 Objeto:Poción Azul (Newbie)
07/04/2016 01:56:04 p.m. Agarro:1 Objeto:Vestimentas Comunes (Newbie)
07/04/2016 01:56:05 p.m. Agarro:1 Objeto:Daga (Newbie)
07/04/2016 01:56:06 p.m. Agarro:46 Objeto:Hacha de Leñador
07/04/2016 01:56:14 p.m. /MOD RAZA ELFO  gs
07/04/2016 01:56:20 p.m. /MOD RAZA HUMANO  gs
07/04/2016 01:56:32 p.m. /LLUVIA
07/04/2016 01:56:35 p.m. /LLUVIA
07/04/2016 02:00:26 p.m. Se conecto con ip:127.0.0.1
07/04/2016 02:01:21 p.m. Se conecto con ip:127.0.0.1
07/04/2016 02:01:30 p.m. Transportó a gs hacia Mapa1 X:58 Y:49
07/04/2016 02:01:31 p.m. Transportó a gs hacia Mapa1 X:60 Y:46
07/04/2016 02:01:41 p.m. Transportó a gs hacia Mapa1 X:61 Y:37
07/04/2016 02:01:42 p.m. Transportó a gs hacia Mapa1 X:59 Y:33
07/04/2016 02:01:42 p.m. Transportó a gs hacia Mapa1 X:53 Y:35
07/04/2016 02:01:43 p.m. Transportó a gs hacia Mapa1 X:47 Y:37
07/04/2016 02:01:43 p.m. Transportó a gs hacia Mapa1 X:45 Y:42
07/04/2016 02:01:43 p.m. Transportó a gs hacia Mapa1 X:47 Y:47
07/04/2016 02:01:44 p.m. Transportó a gs hacia Mapa1 X:50 Y:49
07/04/2016 02:01:44 p.m. Transportó a gs hacia Mapa1 X:55 Y:46
07/04/2016 02:01:45 p.m. Transportó a gs hacia Mapa1 X:59 Y:45
07/04/2016 02:02:21 p.m. Tiró cantidad:100 Objeto:Botella de Agua (Newbie)
07/04/2016 02:02:25 p.m. /DEST
07/04/2016 02:02:35 p.m. Tiró cantidad:186 Objeto:Poción Azul (Newbie)
07/04/2016 02:02:35 p.m. /DEST
07/04/2016 02:02:36 p.m. Tiró cantidad:192 Objeto:Poción Roja (Newbie)
07/04/2016 02:02:37 p.m. /DEST
07/04/2016 02:02:37 p.m. Tiró cantidad:1 Objeto:Vestimentas Comunes (Newbie)
07/04/2016 02:02:38 p.m. /DEST
07/04/2016 02:02:40 p.m. Tiró cantidad:1 Objeto:Daga (Newbie)
07/04/2016 02:02:43 p.m. /DEST
07/04/2016 02:05:15 p.m. Se conecto con ip:127.0.0.1
07/04/2016 02:05:27 p.m. Transportó a gs hacia Mapa1 X:58 Y:44
07/04/2016 02:05:28 p.m. Transportó a gs hacia Mapa1 X:59 Y:44
07/04/2016 02:05:29 p.m. Transportó a gs hacia Mapa1 X:59 Y:44
07/04/2016 02:05:31 p.m. Transportó a gs hacia Mapa1 X:59 Y:44
07/04/2016 02:05:32 p.m. Transportó a gs hacia Mapa1 X:59 Y:44
07/04/2016 02:05:36 p.m. Transportó a gs hacia Mapa1 X:64 Y:48
07/04/2016 02:05:36 p.m. Transportó a gs hacia Mapa1 X:70 Y:48
07/04/2016 02:05:37 p.m. Transportó a gs hacia Mapa1 X:76 Y:50
07/04/2016 02:05:40 p.m. Transportó a gs hacia Mapa1 X:78 Y:54
07/04/2016 02:05:41 p.m. Transportó a gs hacia Mapa1 X:79 Y:58
07/04/2016 02:05:42 p.m. Transportó a gs hacia Mapa1 X:75 Y:56
07/04/2016 02:06:24 p.m. Se conecto con ip:127.0.0.1
07/04/2016 02:06:43 p.m. Transportó a gs hacia Mapa1 X:68 Y:67
07/04/2016 02:06:44 p.m. Transportó a gs hacia Mapa1 X:66 Y:61
07/04/2016 02:06:44 p.m. Transportó a gs hacia Mapa1 X:63 Y:56
07/04/2016 02:06:45 p.m. Transportó a gs hacia Mapa1 X:63 Y:51
07/04/2016 02:06:45 p.m. Transportó a gs hacia Mapa1 X:61 Y:48
07/04/2016 02:06:46 p.m. Transportó a gs hacia Mapa1 X:58 Y:45
07/04/2016 02:06:59 p.m. Transportó a gs hacia Mapa1 X:58 Y:45
07/04/2016 02:07:09 p.m. Transportó a gs hacia Mapa1 X:58 Y:45
07/04/2016 02:09:16 p.m. Se conecto con ip:127.0.0.1
07/04/2016 02:09:19 p.m. Transportó a gs hacia Mapa1 X:61 Y:45
07/04/2016 02:09:20 p.m. Transportó a gs hacia Mapa1 X:59 Y:44
07/04/2016 02:09:21 p.m. Transportó a gs hacia Mapa1 X:55 Y:40
07/04/2016 02:09:22 p.m. Transportó a gs hacia Mapa1 X:58 Y:43
07/04/2016 02:09:23 p.m. Transportó a gs hacia Mapa1 X:58 Y:44
07/04/2016 02:09:48 p.m. Transportó a gs hacia Mapa1 X:57 Y:49
07/04/2016 02:09:48 p.m. Transportó a gs hacia Mapa1 X:58 Y:47
07/04/2016 06:44:48 p.m. Se conecto con ip:127.0.0.1
07/04/2016 06:47:37 p.m. Se conecto con ip:127.0.0.1
07/04/2016 06:47:47 p.m. /INVISIBLE
07/04/2016 06:48:10 p.m. Transportó a gs hacia Mapa1 X:51 Y:49
07/04/2016 06:48:11 p.m. Transportó a gs hacia Mapa1 X:45 Y:53
07/04/2016 06:48:11 p.m. Transportó a gs hacia Mapa1 X:39 Y:50
07/04/2016 06:48:12 p.m. Transportó a gs hacia Mapa1 X:39 Y:46
07/04/2016 06:48:13 p.m. Transportó a gs hacia Mapa1 X:44 Y:39
07/04/2016 06:48:15 p.m. Transportó a gs hacia Mapa1 X:49 Y:34
07/04/2016 06:48:15 p.m. Transportó a gs hacia Mapa1 X:53 Y:36
07/04/2016 06:48:16 p.m. Transportó a gs hacia Mapa1 X:58 Y:38
07/04/2016 06:48:16 p.m. Transportó a gs hacia Mapa1 X:64 Y:37
07/04/2016 06:48:16 p.m. Transportó a gs hacia Mapa1 X:70 Y:38
07/04/2016 06:48:17 p.m. Transportó a gs hacia Mapa1 X:73 Y:35
07/04/2016 06:48:23 p.m. Transportó a gs hacia Mapa1 X:79 Y:36
07/04/2016 06:48:24 p.m. Transportó a gs hacia Mapa1 X:74 Y:35
07/04/2016 06:48:33 p.m. Transportó a gs hacia Mapa1 X:81 Y:36
07/04/2016 06:48:37 p.m. Transportó a gs hacia Mapa1 X:76 Y:39
07/04/2016 06:48:38 p.m. Transportó a gs hacia Mapa1 X:71 Y:39
07/04/2016 06:48:38 p.m. Transportó a gs hacia Mapa1 X:71 Y:43
07/04/2016 06:48:39 p.m. Transportó a gs hacia Mapa1 X:70 Y:49
07/04/2016 06:48:39 p.m. Transportó a gs hacia Mapa1 X:73 Y:51
07/04/2016 06:48:40 p.m. Transportó a gs hacia Mapa1 X:77 Y:54
07/04/2016 06:48:40 p.m. Transportó a gs hacia Mapa1 X:78 Y:54
07/04/2016 06:48:41 p.m. Transportó a gs hacia Mapa1 X:78 Y:54
07/04/2016 06:48:43 p.m. Transportó a gs hacia Mapa1 X:78 Y:55
07/04/2016 06:48:44 p.m. Transportó a gs hacia Mapa1 X:78 Y:56
07/04/2016 06:48:44 p.m. Transportó a gs hacia Mapa1 X:72 Y:56
07/04/2016 06:48:45 p.m. Transportó a gs hacia Mapa1 X:64 Y:53
07/04/2016 06:48:47 p.m. Transportó a gs hacia Mapa1 X:61 Y:49
07/04/2016 06:48:47 p.m. Transportó a gs hacia Mapa1 X:58 Y:47
07/04/2016 06:50:04 p.m. Se conecto con ip:127.0.0.1
07/04/2016 06:50:09 p.m. Transportó a gs hacia Mapa1 X:50 Y:53
07/04/2016 06:50:10 p.m. Transportó a gs hacia Mapa1 X:43 Y:51
07/04/2016 06:50:10 p.m. Transportó a gs hacia Mapa1 X:38 Y:48
07/04/2016 06:50:11 p.m. Transportó a gs hacia Mapa1 X:31 Y:50
07/04/2016 06:50:12 p.m. Transportó a gs hacia Mapa1 X:33 Y:52
07/04/2016 06:50:12 p.m. Transportó a gs hacia Mapa1 X:33 Y:55
07/04/2016 06:50:12 p.m. Transportó a gs hacia Mapa1 X:32 Y:59
07/04/2016 06:50:13 p.m. Transportó a gs hacia Mapa1 X:32 Y:64
07/04/2016 06:50:13 p.m. Transportó a gs hacia Mapa1 X:32 Y:69
07/04/2016 06:50:13 p.m. Transportó a gs hacia Mapa1 X:29 Y:73
07/04/2016 06:50:14 p.m. Transportó a gs hacia Mapa1 X:27 Y:77
07/04/2016 06:50:16 p.m. Transportó a gs hacia Mapa40 X:46 Y:18
07/04/2016 06:50:16 p.m. Transportó a gs hacia Mapa40 X:45 Y:24
07/04/2016 06:50:16 p.m. Transportó a gs hacia Mapa40 X:44 Y:30
07/04/2016 06:50:17 p.m. Transportó a gs hacia Mapa40 X:46 Y:34
07/04/2016 06:50:17 p.m. Transportó a gs hacia Mapa40 X:46 Y:30
07/04/2016 06:50:18 p.m. Transportó a gs hacia Mapa40 X:46 Y:33
07/04/2016 06:50:18 p.m. Transportó a gs hacia Mapa40 X:42 Y:37
07/04/2016 06:50:19 p.m. Transportó a gs hacia Mapa40 X:37 Y:37
07/04/2016 06:50:19 p.m. Transportó a gs hacia Mapa40 X:31 Y:37
07/04/2016 06:50:23 p.m. Transportó a gs hacia Mapa40 X:38 Y:38
07/04/2016 06:50:24 p.m. Transportó a gs hacia Mapa40 X:46 Y:39
07/04/2016 06:50:25 p.m. Transportó a gs hacia Mapa40 X:52 Y:35
07/04/2016 06:50:25 p.m. Transportó a gs hacia Mapa40 X:59 Y:31
07/04/2016 06:50:25 p.m. Transportó a gs hacia Mapa40 X:66 Y:28
07/04/2016 06:50:25 p.m. Transportó a gs hacia Mapa40 X:73 Y:27
07/04/2016 06:50:26 p.m. Transportó a gs hacia Mapa40 X:68 Y:23
07/04/2016 06:50:26 p.m. Transportó a gs hacia Mapa40 X:64 Y:20
07/04/2016 06:50:26 p.m. Transportó a gs hacia Mapa40 X:67 Y:17
07/04/2016 06:50:27 p.m. Transportó a gs hacia Mapa40 X:71 Y:15
07/04/2016 06:50:27 p.m. Transportó a gs hacia Mapa40 X:72 Y:17
07/04/2016 06:50:27 p.m. Transportó a gs hacia Mapa40 X:70 Y:21
07/04/2016 06:50:27 p.m. Transportó a gs hacia Mapa40 X:68 Y:25
07/04/2016 06:50:27 p.m. Transportó a gs hacia Mapa40 X:65 Y:27
07/04/2016 06:50:28 p.m. Transportó a gs hacia Mapa40 X:63 Y:30
07/04/2016 06:50:28 p.m. Transportó a gs hacia Mapa40 X:61 Y:32
07/04/2016 06:50:28 p.m. Transportó a gs hacia Mapa40 X:58 Y:34
07/04/2016 06:50:28 p.m. Transportó a gs hacia Mapa40 X:55 Y:36
07/04/2016 06:50:28 p.m. Transportó a gs hacia Mapa40 X:51 Y:37
07/04/2016 06:50:28 p.m. Transportó a gs hacia Mapa40 X:47 Y:38
07/04/2016 06:50:29 p.m. Transportó a gs hacia Mapa40 X:44 Y:39
07/04/2016 06:50:29 p.m. Transportó a gs hacia Mapa40 X:42 Y:43
07/04/2016 06:50:29 p.m. Transportó a gs hacia Mapa40 X:43 Y:46
07/04/2016 06:50:29 p.m. Transportó a gs hacia Mapa40 X:46 Y:49
07/04/2016 06:50:29 p.m. Transportó a gs hacia Mapa40 X:49 Y:52
07/04/2016 06:50:30 p.m. Transportó a gs hacia Mapa40 X:50 Y:56
07/04/2016 06:50:30 p.m. Transportó a gs hacia Mapa40 X:48 Y:57
07/04/2016 06:50:31 p.m. Transportó a gs hacia Mapa40 X:46 Y:59
07/04/2016 06:50:31 p.m. Transportó a gs hacia Mapa40 X:45 Y:63
07/04/2016 06:50:31 p.m. Transportó a gs hacia Mapa40 X:45 Y:68
07/04/2016 06:50:31 p.m. Transportó a gs hacia Mapa40 X:46 Y:73
07/04/2016 06:50:31 p.m. Transportó a gs hacia Mapa40 X:47 Y:77
07/04/2016 06:50:32 p.m. Transportó a gs hacia Mapa40 X:42 Y:81
07/04/2016 06:50:32 p.m. Transportó a gs hacia Mapa40 X:34 Y:81
07/04/2016 06:50:32 p.m. Transportó a gs hacia Mapa40 X:26 Y:80
07/04/2016 06:50:32 p.m. Transportó a gs hacia Mapa40 X:20 Y:77
07/04/2016 06:50:33 p.m. Transportó a gs hacia Mapa40 X:22 Y:73
07/04/2016 06:50:33 p.m. Transportó a gs hacia Mapa40 X:26 Y:71
07/04/2016 06:50:33 p.m. Transportó a gs hacia Mapa40 X:29 Y:74
07/04/2016 06:50:33 p.m. Transportó a gs hacia Mapa40 X:29 Y:78
07/04/2016 06:50:34 p.m. Transportó a gs hacia Mapa40 X:25 Y:82
07/04/2016 06:50:34 p.m. Transportó a gs hacia Mapa40 X:22 Y:87
07/04/2016 06:50:34 p.m. Transportó a gs hacia Mapa40 X:24 Y:91
07/04/2016 06:50:35 p.m. Transportó a gs hacia Mapa40 X:30 Y:88
07/04/2016 06:50:35 p.m. Transportó a gs hacia Mapa40 X:37 Y:85
07/04/2016 06:50:35 p.m. Transportó a gs hacia Mapa40 X:44 Y:85
07/04/2016 06:50:35 p.m. Transportó a gs hacia Mapa40 X:50 Y:87
07/04/2016 06:50:35 p.m. Transportó a gs hacia Mapa40 X:52 Y:90
07/04/2016 06:50:36 p.m. Transportó a gs hacia Mapa40 X:51 Y:93
07/04/2016 06:50:37 p.m. Transportó a gs hacia Mapa40 X:47 Y:94
07/04/2016 06:50:40 p.m. Transportó a gs hacia Mapa40 X:47 Y:89
07/04/2016 06:50:44 p.m. Transportó a gs hacia Mapa41 X:50 Y:15
07/04/2016 06:50:44 p.m. Transportó a gs hacia Mapa41 X:54 Y:18
07/04/2016 06:50:44 p.m. Transportó a gs hacia Mapa41 X:58 Y:21
07/04/2016 06:50:45 p.m. Transportó a gs hacia Mapa41 X:53 Y:23
07/04/2016 06:50:45 p.m. Transportó a gs hacia Mapa41 X:47 Y:25
07/04/2016 06:50:45 p.m. Transportó a gs hacia Mapa41 X:45 Y:29
07/04/2016 06:50:45 p.m. Transportó a gs hacia Mapa41 X:46 Y:34
07/04/2016 06:50:45 p.m. Transportó a gs hacia Mapa41 X:48 Y:38
07/04/2016 06:50:46 p.m. Transportó a gs hacia Mapa41 X:51 Y:42
07/04/2016 06:50:46 p.m. Transportó a gs hacia Mapa41 X:47 Y:48
07/04/2016 06:50:47 p.m. Transportó a gs hacia Mapa41 X:42 Y:47
07/04/2016 06:53:53 p.m. Se conecto con ip:127.0.0.1
07/04/2016 07:01:57 p.m. Se conecto con ip:127.0.0.1
07/04/2016 07:02:08 p.m. /INVISIBLE
07/04/2016 07:02:11 p.m. Transportó a gs hacia Mapa1 X:50 Y:50
07/04/2016 07:02:18 p.m. Transportó a gs hacia Mapa1 X:41 Y:51
07/04/2016 07:03:56 p.m. Se conecto con ip:127.0.0.1
07/04/2016 07:04:37 p.m. Se conecto con ip:127.0.0.1
07/04/2016 07:04:44 p.m. /INVISIBLE
07/04/2016 07:04:47 p.m. Transportó a gs hacia Mapa1 X:51 Y:49
07/04/2016 07:04:50 p.m. Transportó a gs hacia Mapa1 X:59 Y:49
07/04/2016 07:07:14 p.m. Se conecto con ip:127.0.0.1
07/04/2016 07:07:57 p.m. Se conecto con ip:127.0.0.1
07/04/2016 07:10:33 p.m. Se conecto con ip:127.0.0.1
07/04/2016 07:10:41 p.m. /INVISIBLE
07/04/2016 07:11:20 p.m. Se conecto con ip:127.0.0.1
07/04/2016 07:11:30 p.m. /INVISIBLE
07/04/2016 07:11:32 p.m. Transportó a gs hacia Mapa1 X:60 Y:45
07/04/2016 07:11:33 p.m. Transportó a gs hacia Mapa1 X:58 Y:45
07/04/2016 07:11:34 p.m. Transportó a gs hacia Mapa1 X:53 Y:45
07/04/2016 07:11:40 p.m. Transportó a gs hacia Mapa1 X:51 Y:49
07/04/2016 07:11:40 p.m. Transportó a gs hacia Mapa1 X:47 Y:52
07/04/2016 07:11:46 p.m. Transportó a gs hacia Mapa1 X:44 Y:53
07/04/2016 07:12:00 p.m. Transportó a gs hacia Mapa170 X:50 Y:50
07/04/2016 07:12:02 p.m. Transportó a gs hacia Mapa170 X:46 Y:45
07/04/2016 07:12:02 p.m. Transportó a gs hacia Mapa170 X:42 Y:43
07/04/2016 07:12:02 p.m. Transportó a gs hacia Mapa170 X:37 Y:40
07/04/2016 07:12:02 p.m. Transportó a gs hacia Mapa170 X:33 Y:36
07/04/2016 07:12:03 p.m. Transportó a gs hacia Mapa170 X:29 Y:36
07/04/2016 07:12:03 p.m. Transportó a gs hacia Mapa170 X:25 Y:39
07/04/2016 07:12:03 p.m. Transportó a gs hacia Mapa170 X:23 Y:43
07/04/2016 07:12:03 p.m. Transportó a gs hacia Mapa170 X:23 Y:48
07/04/2016 07:12:04 p.m. Transportó a gs hacia Mapa170 X:20 Y:44
07/04/2016 07:12:04 p.m. Transportó a gs hacia Mapa170 X:18 Y:40
07/04/2016 07:12:17 p.m. /MOD SKILLS magia 100 gs
07/04/2016 07:12:51 p.m. /MOD SKILLS meditar 100 gs
07/04/2016 07:13:29 p.m. /CI: 530
07/04/2016 07:13:29 p.m. Agarro:100 Objeto:Inmovilizar
07/04/2016 07:13:31 p.m. /CI: 531
07/04/2016 07:13:32 p.m. Agarro:100 Objeto:Descarga electrica
07/04/2016 07:13:34 p.m. /CI: 532
07/04/2016 07:13:35 p.m. Agarro:100 Objeto:Apocalipsis
07/04/2016 07:13:53 p.m. /MOD EXP 20000000  gs
07/04/2016 07:14:00 p.m. /MOD EXP 20000000  gs
07/04/2016 07:14:00 p.m. /MOD EXP 20000000  gs
07/04/2016 07:14:00 p.m. /MOD EXP 20000000  gs
07/04/2016 07:14:01 p.m. /MOD EXP 20000000  gs
07/04/2016 07:14:01 p.m. /MOD EXP 20000000  gs
07/04/2016 07:14:01 p.m. /MOD EXP 20000000  gs
07/04/2016 07:14:01 p.m. /MOD EXP 20000000  gs
07/04/2016 07:14:02 p.m. /MOD EXP 20000000  gs
07/04/2016 07:14:02 p.m. /MOD EXP 20000000  gs
07/04/2016 07:14:02 p.m. /MOD EXP 20000000  gs
07/04/2016 07:14:02 p.m. /MOD EXP 20000000  gs
07/04/2016 07:14:02 p.m. /MOD EXP 20000000  gs
07/04/2016 07:14:03 p.m. /MOD EXP 20000000  gs
07/04/2016 07:14:03 p.m. /MOD EXP 20000000  gs
07/04/2016 07:14:03 p.m. /MOD EXP 20000000  gs
07/04/2016 07:14:03 p.m. /MOD EXP 20000000  gs
07/04/2016 07:14:04 p.m. /MOD EXP 20000000  gs
07/04/2016 07:14:04 p.m. /MOD EXP 20000000  gs
07/04/2016 07:14:06 p.m. Transportó a gs hacia Mapa170 X:18 Y:37
07/04/2016 07:21:10 p.m. Se conecto con ip:127.0.0.1
07/04/2016 07:21:15 p.m. /INVISIBLE
07/04/2016 07:21:43 p.m. /CI: 31
07/04/2016 07:21:44 p.m. Agarro:100 Objeto:Vestimentas comunes (H/E/EO-H/M)
07/04/2016 07:22:14 p.m. /MOD SKILLS supervivencia 100 gs
07/04/2016 07:22:35 p.m. Se conecto con ip:127.0.0.1
07/04/2016 07:22:43 p.m. Transportó a gs hacia Mapa170 X:27 Y:35
07/04/2016 07:22:44 p.m. Transportó a gs hacia Mapa170 X:25 Y:33
07/04/2016 07:22:46 p.m. Transportó a gs hacia Mapa170 X:27 Y:36
07/04/2016 07:22:46 p.m. Transportó a gs hacia Mapa170 X:30 Y:33
07/04/2016 07:22:47 p.m. Transportó a gs hacia Mapa170 X:36 Y:28
07/04/2016 07:22:48 p.m. Transportó a gs hacia Mapa170 X:40 Y:23
07/04/2016 07:22:52 p.m. /INVISIBLE
07/04/2016 07:22:56 p.m. Transportó a gs hacia Mapa170 X:44 Y:22
07/04/2016 07:22:58 p.m. Transportó a gs hacia Mapa170 X:44 Y:22
07/04/2016 07:23:05 p.m. Transportó a gs hacia Mapa170 X:26 Y:9
07/04/2016 07:23:06 p.m. Transportó a gs hacia Mapa170 X:28 Y:9
07/04/2016 07:23:59 p.m. Se conecto con ip:127.0.0.1
07/04/2016 07:24:01 p.m. Transportó a gs hacia Mapa170 X:42 Y:17
07/04/2016 07:24:05 p.m. /INVISIBLE
07/04/2016 07:24:32 p.m. Transportó a gs hacia Mapa170 X:37 Y:12
07/04/2016 07:24:33 p.m. Transportó a gs hacia Mapa170 X:35 Y:14
07/04/2016 07:24:33 p.m. Transportó a gs hacia Mapa170 X:32 Y:17
07/04/2016 07:24:33 p.m. Transportó a gs hacia Mapa170 X:29 Y:20
07/04/2016 07:24:34 p.m. Transportó a gs hacia Mapa170 X:36 Y:22
07/04/2016 07:24:34 p.m. Transportó a gs hacia Mapa170 X:40 Y:23
07/04/2016 07:24:35 p.m. Transportó a gs hacia Mapa170 X:36 Y:21
07/04/2016 07:27:13 p.m. Se conecto con ip:127.0.0.1
07/04/2016 07:27:17 p.m. /INVISIBLE
07/04/2016 07:29:13 p.m. Se conecto con ip:127.0.0.1
07/04/2016 07:29:14 p.m. Transportó a gs hacia Mapa170 X:36 Y:22
07/04/2016 07:29:17 p.m. /INVISIBLE
07/04/2016 07:32:39 p.m. Transportó a gs hacia Mapa170 X:36 Y:19
07/04/2016 07:32:40 p.m. Transportó a gs hacia Mapa170 X:32 Y:20
07/04/2016 07:32:40 p.m. Transportó a gs hacia Mapa170 X:28 Y:22
07/04/2016 07:32:40 p.m. Transportó a gs hacia Mapa170 X:22 Y:21
07/04/2016 07:32:41 p.m. Transportó a gs hacia Mapa170 X:17 Y:19
07/04/2016 07:32:41 p.m. Transportó a gs hacia Mapa170 X:11 Y:17
07/04/2016 07:32:41 p.m. Transportó a gs hacia Mapa170 X:15 Y:16
07/04/2016 07:32:42 p.m. Transportó a gs hacia Mapa170 X:19 Y:14
07/04/2016 07:32:42 p.m. Transportó a gs hacia Mapa170 X:21 Y:11
07/04/2016 07:32:42 p.m. Transportó a gs hacia Mapa170 X:24 Y:7
07/04/2016 07:32:43 p.m. Transportó a gs hacia Mapa170 X:29 Y:10
07/04/2016 07:32:43 p.m. Transportó a gs hacia Mapa170 X:34 Y:14
07/04/2016 07:32:44 p.m. Transportó a gs hacia Mapa170 X:36 Y:19
07/04/2016 07:32:44 p.m. Transportó a gs hacia Mapa170 X:35 Y:23
07/04/2016 07:32:44 p.m. Transportó a gs hacia Mapa170 X:33 Y:26
07/04/2016 07:32:44 p.m. Transportó a gs hacia Mapa170 X:29 Y:29
07/04/2016 07:32:44 p.m. Transportó a gs hacia Mapa170 X:25 Y:31
07/04/2016 07:32:45 p.m. Transportó a gs hacia Mapa170 X:20 Y:32
07/04/2016 07:32:45 p.m. Transportó a gs hacia Mapa170 X:16 Y:35
07/04/2016 07:32:45 p.m. Transportó a gs hacia Mapa170 X:13 Y:39
07/04/2016 07:32:45 p.m. Transportó a gs hacia Mapa170 X:18 Y:43
07/04/2016 07:32:46 p.m. Transportó a gs hacia Mapa170 X:23 Y:46
07/04/2016 07:32:46 p.m. Transportó a gs hacia Mapa170 X:27 Y:50
07/04/2016 07:32:46 p.m. Transportó a gs hacia Mapa170 X:27 Y:53
07/04/2016 07:32:46 p.m. Transportó a gs hacia Mapa170 X:27 Y:56
07/04/2016 07:32:46 p.m. Transportó a gs hacia Mapa170 X:30 Y:60
07/04/2016 07:32:47 p.m. Transportó a gs hacia Mapa170 X:34 Y:63
07/04/2016 07:32:47 p.m. Transportó a gs hacia Mapa170 X:38 Y:60
07/04/2016 07:32:48 p.m. Transportó a gs hacia Mapa170 X:42 Y:56
07/04/2016 07:32:48 p.m. Transportó a gs hacia Mapa170 X:46 Y:51
07/04/2016 07:32:48 p.m. Transportó a gs hacia Mapa170 X:45 Y:48
07/04/2016 07:32:48 p.m. Transportó a gs hacia Mapa170 X:48 Y:46
07/04/2016 07:32:49 p.m. Transportó a gs hacia Mapa170 X:54 Y:45
07/04/2016 07:32:49 p.m. Transportó a gs hacia Mapa170 X:60 Y:44
07/04/2016 07:32:49 p.m. Transportó a gs hacia Mapa170 X:65 Y:45
07/04/2016 07:32:49 p.m. Transportó a gs hacia Mapa170 X:67 Y:47
07/04/2016 07:32:49 p.m. Transportó a gs hacia Mapa170 X:69 Y:49
07/04/2016 07:32:50 p.m. Transportó a gs hacia Mapa170 X:72 Y:51
07/04/2016 07:32:50 p.m. Transportó a gs hacia Mapa170 X:77 Y:51
07/04/2016 07:32:50 p.m. Transportó a gs hacia Mapa170 X:82 Y:51
07/04/2016 07:32:50 p.m. Transportó a gs hacia Mapa170 X:87 Y:50
07/04/2016 07:32:50 p.m. Transportó a gs hacia Mapa170 X:92 Y:49
07/04/2016 07:32:51 p.m. Transportó a gs hacia Mapa171 X:16 Y:48
07/04/2016 07:32:51 p.m. Transportó a gs hacia Mapa171 X:22 Y:47
07/04/2016 07:32:58 p.m. Transportó a gs hacia Mapa171 X:9 Y:46
07/04/2016 07:32:58 p.m. Transportó a gs hacia Mapa170 X:92 Y:43
07/04/2016 07:32:58 p.m. Transportó a gs hacia Mapa171 X:12 Y:40
07/04/2016 07:32:58 p.m. Transportó a gs hacia Mapa171 X:9 Y:37
07/04/2016 07:32:58 p.m. Transportó a gs hacia Mapa170 X:87 Y:35
07/04/2016 07:32:59 p.m. Transportó a gs hacia Mapa170 X:92 Y:37
07/04/2016 07:34:20 p.m. Se conecto con ip:127.0.0.1
07/04/2016 07:34:24 p.m. /INVISIBLE
07/04/2016 07:37:38 p.m. Transportó a gs hacia Mapa170 X:82 Y:44
07/04/2016 07:37:38 p.m. Transportó a gs hacia Mapa170 X:76 Y:41
07/04/2016 07:37:38 p.m. Transportó a gs hacia Mapa170 X:70 Y:37
07/04/2016 07:37:40 p.m. Transportó a gs hacia Mapa170 X:69 Y:34
07/04/2016 07:37:44 p.m. Transportó a gs hacia Mapa170 X:50 Y:50
07/04/2016 07:38:04 p.m. Transportó a gs hacia Mapa170 X:50 Y:44
07/04/2016 07:38:04 p.m. Transportó a gs hacia Mapa170 X:50 Y:39
07/04/2016 07:38:04 p.m. Transportó a gs hacia Mapa170 X:50 Y:33
07/04/2016 07:38:05 p.m. Transportó a gs hacia Mapa170 X:50 Y:27
07/04/2016 07:38:05 p.m. Transportó a gs hacia Mapa170 X:50 Y:22
07/04/2016 07:38:05 p.m. Transportó a gs hacia Mapa170 X:50 Y:19
07/04/2016 07:38:06 p.m. Transportó a gs hacia Mapa170 X:50 Y:16
07/04/2016 07:38:06 p.m. Transportó a gs hacia Mapa170 X:50 Y:19
07/04/2016 07:38:06 p.m. Transportó a gs hacia Mapa170 X:50 Y:23
07/04/2016 07:38:25 p.m. Se conecto con ip:127.0.0.1
07/04/2016 07:38:34 p.m. Sumoneo Demonio (DM)
07/04/2016 07:38:36 p.m. Sumoneo Demonio (DM)
07/04/2016 07:38:40 p.m. Sumoneo Bruja
07/04/2016 07:39:01 p.m. /INVISIBLE
07/04/2016 07:39:27 p.m. /MASSKILL
07/04/2016 07:41:15 p.m. Se conecto con ip:127.0.0.1
07/04/2016 07:41:17 p.m. Se conecto con ip:127.0.0.1
07/04/2016 07:41:36 p.m. Transportó a gs hacia Mapa1 X:50 Y:50
07/04/2016 07:41:37 p.m. Transportó a gs hacia Mapa1 X:57 Y:47
07/04/2016 07:41:37 p.m. Transportó a gs hacia Mapa1 X:62 Y:45
07/04/2016 07:41:37 p.m. Transportó a gs hacia Mapa1 X:67 Y:42
07/04/2016 07:41:38 p.m. Transportó a gs hacia Mapa1 X:71 Y:37
07/04/2016 07:41:51 p.m. Transportó a gs hacia Mapa1 X:72 Y:39
07/04/2016 07:41:51 p.m. Transportó a gs hacia Mapa1 X:72 Y:44
07/04/2016 07:41:52 p.m. Transportó a gs hacia Mapa1 X:72 Y:47
07/04/2016 07:41:52 p.m. Transportó a gs hacia Mapa1 X:75 Y:48
07/04/2016 07:44:11 p.m. Se conecto con ip:127.0.0.1
07/04/2016 07:48:45 p.m. Se conecto con ip:127.0.0.1
07/04/2016 07:49:02 p.m. Tiró cantidad:98 Objeto:Inmovilizar
07/04/2016 07:49:03 p.m. Tiró cantidad:98 Objeto:Descarga electrica
07/04/2016 07:49:04 p.m. Tiró cantidad:98 Objeto:Apocalipsis
07/04/2016 07:49:05 p.m. Agarro:98 Objeto:Inmovilizar
07/04/2016 07:49:06 p.m. Agarro:98 Objeto:Descarga electrica
07/04/2016 07:49:06 p.m. Agarro:98 Objeto:Apocalipsis
07/04/2016 07:49:34 p.m. Transportó a gs hacia Mapa1 X:75 Y:71
07/04/2016 07:49:40 p.m. /INVISIBLE
07/04/2016 07:49:51 p.m. Transportó a gs hacia Mapa1 X:64 Y:65
07/04/2016 07:49:58 p.m. Transportó a gs hacia Mapa1 X:62 Y:59
07/04/2016 07:49:58 p.m. Transportó a gs hacia Mapa1 X:63 Y:54
07/04/2016 07:49:58 p.m. Transportó a gs hacia Mapa1 X:62 Y:49
07/04/2016 07:49:59 p.m. Transportó a gs hacia Mapa1 X:58 Y:44
07/04/2016 07:49:59 p.m. Transportó a gs hacia Mapa1 X:53 Y:41
07/04/2016 07:49:59 p.m. Transportó a gs hacia Mapa1 X:48 Y:39
07/04/2016 07:50:00 p.m. Transportó a gs hacia Mapa1 X:45 Y:38
07/04/2016 07:50:02 p.m. Transportó a gs hacia Mapa1 X:41 Y:32
07/04/2016 07:50:02 p.m. Transportó a gs hacia Mapa1 X:40 Y:26
07/04/2016 07:50:03 p.m. Transportó a gs hacia Mapa1 X:42 Y:27
07/04/2016 07:50:03 p.m. Transportó a gs hacia Mapa1 X:49 Y:28
07/04/2016 07:50:04 p.m. Transportó a gs hacia Mapa1 X:57 Y:28
07/04/2016 07:50:05 p.m. Transportó a gs hacia Mapa1 X:62 Y:29
07/04/2016 07:50:06 p.m. Transportó a gs hacia Mapa1 X:69 Y:33
07/04/2016 07:50:07 p.m. Transportó a gs hacia Mapa1 X:77 Y:34
07/04/2016 07:50:07 p.m. Transportó a gs hacia Mapa1 X:82 Y:35
07/04/2016 07:50:15 p.m. Transportó a gs hacia Mapa1 X:83 Y:40
07/04/2016 07:50:15 p.m. Transportó a gs hacia Mapa1 X:84 Y:45
07/04/2016 07:50:16 p.m. Transportó a gs hacia Mapa1 X:79 Y:47
07/04/2016 07:51:09 p.m. Se conecto con ip:127.0.0.1
07/04/2016 07:51:34 p.m. Transportó a gs hacia Mapa1 X:75 Y:47
07/04/2016 07:51:34 p.m. Transportó a gs hacia Mapa1 X:68 Y:46
07/04/2016 07:52:33 p.m. Se conecto con ip:127.0.0.1
07/04/2016 07:52:51 p.m. Transportó a gs hacia Mapa1 X:69 Y:42
07/04/2016 07:52:51 p.m. Transportó a gs hacia Mapa1 X:71 Y:37
07/04/2016 07:55:35 p.m. /INVISIBLE
07/04/2016 07:55:42 p.m. Transportó a gs hacia Mapa1 X:77 Y:34
07/04/2016 07:56:13 p.m. Transportó a gs hacia Mapa1 X:74 Y:34
07/04/2016 07:56:21 p.m. Transportó a gs hacia Mapa1 X:78 Y:35
07/04/2016 07:56:44 p.m. Transportó a gs hacia Mapa1 X:73 Y:34
07/04/2016 07:56:44 p.m. Transportó a gs hacia Mapa1 X:67 Y:34
07/04/2016 07:56:45 p.m. Transportó a gs hacia Mapa1 X:62 Y:39
07/04/2016 07:56:47 p.m. Transportó a gs hacia Mapa1 X:59 Y:41
07/04/2016 07:56:48 p.m. Transportó a gs hacia Mapa1 X:56 Y:42
07/04/2016 07:56:48 p.m. Transportó a gs hacia Mapa1 X:58 Y:42
07/04/2016 07:56:49 p.m. Transportó a gs hacia Mapa1 X:59 Y:44
07/04/2016 07:57:08 p.m. Transportó a gs hacia Mapa168 X:43 Y:66
07/04/2016 07:57:08 p.m. Transportó a gs hacia Mapa168 X:49 Y:71
07/04/2016 07:57:19 p.m. Transportó a gs hacia Mapa168 X:63 Y:61
07/04/2016 08:01:24 p.m. Se conecto con ip:127.0.0.1
07/04/2016 08:02:12 p.m. Se conecto con ip:127.0.0.1
07/04/2016 08:08:20 p.m. Se conecto con ip:127.0.0.1
07/04/2016 08:20:06 p.m. Se conecto con ip:127.0.0.1
07/04/2016 08:20:23 p.m. Transportó a gs hacia Mapa62 X:59 Y:48
07/04/2016 08:20:23 p.m. Transportó a gs hacia Mapa62 X:57 Y:51
07/04/2016 08:20:23 p.m. Transportó a gs hacia Mapa62 X:55 Y:54
07/04/2016 08:20:30 p.m. Transportó a gs hacia Mapa1 X:50 Y:50
07/04/2016 08:20:31 p.m. Transportó a gs hacia Mapa1 X:48 Y:52
07/04/2016 08:20:31 p.m. Transportó a gs hacia Mapa1 X:45 Y:55
07/04/2016 08:20:32 p.m. Transportó a gs hacia Mapa1 X:42 Y:56
07/04/2016 08:20:35 p.m. /INVISIBLE
07/04/2016 08:20:36 p.m. Transportó a gs hacia Mapa168 X:54 Y:59
07/04/2016 08:20:36 p.m. Transportó a gs hacia Mapa168 X:57 Y:62
07/04/2016 08:20:38 p.m. Transportó a gs hacia Mapa168 X:60 Y:63
07/04/2016 08:20:39 p.m. Transportó a gs hacia Mapa168 X:62 Y:66
07/04/2016 08:20:39 p.m. Transportó a gs hacia Mapa168 X:57 Y:66
07/04/2016 08:20:40 p.m. Transportó a gs hacia Mapa168 X:56 Y:70
07/04/2016 08:20:40 p.m. Transportó a gs hacia Mapa168 X:58 Y:74
07/04/2016 08:20:40 p.m. Transportó a gs hacia Mapa168 X:61 Y:79
07/04/2016 08:20:41 p.m. Transportó a gs hacia Mapa168 X:65 Y:84
07/04/2016 08:20:41 p.m. Transportó a gs hacia Mapa168 X:59 Y:85
07/04/2016 08:20:42 p.m. Transportó a gs hacia Mapa168 X:55 Y:85
07/04/2016 08:20:42 p.m. Transportó a gs hacia Mapa168 X:52 Y:88
07/04/2016 08:20:42 p.m. Transportó a gs hacia Mapa168 X:46 Y:88
07/04/2016 08:20:43 p.m. Transportó a gs hacia Mapa168 X:40 Y:85
07/04/2016 08:20:43 p.m. Transportó a gs hacia Mapa168 X:33 Y:87
07/04/2016 08:20:44 p.m. Transportó a gs hacia Mapa168 X:27 Y:85
07/04/2016 08:20:45 p.m. Transportó a gs hacia Mapa168 X:23 Y:84
07/04/2016 08:20:56 p.m. Transportó a gs hacia Mapa168 X:24 Y:80
07/04/2016 08:20:56 p.m. Transportó a gs hacia Mapa168 X:29 Y:80
07/04/2016 08:20:56 p.m. Transportó a gs hacia Mapa168 X:35 Y:77
07/04/2016 08:20:57 p.m. Transportó a gs hacia Mapa168 X:42 Y:77
07/04/2016 08:20:58 p.m. Transportó a gs hacia Mapa168 X:46 Y:72
07/04/2016 08:20:58 p.m. Transportó a gs hacia Mapa168 X:50 Y:67
07/04/2016 08:20:58 p.m. Transportó a gs hacia Mapa168 X:52 Y:63
07/04/2016 08:20:59 p.m. Transportó a gs hacia Mapa168 X:51 Y:65
07/04/2016 08:21:03 p.m. Transportó a gs hacia Mapa168 X:59 Y:73
07/04/2016 08:21:03 p.m. Transportó a gs hacia Mapa168 X:65 Y:76
07/04/2016 08:21:04 p.m. Transportó a gs hacia Mapa168 X:59 Y:80
07/04/2016 08:21:04 p.m. Transportó a gs hacia Mapa168 X:54 Y:84
07/04/2016 08:21:05 p.m. Transportó a gs hacia Mapa168 X:51 Y:88
07/04/2016 08:21:07 p.m. Transportó a gs hacia Mapa168 X:51 Y:90
07/04/2016 08:21:07 p.m. Transportó a gs hacia Mapa168 X:50 Y:94
07/04/2016 08:21:10 p.m. Transportó a gs hacia Mapa168 X:50 Y:92
07/04/2016 08:21:13 p.m. Transportó a gs hacia Mapa167 X:56 Y:28
07/04/2016 08:21:21 p.m. Transportó a gs hacia Mapa167 X:69 Y:26
07/04/2016 08:21:22 p.m. Transportó a gs hacia Mapa167 X:76 Y:26
07/04/2016 08:21:22 p.m. Transportó a gs hacia Mapa167 X:83 Y:26
07/04/2016 08:22:33 p.m. Se conecto con ip:127.0.0.1
07/04/2016 08:22:37 p.m. Transportó a gs hacia Mapa168 X:86 Y:82
07/04/2016 08:22:37 p.m. Transportó a gs hacia Mapa168 X:82 Y:78
07/04/2016 08:22:38 p.m. Transportó a gs hacia Mapa168 X:77 Y:81
07/04/2016 08:22:38 p.m. Transportó a gs hacia Mapa168 X:72 Y:85
07/04/2016 08:22:44 p.m. Transportó a gs hacia Mapa168 X:85 Y:82
07/04/2016 08:22:44 p.m. Transportó a gs hacia Mapa168 X:90 Y:82
07/04/2016 08:23:03 p.m. Transportó a gs hacia Mapa77 X:50 Y:50
07/04/2016 08:23:05 p.m. Transportó a gs hacia Mapa77 X:54 Y:53
07/04/2016 08:23:05 p.m. Transportó a gs hacia Mapa77 X:53 Y:57
07/04/2016 08:23:05 p.m. Transportó a gs hacia Mapa77 X:50 Y:61
07/04/2016 08:23:05 p.m. Transportó a gs hacia Mapa77 X:45 Y:64
07/04/2016 08:23:06 p.m. Transportó a gs hacia Mapa77 X:43 Y:69
07/04/2016 08:23:06 p.m. Transportó a gs hacia Mapa77 X:42 Y:75
07/04/2016 08:23:07 p.m. Transportó a gs hacia Mapa77 X:41 Y:80
07/04/2016 08:23:07 p.m. Transportó a gs hacia Mapa77 X:41 Y:83
07/04/2016 08:23:07 p.m. Transportó a gs hacia Mapa77 X:40 Y:88
07/04/2016 08:23:09 p.m. Transportó a gs hacia Mapa77 X:37 Y:84
07/04/2016 08:23:09 p.m. Transportó a gs hacia Mapa77 X:35 Y:78
07/04/2016 08:23:09 p.m. Transportó a gs hacia Mapa77 X:35 Y:72
07/04/2016 08:23:09 p.m. Transportó a gs hacia Mapa77 X:35 Y:66
07/04/2016 08:23:09 p.m. Transportó a gs hacia Mapa77 X:35 Y:60
07/04/2016 08:23:09 p.m. Transportó a gs hacia Mapa77 X:37 Y:54
07/04/2016 08:23:10 p.m. Transportó a gs hacia Mapa77 X:39 Y:48
07/04/2016 08:23:10 p.m. Transportó a gs hacia Mapa77 X:37 Y:43
07/04/2016 08:23:10 p.m. Transportó a gs hacia Mapa77 X:35 Y:38
07/04/2016 08:23:10 p.m. Transportó a gs hacia Mapa77 X:36 Y:33
07/04/2016 08:23:11 p.m. Transportó a gs hacia Mapa77 X:39 Y:27
07/04/2016 08:23:11 p.m. Transportó a gs hacia Mapa77 X:42 Y:21
07/04/2016 08:23:11 p.m. Transportó a gs hacia Mapa77 X:44 Y:15
07/04/2016 08:23:11 p.m. Transportó a gs hacia Mapa77 X:45 Y:9
07/04/2016 08:23:12 p.m. Transportó a gs hacia Mapa77 X:42 Y:13
07/04/2016 08:23:12 p.m. Transportó a gs hacia Mapa77 X:38 Y:18
07/04/2016 08:23:13 p.m. Transportó a gs hacia Mapa77 X:33 Y:17
07/04/2016 08:23:13 p.m. Transportó a gs hacia Mapa77 X:30 Y:15
07/04/2016 08:23:13 p.m. Transportó a gs hacia Mapa77 X:28 Y:16
07/04/2016 08:23:13 p.m. Transportó a gs hacia Mapa77 X:24 Y:18
07/04/2016 08:23:13 p.m. Transportó a gs hacia Mapa77 X:20 Y:21
07/04/2016 08:23:14 p.m. Transportó a gs hacia Mapa77 X:19 Y:25
07/04/2016 08:23:14 p.m. Transportó a gs hacia Mapa77 X:18 Y:29
07/04/2016 08:23:14 p.m. Transportó a gs hacia Mapa77 X:18 Y:31
07/04/2016 08:23:14 p.m. Transportó a gs hacia Mapa77 X:21 Y:34
07/04/2016 08:23:15 p.m. Transportó a gs hacia Mapa77 X:26 Y:37
07/04/2016 08:23:15 p.m. Transportó a gs hacia Mapa77 X:32 Y:38
07/04/2016 08:23:15 p.m. Transportó a gs hacia Mapa77 X:38 Y:37
07/04/2016 08:23:15 p.m. Transportó a gs hacia Mapa77 X:45 Y:34
07/04/2016 08:23:16 p.m. Transportó a gs hacia Mapa77 X:49 Y:29
07/04/2016 08:23:16 p.m. Transportó a gs hacia Mapa77 X:54 Y:28
07/04/2016 08:23:16 p.m. Transportó a gs hacia Mapa77 X:59 Y:29
07/04/2016 08:23:16 p.m. Transportó a gs hacia Mapa77 X:63 Y:32
07/04/2016 08:23:17 p.m. Transportó a gs hacia Mapa77 X:66 Y:35
07/04/2016 08:23:17 p.m. Transportó a gs hacia Mapa77 X:69 Y:30
07/04/2016 08:23:17 p.m. Transportó a gs hacia Mapa77 X:70 Y:24
07/04/2016 08:23:18 p.m. Transportó a gs hacia Mapa77 X:70 Y:19
07/04/2016 08:23:18 p.m. Transportó a gs hacia Mapa77 X:74 Y:15
07/04/2016 08:23:18 p.m. Transportó a gs hacia Mapa77 X:79 Y:11
07/04/2016 08:23:18 p.m. Transportó a gs hacia Mapa77 X:84 Y:7
07/04/2016 08:23:19 p.m. Transportó a gs hacia Mapa77 X:78 Y:9
07/04/2016 08:23:19 p.m. Transportó a gs hacia Mapa77 X:76 Y:11
07/04/2016 08:23:23 p.m. /INVISIBLE
07/04/2016 08:23:32 p.m. Transportó a gs hacia Mapa77 X:47 Y:87
07/04/2016 08:23:32 p.m. Transportó a gs hacia Mapa77 X:47 Y:82
07/04/2016 08:23:33 p.m. Transportó a gs hacia Mapa77 X:47 Y:77
07/04/2016 08:23:33 p.m. Transportó a gs hacia Mapa77 X:49 Y:71
07/04/2016 08:23:33 p.m. Transportó a gs hacia Mapa77 X:51 Y:66
07/04/2016 08:23:33 p.m. Transportó a gs hacia Mapa77 X:52 Y:61
07/04/2016 08:23:33 p.m. Transportó a gs hacia Mapa77 X:52 Y:56
07/04/2016 08:23:34 p.m. Transportó a gs hacia Mapa77 X:52 Y:51
07/04/2016 08:23:34 p.m. Transportó a gs hacia Mapa77 X:52 Y:46
07/04/2016 08:23:34 p.m. Transportó a gs hacia Mapa77 X:52 Y:40
07/04/2016 08:23:34 p.m. Transportó a gs hacia Mapa77 X:53 Y:34
07/04/2016 08:23:34 p.m. Transportó a gs hacia Mapa77 X:54 Y:28
07/04/2016 08:23:35 p.m. Transportó a gs hacia Mapa77 X:56 Y:22
07/04/2016 08:23:35 p.m. Transportó a gs hacia Mapa77 X:58 Y:16
07/04/2016 08:23:35 p.m. Transportó a gs hacia Mapa77 X:58 Y:10
07/04/2016 08:23:36 p.m. Transportó a gs hacia Mapa77 X:54 Y:13
07/04/2016 08:23:36 p.m. Transportó a gs hacia Mapa77 X:50 Y:16
07/04/2016 08:23:36 p.m. Transportó a gs hacia Mapa77 X:44 Y:17
07/04/2016 08:23:37 p.m. Transportó a gs hacia Mapa77 X:41 Y:16
07/04/2016 08:23:37 p.m. Transportó a gs hacia Mapa77 X:34 Y:15
07/04/2016 08:23:37 p.m. Transportó a gs hacia Mapa77 X:27 Y:15
07/04/2016 08:23:37 p.m. Transportó a gs hacia Mapa77 X:24 Y:18
07/04/2016 08:23:38 p.m. Transportó a gs hacia Mapa77 X:24 Y:21
07/04/2016 08:23:38 p.m. Transportó a gs hacia Mapa77 X:28 Y:25
07/04/2016 08:23:38 p.m. Transportó a gs hacia Mapa77 X:33 Y:27
07/04/2016 08:23:38 p.m. Transportó a gs hacia Mapa77 X:39 Y:26
07/04/2016 08:23:38 p.m. Transportó a gs hacia Mapa77 X:46 Y:24
07/04/2016 08:23:38 p.m. Transportó a gs hacia Mapa77 X:53 Y:22
07/04/2016 08:23:39 p.m. Transportó a gs hacia Mapa77 X:60 Y:19
07/04/2016 08:23:39 p.m. Transportó a gs hacia Mapa77 X:64 Y:15
07/04/2016 08:23:39 p.m. Transportó a gs hacia Mapa77 X:68 Y:11
07/04/2016 08:23:40 p.m. Transportó a gs hacia Mapa77 X:70 Y:14
07/04/2016 08:24:56 p.m. Transportó a gs hacia Mapa183 X:58 Y:45
07/04/2016 08:24:57 p.m. Transportó a gs hacia Mapa183 X:60 Y:45
07/04/2016 08:24:58 p.m. Transportó a gs hacia Mapa183 X:54 Y:46
07/04/2016 08:24:58 p.m. Transportó a gs hacia Mapa183 X:49 Y:48
07/04/2016 08:24:58 p.m. Transportó a gs hacia Mapa183 X:47 Y:52
07/04/2016 08:24:58 p.m. Transportó a gs hacia Mapa183 X:48 Y:56
07/04/2016 08:24:59 p.m. Transportó a gs hacia Mapa183 X:51 Y:58
07/04/2016 08:24:59 p.m. Transportó a gs hacia Mapa183 X:56 Y:57
07/04/2016 08:25:16 p.m. Transportó a gs hacia Mapa28 X:50 Y:50
07/04/2016 08:25:17 p.m. Transportó a gs hacia Mapa28 X:45 Y:49
07/04/2016 08:25:18 p.m. Transportó a gs hacia Mapa28 X:42 Y:45
07/04/2016 08:25:18 p.m. Transportó a gs hacia Mapa28 X:39 Y:41
07/04/2016 08:25:18 p.m. Transportó a gs hacia Mapa28 X:40 Y:37
07/04/2016 08:25:18 p.m. Transportó a gs hacia Mapa28 X:42 Y:33
07/04/2016 08:25:19 p.m. Transportó a gs hacia Mapa28 X:38 Y:34
07/04/2016 08:25:21 p.m. Transportó a gs hacia Mapa28 X:36 Y:30
07/04/2016 08:25:21 p.m. Transportó a gs hacia Mapa28 X:32 Y:26
07/04/2016 08:25:21 p.m. Transportó a gs hacia Mapa28 X:32 Y:21
07/04/2016 08:25:22 p.m. Transportó a gs hacia Mapa28 X:34 Y:17
07/04/2016 08:25:22 p.m. Transportó a gs hacia Mapa28 X:32 Y:14
07/04/2016 08:25:22 p.m. Transportó a gs hacia Mapa28 X:26 Y:13
07/04/2016 08:25:23 p.m. Transportó a gs hacia Mapa28 X:21 Y:10
07/04/2016 08:25:23 p.m. Transportó a gs hacia Mapa28 X:26 Y:10
07/04/2016 08:25:23 p.m. Transportó a gs hacia Mapa28 X:30 Y:14
07/04/2016 08:25:24 p.m. Transportó a gs hacia Mapa28 X:35 Y:19
07/04/2016 08:25:24 p.m. Transportó a gs hacia Mapa28 X:41 Y:20
07/04/2016 08:25:24 p.m. Transportó a gs hacia Mapa28 X:48 Y:16
07/04/2016 08:25:24 p.m. Transportó a gs hacia Mapa28 X:55 Y:12
07/04/2016 08:25:25 p.m. Transportó a gs hacia Mapa28 X:54 Y:14
07/04/2016 08:25:25 p.m. Transportó a gs hacia Mapa28 X:49 Y:18
07/04/2016 08:26:34 p.m. Se conecto con ip:127.0.0.1
07/04/2016 08:26:38 p.m. Transportó a gs hacia Mapa1 X:50 Y:50
07/04/2016 08:26:42 p.m. /INVISIBLE
07/04/2016 08:26:43 p.m. Transportó a gs hacia Mapa1 X:58 Y:50
07/04/2016 08:26:43 p.m. Transportó a gs hacia Mapa1 X:62 Y:51
07/04/2016 08:31:02 p.m. Se conecto con ip:127.0.0.1
07/04/2016 08:33:43 p.m. Se conecto con ip:127.0.0.1
07/04/2016 08:35:40 p.m. Se conecto con ip:127.0.0.1
07/04/2016 08:38:32 p.m. Se conecto con ip:127.0.0.1
07/04/2016 08:40:39 p.m. Se conecto con ip:127.0.0.1
07/04/2016 08:42:19 p.m. Se conecto con ip:127.0.0.1
07/04/2016 08:42:53 p.m. Se conecto con ip:127.0.0.1
07/04/2016 08:44:05 p.m. Se conecto con ip:127.0.0.1
07/04/2016 08:46:27 p.m. Se conecto con ip:127.0.0.1
07/04/2016 08:49:40 p.m. Se conecto con ip:127.0.0.1
07/04/2016 08:50:49 p.m. Se conecto con ip:127.0.0.1
07/04/2016 08:51:34 p.m. Se conecto con ip:127.0.0.1
07/04/2016 08:57:30 p.m. Se conecto con ip:127.0.0.1
07/04/2016 08:57:32 p.m. Transportó a gs hacia Mapa1 X:67 Y:45
07/04/2016 08:57:32 p.m. Transportó a gs hacia Mapa1 X:73 Y:40
07/04/2016 08:57:32 p.m. Transportó a gs hacia Mapa1 X:72 Y:37
07/04/2016 08:57:33 p.m. Transportó a gs hacia Mapa1 X:72 Y:35
07/04/2016 08:58:11 p.m. Se conecto con ip:127.0.0.1
07/04/2016 08:58:49 p.m. Se conecto con ip:127.0.0.1
07/04/2016 09:00:19 p.m. Se conecto con ip:127.0.0.1
07/04/2016 09:01:47 p.m. Se conecto con ip:127.0.0.1
07/04/2016 09:03:55 p.m. Se conecto con ip:127.0.0.1
07/04/2016 09:05:49 p.m. Se conecto con ip:127.0.0.1
07/04/2016 09:07:24 p.m. Se conecto con ip:127.0.0.1
07/04/2016 09:09:37 p.m. Se conecto con ip:127.0.0.1
07/04/2016 09:13:23 p.m. Se conecto con ip:127.0.0.1
07/04/2016 09:14:01 p.m. Se conecto con ip:127.0.0.1
07/04/2016 09:14:18 p.m. /INVISIBLE
07/04/2016 09:14:24 p.m. /INVISIBLE
07/04/2016 09:14:35 p.m. Transportó a gs hacia Mapa1 X:79 Y:35
07/04/2016 09:14:36 p.m. Transportó a gs hacia Mapa1 X:76 Y:37
07/04/2016 09:14:36 p.m. Transportó a gs hacia Mapa1 X:73 Y:41
07/04/2016 09:14:37 p.m. Transportó a gs hacia Mapa1 X:67 Y:43
07/04/2016 09:14:37 p.m. Transportó a gs hacia Mapa1 X:60 Y:45
07/04/2016 09:14:38 p.m. Transportó a gs hacia Mapa1 X:59 Y:41
07/04/2016 09:15:48 p.m. Se conecto con ip:127.0.0.1
07/04/2016 09:16:54 p.m. Se conecto con ip:127.0.0.1
07/04/2016 09:18:52 p.m. Se conecto con ip:127.0.0.1
07/04/2016 09:19:01 p.m. Transportó a gs hacia Mapa1 X:63 Y:41
07/04/2016 09:19:02 p.m. Transportó a gs hacia Mapa1 X:67 Y:37
07/04/2016 09:19:02 p.m. Transportó a gs hacia Mapa1 X:71 Y:34
07/04/2016 09:19:04 p.m. Transportó a gs hacia Mapa1 X:79 Y:35
07/04/2016 09:19:10 p.m. Transportó a gs hacia Mapa1 X:75 Y:30
07/04/2016 09:19:10 p.m. Transportó a gs hacia Mapa1 X:69 Y:28
07/04/2016 09:19:11 p.m. Transportó a gs hacia Mapa1 X:62 Y:27
07/04/2016 09:19:13 p.m. Transportó a gs hacia Mapa1 X:63 Y:35
07/04/2016 09:19:14 p.m. Transportó a gs hacia Mapa1 X:71 Y:35
07/04/2016 09:19:24 p.m. /INVISIBLE
07/04/2016 09:19:34 p.m. Transportó a gs hacia Mapa1 X:80 Y:38
07/04/2016 09:23:54 p.m. Se conecto con ip:127.0.0.1
07/04/2016 09:26:31 p.m. Se conecto con ip:127.0.0.1
07/04/2016 09:26:35 p.m. /INVISIBLE
07/04/2016 09:29:16 p.m. Se conecto con ip:127.0.0.1
07/04/2016 09:29:55 p.m. Se conecto con ip:127.0.0.1
07/04/2016 09:30:29 p.m. Transportó a gs hacia Mapa1 X:58 Y:46
07/04/2016 09:31:56 p.m. Se conecto con ip:127.0.0.1
07/04/2016 09:32:30 p.m. /INVISIBLE
08/04/2016 06:04:38 p.m. Se conecto con ip:127.0.0.1
08/04/2016 06:04:50 p.m. /INVISIBLE
08/04/2016 06:05:28 p.m. Se conecto con ip:127.0.0.1
08/04/2016 06:05:57 p.m. /CI: 832
08/04/2016 06:05:57 p.m. Agarro:100 Objeto:Guerrero de las Tinieblas
08/04/2016 06:06:06 p.m. /CI: 831
08/04/2016 06:06:06 p.m. Agarro:100 Objeto:Espada de plata
08/04/2016 06:06:16 p.m. /CI: 830
08/04/2016 06:06:17 p.m. Agarro:100 Objeto:Espada de plata
08/04/2016 06:06:25 p.m. /CI: 829
08/04/2016 06:06:26 p.m. Agarro:100 Objeto:Túnica de Gloria
08/04/2016 06:06:43 p.m. /CI: 828
08/04/2016 06:06:44 p.m. Agarro:100 Objeto:Flecha de tejo
08/04/2016 06:06:47 p.m. /CI: 827
08/04/2016 06:06:48 p.m. Agarro:100 Objeto:Invocar Mascotas
08/04/2016 06:06:59 p.m. /CI: 8266
08/04/2016 06:07:03 p.m. /CI: 826
08/04/2016 06:07:12 p.m. /DEST
08/04/2016 06:08:16 p.m. /MOD AGREGAR 5000000  gs
08/04/2016 06:08:17 p.m. Transportó a gs hacia Mapa1 X:70 Y:40
08/04/2016 06:08:17 p.m. Transportó a gs hacia Mapa1 X:66 Y:45
08/04/2016 06:08:17 p.m. Transportó a gs hacia Mapa1 X:62 Y:50
08/04/2016 06:18:58 p.m. Se conecto con ip:127.0.0.1
08/04/2016 06:20:02 p.m. Se conecto con ip:127.0.0.1
08/04/2016 06:20:28 p.m. Transportó a gs hacia Mapa1 X:70 Y:40
08/04/2016 06:20:28 p.m. Transportó a gs hacia Mapa1 X:72 Y:37
08/04/2016 06:21:00 p.m. Transportó a gs hacia Mapa1 X:69 Y:36
08/04/2016 06:21:01 p.m. Transportó a gs hacia Mapa1 X:65 Y:39
08/04/2016 06:21:01 p.m. Transportó a gs hacia Mapa1 X:60 Y:43
08/04/2016 06:21:01 p.m. Transportó a gs hacia Mapa1 X:55 Y:45
08/04/2016 06:21:02 p.m. Transportó a gs hacia Mapa1 X:49 Y:47
08/04/2016 06:21:02 p.m. Transportó a gs hacia Mapa1 X:43 Y:49
08/04/2016 06:21:03 p.m. Transportó a gs hacia Mapa1 X:48 Y:52
08/04/2016 06:21:03 p.m. Transportó a gs hacia Mapa1 X:50 Y:57
08/04/2016 06:21:04 p.m. Transportó a gs hacia Mapa1 X:50 Y:63
08/04/2016 06:21:04 p.m. Transportó a gs hacia Mapa1 X:48 Y:64
08/04/2016 06:21:06 p.m. Transportó a gs hacia Mapa1 X:44 Y:60
08/04/2016 06:21:06 p.m. Transportó a gs hacia Mapa1 X:39 Y:59
08/04/2016 06:21:07 p.m. Transportó a gs hacia Mapa1 X:40 Y:55
08/04/2016 06:21:08 p.m. Transportó a gs hacia Mapa1 X:41 Y:58
08/04/2016 06:21:09 p.m. Transportó a gs hacia Mapa1 X:44 Y:61
08/04/2016 06:21:09 p.m. Transportó a gs hacia Mapa1 X:48 Y:61
08/04/2016 06:21:10 p.m. Transportó a gs hacia Mapa1 X:48 Y:62
08/04/2016 06:21:14 p.m. Transportó a gs hacia Mapa1 X:40 Y:63
08/04/2016 06:21:15 p.m. Transportó a gs hacia Mapa1 X:35 Y:63
08/04/2016 06:21:20 p.m. Transportó a gs hacia Mapa1 X:41 Y:65
08/04/2016 06:21:21 p.m. Transportó a gs hacia Mapa1 X:48 Y:65
08/04/2016 06:21:21 p.m. Transportó a gs hacia Mapa1 X:55 Y:65
08/04/2016 06:21:21 p.m. Transportó a gs hacia Mapa1 X:61 Y:63
08/04/2016 06:21:35 p.m. Tiró cantidad:100 Objeto:Espada de plata
08/04/2016 06:21:39 p.m. Transportó a gs hacia Mapa1 X:63 Y:58
08/04/2016 06:21:40 p.m. Transportó a gs hacia Mapa1 X:63 Y:53
08/04/2016 06:21:40 p.m. Transportó a gs hacia Mapa1 X:62 Y:48
08/04/2016 06:21:43 p.m. Tiró cantidad:1 Objeto:Anillo de resistencia mágica
08/04/2016 06:21:44 p.m. Agarro:1 Objeto:Anillo de resistencia mágica
08/04/2016 06:21:46 p.m. Tiró cantidad:1 Objeto:Apocalipsis
08/04/2016 06:21:47 p.m. Agarro:1 Objeto:Apocalipsis
08/04/2016 06:21:49 p.m. Tiró cantidad:95 Objeto:Apocalipsis
08/04/2016 06:21:49 p.m. Agarro:95 Objeto:Apocalipsis
08/04/2016 06:21:52 p.m. Transportó a gs hacia Mapa1 X:65 Y:40
08/04/2016 06:21:53 p.m. Transportó a gs hacia Mapa1 X:70 Y:37
08/04/2016 06:21:54 p.m. Transportó a gs hacia Mapa1 X:73 Y:35
08/04/2016 06:21:54 p.m. Transportó a gs hacia Mapa1 X:80 Y:35
08/04/2016 06:21:56 p.m. Tiró cantidad:100 Objeto:Guerrero de las Tinieblas
08/04/2016 06:22:05 p.m. Transportó a gs hacia Mapa1 X:74 Y:40
08/04/2016 06:22:05 p.m. Transportó a gs hacia Mapa1 X:67 Y:45
08/04/2016 06:22:05 p.m. Transportó a gs hacia Mapa1 X:63 Y:48
08/04/2016 06:22:10 p.m. Transportó a gs hacia Mapa1 X:61 Y:47
08/04/2016 06:22:10 p.m. Transportó a gs hacia Mapa1 X:58 Y:44
08/04/2016 06:22:11 p.m. Transportó a gs hacia Mapa1 X:54 Y:45
08/04/2016 06:22:12 p.m. Transportó a gs hacia Mapa1 X:53 Y:46
08/04/2016 06:22:12 p.m. Transportó a gs hacia Mapa1 X:51 Y:48
08/04/2016 06:22:12 p.m. Transportó a gs hacia Mapa1 X:46 Y:48
08/04/2016 06:22:13 p.m. Transportó a gs hacia Mapa1 X:41 Y:47
08/04/2016 06:22:13 p.m. Transportó a gs hacia Mapa1 X:35 Y:47
08/04/2016 06:22:14 p.m. Transportó a gs hacia Mapa1 X:35 Y:51
08/04/2016 06:22:14 p.m. Transportó a gs hacia Mapa1 X:34 Y:56
08/04/2016 06:22:25 p.m. Transportó a gs hacia Mapa1 X:41 Y:79
08/04/2016 06:22:26 p.m. Transportó a gs hacia Mapa1 X:49 Y:79
08/04/2016 06:22:26 p.m. Transportó a gs hacia Mapa1 X:44 Y:78
08/04/2016 06:22:27 p.m. Transportó a gs hacia Mapa1 X:49 Y:75
08/04/2016 06:22:27 p.m. Transportó a gs hacia Mapa1 X:56 Y:72
08/04/2016 06:22:28 p.m. Transportó a gs hacia Mapa1 X:61 Y:66
08/04/2016 06:22:31 p.m. Tiró cantidad:99 Objeto:Invocar Mascotas
08/04/2016 06:22:35 p.m. Transportó a gs hacia Mapa1 X:55 Y:67
08/04/2016 06:22:35 p.m. Transportó a gs hacia Mapa1 X:49 Y:69
08/04/2016 06:22:36 p.m. Transportó a gs hacia Mapa1 X:43 Y:72
08/04/2016 06:22:36 p.m. Transportó a gs hacia Mapa1 X:35 Y:72
08/04/2016 06:22:37 p.m. Transportó a gs hacia Mapa1 X:27 Y:71
08/04/2016 06:22:39 p.m. Transportó a gs hacia Mapa1 X:33 Y:66
08/04/2016 06:22:40 p.m. Transportó a gs hacia Mapa1 X:35 Y:64
08/04/2016 06:23:21 p.m. Transportó a gs hacia Mapa1 X:36 Y:68
