03/05/2016 07:36:51 p.m. Se conecto con ip:179.39.57.166
03/05/2016 07:36:55 p.m. Transportó a kurol hacia Mapa49 X:46 Y:45
03/05/2016 07:37:39 p.m. /MOD EXP 20000000  kurol
03/05/2016 07:38:00 p.m. /CI: 646
03/05/2016 07:38:00 p.m. Agarro:100 Objeto:Anillo de Disolución Mágica
03/05/2016 07:38:05 p.m. /CI: 986
03/05/2016 07:38:10 p.m. /CI: 14
03/05/2016 07:38:13 p.m. /DEST
03/05/2016 07:38:21 p.m. /MOD ORO 5000000  kurol
03/05/2016 07:38:24 p.m. /INVISIBLE
03/05/2016 07:38:27 p.m. Transportó a kurol hacia Mapa1 X:50 Y:50
03/05/2016 07:38:29 p.m. Transportó a kurol hacia Mapa1 X:56 Y:53
03/05/2016 07:38:30 p.m. Transportó a kurol hacia Mapa1 X:59 Y:48
03/05/2016 07:38:33 p.m. Transportó a kurol hacia Mapa1 X:60 Y:48
03/05/2016 07:38:41 p.m. Transportó a kurol hacia Mapa1 X:55 Y:49
03/05/2016 07:38:41 p.m. Transportó a kurol hacia Mapa1 X:55 Y:53
03/05/2016 07:38:41 p.m. Transportó a kurol hacia Mapa1 X:53 Y:55
03/05/2016 07:38:41 p.m. Transportó a kurol hacia Mapa1 X:56 Y:57
03/05/2016 07:38:41 p.m. Transportó a kurol hacia Mapa1 X:53 Y:60
03/05/2016 07:38:42 p.m. Transportó a kurol hacia Mapa1 X:55 Y:62
03/05/2016 07:38:42 p.m. Transportó a kurol hacia Mapa1 X:50 Y:65
03/05/2016 07:38:42 p.m. Transportó a kurol hacia Mapa1 X:49 Y:65
03/05/2016 07:38:42 p.m. Transportó a kurol hacia Mapa1 X:48 Y:70
03/05/2016 07:38:42 p.m. Transportó a kurol hacia Mapa1 X:50 Y:70
03/05/2016 07:38:44 p.m. /INVISIBLE
03/05/2016 07:39:00 p.m. /INVISIBLE
03/05/2016 07:39:15 p.m. /IRCERCA yeska Mapa:175 X:27 Y:71
03/05/2016 07:39:29 p.m. Mensaje a Gms:debe tener lag
03/05/2016 07:39:31 p.m. Transportó a kurol hacia Mapa175 X:29 Y:64
03/05/2016 07:39:32 p.m. Transportó a kurol hacia Mapa175 X:26 Y:66
03/05/2016 07:39:42 p.m. Transportó a kurol hacia Mapa175 X:33 Y:63
03/05/2016 07:39:43 p.m. Transportó a kurol hacia Mapa175 X:39 Y:60
03/05/2016 07:39:44 p.m. Transportó a kurol hacia Mapa175 X:45 Y:56
03/05/2016 07:39:44 p.m. Transportó a kurol hacia Mapa175 X:51 Y:52
03/05/2016 07:39:45 p.m. Transportó a kurol hacia Mapa175 X:58 Y:52
03/05/2016 07:39:45 p.m. Transportó a kurol hacia Mapa175 X:65 Y:54
03/05/2016 07:39:46 p.m. Transportó a kurol hacia Mapa175 X:72 Y:52
03/05/2016 07:39:47 p.m. Transportó a kurol hacia Mapa175 X:79 Y:52
03/05/2016 07:39:51 p.m. Transportó a kurol hacia Mapa179 X:50 Y:50
03/05/2016 07:39:54 p.m. Transportó a kurol hacia Mapa171 X:50 Y:50
03/05/2016 07:39:56 p.m. Transportó a kurol hacia Mapa171 X:44 Y:52
03/05/2016 07:39:58 p.m. /INVISIBLE
03/05/2016 07:40:48 p.m. /INVISIBLE
03/05/2016 07:40:52 p.m. Transportó a kurol hacia Mapa60 X:50 Y:50
03/05/2016 07:40:53 p.m. Transportó a kurol hacia Mapa60 X:56 Y:45
03/05/2016 07:40:53 p.m. Transportó a kurol hacia Mapa60 X:56 Y:45
03/05/2016 07:40:53 p.m. Transportó a kurol hacia Mapa60 X:63 Y:40
03/05/2016 07:40:53 p.m. Transportó a kurol hacia Mapa60 X:64 Y:40
03/05/2016 07:40:54 p.m. Transportó a kurol hacia Mapa60 X:68 Y:36
03/05/2016 07:40:55 p.m. Transportó a kurol hacia Mapa60 X:73 Y:31
03/05/2016 07:40:55 p.m. Transportó a kurol hacia Mapa60 X:78 Y:26
03/05/2016 07:40:56 p.m. Transportó a kurol hacia Mapa60 X:83 Y:22
03/05/2016 07:40:58 p.m. Transportó a kurol hacia Mapa60 X:78 Y:22
03/05/2016 07:40:59 p.m. Transportó a kurol hacia Mapa60 X:79 Y:22
03/05/2016 07:41:01 p.m. Transportó a kurol hacia Mapa60 X:79 Y:24
03/05/2016 07:41:01 p.m. Transportó a kurol hacia Mapa60 X:77 Y:27
03/05/2016 07:41:02 p.m. Transportó a kurol hacia Mapa60 X:76 Y:31
03/05/2016 07:41:05 p.m. Transportó a kurol hacia Mapa60 X:76 Y:21
03/05/2016 07:41:08 p.m. /INVISIBLE
03/05/2016 07:41:13 p.m. /MOD CRI 50000  kurol
03/05/2016 07:41:23 p.m. /MOD NOB 50000000  kurol
03/05/2016 07:41:31 p.m. Transportó a kurol hacia Mapa60 X:76 Y:20
03/05/2016 07:41:32 p.m. Transportó a kurol hacia Mapa60 X:76 Y:25
03/05/2016 07:41:33 p.m. Transportó a kurol hacia Mapa60 X:75 Y:30
03/05/2016 07:41:34 p.m. Transportó a kurol hacia Mapa60 X:74 Y:35
03/05/2016 07:41:41 p.m. Transportó a kurol hacia Mapa60 X:65 Y:36
03/05/2016 07:41:42 p.m. Transportó a kurol hacia Mapa60 X:63 Y:36
03/05/2016 07:41:42 p.m. Transportó a kurol hacia Mapa60 X:59 Y:36
03/05/2016 07:41:42 p.m. Transportó a kurol hacia Mapa60 X:57 Y:37
03/05/2016 07:41:42 p.m. Transportó a kurol hacia Mapa60 X:54 Y:38
03/05/2016 07:41:43 p.m. Transportó a kurol hacia Mapa60 X:53 Y:41
03/05/2016 07:41:43 p.m. Transportó a kurol hacia Mapa60 X:53 Y:43
03/05/2016 07:41:43 p.m. Transportó a kurol hacia Mapa60 X:53 Y:47
03/05/2016 07:41:43 p.m. Transportó a kurol hacia Mapa60 X:53 Y:49
03/05/2016 07:41:43 p.m. Transportó a kurol hacia Mapa60 X:55 Y:51
03/05/2016 07:41:44 p.m. Transportó a kurol hacia Mapa60 X:56 Y:53
03/05/2016 07:41:44 p.m. Transportó a kurol hacia Mapa60 X:58 Y:55
03/05/2016 07:41:44 p.m. Transportó a kurol hacia Mapa60 X:62 Y:57
03/05/2016 07:41:44 p.m. Transportó a kurol hacia Mapa60 X:64 Y:55
03/05/2016 07:41:44 p.m. Transportó a kurol hacia Mapa60 X:67 Y:54
03/05/2016 07:41:45 p.m. Transportó a kurol hacia Mapa60 X:68 Y:51
03/05/2016 07:41:45 p.m. Transportó a kurol hacia Mapa60 X:72 Y:55
03/05/2016 07:41:45 p.m. Transportó a kurol hacia Mapa60 X:74 Y:55
03/05/2016 07:41:45 p.m. Transportó a kurol hacia Mapa60 X:78 Y:59
03/05/2016 07:41:46 p.m. Transportó a kurol hacia Mapa60 X:80 Y:60
03/05/2016 07:41:46 p.m. Transportó a kurol hacia Mapa60 X:84 Y:64
03/05/2016 07:41:46 p.m. Transportó a kurol hacia Mapa60 X:87 Y:68
03/05/2016 07:41:50 p.m. Transportó a kurol hacia Mapa187 X:19 Y:65
03/05/2016 07:41:51 p.m. Transportó a kurol hacia Mapa187 X:27 Y:65
03/05/2016 07:42:53 p.m. Mensaje a Gms:los shapes de vida y eso estan como muy perfectos, los de tds tapan ese pelin gris que le falta a la izquierda viste donde inicia¿? yo de rompe bolas
03/05/2016 07:42:59 p.m. Transportó a kurol hacia Mapa187 X:44 Y:66
03/05/2016 07:43:01 p.m. Transportó a kurol hacia Mapa187 X:54 Y:65
03/05/2016 07:43:03 p.m. Transportó a kurol hacia Mapa187 X:63 Y:66
03/05/2016 07:43:27 p.m. Transportó a kurol hacia Mapa187 X:55 Y:57
03/05/2016 07:43:29 p.m. Transportó a kurol hacia Mapa187 X:56 Y:50
03/05/2016 07:43:37 p.m. /CI: 20
03/05/2016 07:43:40 p.m. /DEST
03/05/2016 07:43:42 p.m. /CI: 402
03/05/2016 07:43:43 p.m. Agarro:100 Objeto:Espada mata dragones
03/05/2016 07:45:13 p.m. /IRCERCA nhelk Mapa:1 X:50 Y:51
03/05/2016 07:45:15 p.m. /INVISIBLE
03/05/2016 07:45:16 p.m. Agarro:1 Objeto:Hacha de bárbaro
03/05/2016 07:45:22 p.m. Mensaje Broadcast:Si herrero.
03/05/2016 07:46:12 p.m. Transportó a kurol hacia Mapa1 X:52 Y:54
03/05/2016 07:46:13 p.m. /INVISIBLE
03/05/2016 07:47:51 p.m. Mensaje a Gms:como me gusta el alpha que tiene 
03/05/2016 07:48:42 p.m. Sumoneó a Lobo en mapa 1
03/05/2016 07:48:53 p.m. Sumoneó a Lobo en mapa 1
03/05/2016 07:50:20 p.m. Tiró cantidad:1 Objeto:Espada mata dragones
03/05/2016 07:50:21 p.m. Tiró cantidad:1 Objeto:Espada mata dragones
03/05/2016 07:50:24 p.m. Agarro:2 Objeto:Espada mata dragones
03/05/2016 07:50:48 p.m. Tiró cantidad:1 Objeto:Espada mata dragones
03/05/2016 07:50:53 p.m. Agarro:1 Objeto:Espada mata dragones
03/05/2016 07:51:07 p.m. Tiró cantidad:1 Objeto:Espada mata dragones
03/05/2016 07:51:09 p.m. Tiró cantidad:1 Objeto:Espada mata dragones
03/05/2016 07:51:09 p.m. Agarro:1 Objeto:Espada mata dragones
03/05/2016 07:51:10 p.m. Agarro:1 Objeto:Espada mata dragones
03/05/2016 07:51:29 p.m. Tiró cantidad:1 Objeto:Espada mata dragones
03/05/2016 07:51:31 p.m. Agarro:1 Objeto:Espada mata dragones
03/05/2016 07:51:39 p.m. Agarro:7 Objeto:Espada de plata
03/05/2016 07:51:52 p.m. Tiró cantidad:1 Objeto:Espada de plata
03/05/2016 07:51:55 p.m. Tiró cantidad:1 Objeto:Espada de plata
03/05/2016 07:52:00 p.m. Tiró cantidad:1 Objeto:Espada de plata
03/05/2016 07:52:01 p.m. Tiró cantidad:1 Objeto:Espada de plata
03/05/2016 07:52:02 p.m. Tiró cantidad:1 Objeto:Espada de plata
03/05/2016 07:52:03 p.m. Agarro:1 Objeto:Espada de plata
03/05/2016 07:52:04 p.m. Agarro:1 Objeto:Espada de plata
03/05/2016 07:52:05 p.m. Agarro:2 Objeto:Espada de plata
03/05/2016 07:52:05 p.m. Agarro:1 Objeto:Espada de plata
03/05/2016 07:52:05 p.m. Agarro:4 Objeto:Hacha de bárbaro
03/05/2016 07:52:21 p.m. Agarro:10000 Objeto:Monedas de oro
03/05/2016 07:52:22 p.m. Agarro:10000 Objeto:Monedas de oro
03/05/2016 07:55:35 p.m. Se conecto con ip:179.39.57.166
03/05/2016 07:55:52 p.m. Transportó a kurol hacia Mapa1 X:51 Y:54
03/05/2016 07:55:53 p.m. Transportó a kurol hacia Mapa1 X:50 Y:55
03/05/2016 07:55:53 p.m. Transportó a kurol hacia Mapa1 X:47 Y:58
03/05/2016 07:55:53 p.m. Transportó a kurol hacia Mapa1 X:41 Y:60
03/05/2016 07:55:54 p.m. Transportó a kurol hacia Mapa1 X:41 Y:65
03/05/2016 07:55:54 p.m. Transportó a kurol hacia Mapa1 X:38 Y:64
03/05/2016 07:55:55 p.m. Transportó a kurol hacia Mapa1 X:33 Y:65
03/05/2016 07:55:56 p.m. Transportó a kurol hacia Mapa1 X:28 Y:68
03/05/2016 07:55:58 p.m. Transportó a kurol hacia Mapa1 X:22 Y:70
03/05/2016 07:55:59 p.m. Transportó a kurol hacia Mapa40 X:45 Y:18
03/05/2016 07:55:59 p.m. Transportó a kurol hacia Mapa40 X:45 Y:16
03/05/2016 07:56:07 p.m. Transportó a kurol hacia Mapa47 X:50 Y:50
03/05/2016 07:56:09 p.m. Transportó a kurol hacia Mapa47 X:50 Y:52
03/05/2016 07:56:13 p.m. Transportó a kurol hacia Mapa48 X:50 Y:50
03/05/2016 07:56:14 p.m. Transportó a kurol hacia Mapa48 X:48 Y:54
03/05/2016 07:56:15 p.m. Transportó a kurol hacia Mapa48 X:46 Y:58
03/05/2016 07:56:16 p.m. Transportó a kurol hacia Mapa48 X:40 Y:62
03/05/2016 07:56:18 p.m. Transportó a kurol hacia Mapa48 X:33 Y:66
03/05/2016 07:56:20 p.m. Transportó a kurol hacia Mapa48 X:33 Y:72
03/05/2016 07:56:31 p.m. Transportó a kurol hacia Mapa125 X:50 Y:50
03/05/2016 07:56:35 p.m. Transportó a kurol hacia Mapa109 X:50 Y:50
03/05/2016 07:56:38 p.m. Transportó a kurol hacia Mapa183 X:50 Y:50
03/05/2016 07:56:39 p.m. Transportó a kurol hacia Mapa183 X:52 Y:49
03/05/2016 07:56:40 p.m. Transportó a kurol hacia Mapa183 X:56 Y:53
03/05/2016 07:56:42 p.m. Transportó a kurol hacia Mapa183 X:53 Y:47
03/05/2016 07:56:43 p.m. Transportó a kurol hacia Mapa183 X:53 Y:43
03/05/2016 07:56:43 p.m. Transportó a kurol hacia Mapa183 X:55 Y:39
03/05/2016 07:56:44 p.m. Transportó a kurol hacia Mapa183 X:57 Y:36
03/05/2016 07:56:45 p.m. Transportó a kurol hacia Mapa77 X:46 Y:87
03/05/2016 07:56:46 p.m. Transportó a kurol hacia Mapa77 X:47 Y:83
03/05/2016 07:56:46 p.m. Transportó a kurol hacia Mapa77 X:45 Y:81
03/05/2016 07:56:46 p.m. Transportó a kurol hacia Mapa77 X:46 Y:77
03/05/2016 07:56:47 p.m. Transportó a kurol hacia Mapa77 X:46 Y:72
03/05/2016 07:56:47 p.m. Transportó a kurol hacia Mapa77 X:41 Y:71
03/05/2016 07:56:47 p.m. Transportó a kurol hacia Mapa77 X:41 Y:71
03/05/2016 07:56:48 p.m. Transportó a kurol hacia Mapa77 X:35 Y:71
03/05/2016 07:56:51 p.m. Numero enemigos en mapa 77
03/05/2016 07:56:54 p.m. Transportó a kurol hacia Mapa77 X:29 Y:72
03/05/2016 07:56:55 p.m. Transportó a kurol hacia Mapa77 X:25 Y:76
03/05/2016 07:56:57 p.m. Transportó a kurol hacia Mapa77 X:27 Y:74
03/05/2016 07:56:57 p.m. Transportó a kurol hacia Mapa77 X:26 Y:77
03/05/2016 07:56:58 p.m. Transportó a kurol hacia Mapa77 X:28 Y:73
03/05/2016 07:56:58 p.m. Transportó a kurol hacia Mapa77 X:28 Y:74
03/05/2016 07:56:58 p.m. Transportó a kurol hacia Mapa77 X:31 Y:69
03/05/2016 07:56:59 p.m. Transportó a kurol hacia Mapa77 X:32 Y:71
03/05/2016 07:56:59 p.m. Transportó a kurol hacia Mapa77 X:36 Y:68
03/05/2016 07:57:05 p.m. Transportó a kurol hacia Mapa1 X:80 Y:80
03/05/2016 07:57:08 p.m. Sumoneó a Lobo en mapa 1
03/05/2016 08:00:06 p.m. Se conecto con ip:179.39.57.166
03/05/2016 08:00:47 p.m. Se conecto con ip:179.39.57.166
03/05/2016 08:01:32 p.m. Se conecto con ip:179.39.57.166
03/05/2016 08:01:54 p.m. /INVISIBLE
03/05/2016 08:01:56 p.m. /IRCERCA neya Mapa:170 X:36 Y:33
03/05/2016 08:01:59 p.m. Agarro:10000 Objeto:Monedas de oro
03/05/2016 08:02:10 p.m. /MASSDEST
03/05/2016 08:02:31 p.m. Transportó a Kurol hacia Mapa170 X:26 Y:35
03/05/2016 08:03:06 p.m. /INVISIBLE
03/05/2016 08:03:10 p.m. Resucito a kurol
03/05/2016 08:04:00 p.m. Transportó a Kurol hacia Mapa170 X:42 Y:58
03/05/2016 08:04:00 p.m. Transportó a Kurol hacia Mapa170 X:45 Y:58
03/05/2016 08:04:01 p.m. Transportó a Kurol hacia Mapa170 X:49 Y:58
03/05/2016 08:04:07 p.m. Transportó a Kurol hacia Mapa170 X:29 Y:56
03/05/2016 08:04:08 p.m. Transportó a Kurol hacia Mapa170 X:23 Y:52
03/05/2016 08:04:09 p.m. Transportó a Kurol hacia Mapa170 X:18 Y:51
03/05/2016 08:04:11 p.m. Transportó a Kurol hacia Mapa170 X:13 Y:46
03/05/2016 08:04:18 p.m. /CI: 556
03/05/2016 08:04:19 p.m. Agarro:100 Objeto:En Honor a Vince
03/05/2016 08:04:35 p.m. /MASSDEST
03/05/2016 08:04:39 p.m. /MASSDEST
03/05/2016 08:05:31 p.m. Transportó a Kurol hacia Mapa128 X:79 Y:78
03/05/2016 08:05:59 p.m. /INVISIBLE
03/05/2016 08:06:02 p.m. /IRCERCA nhelk Mapa:1 X:56 Y:48
03/05/2016 08:06:10 p.m. Transportó a Kurol hacia Mapa1 X:75 Y:49
03/05/2016 08:06:13 p.m. Transportó a Kurol hacia Mapa1 X:79 Y:59
03/05/2016 08:06:14 p.m. Transportó a Kurol hacia Mapa1 X:79 Y:59
03/05/2016 08:06:15 p.m. Transportó a Kurol hacia Mapa1 X:78 Y:62
03/05/2016 08:06:30 p.m. Transportó a Kurol hacia Mapa1 X:47 Y:71
03/05/2016 08:06:31 p.m. Transportó a Kurol hacia Mapa1 X:47 Y:64
03/05/2016 08:06:39 p.m. Transportó a Kurol hacia Mapa1 X:40 Y:57
03/05/2016 08:06:40 p.m. Transportó a Kurol hacia Mapa1 X:34 Y:52
03/05/2016 08:06:41 p.m. Transportó a Kurol hacia Mapa1 X:32 Y:46
03/05/2016 08:06:42 p.m. Transportó a Kurol hacia Mapa1 X:32 Y:41
03/05/2016 08:06:43 p.m. Transportó a Kurol hacia Mapa1 X:30 Y:36
03/05/2016 08:06:47 p.m. Transportó a Kurol hacia Mapa1 X:35 Y:39
03/05/2016 08:06:47 p.m. Transportó a Kurol hacia Mapa1 X:42 Y:39
03/05/2016 08:06:47 p.m. Transportó a Kurol hacia Mapa1 X:42 Y:39
03/05/2016 08:06:48 p.m. Transportó a Kurol hacia Mapa1 X:49 Y:38
03/05/2016 08:06:48 p.m. Transportó a Kurol hacia Mapa1 X:56 Y:35
03/05/2016 08:06:49 p.m. Transportó a Kurol hacia Mapa1 X:63 Y:34
03/05/2016 08:06:50 p.m. Transportó a Kurol hacia Mapa1 X:70 Y:35
03/05/2016 08:07:20 p.m. Transportó a Kurol hacia Mapa1 X:79 Y:35
03/05/2016 08:07:26 p.m. Transportó a Kurol hacia Mapa1 X:72 Y:34
03/05/2016 08:07:31 p.m. Transportó a Kurol hacia Mapa1 X:74 Y:41
03/05/2016 08:07:31 p.m. Transportó a Kurol hacia Mapa1 X:73 Y:41
03/05/2016 08:07:32 p.m. Transportó a Kurol hacia Mapa1 X:76 Y:47
03/05/2016 08:07:37 p.m. Transportó a Kurol hacia Mapa1 X:67 Y:54
03/05/2016 08:07:37 p.m. Transportó a Kurol hacia Mapa1 X:65 Y:61
03/05/2016 08:07:38 p.m. Transportó a Kurol hacia Mapa1 X:63 Y:65
03/05/2016 08:07:47 p.m. Mensaje a Gms:ahh, no sabia que los tenian y deja de chitear
03/05/2016 08:07:49 p.m. Transportó a Kurol hacia Mapa1 X:55 Y:66
03/05/2016 08:07:50 p.m. Transportó a Kurol hacia Mapa1 X:48 Y:63
03/05/2016 08:07:54 p.m. Transportó a Kurol hacia Mapa1 X:36 Y:64
03/05/2016 08:08:19 p.m. Mensaje a Gms:es lo que estoy usando klosru
03/05/2016 08:08:32 p.m. Mensaje a Gms:me confundo con denunciar a veces
03/05/2016 08:08:35 p.m. Transportó a Kurol hacia Mapa1 X:42 Y:60
03/05/2016 08:08:36 p.m. Transportó a Kurol hacia Mapa1 X:47 Y:55
03/05/2016 08:08:38 p.m. Transportó a Kurol hacia Mapa1 X:44 Y:49
03/05/2016 08:08:40 p.m. Transportó a Kurol hacia Mapa1 X:45 Y:52
03/05/2016 08:08:41 p.m. Transportó a Kurol hacia Mapa1 X:45 Y:53
03/05/2016 08:08:42 p.m. Transportó a Kurol hacia Mapa1 X:51 Y:48
03/05/2016 08:08:44 p.m. Transportó a Kurol hacia Mapa1 X:57 Y:44
03/05/2016 08:08:45 p.m. Transportó a Kurol hacia Mapa1 X:62 Y:40
03/05/2016 08:08:46 p.m. Transportó a Kurol hacia Mapa1 X:71 Y:35
03/05/2016 08:09:05 p.m. Mensaje a Gms:Si, boludeo tanto con el denunciar en tds que se me pega a veces
03/05/2016 08:09:11 p.m. Transportó a Kurol hacia Mapa1 X:76 Y:49
03/05/2016 08:09:13 p.m. Transportó a Kurol hacia Mapa1 X:77 Y:58
03/05/2016 08:09:15 p.m. Transportó a Kurol hacia Mapa1 X:78 Y:62
03/05/2016 08:09:16 p.m. Transportó a Kurol hacia Mapa1 X:76 Y:65
03/05/2016 08:09:18 p.m. Transportó a Kurol hacia Mapa1 X:77 Y:72
03/05/2016 08:09:28 p.m. Transportó a Kurol hacia Mapa1 X:64 Y:81
03/05/2016 08:09:28 p.m. Transportó a Kurol hacia Mapa1 X:58 Y:79
03/05/2016 08:09:29 p.m. Transportó a Kurol hacia Mapa1 X:52 Y:74
03/05/2016 08:09:30 p.m. Transportó a Kurol hacia Mapa1 X:53 Y:69
03/05/2016 08:09:31 p.m. Transportó a Kurol hacia Mapa1 X:54 Y:62
03/05/2016 08:09:31 p.m. Transportó a Kurol hacia Mapa1 X:55 Y:56
03/05/2016 08:09:39 p.m. Transportó a Kurol hacia Mapa1 X:50 Y:47
03/05/2016 08:09:39 p.m. Transportó a Kurol hacia Mapa1 X:52 Y:52
03/05/2016 08:09:40 p.m. Transportó a Kurol hacia Mapa1 X:52 Y:52
03/05/2016 08:09:42 p.m. Transportó a Kurol hacia Mapa1 X:54 Y:61
03/05/2016 08:09:43 p.m. Transportó a Kurol hacia Mapa1 X:54 Y:68
03/05/2016 08:09:44 p.m. Transportó a Kurol hacia Mapa1 X:49 Y:74
03/05/2016 08:09:45 p.m. Transportó a Kurol hacia Mapa1 X:44 Y:78
03/05/2016 08:09:48 p.m. Transportó a Kurol hacia Mapa1 X:55 Y:78
03/05/2016 08:09:50 p.m. Transportó a Kurol hacia Mapa1 X:65 Y:78
03/05/2016 08:09:58 p.m. Transportó a Kurol hacia Mapa1 X:60 Y:75
03/05/2016 08:10:09 p.m. /IRCERCA yeska Mapa:176 X:20 Y:22
03/05/2016 08:11:19 p.m. /IRCERCA nhelk Mapa:176 X:15 Y:21
03/05/2016 08:11:23 p.m. /INVISIBLE
03/05/2016 08:11:36 p.m. /INVISIBLE
03/05/2016 08:11:42 p.m. Mensaje a Gms:aflojale ya fue jaja
03/05/2016 08:11:50 p.m. Mensaje a Gms:te parte la caveza esto
03/05/2016 08:12:17 p.m. Mensaje a Gms:estaria que pase x colores asi te das cuenta al toque viste jaja
03/05/2016 08:12:49 p.m. Mensaje a Gms:onda sospechas en blanquito, un toque mas en naranja y cndo lo tenes que banear en rojo
03/05/2016 08:13:09 p.m. Transportó a Kurol hacia Mapa1 X:50 Y:50
03/05/2016 08:13:18 p.m. Mensaje a Gms:Y la verdad que si, jaja
03/05/2016 08:13:31 p.m. Mensaje a Gms:Que ban hay¿? banip¿?
03/05/2016 08:14:00 p.m. Mensaje a Gms:La proxima que subas cliente santi dejale configuradas las teclas por defecto y dps al config teclas ponele un caption a los button
03/05/2016 08:14:49 p.m. Mensaje a Gms:Sisi, son huevadas que voy chusmiando nomas jaja, ahora las anoto en bloc de notas y cndo terminas con lo mas trabajoso lo haces
03/05/2016 08:15:32 p.m. Transportó a Kurol hacia Mapa1 X:55 Y:53
03/05/2016 08:15:35 p.m. Transportó a Kurol hacia Mapa1 X:60 Y:58
03/05/2016 08:17:40 p.m. Mensaje a Gms:tiene el balance de alkon o lo modificaste¿?
03/05/2016 08:18:01 p.m. Mensaje a Gms:entonces tiene rason el user
03/05/2016 08:18:27 p.m. Mensaje a Gms:alkon tiene -0.5 en mago y pala 
03/05/2016 08:18:47 p.m. Mensaje a Gms:Ajam, por eso mismo tiene rason el user xD, onda si es todo identico a tds
03/05/2016 08:19:09 p.m. Mensaje a Gms:si santi los pala EO si los promedias con vida de tds te quedan como -80
03/05/2016 08:19:27 p.m. Mensaje a Gms:lo mismo los clero, hay un par de clases que estan con menos vida de lo que da el tds
03/05/2016 08:20:14 p.m. Mensaje a Gms:Dale, ahora lo armo y te lo paso
03/05/2016 08:22:13 p.m. Mensaje a Gms:cuchame, estan las clases de alkon aca no¿?. bandido, etc¿?
03/05/2016 08:23:25 p.m. Mensaje a Gms:(Y)
03/05/2016 08:26:18 p.m. /MOD EXP 20000000  kurol
03/05/2016 08:26:22 p.m. /MOD EXP 20000000  kurol
03/05/2016 08:26:26 p.m. /MOD EXP 20000000  kurol
03/05/2016 08:31:22 p.m. Se conecto con ip:179.39.57.166
03/05/2016 08:31:26 p.m. Transportó a Kurol hacia Mapa191 X:56 Y:52
03/05/2016 08:31:26 p.m. Transportó a Kurol hacia Mapa191 X:58 Y:52
03/05/2016 08:31:27 p.m. Transportó a Kurol hacia Mapa191 X:63 Y:50
03/05/2016 08:31:27 p.m. Transportó a Kurol hacia Mapa191 X:65 Y:50
03/05/2016 08:31:56 p.m. Transportó a Kurol hacia Mapa191 X:73 Y:48
03/05/2016 08:31:56 p.m. Transportó a Kurol hacia Mapa191 X:80 Y:49
03/05/2016 08:33:30 p.m. Mensaje a Gms:Hechizos bruto xD
03/05/2016 08:34:17 p.m. Mensaje a Gms:Lo que vi santi es cierto, el intervalo de lanzar en tds es un milesimo mas rapido y las potas para u + click son un toque mas rapidas
03/05/2016 08:34:38 p.m. Sumoneó a Lobo en mapa 191
03/05/2016 08:35:02 p.m. /MATA 
03/05/2016 08:35:44 p.m. Mensaje a Gms:el balance ya esta santi, te lo paso x face o despues¿?
03/05/2016 08:36:31 p.m. Mensaje a Gms:Algo salio mal Tom, vamos a repetirlo
03/05/2016 08:36:47 p.m. Mensaje a Gms:Fallaste en el YA!!! te falto un "!"
03/05/2016 08:36:59 p.m. Mensaje a Gms:jaja, se, te estoy jodiendo ;P
03/05/2016 08:38:28 p.m. /INVISIBLE
03/05/2016 08:38:30 p.m. Transportó a Kurol hacia Mapa1 X:50 Y:50
03/05/2016 08:38:40 p.m. Transportó a Kurol hacia Mapa1 X:56 Y:46
03/05/2016 08:38:43 p.m. Transportó a Kurol hacia Mapa1 X:63 Y:44
03/05/2016 08:38:44 p.m. Transportó a Kurol hacia Mapa1 X:65 Y:39
03/05/2016 08:39:23 p.m. Mensaje a Gms:no de mufa, pero yo no lo  promocionaria tanto todavia hasta no tener todo organizado, por que ahora va a loguear gente y se va a mufar el ao
03/05/2016 08:39:40 p.m. Mensaje a Gms:osea, loguean y ven que faltan cosas y lo borran, y dps ya ni se gastan en bajarlo por que queda mal visto
03/05/2016 08:40:07 p.m. /INVISIBLE
03/05/2016 08:43:26 p.m. Transportó a Kurol hacia Mapa49 X:44 Y:23
03/05/2016 08:43:32 p.m. Transportó a Kurol hacia Mapa49 X:46 Y:26
03/05/2016 08:45:29 p.m. /INVISIBLE
03/05/2016 08:46:14 p.m. Transportó a Kurol hacia Mapa49 X:53 Y:32
03/05/2016 08:46:16 p.m. Transportó a Kurol hacia Mapa49 X:60 Y:29
03/05/2016 08:46:17 p.m. Transportó a Kurol hacia Mapa49 X:68 Y:28
03/05/2016 08:46:47 p.m. /CI: 406
03/05/2016 08:46:49 p.m. Agarro:100 Objeto:Gema lunar
03/05/2016 08:47:52 p.m. /INVISIBLE
03/05/2016 08:47:55 p.m. /INVISIBLE
03/05/2016 08:47:58 p.m. /IRCERCA molestin Mapa:1 X:66 Y:27
03/05/2016 08:48:04 p.m. /INVISIBLE
03/05/2016 08:51:09 p.m. Tiró cantidad:10000 Objeto:Monedas de oro
03/05/2016 08:51:13 p.m. Tiró cantidad:10000 Objeto:Monedas de oro
03/05/2016 08:51:14 p.m. Agarro:10000 Objeto:Monedas de oro
03/05/2016 08:51:15 p.m. Agarro:10000 Objeto:Monedas de oro
03/05/2016 08:51:57 p.m. Transportó a Kurol hacia Mapa1 X:71 Y:34
03/05/2016 08:52:24 p.m. /INVISIBLE
03/05/2016 08:52:26 p.m. /IRCERCA molestin Mapa:45 X:75 Y:57
03/05/2016 08:52:29 p.m. /INVISIBLE
03/05/2016 08:52:48 p.m. Resucito a molestin
03/05/2016 08:52:53 p.m. /INVISIBLE
03/05/2016 08:52:57 p.m. Transportó a Kurol hacia Mapa45 X:69 Y:55
03/05/2016 08:52:57 p.m. Transportó a Kurol hacia Mapa45 X:69 Y:56
03/05/2016 08:52:57 p.m. Transportó a Kurol hacia Mapa45 X:75 Y:58
03/05/2016 08:57:52 p.m. Transportó a Kurol hacia Mapa45 X:69 Y:50
03/05/2016 08:58:03 p.m. /INVISIBLE
03/05/2016 09:00:03 p.m. Transportó a Kurol hacia Mapa45 X:67 Y:47
03/05/2016 09:00:03 p.m. Transportó a Kurol hacia Mapa45 X:62 Y:49
03/05/2016 09:00:04 p.m. Transportó a Kurol hacia Mapa45 X:62 Y:50
03/05/2016 09:00:07 p.m. Transportó a Kurol hacia Mapa45 X:45 Y:48
03/05/2016 09:00:08 p.m. Transportó a Kurol hacia Mapa45 X:38 Y:43
03/05/2016 09:00:46 p.m. Mensaje a Gms:son 5 on, si no puede con 5 on que se retire jaja
03/05/2016 09:01:02 p.m. Mensaje a Gms:imaginate cuando tenga un evento para 32 onlines, a pleno ;P
03/05/2016 09:01:14 p.m. /CI: 485
03/05/2016 09:01:15 p.m. Agarro:100 Objeto:Armadura Legendaria
03/05/2016 09:01:19 p.m. /CI: 403
03/05/2016 09:01:20 p.m. Agarro:100 Objeto:Espada de plata
03/05/2016 09:01:22 p.m. /CI: 130
03/05/2016 09:01:23 p.m. Agarro:100 Objeto:Escudo de hierro
03/05/2016 09:01:26 p.m. /CI: 131
03/05/2016 09:01:26 p.m. Agarro:100 Objeto:Casco de hierro completo
03/05/2016 09:01:29 p.m. /CI: 132
03/05/2016 09:01:31 p.m. /CI: 133
03/05/2016 09:01:32 p.m. Agarro:100 Objeto:Escudo Imperial
03/05/2016 09:01:34 p.m. /DEST
03/05/2016 09:01:43 p.m. /CI: 129
03/05/2016 09:01:44 p.m. Agarro:100 Objeto:Hacha de guerra dos filos
03/05/2016 09:01:50 p.m. /INVISIBLE
03/05/2016 09:01:53 p.m. /IRCERCA nhelk Mapa:49 X:70 Y:30
03/05/2016 09:02:28 p.m. /IRCERCA klosru Mapa:49 X:60 Y:31
03/05/2016 09:02:33 p.m. Mensaje a Gms:que cosa tom¿?
03/05/2016 09:02:36 p.m. Transportó a Kurol hacia Mapa49 X:64 Y:42
03/05/2016 09:02:37 p.m. Transportó a Kurol hacia Mapa49 X:71 Y:42
03/05/2016 09:02:38 p.m. Transportó a Kurol hacia Mapa49 X:74 Y:38
03/05/2016 09:02:38 p.m. Transportó a Kurol hacia Mapa49 X:71 Y:33
03/05/2016 09:02:39 p.m. Transportó a Kurol hacia Mapa49 X:66 Y:31
03/05/2016 09:02:50 p.m. Transportó a Kurol hacia Mapa49 X:72 Y:29
03/05/2016 09:02:51 p.m. Transportó a Kurol hacia Mapa49 X:75 Y:29
03/05/2016 09:03:01 p.m. Mensaje a Gms:num del draco¿?
03/05/2016 09:03:11 p.m. Mensaje a Gms:si no backupeas el mapa cndo reinicia server se borra
03/05/2016 09:03:14 p.m. Transportó a Kurol hacia Mapa1 X:50 Y:50
03/05/2016 09:03:16 p.m. Sumoneó a Dragón Rojo en mapa 1
03/05/2016 09:03:24 p.m. Mensaje Broadcast:Ullathorpe, 1 draco para entrenamiento
03/05/2016 09:03:35 p.m. /IRCERCA nhelk Mapa:49 X:70 Y:30
03/05/2016 09:04:45 p.m. Mensaje a Gms:Los items en el mapa laguea y si se va a usar para todos los eventos el mismo mapa no es muy conveniente
03/05/2016 09:07:06 p.m. Mensaje a Gms:Estoy aca, premio¿?
03/05/2016 09:07:55 p.m. Mensaje a Gms:okas
03/05/2016 09:08:06 p.m. /CI: 710
03/05/2016 09:08:18 p.m. Mensaje a Gms:veni a ver hay una prostituta en lugar de la copa
03/05/2016 09:08:24 p.m. Transportó a Kurol hacia Mapa49 X:70 Y:28
03/05/2016 09:08:34 p.m. /INVISIBLE
03/05/2016 09:08:39 p.m. Resucito a nebrashka
03/05/2016 09:08:44 p.m. Mensaje Broadcast:Empata yeska
03/05/2016 09:08:49 p.m. Transportó a Kurol hacia Mapa49 X:79 Y:26
03/05/2016 09:08:52 p.m. /DEST
03/05/2016 09:08:54 p.m. Transportó a Kurol hacia Mapa49 X:70 Y:31
03/05/2016 09:09:04 p.m. Mensaje a Gms:es a 1 ronda¿?
03/05/2016 09:09:22 p.m. Mensaje a Gms:por eso, ahora no van 1 a 1¿?
03/05/2016 09:09:38 p.m. Mensaje Broadcast:Yeska pasa de ronda
03/05/2016 09:09:43 p.m. Transportó a NEBRASHkA hacia Mapa1 X:50 Y:50
03/05/2016 09:09:55 p.m. Mensaje Broadcast:Envie el siguiente participante. Yeska suma 1 victoria.
03/05/2016 09:10:12 p.m. /SUM nebrashka Map:49 X:70 Y:31
03/05/2016 09:10:21 p.m. Mensaje Broadcast:Entra nebrashka por cuarta vez, esquinas:
03/05/2016 09:10:25 p.m. Mensaje Broadcast:Sale en:
03/05/2016 09:10:27 p.m. Mensaje Broadcast:3
03/05/2016 09:10:28 p.m. Mensaje Broadcast:2
03/05/2016 09:10:31 p.m. Mensaje Broadcast:1
03/05/2016 09:10:33 p.m. Mensaje Broadcast:YA
03/05/2016 09:10:37 p.m. Transportó a Kurol hacia Mapa49 X:70 Y:30
03/05/2016 09:13:01 p.m. Mensaje Broadcast:Vuelve a ganar yeska
03/05/2016 09:14:02 p.m. Mensaje Broadcast:Ganador del evento "YESKA"
03/05/2016 09:14:07 p.m. Transportó a NEBRASHkA hacia Mapa1 X:50 Y:50
03/05/2016 09:14:15 p.m. /CI: 409
03/05/2016 09:14:16 p.m. Agarro:100 Objeto:Gema celeste
03/05/2016 09:14:22 p.m. /CI: 412
03/05/2016 09:14:23 p.m. Agarro:100 Objeto:Gema verde
03/05/2016 09:14:27 p.m. /CI: 410
03/05/2016 09:14:27 p.m. Agarro:100 Objeto:Gema lila
03/05/2016 09:14:32 p.m. Transportó a Kurol hacia Mapa49 X:76 Y:26
03/05/2016 09:14:32 p.m. Transportó a Kurol hacia Mapa49 X:76 Y:27
03/05/2016 09:14:32 p.m. Transportó a Kurol hacia Mapa49 X:84 Y:27
03/05/2016 09:14:32 p.m. Transportó a Kurol hacia Mapa49 X:84 Y:27
03/05/2016 09:14:33 p.m. Transportó a Kurol hacia Mapa49 X:91 Y:28
03/05/2016 09:14:40 p.m. Tiró cantidad:1 Objeto:Gema verde
03/05/2016 09:14:42 p.m. /CI: 407
03/05/2016 09:14:44 p.m. Agarro:1 Objeto:Gema verde
03/05/2016 09:14:45 p.m. Tiró cantidad:100 Objeto:Gema verde
03/05/2016 09:14:48 p.m. /DEST
03/05/2016 09:14:48 p.m. Agarro:100 Objeto:Gema azul
03/05/2016 09:14:49 p.m. Tiró cantidad:1 Objeto:Gema azul
03/05/2016 09:14:52 p.m. Tiró cantidad:10000 Objeto:Monedas de oro
03/05/2016 09:14:52 p.m. Tiró cantidad:10000 Objeto:Monedas de oro
03/05/2016 09:14:53 p.m. Tiró cantidad:10000 Objeto:Monedas de oro
03/05/2016 09:14:53 p.m. Tiró cantidad:10000 Objeto:Monedas de oro
03/05/2016 09:14:53 p.m. Tiró cantidad:10000 Objeto:Monedas de oro
03/05/2016 09:14:54 p.m. Tiró cantidad:10000 Objeto:Monedas de oro
03/05/2016 09:14:54 p.m. Tiró cantidad:10000 Objeto:Monedas de oro
03/05/2016 09:14:55 p.m. Tiró cantidad:10000 Objeto:Monedas de oro
03/05/2016 09:14:55 p.m. Tiró cantidad:10000 Objeto:Monedas de oro
03/05/2016 09:14:57 p.m. Tiró cantidad:10000 Objeto:Monedas de oro
03/05/2016 09:14:59 p.m. Tiró cantidad:10000 Objeto:Monedas de oro
03/05/2016 09:14:59 p.m. Tiró cantidad:10000 Objeto:Monedas de oro
03/05/2016 09:15:00 p.m. Tiró cantidad:10000 Objeto:Monedas de oro
03/05/2016 09:15:00 p.m. Tiró cantidad:10000 Objeto:Monedas de oro
03/05/2016 09:15:00 p.m. Tiró cantidad:10000 Objeto:Monedas de oro
03/05/2016 09:15:01 p.m. Tiró cantidad:10000 Objeto:Monedas de oro
03/05/2016 09:15:01 p.m. Tiró cantidad:10000 Objeto:Monedas de oro
03/05/2016 09:15:02 p.m. Tiró cantidad:10000 Objeto:Monedas de oro
03/05/2016 09:15:02 p.m. Tiró cantidad:10000 Objeto:Monedas de oro
03/05/2016 09:15:02 p.m. Tiró cantidad:10000 Objeto:Monedas de oro
03/05/2016 09:15:03 p.m. Tiró cantidad:10000 Objeto:Monedas de oro
03/05/2016 09:15:03 p.m. Tiró cantidad:10000 Objeto:Monedas de oro
03/05/2016 09:15:04 p.m. Tiró cantidad:10000 Objeto:Monedas de oro
03/05/2016 09:15:04 p.m. Tiró cantidad:10000 Objeto:Monedas de oro
03/05/2016 09:15:04 p.m. Tiró cantidad:10000 Objeto:Monedas de oro
03/05/2016 09:15:15 p.m. /CI: 532
03/05/2016 09:15:18 p.m. Tiró cantidad:100 Objeto:Gema celeste
03/05/2016 09:15:19 p.m. /DEST
03/05/2016 09:15:20 p.m. Agarro:100 Objeto:Apocalipsis
03/05/2016 09:15:23 p.m. Tiró cantidad:25 Objeto:Apocalipsis
03/05/2016 09:15:32 p.m. /DEST
03/05/2016 09:15:32 p.m. Tiró cantidad:1 Objeto:Escudo Imperial
03/05/2016 09:15:37 p.m. /DEST
03/05/2016 09:15:39 p.m. Tiró cantidad:1 Objeto:Anillo de Disolución Mágica
03/05/2016 09:16:01 p.m. /SUM yeska Map:49 X:88 Y:31
03/05/2016 09:16:24 p.m. Mensaje a Gms:Coleccionables
03/05/2016 09:17:25 p.m. Transportó a Yeska hacia Mapa1 X:50 Y:50
03/05/2016 09:18:05 p.m. Transportó a Kurol hacia Mapa49 X:80 Y:27
03/05/2016 09:18:06 p.m. Transportó a Kurol hacia Mapa49 X:77 Y:25
03/05/2016 09:18:06 p.m. Transportó a Kurol hacia Mapa49 X:74 Y:28
03/05/2016 09:18:07 p.m. Transportó a Kurol hacia Mapa49 X:75 Y:27
03/05/2016 09:18:19 p.m. /Donde potoko
03/05/2016 09:18:22 p.m. /IRA potoko Mapa:175 X:25 Y:28
03/05/2016 09:19:28 p.m. Sumoneó a Dragón Rojo en mapa 175
03/05/2016 09:19:55 p.m. /INVISIBLE
03/05/2016 09:19:58 p.m. /IRCERCA potoko Mapa:175 X:25 Y:64
03/05/2016 09:20:04 p.m. Transportó a Kurol hacia Mapa139 X:50 Y:48
03/05/2016 09:20:16 p.m. Mensaje a Gms:uh veni xq me transporte
03/05/2016 09:20:18 p.m. /INVISIBLE
03/05/2016 09:20:23 p.m. Mensaje a Gms:estaba probando los viajes
03/05/2016 09:20:54 p.m. Transportó a Kurol hacia Mapa175 X:59 Y:49
03/05/2016 09:20:54 p.m. Transportó a Kurol hacia Mapa175 X:60 Y:47
03/05/2016 09:20:54 p.m. Transportó a Kurol hacia Mapa175 X:67 Y:44
03/05/2016 09:20:55 p.m. Transportó a Kurol hacia Mapa175 X:73 Y:43
03/05/2016 09:20:55 p.m. Transportó a Kurol hacia Mapa175 X:76 Y:39
03/05/2016 09:20:56 p.m. Transportó a Kurol hacia Mapa175 X:77 Y:33
03/05/2016 09:20:57 p.m. Transportó a Kurol hacia Mapa175 X:78 Y:35
03/05/2016 09:21:03 p.m. Transportó a Kurol hacia Mapa188 X:16 Y:29
03/05/2016 09:21:03 p.m. Transportó a Kurol hacia Mapa188 X:17 Y:28
03/05/2016 09:21:03 p.m. Transportó a Kurol hacia Mapa188 X:20 Y:25
03/05/2016 09:21:03 p.m. Transportó a Kurol hacia Mapa188 X:22 Y:28
03/05/2016 09:21:19 p.m. Transportó a Kurol hacia Mapa188 X:19 Y:35
03/05/2016 09:21:19 p.m. Transportó a Kurol hacia Mapa188 X:25 Y:40
03/05/2016 09:21:20 p.m. Transportó a Kurol hacia Mapa188 X:31 Y:45
03/05/2016 09:21:20 p.m. Transportó a Kurol hacia Mapa188 X:31 Y:46
03/05/2016 09:21:20 p.m. Transportó a Kurol hacia Mapa188 X:37 Y:51
03/05/2016 09:21:20 p.m. Transportó a Kurol hacia Mapa188 X:36 Y:44
03/05/2016 09:21:21 p.m. Transportó a Kurol hacia Mapa188 X:42 Y:47
03/05/2016 09:21:21 p.m. Transportó a Kurol hacia Mapa188 X:41 Y:40
03/05/2016 09:21:21 p.m. Transportó a Kurol hacia Mapa188 X:46 Y:42
03/05/2016 09:21:22 p.m. Transportó a Kurol hacia Mapa188 X:50 Y:37
03/05/2016 09:21:40 p.m. Transportó a Kurol hacia Mapa188 X:57 Y:39
03/05/2016 09:22:49 p.m. Transportó a Kurol hacia Mapa1 X:70 Y:50
03/05/2016 09:22:53 p.m. Transportó a Kurol hacia Mapa1 X:71 Y:56
03/05/2016 09:22:53 p.m. Transportó a Kurol hacia Mapa1 X:69 Y:57
03/05/2016 09:22:54 p.m. Transportó a Kurol hacia Mapa1 X:65 Y:62
03/05/2016 09:22:54 p.m. Transportó a Kurol hacia Mapa1 X:64 Y:62
03/05/2016 09:22:54 p.m. Transportó a Kurol hacia Mapa1 X:64 Y:62
03/05/2016 09:22:54 p.m. Transportó a Kurol hacia Mapa1 X:59 Y:66
03/05/2016 09:22:54 p.m. Transportó a Kurol hacia Mapa1 X:59 Y:66
03/05/2016 09:22:54 p.m. Transportó a Kurol hacia Mapa1 X:58 Y:66
03/05/2016 09:22:58 p.m. Transportó a Kurol hacia Mapa1 X:53 Y:71
03/05/2016 09:24:23 p.m. Mensaje a Gms:no estoy con vos yo
03/05/2016 09:24:30 p.m. Mensaje a Gms:estoy en ulla
03/05/2016 09:26:38 p.m. Mensaje a Gms:no estan implementados
03/05/2016 09:28:34 p.m. Mensaje a Gms:Eso lo va a implementar santi seguramente, pero al servidor le faltan muchas cosas, esta la base pero falta rellenarla
03/05/2016 09:28:46 p.m. Mensaje a Gms:Seguridad, torneos, retos, interfaces
03/05/2016 09:29:45 p.m. Mensaje a Gms:vuelvo en un ratito
03/05/2016 10:37:32 p.m. Se conecto con ip:179.39.57.166
03/05/2016 10:37:38 p.m. /INVISIBLE
12/10/2016 01:15:51 p.m. Se conecto con ip:127.0.0.1
12/10/2016 01:17:07 p.m. Se conecto con ip:127.0.0.1
12/10/2016 01:18:35 p.m. Transportó a Kurol hacia Mapa1 X:50 Y:57
12/10/2016 01:18:37 p.m. Transportó a Kurol hacia Mapa1 X:56 Y:62
12/10/2016 01:18:38 p.m. Transportó a Kurol hacia Mapa1 X:60 Y:67
12/10/2016 01:18:39 p.m. Transportó a Kurol hacia Mapa1 X:60 Y:72
12/10/2016 01:18:39 p.m. Transportó a Kurol hacia Mapa1 X:58 Y:78
12/10/2016 01:18:40 p.m. Transportó a Kurol hacia Mapa1 X:56 Y:84
12/10/2016 01:18:43 p.m. Transportó a Kurol hacia Mapa1 X:65 Y:83
12/10/2016 01:18:43 p.m. Transportó a Kurol hacia Mapa1 X:74 Y:82
12/10/2016 01:18:45 p.m. Transportó a Kurol hacia Mapa1 X:78 Y:80
12/10/2016 01:18:45 p.m. Transportó a Kurol hacia Mapa1 X:80 Y:76
12/10/2016 01:18:46 p.m. Transportó a Kurol hacia Mapa1 X:80 Y:72
12/10/2016 01:18:47 p.m. Transportó a Kurol hacia Mapa1 X:77 Y:67
12/10/2016 01:18:48 p.m. Transportó a Kurol hacia Mapa1 X:74 Y:62
12/10/2016 01:18:52 p.m. Transportó a Kurol hacia Mapa1 X:69 Y:59
12/10/2016 01:18:52 p.m. Transportó a Kurol hacia Mapa1 X:64 Y:56
12/10/2016 01:18:53 p.m. Transportó a Kurol hacia Mapa1 X:63 Y:54
12/10/2016 01:19:24 p.m. Transportó a Kurol hacia Mapa1 X:67 Y:53
12/10/2016 01:19:25 p.m. Transportó a Kurol hacia Mapa1 X:69 Y:51
12/10/2016 01:19:26 p.m. Transportó a Kurol hacia Mapa1 X:66 Y:48
12/10/2016 01:19:26 p.m. Transportó a Kurol hacia Mapa1 X:61 Y:45
12/10/2016 01:19:27 p.m. Transportó a Kurol hacia Mapa1 X:59 Y:44
12/10/2016 04:07:33 p.m. Se conecto con ip:127.0.0.1
12/10/2016 04:08:27 p.m. Se conecto con ip:127.0.0.1
12/10/2016 04:09:11 p.m. Se conecto con ip:127.0.0.1
31/10/2016 03:23:25 a.m. Se conecto con ip:127.0.0.1
31/10/2016 03:23:32 a.m. Transportó a KUROL hacia Mapa1 X:58 Y:47
31/10/2016 03:23:33 a.m. Transportó a KUROL hacia Mapa1 X:55 Y:52
31/10/2016 03:23:33 a.m. Transportó a KUROL hacia Mapa1 X:48 Y:57
31/10/2016 03:23:35 a.m. Transportó a KUROL hacia Mapa1 X:43 Y:55
31/10/2016 03:23:42 a.m. /MOD EXP 20000000  kurol
31/10/2016 03:23:47 a.m. Transportó a KUROL hacia Mapa1 X:47 Y:52
31/10/2016 03:23:47 a.m. Transportó a KUROL hacia Mapa1 X:50 Y:49
31/10/2016 03:23:48 a.m. Transportó a KUROL hacia Mapa1 X:52 Y:49
31/10/2016 03:24:07 a.m. Transportó a KUROL hacia Mapa1 X:51 Y:52
31/10/2016 03:24:07 a.m. Transportó a KUROL hacia Mapa1 X:51 Y:57
31/10/2016 03:24:08 a.m. Transportó a KUROL hacia Mapa1 X:50 Y:60
31/10/2016 03:24:09 a.m. Transportó a KUROL hacia Mapa1 X:48 Y:64
31/10/2016 03:24:09 a.m. Transportó a KUROL hacia Mapa1 X:40 Y:65
31/10/2016 03:24:10 a.m. Transportó a KUROL hacia Mapa1 X:34 Y:65
31/10/2016 03:24:16 a.m. /MOD ORO 5000000  kurol
31/10/2016 03:24:18 a.m. Transportó a KUROL hacia Mapa1 X:35 Y:63
31/10/2016 03:24:22 a.m. Transportó a KUROL hacia Mapa1 X:41 Y:58
31/10/2016 03:24:23 a.m. Transportó a KUROL hacia Mapa1 X:48 Y:53
31/10/2016 03:24:23 a.m. Transportó a KUROL hacia Mapa1 X:55 Y:48
31/10/2016 03:24:24 a.m. Transportó a KUROL hacia Mapa1 X:58 Y:42
31/10/2016 03:24:25 a.m. Transportó a KUROL hacia Mapa1 X:57 Y:41
31/10/2016 03:24:29 a.m. Transportó a KUROL hacia Mapa1 X:58 Y:39
31/10/2016 03:24:32 a.m. Transportó a KUROL hacia Mapa1 X:61 Y:41
31/10/2016 03:24:35 a.m. Transportó a KUROL hacia Mapa1 X:61 Y:46
31/10/2016 03:24:38 a.m. Transportó a KUROL hacia Mapa1 X:58 Y:48
31/10/2016 03:24:46 a.m. Transportó a KUROL hacia Mapa1 X:54 Y:43
31/10/2016 03:24:47 a.m. Transportó a KUROL hacia Mapa1 X:55 Y:41
31/10/2016 03:25:26 a.m. Transportó a KUROL hacia Mapa1 X:59 Y:45
31/10/2016 03:25:28 a.m. /CI: 129
31/10/2016 03:25:41 a.m. Agarro:100 Objeto:Hacha de guerra dos filos
31/10/2016 03:25:44 a.m. /CI: 130
31/10/2016 03:25:45 a.m. Agarro:100 Objeto:Escudo de hierro
31/10/2016 03:25:49 a.m. /CI: 125
31/10/2016 03:25:55 a.m. /CI: 145
31/10/2016 03:25:59 a.m. /DEST
31/10/2016 03:26:05 a.m. /DEST
31/10/2016 03:26:10 a.m. Tiró cantidad:99 Objeto:Escudo de hierro
31/10/2016 03:26:13 a.m. Tiró cantidad:9 Objeto:Hacha de guerra dos filos
31/10/2016 03:26:21 a.m. Tiró cantidad:78 Objeto:Hacha de guerra dos filos
31/10/2016 03:26:24 a.m. Tiró cantidad:12 Objeto:Hacha de guerra dos filos
31/10/2016 03:26:26 a.m. /DEST
31/10/2016 03:26:29 a.m. /DEST
31/10/2016 03:26:30 a.m. /DEST
31/10/2016 03:26:32 a.m. /DEST
31/10/2016 03:26:36 a.m. Transportó a KUROL hacia Mapa1 X:57 Y:48
31/10/2016 03:26:41 a.m. Transportó a KUROL hacia Mapa1 X:58 Y:45
31/10/2016 03:26:54 a.m. Se conecto con ip:127.0.0.1
31/10/2016 03:26:56 a.m. Transportó a Kurol hacia Mapa1 X:58 Y:45
31/10/2016 03:27:03 a.m. Transportó a Kurol hacia Mapa1 X:59 Y:48
31/10/2016 03:27:03 a.m. Transportó a Kurol hacia Mapa1 X:59 Y:52
31/10/2016 03:27:03 a.m. Transportó a Kurol hacia Mapa1 X:56 Y:56
31/10/2016 03:27:04 a.m. Transportó a Kurol hacia Mapa1 X:53 Y:60
31/10/2016 03:27:04 a.m. Transportó a Kurol hacia Mapa1 X:51 Y:66
31/10/2016 03:27:04 a.m. Transportó a Kurol hacia Mapa1 X:51 Y:72
31/10/2016 03:27:05 a.m. Transportó a Kurol hacia Mapa1 X:49 Y:77
31/10/2016 03:27:05 a.m. Transportó a Kurol hacia Mapa1 X:44 Y:81
31/10/2016 03:27:06 a.m. Transportó a Kurol hacia Mapa1 X:44 Y:76
31/10/2016 03:27:07 a.m. Transportó a Kurol hacia Mapa1 X:39 Y:73
31/10/2016 03:27:07 a.m. Transportó a Kurol hacia Mapa1 X:36 Y:68
31/10/2016 03:27:07 a.m. Transportó a Kurol hacia Mapa1 X:35 Y:65
31/10/2016 03:27:08 a.m. Transportó a Kurol hacia Mapa1 X:30 Y:64
31/10/2016 03:27:08 a.m. Transportó a Kurol hacia Mapa1 X:28 Y:60
31/10/2016 03:27:08 a.m. Transportó a Kurol hacia Mapa1 X:31 Y:57
31/10/2016 03:27:09 a.m. Transportó a Kurol hacia Mapa1 X:38 Y:53
31/10/2016 03:27:10 a.m. Transportó a Kurol hacia Mapa1 X:46 Y:51
31/10/2016 03:27:11 a.m. Transportó a Kurol hacia Mapa1 X:53 Y:50
31/10/2016 03:27:16 a.m. Transportó a Kurol hacia Mapa183 X:50 Y:50
31/10/2016 03:27:18 a.m. Transportó a Kurol hacia Mapa183 X:55 Y:46
31/10/2016 03:27:20 a.m. Transportó a Kurol hacia Mapa183 X:56 Y:41
31/10/2016 03:27:21 a.m. Transportó a Kurol hacia Mapa183 X:55 Y:37
31/10/2016 03:27:42 a.m. Transportó a Kurol hacia Mapa183 X:57 Y:36
31/10/2016 03:27:43 a.m. Transportó a Kurol hacia Mapa77 X:47 Y:89
31/10/2016 03:27:44 a.m. Transportó a Kurol hacia Mapa77 X:47 Y:85
31/10/2016 03:27:44 a.m. Transportó a Kurol hacia Mapa77 X:50 Y:80
31/10/2016 03:27:44 a.m. Transportó a Kurol hacia Mapa77 X:55 Y:78
31/10/2016 03:27:44 a.m. Transportó a Kurol hacia Mapa77 X:57 Y:73
31/10/2016 03:27:45 a.m. Transportó a Kurol hacia Mapa77 X:56 Y:68
31/10/2016 03:27:46 a.m. Transportó a Kurol hacia Mapa77 X:58 Y:74
31/10/2016 03:27:46 a.m. Transportó a Kurol hacia Mapa77 X:63 Y:70
31/10/2016 03:28:00 a.m. /CI: 130
31/10/2016 03:28:00 a.m. Agarro:100 Objeto:Escudo de hierro
31/10/2016 03:28:05 a.m. /CI: 530
31/10/2016 03:28:06 a.m. Agarro:100 Objeto:Inmovilizar
31/10/2016 03:28:12 a.m. /MOD SKILLS magia 100 kurol
31/10/2016 03:28:49 a.m. /MOD SKILLS combate+con+armas 200 kurol
31/10/2016 03:30:42 a.m. Transportó a Kurol hacia Mapa77 X:61 Y:70
31/10/2016 03:31:36 a.m. Sumoneó a Banquero en mapa 77
31/10/2016 03:31:56 a.m. /MATA 
31/10/2016 03:31:58 a.m. Transportó a Kurol hacia Mapa77 X:65 Y:69
31/10/2016 03:31:58 a.m. Transportó a Kurol hacia Mapa77 X:65 Y:70
31/10/2016 03:32:35 a.m. Agarro:1000 Objeto:Monedas de oro
31/10/2016 03:32:44 a.m. Transportó a Kurol hacia Mapa1 X:50 Y:50
31/10/2016 03:32:51 a.m. Sumoneó a Murcielago en mapa 1
31/10/2016 03:34:44 a.m. Se conecto con ip:127.0.0.1
31/10/2016 03:38:29 a.m. Transportó a Kurol hacia Mapa1 X:48 Y:51
31/10/2016 03:38:30 a.m. Transportó a Kurol hacia Mapa1 X:52 Y:54
31/10/2016 03:38:30 a.m. Transportó a Kurol hacia Mapa1 X:57 Y:58
31/10/2016 03:38:31 a.m. Transportó a Kurol hacia Mapa1 X:61 Y:57
31/10/2016 03:38:31 a.m. Transportó a Kurol hacia Mapa1 X:59 Y:57
31/10/2016 03:38:31 a.m. Transportó a Kurol hacia Mapa1 X:58 Y:60
31/10/2016 03:38:31 a.m. Transportó a Kurol hacia Mapa1 X:59 Y:64
31/10/2016 03:38:32 a.m. Transportó a Kurol hacia Mapa1 X:63 Y:68
31/10/2016 03:38:32 a.m. Transportó a Kurol hacia Mapa1 X:68 Y:74
31/10/2016 03:38:33 a.m. Transportó a Kurol hacia Mapa1 X:74 Y:72
31/10/2016 03:38:33 a.m. Transportó a Kurol hacia Mapa1 X:78 Y:66
31/10/2016 03:38:34 a.m. Transportó a Kurol hacia Mapa1 X:80 Y:64
31/10/2016 03:38:35 a.m. Transportó a Kurol hacia Mapa1 X:77 Y:61
31/10/2016 03:38:36 a.m. Transportó a Kurol hacia Mapa1 X:74 Y:56
31/10/2016 03:38:37 a.m. Transportó a Kurol hacia Mapa1 X:70 Y:51
31/10/2016 03:38:38 a.m. Transportó a Kurol hacia Mapa1 X:65 Y:47
31/10/2016 03:38:38 a.m. Transportó a Kurol hacia Mapa1 X:58 Y:43
31/10/2016 03:38:39 a.m. Transportó a Kurol hacia Mapa1 X:55 Y:37
31/10/2016 03:38:40 a.m. Transportó a Kurol hacia Mapa1 X:59 Y:36
31/10/2016 03:38:40 a.m. Transportó a Kurol hacia Mapa1 X:63 Y:32
31/10/2016 03:38:41 a.m. Transportó a Kurol hacia Mapa1 X:61 Y:30
31/10/2016 03:38:42 a.m. Transportó a Kurol hacia Mapa1 X:67 Y:35
31/10/2016 03:38:42 a.m. Transportó a Kurol hacia Mapa1 X:72 Y:36
31/10/2016 03:38:43 a.m. Transportó a Kurol hacia Mapa1 X:64 Y:39
31/10/2016 03:38:44 a.m. Transportó a Kurol hacia Mapa1 X:60 Y:42
31/10/2016 03:38:44 a.m. Transportó a Kurol hacia Mapa1 X:55 Y:48
31/10/2016 03:38:45 a.m. Transportó a Kurol hacia Mapa1 X:57 Y:46
31/10/2016 03:39:29 a.m. Se conecto con ip:127.0.0.1
31/10/2016 03:19:17 p.m. Se conecto con ip:127.0.0.1
31/10/2016 03:19:29 p.m. Transportó a Kurol hacia Mapa1 X:60 Y:53
31/10/2016 03:19:30 p.m. Transportó a Kurol hacia Mapa1 X:57 Y:59
31/10/2016 03:19:30 p.m. Transportó a Kurol hacia Mapa1 X:53 Y:62
31/10/2016 03:19:31 p.m. Transportó a Kurol hacia Mapa1 X:48 Y:64
31/10/2016 03:19:33 p.m. Transportó a Kurol hacia Mapa1 X:53 Y:63
31/10/2016 03:19:37 p.m. /LLUVIA
31/10/2016 03:19:40 p.m. /LLUVIA
31/10/2016 03:19:43 p.m. /LLUVIA
31/10/2016 03:19:45 p.m. /LLUVIA
31/10/2016 03:19:46 p.m. /LLUVIA
31/10/2016 03:19:49 p.m. Transportó a Kurol hacia Mapa1 X:57 Y:61
31/10/2016 03:19:49 p.m. Transportó a Kurol hacia Mapa1 X:61 Y:57
31/10/2016 03:19:50 p.m. Transportó a Kurol hacia Mapa1 X:60 Y:52
31/10/2016 03:19:52 p.m. Transportó a Kurol hacia Mapa1 X:51 Y:53
31/10/2016 03:19:53 p.m. Transportó a Kurol hacia Mapa1 X:45 Y:56
31/10/2016 03:19:54 p.m. Transportó a Kurol hacia Mapa1 X:47 Y:62
31/10/2016 03:19:56 p.m. Transportó a Kurol hacia Mapa1 X:37 Y:64
31/10/2016 03:20:04 p.m. Transportó a Kurol hacia Mapa1 X:43 Y:57
31/10/2016 03:20:05 p.m. Transportó a Kurol hacia Mapa1 X:47 Y:49
31/10/2016 03:20:06 p.m. Transportó a Kurol hacia Mapa1 X:53 Y:44
31/10/2016 03:20:06 p.m. Transportó a Kurol hacia Mapa1 X:56 Y:38
31/10/2016 03:20:07 p.m. Transportó a Kurol hacia Mapa1 X:59 Y:33
31/10/2016 03:20:08 p.m. Transportó a Kurol hacia Mapa1 X:64 Y:37
31/10/2016 03:20:08 p.m. Transportó a Kurol hacia Mapa1 X:70 Y:42
31/10/2016 03:20:08 p.m. Transportó a Kurol hacia Mapa1 X:69 Y:42
31/10/2016 03:20:10 p.m. Transportó a Kurol hacia Mapa1 X:74 Y:46
31/10/2016 03:20:11 p.m. Transportó a Kurol hacia Mapa1 X:79 Y:50
31/10/2016 03:20:12 p.m. Transportó a Kurol hacia Mapa1 X:71 Y:51
31/10/2016 03:21:05 p.m. Se conecto con ip:127.0.0.1
31/10/2016 03:21:07 p.m. Se conecto con ip:127.0.0.1
31/10/2016 03:21:09 p.m. Transportó a Kurol hacia Mapa1 X:64 Y:51
31/10/2016 03:21:10 p.m. Transportó a Kurol hacia Mapa1 X:61 Y:49
31/10/2016 03:21:11 p.m. Transportó a Kurol hacia Mapa1 X:61 Y:47
31/10/2016 03:21:14 p.m. Transportó a Kurol hacia Mapa1 X:61 Y:42
31/10/2016 03:21:16 p.m. Transportó a Kurol hacia Mapa1 X:57 Y:41
31/10/2016 03:21:17 p.m. Transportó a Kurol hacia Mapa1 X:56 Y:45
31/10/2016 03:21:17 p.m. Transportó a Kurol hacia Mapa1 X:55 Y:48
31/10/2016 03:21:17 p.m. Transportó a Kurol hacia Mapa1 X:55 Y:52
31/10/2016 03:21:18 p.m. Transportó a Kurol hacia Mapa1 X:55 Y:57
31/10/2016 03:21:18 p.m. Transportó a Kurol hacia Mapa1 X:55 Y:62
31/10/2016 03:21:19 p.m. Transportó a Kurol hacia Mapa1 X:54 Y:67
31/10/2016 03:21:38 p.m. Transportó a Kurol hacia Mapa1 X:55 Y:65
31/10/2016 03:21:39 p.m. Transportó a Kurol hacia Mapa1 X:56 Y:61
31/10/2016 03:21:40 p.m. Transportó a Kurol hacia Mapa1 X:55 Y:57
31/10/2016 03:21:40 p.m. Transportó a Kurol hacia Mapa1 X:54 Y:55
31/10/2016 03:21:41 p.m. Transportó a Kurol hacia Mapa1 X:54 Y:51
31/10/2016 03:21:41 p.m. Transportó a Kurol hacia Mapa1 X:55 Y:47
31/10/2016 03:21:42 p.m. Transportó a Kurol hacia Mapa1 X:60 Y:46
31/10/2016 03:21:44 p.m. Transportó a Kurol hacia Mapa1 X:63 Y:45
31/10/2016 03:21:51 p.m. Transportó a Kurol hacia Mapa145 X:75 Y:25
31/10/2016 03:21:52 p.m. Transportó a Kurol hacia Mapa145 X:79 Y:29
31/10/2016 03:21:54 p.m. Transportó a Kurol hacia Mapa145 X:74 Y:34
31/10/2016 03:21:54 p.m. Transportó a Kurol hacia Mapa145 X:73 Y:37
31/10/2016 03:21:55 p.m. Transportó a Kurol hacia Mapa145 X:71 Y:42
31/10/2016 03:21:55 p.m. Transportó a Kurol hacia Mapa145 X:69 Y:48
31/10/2016 03:21:55 p.m. Transportó a Kurol hacia Mapa145 X:67 Y:54
31/10/2016 03:21:55 p.m. Transportó a Kurol hacia Mapa145 X:64 Y:55
31/10/2016 03:21:55 p.m. Transportó a Kurol hacia Mapa145 X:60 Y:52
31/10/2016 03:21:56 p.m. Transportó a Kurol hacia Mapa145 X:56 Y:49
31/10/2016 03:21:56 p.m. Transportó a Kurol hacia Mapa145 X:55 Y:45
31/10/2016 03:21:56 p.m. Transportó a Kurol hacia Mapa145 X:55 Y:40
31/10/2016 03:21:56 p.m. Transportó a Kurol hacia Mapa145 X:57 Y:35
31/10/2016 03:21:56 p.m. Transportó a Kurol hacia Mapa145 X:60 Y:30
31/10/2016 03:21:57 p.m. Transportó a Kurol hacia Mapa145 X:63 Y:26
31/10/2016 03:21:57 p.m. Transportó a Kurol hacia Mapa145 X:68 Y:25
31/10/2016 03:21:58 p.m. Transportó a Kurol hacia Mapa145 X:74 Y:27
31/10/2016 03:21:58 p.m. Transportó a Kurol hacia Mapa145 X:77 Y:22
31/10/2016 03:21:59 p.m. Transportó a Kurol hacia Mapa145 X:75 Y:17
31/10/2016 03:21:59 p.m. Transportó a Kurol hacia Mapa145 X:69 Y:17
31/10/2016 03:21:59 p.m. Transportó a Kurol hacia Mapa145 X:63 Y:18
31/10/2016 03:21:59 p.m. Transportó a Kurol hacia Mapa145 X:57 Y:20
31/10/2016 03:22:00 p.m. Transportó a Kurol hacia Mapa145 X:51 Y:24
31/10/2016 03:22:00 p.m. Transportó a Kurol hacia Mapa145 X:46 Y:30
31/10/2016 03:22:00 p.m. Transportó a Kurol hacia Mapa145 X:41 Y:36
31/10/2016 03:22:01 p.m. Transportó a Kurol hacia Mapa145 X:37 Y:34
31/10/2016 03:22:01 p.m. Transportó a Kurol hacia Mapa145 X:31 Y:36
31/10/2016 03:22:01 p.m. Transportó a Kurol hacia Mapa145 X:25 Y:41
31/10/2016 03:22:01 p.m. Transportó a Kurol hacia Mapa145 X:23 Y:46
31/10/2016 03:22:02 p.m. Transportó a Kurol hacia Mapa145 X:24 Y:50
31/10/2016 03:22:02 p.m. Transportó a Kurol hacia Mapa145 X:28 Y:55
31/10/2016 03:22:02 p.m. Transportó a Kurol hacia Mapa145 X:33 Y:61
31/10/2016 03:22:03 p.m. Transportó a Kurol hacia Mapa145 X:40 Y:59
31/10/2016 03:22:04 p.m. Transportó a Kurol hacia Mapa145 X:40 Y:55
31/10/2016 03:22:07 p.m. Transportó a Kurol hacia Mapa1 X:56 Y:47
31/10/2016 03:22:08 p.m. Transportó a Kurol hacia Mapa1 X:62 Y:45
31/10/2016 03:22:20 p.m. Transportó a Kurol hacia Mapa170 X:46 Y:52
31/10/2016 03:22:42 p.m. Transportó a Kurol hacia Mapa34 X:33 Y:58
31/10/2016 03:22:43 p.m. Transportó a Kurol hacia Mapa34 X:39 Y:53
31/10/2016 03:22:43 p.m. Transportó a Kurol hacia Mapa34 X:45 Y:50
31/10/2016 03:22:44 p.m. Transportó a Kurol hacia Mapa34 X:50 Y:47
31/10/2016 03:22:44 p.m. Transportó a Kurol hacia Mapa34 X:49 Y:45
31/10/2016 03:22:45 p.m. Transportó a Kurol hacia Mapa34 X:45 Y:40
31/10/2016 03:22:46 p.m. Transportó a Kurol hacia Mapa34 X:41 Y:36
31/10/2016 03:22:46 p.m. Transportó a Kurol hacia Mapa34 X:35 Y:34
31/10/2016 03:22:47 p.m. Transportó a Kurol hacia Mapa34 X:36 Y:27
31/10/2016 03:22:48 p.m. Transportó a Kurol hacia Mapa34 X:36 Y:19
31/10/2016 03:23:07 p.m. Transportó a Kurol hacia Mapa35 X:23 Y:85
31/10/2016 03:23:08 p.m. Transportó a Kurol hacia Mapa35 X:16 Y:79
31/10/2016 03:29:12 p.m. Se conecto con ip:127.0.0.1
31/10/2016 03:29:14 p.m. Transportó a Kurol hacia Mapa35 X:22 Y:84
31/10/2016 03:29:14 p.m. Transportó a Kurol hacia Mapa35 X:24 Y:90
31/10/2016 03:29:18 p.m. Transportó a Kurol hacia Mapa35 X:29 Y:91
31/10/2016 03:29:23 p.m. Transportó a Kurol hacia Mapa35 X:32 Y:91
31/10/2016 03:29:24 p.m. Transportó a Kurol hacia Mapa35 X:38 Y:92
31/10/2016 03:29:24 p.m. Transportó a Kurol hacia Mapa35 X:44 Y:90
31/10/2016 03:29:24 p.m. Transportó a Kurol hacia Mapa35 X:50 Y:87
31/10/2016 03:29:25 p.m. Transportó a Kurol hacia Mapa35 X:56 Y:85
31/10/2016 03:29:25 p.m. Transportó a Kurol hacia Mapa35 X:54 Y:80
31/10/2016 03:29:30 p.m. Transportó a Kurol hacia Mapa35 X:64 Y:74
31/10/2016 03:29:30 p.m. Transportó a Kurol hacia Mapa35 X:72 Y:70
31/10/2016 03:29:37 p.m. Transportó a Kurol hacia Mapa4 X:18 Y:65
31/10/2016 03:29:37 p.m. Transportó a Kurol hacia Mapa4 X:24 Y:66
31/10/2016 03:29:37 p.m. Transportó a Kurol hacia Mapa4 X:30 Y:66
31/10/2016 05:13:01 p.m. Se conecto con ip:127.0.0.1
31/10/2016 05:13:03 p.m. Transportó a Kurol hacia Mapa4 X:37 Y:62
31/10/2016 05:13:04 p.m. Transportó a Kurol hacia Mapa4 X:43 Y:64
31/10/2016 05:13:04 p.m. Transportó a Kurol hacia Mapa4 X:45 Y:58
31/10/2016 05:13:05 p.m. Transportó a Kurol hacia Mapa4 X:42 Y:54
31/10/2016 05:13:07 p.m. Transportó a Kurol hacia Mapa4 X:43 Y:60
31/10/2016 05:13:07 p.m. Transportó a Kurol hacia Mapa4 X:44 Y:66
31/10/2016 05:13:08 p.m. Transportó a Kurol hacia Mapa4 X:50 Y:67
31/10/2016 05:13:23 p.m. Transportó a Kurol hacia Mapa4 X:52 Y:71
31/10/2016 05:13:31 p.m. Transportó a Kurol hacia Mapa150 X:50 Y:50
31/10/2016 05:13:35 p.m. Transportó a Kurol hacia Mapa190 X:50 Y:50
31/10/2016 05:13:38 p.m. Transportó a Kurol hacia Mapa191 X:50 Y:50
31/10/2016 05:13:51 p.m. Transportó a Kurol hacia Mapa191 X:52 Y:50
31/10/2016 05:13:53 p.m. Transportó a Kurol hacia Mapa191 X:51 Y:51
31/10/2016 05:14:11 p.m. Transportó a Kurol hacia Mapa45 X:50 Y:50
31/10/2016 05:14:18 p.m. Transportó a Kurol hacia Mapa47 X:50 Y:50
31/10/2016 05:14:22 p.m. Transportó a Kurol hacia Mapa149 X:50 Y:50
31/10/2016 05:14:26 p.m. Transportó a Kurol hacia Mapa140 X:50 Y:50
31/10/2016 05:14:30 p.m. Transportó a Kurol hacia Mapa48 X:50 Y:50
31/10/2016 05:14:36 p.m. Transportó a Kurol hacia Mapa48 X:50 Y:51
31/10/2016 05:14:36 p.m. Transportó a Kurol hacia Mapa48 X:51 Y:54
31/10/2016 05:14:37 p.m. Transportó a Kurol hacia Mapa48 X:50 Y:57
31/10/2016 05:14:37 p.m. Transportó a Kurol hacia Mapa48 X:45 Y:60
31/10/2016 05:14:38 p.m. Transportó a Kurol hacia Mapa48 X:40 Y:64
31/10/2016 05:14:38 p.m. Transportó a Kurol hacia Mapa48 X:34 Y:65
31/10/2016 05:14:38 p.m. Transportó a Kurol hacia Mapa48 X:29 Y:68
31/10/2016 05:14:39 p.m. Transportó a Kurol hacia Mapa48 X:34 Y:71
31/10/2016 05:14:39 p.m. Transportó a Kurol hacia Mapa48 X:41 Y:72
31/10/2016 05:14:39 p.m. Transportó a Kurol hacia Mapa48 X:49 Y:70
31/10/2016 05:14:40 p.m. Transportó a Kurol hacia Mapa48 X:54 Y:66
31/10/2016 05:14:40 p.m. Transportó a Kurol hacia Mapa48 X:57 Y:62
31/10/2016 05:14:41 p.m. Transportó a Kurol hacia Mapa48 X:57 Y:59
31/10/2016 05:14:44 p.m. Transportó a Kurol hacia Mapa48 X:59 Y:60
31/10/2016 05:14:51 p.m. Transportó a Kurol hacia Mapa48 X:58 Y:58
31/10/2016 05:14:56 p.m. /CI: 646
31/10/2016 05:15:02 p.m. /DEST
31/10/2016 05:15:19 p.m. /CI: 464
31/10/2016 05:15:23 p.m. /CI: 646
31/10/2016 05:15:27 p.m. /CI: 546
31/10/2016 05:15:34 p.m. /CI: 564
31/10/2016 05:15:40 p.m. /CI: 485
31/10/2016 05:15:58 p.m. Agarro:100 Objeto:Armadura Legendaria
31/10/2016 05:16:01 p.m. Agarro:100 Objeto:Salmón
31/10/2016 05:16:01 p.m. Agarro:100 Objeto:Anillo de Disolución Mágica
31/10/2016 05:16:02 p.m. Agarro:100 Objeto:Vestimentas comunes(H/E/EO-H/M)(Newbies)
31/10/2016 05:16:11 p.m. Agarro:100 Objeto:Serrucho (Newbie)
31/10/2016 05:16:16 p.m. Transportó a Kurol hacia Mapa48 X:61 Y:57
31/10/2016 05:16:17 p.m. Transportó a Kurol hacia Mapa48 X:56 Y:55
31/10/2016 05:16:20 p.m. /CI: 403
31/10/2016 05:16:22 p.m. Agarro:100 Objeto:Espada de plata
31/10/2016 05:16:27 p.m. /CI: 131
31/10/2016 05:16:30 p.m. Agarro:100 Objeto:Casco de hierro completo
31/10/2016 05:16:39 p.m. Transportó a Kurol hacia Mapa1 X:50 Y:50
31/10/2016 05:16:41 p.m. Transportó a Kurol hacia Mapa1 X:53 Y:55
31/10/2016 05:16:41 p.m. Transportó a Kurol hacia Mapa1 X:49 Y:59
31/10/2016 05:16:41 p.m. Transportó a Kurol hacia Mapa1 X:45 Y:64
31/10/2016 05:16:42 p.m. Transportó a Kurol hacia Mapa1 X:37 Y:64
31/10/2016 05:16:49 p.m. Transportó a Kurol hacia Mapa1 X:41 Y:60
31/10/2016 05:16:49 p.m. Transportó a Kurol hacia Mapa1 X:46 Y:57
31/10/2016 05:16:50 p.m. Transportó a Kurol hacia Mapa1 X:51 Y:53
31/10/2016 05:16:52 p.m. Transportó a Kurol hacia Mapa1 X:52 Y:51
31/10/2016 05:16:57 p.m. Transportó a Kurol hacia Mapa1 X:61 Y:48
31/10/2016 05:17:02 p.m. Transportó a Kurol hacia Mapa1 X:66 Y:40
31/10/2016 05:17:02 p.m. Transportó a Kurol hacia Mapa1 X:74 Y:34
31/10/2016 05:17:03 p.m. Transportó a Kurol hacia Mapa1 X:74 Y:34
31/10/2016 05:17:13 p.m. Transportó a Kurol hacia Mapa1 X:67 Y:40
31/10/2016 05:17:15 p.m. Transportó a Kurol hacia Mapa1 X:62 Y:37
31/10/2016 05:17:15 p.m. Transportó a Kurol hacia Mapa1 X:58 Y:34
31/10/2016 05:17:16 p.m. Transportó a Kurol hacia Mapa1 X:53 Y:37
31/10/2016 05:17:20 p.m. /CI: 365
31/10/2016 05:17:22 p.m. Agarro:100 Objeto:Daga + 2
31/10/2016 05:17:27 p.m. /CI: 986
31/10/2016 05:17:32 p.m. /CI: 986
31/10/2016 05:17:40 p.m. Transportó a Kurol hacia Mapa1 X:58 Y:47
31/10/2016 05:17:42 p.m. Transportó a Kurol hacia Mapa1 X:55 Y:53
31/10/2016 05:17:42 p.m. Transportó a Kurol hacia Mapa1 X:52 Y:59
31/10/2016 05:17:42 p.m. Transportó a Kurol hacia Mapa1 X:48 Y:65
31/10/2016 05:17:43 p.m. Transportó a Kurol hacia Mapa1 X:41 Y:68
31/10/2016 05:17:43 p.m. Transportó a Kurol hacia Mapa1 X:35 Y:68
31/10/2016 05:17:43 p.m. Transportó a Kurol hacia Mapa1 X:30 Y:70
31/10/2016 05:17:44 p.m. Transportó a Kurol hacia Mapa1 X:26 Y:74
31/10/2016 05:17:51 p.m. Transportó a Kurol hacia Mapa1 X:33 Y:68
31/10/2016 05:17:52 p.m. Transportó a Kurol hacia Mapa1 X:40 Y:64
31/10/2016 05:17:52 p.m. Transportó a Kurol hacia Mapa1 X:47 Y:60
31/10/2016 05:17:52 p.m. Transportó a Kurol hacia Mapa1 X:54 Y:55
31/10/2016 05:17:52 p.m. Transportó a Kurol hacia Mapa1 X:60 Y:51
31/10/2016 05:17:53 p.m. Transportó a Kurol hacia Mapa1 X:63 Y:47
31/10/2016 05:17:54 p.m. Transportó a Kurol hacia Mapa1 X:63 Y:43
31/10/2016 05:17:56 p.m. Transportó a Kurol hacia Mapa187 X:50 Y:68
31/10/2016 05:17:57 p.m. Transportó a Kurol hacia Mapa187 X:54 Y:73
31/10/2016 05:30:53 p.m. Se conecto con ip:127.0.0.1
31/10/2016 05:30:55 p.m. Transportó a kurol hacia Mapa187 X:53 Y:71
31/10/2016 05:30:59 p.m. Transportó a kurol hacia Mapa187 X:56 Y:73
31/10/2016 05:30:59 p.m. Transportó a kurol hacia Mapa187 X:56 Y:76
31/10/2016 05:31:00 p.m. Transportó a kurol hacia Mapa187 X:55 Y:77
31/10/2016 05:31:00 p.m. Transportó a kurol hacia Mapa187 X:52 Y:73
31/10/2016 05:38:46 p.m. Se conecto con ip:127.0.0.1
31/10/2016 05:38:51 p.m. Transportó a kurol hacia Mapa192 X:50 Y:50
31/10/2016 05:38:52 p.m. Transportó a kurol hacia Mapa192 X:46 Y:53
31/10/2016 05:38:53 p.m. Transportó a kurol hacia Mapa192 X:40 Y:56
31/10/2016 05:38:53 p.m. Transportó a kurol hacia Mapa192 X:34 Y:59
31/10/2016 05:38:55 p.m. Transportó a kurol hacia Mapa195 X:50 Y:50
31/10/2016 05:39:01 p.m. Transportó a kurol hacia Mapa196 X:50 Y:50
31/10/2016 05:39:03 p.m. Transportó a kurol hacia Mapa196 X:47 Y:55
31/10/2016 05:39:03 p.m. Transportó a kurol hacia Mapa196 X:44 Y:60
31/10/2016 05:39:03 p.m. Transportó a kurol hacia Mapa196 X:42 Y:66
31/10/2016 05:39:03 p.m. Transportó a kurol hacia Mapa196 X:43 Y:71
31/10/2016 05:39:04 p.m. Transportó a kurol hacia Mapa196 X:44 Y:76
31/10/2016 05:39:04 p.m. Transportó a kurol hacia Mapa196 X:46 Y:81
31/10/2016 05:39:04 p.m. Transportó a kurol hacia Mapa196 X:51 Y:83
31/10/2016 05:39:04 p.m. Transportó a kurol hacia Mapa196 X:56 Y:80
31/10/2016 05:39:04 p.m. Transportó a kurol hacia Mapa196 X:59 Y:75
31/10/2016 05:39:04 p.m. Transportó a kurol hacia Mapa196 X:57 Y:70
31/10/2016 05:39:05 p.m. Transportó a kurol hacia Mapa196 X:53 Y:65
31/10/2016 05:39:05 p.m. Transportó a kurol hacia Mapa196 X:48 Y:60
31/10/2016 05:39:05 p.m. Transportó a kurol hacia Mapa196 X:43 Y:55
31/10/2016 05:39:05 p.m. Transportó a kurol hacia Mapa196 X:36 Y:50
31/10/2016 05:39:05 p.m. Transportó a kurol hacia Mapa196 X:30 Y:45
31/10/2016 05:39:06 p.m. Transportó a kurol hacia Mapa196 X:25 Y:40
31/10/2016 05:39:06 p.m. Transportó a kurol hacia Mapa196 X:19 Y:35
31/10/2016 05:39:06 p.m. Transportó a kurol hacia Mapa196 X:13 Y:30
31/10/2016 05:39:08 p.m. Transportó a kurol hacia Mapa201 X:50 Y:50
31/10/2016 05:39:13 p.m. Transportó a kurol hacia Mapa200 X:50 Y:50
31/10/2016 05:39:15 p.m. Transportó a kurol hacia Mapa200 X:50 Y:47
31/10/2016 05:39:16 p.m. Transportó a kurol hacia Mapa200 X:48 Y:46
31/10/2016 05:39:16 p.m. Transportó a kurol hacia Mapa200 X:45 Y:48
31/10/2016 05:39:16 p.m. Transportó a kurol hacia Mapa200 X:42 Y:51
31/10/2016 05:39:16 p.m. Transportó a kurol hacia Mapa200 X:39 Y:55
31/10/2016 05:39:17 p.m. Transportó a kurol hacia Mapa200 X:36 Y:59
31/10/2016 05:39:17 p.m. Transportó a kurol hacia Mapa200 X:35 Y:63
31/10/2016 05:39:17 p.m. Transportó a kurol hacia Mapa200 X:33 Y:67
31/10/2016 05:39:17 p.m. Transportó a kurol hacia Mapa200 X:29 Y:63
31/10/2016 05:39:18 p.m. Transportó a kurol hacia Mapa200 X:25 Y:59
31/10/2016 05:39:18 p.m. Transportó a kurol hacia Mapa200 X:28 Y:57
31/10/2016 05:39:18 p.m. Transportó a kurol hacia Mapa200 X:33 Y:58
31/10/2016 05:39:18 p.m. Transportó a kurol hacia Mapa200 X:39 Y:61
31/10/2016 05:39:18 p.m. Transportó a kurol hacia Mapa200 X:45 Y:65
31/10/2016 05:39:19 p.m. Transportó a kurol hacia Mapa200 X:51 Y:70
31/10/2016 05:39:19 p.m. Transportó a kurol hacia Mapa200 X:57 Y:75
31/10/2016 05:39:19 p.m. Transportó a kurol hacia Mapa200 X:60 Y:69
31/10/2016 05:39:19 p.m. Transportó a kurol hacia Mapa200 X:63 Y:63
31/10/2016 05:39:20 p.m. Transportó a kurol hacia Mapa200 X:66 Y:58
31/10/2016 05:39:20 p.m. Transportó a kurol hacia Mapa200 X:69 Y:53
31/10/2016 05:39:20 p.m. Transportó a kurol hacia Mapa200 X:72 Y:48
31/10/2016 05:39:20 p.m. Transportó a kurol hacia Mapa200 X:75 Y:43
31/10/2016 05:39:20 p.m. Transportó a kurol hacia Mapa200 X:77 Y:38
31/10/2016 05:39:21 p.m. Transportó a kurol hacia Mapa200 X:75 Y:34
31/10/2016 05:39:21 p.m. Transportó a kurol hacia Mapa200 X:71 Y:30
31/10/2016 05:39:21 p.m. Transportó a kurol hacia Mapa200 X:68 Y:26
31/10/2016 05:39:21 p.m. Transportó a kurol hacia Mapa200 X:65 Y:22
31/10/2016 05:39:21 p.m. Transportó a kurol hacia Mapa200 X:60 Y:19
31/10/2016 05:39:22 p.m. Transportó a kurol hacia Mapa200 X:64 Y:15
31/10/2016 05:39:22 p.m. Transportó a kurol hacia Mapa200 X:69 Y:12
31/10/2016 05:39:22 p.m. Transportó a kurol hacia Mapa200 X:65 Y:14
31/10/2016 05:39:22 p.m. Transportó a kurol hacia Mapa200 X:61 Y:17
31/10/2016 05:39:22 p.m. Transportó a kurol hacia Mapa200 X:56 Y:20
31/10/2016 05:39:22 p.m. Transportó a kurol hacia Mapa200 X:50 Y:23
31/10/2016 05:39:23 p.m. Transportó a kurol hacia Mapa200 X:44 Y:26
31/10/2016 05:39:23 p.m. Transportó a kurol hacia Mapa200 X:38 Y:29
31/10/2016 05:39:23 p.m. Transportó a kurol hacia Mapa200 X:33 Y:29
31/10/2016 05:39:23 p.m. Transportó a kurol hacia Mapa200 X:28 Y:26
31/10/2016 05:39:24 p.m. Transportó a kurol hacia Mapa200 X:23 Y:23
31/10/2016 05:39:24 p.m. Transportó a kurol hacia Mapa200 X:18 Y:23
31/10/2016 05:39:24 p.m. Transportó a kurol hacia Mapa200 X:12 Y:24
31/10/2016 05:39:24 p.m. Transportó a kurol hacia Mapa200 X:14 Y:24
31/10/2016 05:39:25 p.m. Transportó a kurol hacia Mapa200 X:19 Y:24
31/10/2016 05:39:25 p.m. Transportó a kurol hacia Mapa200 X:24 Y:24
31/10/2016 05:39:25 p.m. Transportó a kurol hacia Mapa200 X:29 Y:24
31/10/2016 05:39:26 p.m. Transportó a kurol hacia Mapa200 X:30 Y:28
31/10/2016 05:39:27 p.m. Transportó a kurol hacia Mapa200 X:35 Y:29
31/10/2016 05:39:40 p.m. Transportó a kurol hacia Mapa199 X:50 Y:50
31/10/2016 05:49:01 p.m. Se conecto con ip:127.0.0.1
31/10/2016 05:49:07 p.m. Transportó a kurol hacia Mapa192 X:50 Y:50
31/10/2016 05:49:11 p.m. Transportó a kurol hacia Mapa193 X:50 Y:50
31/10/2016 05:49:20 p.m. Transportó a kurol hacia Mapa193 X:49 Y:55
31/10/2016 05:49:21 p.m. Transportó a kurol hacia Mapa193 X:48 Y:60
31/10/2016 05:49:21 p.m. Transportó a kurol hacia Mapa193 X:47 Y:66
31/10/2016 05:49:21 p.m. Transportó a kurol hacia Mapa193 X:47 Y:72
31/10/2016 05:49:21 p.m. Transportó a kurol hacia Mapa193 X:53 Y:77
31/10/2016 05:49:25 p.m. /CI: 566
31/10/2016 05:49:29 p.m. /DEST
31/10/2016 05:49:30 p.m. Transportó a kurol hacia Mapa193 X:56 Y:72
31/10/2016 05:49:30 p.m. Transportó a kurol hacia Mapa193 X:60 Y:67
31/10/2016 05:49:31 p.m. Transportó a kurol hacia Mapa193 X:64 Y:62
31/10/2016 05:49:31 p.m. Transportó a kurol hacia Mapa193 X:65 Y:57
31/10/2016 05:49:32 p.m. Transportó a kurol hacia Mapa193 X:64 Y:55
31/10/2016 05:49:34 p.m. /CI: 566
31/10/2016 05:49:36 p.m. Transportó a kurol hacia Mapa193 X:64 Y:54
31/10/2016 05:49:38 p.m. /DEST
31/10/2016 05:49:40 p.m. Transportó a kurol hacia Mapa193 X:64 Y:56
31/10/2016 05:49:44 p.m. /CI: 566
31/10/2016 05:49:45 p.m. Transportó a kurol hacia Mapa193 X:57 Y:59
31/10/2016 05:49:53 p.m. /CI: 567
31/10/2016 05:49:56 p.m. /DEST
31/10/2016 05:50:00 p.m. Transportó a kurol hacia Mapa193 X:59 Y:59
31/10/2016 05:50:01 p.m. Transportó a kurol hacia Mapa193 X:61 Y:58
31/10/2016 05:50:01 p.m. Transportó a kurol hacia Mapa193 X:58 Y:58
31/10/2016 05:50:25 p.m. /CI: 573
31/10/2016 05:50:28 p.m. /DEST
31/10/2016 05:50:32 p.m. Transportó a kurol hacia Mapa193 X:55 Y:61
31/10/2016 05:50:32 p.m. Transportó a kurol hacia Mapa193 X:51 Y:67
31/10/2016 05:50:32 p.m. Transportó a kurol hacia Mapa193 X:48 Y:73
31/10/2016 05:50:32 p.m. Transportó a kurol hacia Mapa193 X:48 Y:78
31/10/2016 05:50:33 p.m. Transportó a kurol hacia Mapa193 X:52 Y:79
31/10/2016 05:51:21 p.m. Transportó a kurol hacia Mapa193 X:52 Y:79
31/10/2016 05:51:22 p.m. Transportó a kurol hacia Mapa193 X:52 Y:80
31/10/2016 06:01:54 p.m. Se conecto con ip:127.0.0.1
31/10/2016 06:02:03 p.m. Transportó a kurol hacia Mapa193 X:50 Y:77
31/10/2016 06:02:03 p.m. Transportó a kurol hacia Mapa193 X:48 Y:72
31/10/2016 06:02:03 p.m. Transportó a kurol hacia Mapa193 X:44 Y:67
31/10/2016 06:02:04 p.m. Transportó a kurol hacia Mapa193 X:46 Y:65
31/10/2016 06:02:32 p.m. Sumoneó a GUIA en mapa 193
31/10/2016 06:02:45 p.m. /MATA 
31/10/2016 06:04:51 p.m. Transportó a kurol hacia Mapa193 X:46 Y:64
31/10/2016 06:04:55 p.m. Sumoneó a GUIA en mapa 193
31/10/2016 06:05:10 p.m. Transportó a kurol hacia Mapa193 X:52 Y:62
31/10/2016 06:05:10 p.m. Transportó a kurol hacia Mapa193 X:58 Y:61
31/10/2016 06:05:12 p.m. Transportó a kurol hacia Mapa193 X:61 Y:60
31/10/2016 06:05:13 p.m. Transportó a kurol hacia Mapa193 X:64 Y:59
31/10/2016 06:05:14 p.m. Transportó a kurol hacia Mapa193 X:69 Y:64
31/10/2016 06:05:18 p.m. Sumoneó a GUIA en mapa 193
31/10/2016 06:05:21 p.m. Transportó a kurol hacia Mapa193 X:63 Y:62
31/10/2016 06:05:21 p.m. Transportó a kurol hacia Mapa193 X:57 Y:63
31/10/2016 06:05:22 p.m. Transportó a kurol hacia Mapa193 X:50 Y:64
31/10/2016 06:05:22 p.m. Transportó a kurol hacia Mapa193 X:44 Y:65
31/10/2016 06:05:23 p.m. Transportó a kurol hacia Mapa193 X:41 Y:64
31/10/2016 06:05:27 p.m. Sumoneó a GUIA en mapa 193
31/10/2016 06:05:33 p.m. /MATA 
31/10/2016 06:05:35 p.m. Transportó a kurol hacia Mapa193 X:46 Y:63
31/10/2016 06:05:36 p.m. Transportó a kurol hacia Mapa193 X:53 Y:60
31/10/2016 06:05:36 p.m. Transportó a kurol hacia Mapa193 X:61 Y:58
31/10/2016 06:05:37 p.m. Transportó a kurol hacia Mapa193 X:68 Y:59
31/10/2016 06:05:37 p.m. Transportó a kurol hacia Mapa193 X:72 Y:63
31/10/2016 06:05:39 p.m. Transportó a kurol hacia Mapa193 X:73 Y:64
31/10/2016 06:05:42 p.m. Sumoneó a GUIA en mapa 193
31/10/2016 06:05:44 p.m. Transportó a kurol hacia Mapa193 X:67 Y:61
31/10/2016 06:05:45 p.m. Transportó a kurol hacia Mapa193 X:60 Y:60
31/10/2016 06:05:46 p.m. Transportó a kurol hacia Mapa193 X:52 Y:58
31/10/2016 06:05:46 p.m. Transportó a kurol hacia Mapa193 X:44 Y:58
31/10/2016 06:05:46 p.m. Transportó a kurol hacia Mapa193 X:36 Y:59
31/10/2016 06:05:47 p.m. Transportó a kurol hacia Mapa193 X:42 Y:63
31/10/2016 06:05:48 p.m. Transportó a kurol hacia Mapa193 X:42 Y:64
31/10/2016 06:05:54 p.m. Sumoneó a GUIA en mapa 193
31/10/2016 06:05:59 p.m. /MATA 
31/10/2016 06:06:00 p.m. Transportó a kurol hacia Mapa193 X:47 Y:61
31/10/2016 06:06:00 p.m. Transportó a kurol hacia Mapa193 X:54 Y:59
31/10/2016 06:06:00 p.m. Transportó a kurol hacia Mapa193 X:61 Y:57
31/10/2016 06:06:00 p.m. Transportó a kurol hacia Mapa193 X:68 Y:56
31/10/2016 06:06:01 p.m. Transportó a kurol hacia Mapa193 X:71 Y:61
31/10/2016 06:06:14 p.m. Transportó a kurol hacia Mapa193 X:77 Y:64
31/10/2016 06:06:31 p.m. Sumoneó a GUIA en mapa 193
31/10/2016 06:06:32 p.m. Transportó a kurol hacia Mapa193 X:71 Y:64
31/10/2016 06:06:35 p.m. Transportó a kurol hacia Mapa193 X:70 Y:62
31/10/2016 06:06:35 p.m. Transportó a kurol hacia Mapa193 X:68 Y:61
31/10/2016 06:06:36 p.m. Transportó a kurol hacia Mapa193 X:65 Y:63
31/10/2016 06:06:36 p.m. Transportó a kurol hacia Mapa193 X:60 Y:65
31/10/2016 06:06:37 p.m. Transportó a kurol hacia Mapa193 X:55 Y:64
31/10/2016 06:06:37 p.m. Transportó a kurol hacia Mapa193 X:50 Y:63
31/10/2016 06:06:37 p.m. Transportó a kurol hacia Mapa193 X:46 Y:63
31/10/2016 06:06:38 p.m. Transportó a kurol hacia Mapa193 X:42 Y:63
31/10/2016 06:06:39 p.m. Transportó a kurol hacia Mapa193 X:42 Y:64
31/10/2016 06:06:42 p.m. Sumoneó a GUIA en mapa 193
31/10/2016 06:06:49 p.m. /MATA 
31/10/2016 06:06:51 p.m. Sumoneó a GUIA en mapa 193
31/10/2016 06:07:36 p.m. Sumoneó a GUIA en mapa 193
31/10/2016 06:07:40 p.m. /MATA 
31/10/2016 06:07:43 p.m. /MATA 
31/10/2016 06:07:46 p.m. Sumoneó a GUIA en mapa 193
31/10/2016 06:07:51 p.m. Transportó a kurol hacia Mapa193 X:38 Y:64
31/10/2016 06:07:55 p.m. Transportó a kurol hacia Mapa193 X:44 Y:62
31/10/2016 06:07:55 p.m. Transportó a kurol hacia Mapa193 X:52 Y:62
31/10/2016 06:07:55 p.m. Transportó a kurol hacia Mapa193 X:60 Y:62
31/10/2016 06:07:56 p.m. Transportó a kurol hacia Mapa193 X:67 Y:64
31/10/2016 06:07:56 p.m. Transportó a kurol hacia Mapa193 X:74 Y:65
31/10/2016 06:07:57 p.m. Transportó a kurol hacia Mapa193 X:73 Y:61
31/10/2016 06:07:57 p.m. Transportó a kurol hacia Mapa193 X:71 Y:56
31/10/2016 06:08:01 p.m. Sumoneó a GUIA en mapa 193
31/10/2016 06:08:10 p.m. Sumoneó a GUIA en mapa 193
31/10/2016 06:08:15 p.m. Transportó a kurol hacia Mapa193 X:68 Y:61
31/10/2016 06:08:16 p.m. Transportó a kurol hacia Mapa193 X:63 Y:62
31/10/2016 06:08:16 p.m. Transportó a kurol hacia Mapa193 X:58 Y:65
31/10/2016 06:08:17 p.m. Transportó a kurol hacia Mapa193 X:53 Y:64
31/10/2016 06:08:17 p.m. Transportó a kurol hacia Mapa193 X:48 Y:63
31/10/2016 06:08:17 p.m. Transportó a kurol hacia Mapa193 X:43 Y:61
31/10/2016 06:08:19 p.m. Transportó a kurol hacia Mapa193 X:38 Y:64
31/10/2016 06:08:27 p.m. Sumoneó a GUIA en mapa 193
31/10/2016 06:08:30 p.m. /MATA 
31/10/2016 06:08:34 p.m. Sumoneó a GUIA en mapa 193
31/10/2016 06:08:35 p.m. Transportó a kurol hacia Mapa193 X:44 Y:61
31/10/2016 06:08:35 p.m. Transportó a kurol hacia Mapa193 X:51 Y:59
31/10/2016 06:08:35 p.m. Transportó a kurol hacia Mapa193 X:59 Y:57
31/10/2016 06:08:36 p.m. Transportó a kurol hacia Mapa193 X:67 Y:57
31/10/2016 06:08:36 p.m. Transportó a kurol hacia Mapa193 X:74 Y:58
31/10/2016 06:08:38 p.m. Transportó a kurol hacia Mapa193 X:69 Y:59
31/10/2016 06:08:39 p.m. Transportó a kurol hacia Mapa193 X:62 Y:61
31/10/2016 06:08:39 p.m. Transportó a kurol hacia Mapa193 X:58 Y:61
31/10/2016 06:08:39 p.m. Transportó a kurol hacia Mapa193 X:54 Y:60
31/10/2016 06:08:40 p.m. Transportó a kurol hacia Mapa193 X:50 Y:59
31/10/2016 06:08:40 p.m. Transportó a kurol hacia Mapa193 X:45 Y:60
31/10/2016 06:08:41 p.m. Transportó a kurol hacia Mapa193 X:39 Y:62
31/10/2016 06:08:41 p.m. Transportó a kurol hacia Mapa193 X:39 Y:59
31/10/2016 06:08:42 p.m. Transportó a kurol hacia Mapa193 X:40 Y:56
31/10/2016 06:08:43 p.m. Transportó a kurol hacia Mapa193 X:38 Y:56
31/10/2016 06:08:49 p.m. Sumoneó a GUIA en mapa 193
31/10/2016 06:08:54 p.m. Sumoneó a GUIA en mapa 193
31/10/2016 06:08:59 p.m. Sumoneó a GUIA en mapa 193
31/10/2016 06:09:06 p.m. Sumoneó a GUIA en mapa 193
31/10/2016 06:09:13 p.m. Sumoneó a GUIA en mapa 193
31/10/2016 06:09:23 p.m. Sumoneó a GUIA en mapa 193
31/10/2016 06:09:31 p.m. Sumoneó a GUIA en mapa 193
31/10/2016 06:09:36 p.m. /MATA 
31/10/2016 06:09:38 p.m. Transportó a kurol hacia Mapa193 X:56 Y:58
31/10/2016 06:09:38 p.m. Transportó a kurol hacia Mapa193 X:51 Y:59
31/10/2016 06:09:38 p.m. Transportó a kurol hacia Mapa193 X:46 Y:60
31/10/2016 06:09:44 p.m. Transportó a kurol hacia Mapa193 X:54 Y:61
31/10/2016 06:09:45 p.m. Transportó a kurol hacia Mapa193 X:56 Y:59
31/10/2016 06:09:50 p.m. Transportó a kurol hacia Mapa193 X:60 Y:62
31/10/2016 06:09:51 p.m. Transportó a kurol hacia Mapa193 X:61 Y:64
31/10/2016 06:09:51 p.m. Transportó a kurol hacia Mapa193 X:56 Y:65
31/10/2016 06:09:52 p.m. Transportó a kurol hacia Mapa193 X:53 Y:63
31/10/2016 06:09:52 p.m. Transportó a kurol hacia Mapa193 X:51 Y:61
31/10/2016 06:09:53 p.m. Transportó a kurol hacia Mapa193 X:51 Y:60
31/10/2016 06:09:53 p.m. Transportó a kurol hacia Mapa193 X:57 Y:61
31/10/2016 06:09:54 p.m. Transportó a kurol hacia Mapa193 X:57 Y:57
31/10/2016 06:09:54 p.m. Transportó a kurol hacia Mapa193 X:53 Y:60
31/10/2016 06:09:55 p.m. Transportó a kurol hacia Mapa193 X:52 Y:63
31/10/2016 06:09:55 p.m. Transportó a kurol hacia Mapa193 X:49 Y:61
31/10/2016 06:09:56 p.m. Transportó a kurol hacia Mapa193 X:45 Y:59
31/10/2016 06:09:56 p.m. Transportó a kurol hacia Mapa193 X:41 Y:58
31/10/2016 06:09:57 p.m. Transportó a kurol hacia Mapa193 X:38 Y:59
31/10/2016 06:10:01 p.m. Sumoneó a GUIA en mapa 193
31/10/2016 06:10:05 p.m. Sumoneó a GUIA en mapa 193
31/10/2016 06:10:08 p.m. /MATA 
31/10/2016 06:10:09 p.m. Transportó a kurol hacia Mapa193 X:41 Y:59
31/10/2016 06:10:10 p.m. Transportó a kurol hacia Mapa193 X:48 Y:59
31/10/2016 06:10:10 p.m. Transportó a kurol hacia Mapa193 X:54 Y:60
31/10/2016 06:10:10 p.m. Transportó a kurol hacia Mapa193 X:60 Y:61
31/10/2016 06:10:11 p.m. Transportó a kurol hacia Mapa193 X:66 Y:62
31/10/2016 06:10:12 p.m. Transportó a kurol hacia Mapa193 X:73 Y:61
31/10/2016 06:10:13 p.m. Transportó a kurol hacia Mapa193 X:80 Y:59
31/10/2016 06:10:13 p.m. Transportó a kurol hacia Mapa193 X:80 Y:58
31/10/2016 06:10:20 p.m. Transportó a kurol hacia Mapa193 X:74 Y:59
31/10/2016 06:10:20 p.m. Transportó a kurol hacia Mapa193 X:69 Y:60
31/10/2016 06:10:21 p.m. Transportó a kurol hacia Mapa193 X:64 Y:60
31/10/2016 06:10:21 p.m. Transportó a kurol hacia Mapa193 X:61 Y:60
31/10/2016 06:10:22 p.m. Transportó a kurol hacia Mapa193 X:55 Y:60
31/10/2016 06:10:22 p.m. Transportó a kurol hacia Mapa193 X:51 Y:61
31/10/2016 06:10:23 p.m. Transportó a kurol hacia Mapa193 X:48 Y:63
31/10/2016 06:10:28 p.m. Transportó a kurol hacia Mapa193 X:46 Y:64
31/10/2016 06:10:38 p.m. /CT 76,47,52,0
31/10/2016 06:10:43 p.m. /MATA 
31/10/2016 06:11:02 p.m. Transportó a kurol hacia Mapa76 X:51 Y:49
31/10/2016 06:11:10 p.m. Transportó a kurol hacia Mapa76 X:53 Y:49
31/10/2016 06:11:11 p.m. Transportó a kurol hacia Mapa76 X:51 Y:51
31/10/2016 06:11:11 p.m. Transportó a kurol hacia Mapa76 X:49 Y:55
31/10/2016 06:11:11 p.m. Transportó a kurol hacia Mapa76 X:47 Y:58
31/10/2016 06:11:12 p.m. Transportó a kurol hacia Mapa76 X:46 Y:53
31/10/2016 06:11:12 p.m. Transportó a kurol hacia Mapa76 X:41 Y:49
31/10/2016 06:11:13 p.m. Transportó a kurol hacia Mapa76 X:49 Y:49
31/10/2016 06:11:14 p.m. Transportó a kurol hacia Mapa76 X:51 Y:48
31/10/2016 06:11:15 p.m. Transportó a kurol hacia Mapa76 X:52 Y:46
31/10/2016 06:11:16 p.m. Transportó a kurol hacia Mapa76 X:51 Y:44
31/10/2016 06:11:17 p.m. /CT 1,50,50,0
31/10/2016 06:11:18 p.m. Transportó a kurol hacia Mapa76 X:49 Y:49
31/10/2016 06:11:18 p.m. kurol ha cambiado la información sobre el BackUp.
31/10/2016 06:11:19 p.m. kurol ha guardado el mapa 76
31/10/2016 06:11:21 p.m. Transportó a kurol hacia Mapa76 X:51 Y:43
31/10/2016 06:11:28 p.m. Transportó a kurol hacia Mapa102 X:50 Y:50
31/10/2016 06:11:30 p.m. Transportó a kurol hacia Mapa192 X:50 Y:50
31/10/2016 06:11:33 p.m. Transportó a kurol hacia Mapa193 X:50 Y:50
31/10/2016 06:11:35 p.m. kurol ha cambiado la información sobre el BackUp.
31/10/2016 06:11:36 p.m. kurol ha guardado el mapa 193
31/10/2016 06:11:38 p.m. Transportó a kurol hacia Mapa193 X:48 Y:55
31/10/2016 06:11:38 p.m. Transportó a kurol hacia Mapa193 X:51 Y:60
31/10/2016 06:11:38 p.m. Transportó a kurol hacia Mapa193 X:54 Y:64
31/10/2016 06:11:39 p.m. Transportó a kurol hacia Mapa193 X:54 Y:67
31/10/2016 06:11:39 p.m. Transportó a kurol hacia Mapa193 X:55 Y:73
31/10/2016 06:11:40 p.m. Transportó a kurol hacia Mapa193 X:56 Y:71
31/10/2016 06:11:40 p.m. Transportó a kurol hacia Mapa193 X:55 Y:71
31/10/2016 06:11:40 p.m. Transportó a kurol hacia Mapa193 X:51 Y:74
31/10/2016 06:11:40 p.m. Transportó a kurol hacia Mapa193 X:46 Y:76
31/10/2016 06:11:41 p.m. Transportó a kurol hacia Mapa193 X:43 Y:73
31/10/2016 06:11:41 p.m. Transportó a kurol hacia Mapa193 X:48 Y:71
31/10/2016 06:18:27 p.m. Se conecto con ip:127.0.0.1
31/10/2016 06:18:36 p.m. Transportó a kUROL hacia Mapa193 X:51 Y:68
31/10/2016 06:18:36 p.m. Transportó a kUROL hacia Mapa193 X:50 Y:67
31/10/2016 06:18:36 p.m. Transportó a kUROL hacia Mapa193 X:48 Y:65
31/10/2016 06:18:36 p.m. Transportó a kUROL hacia Mapa193 X:45 Y:62
31/10/2016 06:18:36 p.m. Transportó a kUROL hacia Mapa193 X:43 Y:58
31/10/2016 06:18:36 p.m. Transportó a kUROL hacia Mapa193 X:44 Y:54
31/10/2016 06:18:37 p.m. Transportó a kUROL hacia Mapa193 X:46 Y:50
31/10/2016 06:18:37 p.m. Transportó a kUROL hacia Mapa193 X:49 Y:45
31/10/2016 06:18:37 p.m. Transportó a kUROL hacia Mapa193 X:51 Y:42
31/10/2016 06:18:37 p.m. Transportó a kUROL hacia Mapa193 X:54 Y:45
31/10/2016 06:18:37 p.m. Transportó a kUROL hacia Mapa193 X:57 Y:51
31/10/2016 06:18:38 p.m. Transportó a kUROL hacia Mapa193 X:61 Y:58
31/10/2016 06:18:38 p.m. Transportó a kUROL hacia Mapa193 X:67 Y:64
31/10/2016 06:18:38 p.m. Transportó a kUROL hacia Mapa193 X:73 Y:69
31/10/2016 06:18:38 p.m. Transportó a kUROL hacia Mapa193 X:79 Y:71
31/10/2016 06:18:38 p.m. Transportó a kUROL hacia Mapa193 X:84 Y:69
31/10/2016 06:18:39 p.m. Transportó a kUROL hacia Mapa193 X:87 Y:66
31/10/2016 06:18:39 p.m. Transportó a kUROL hacia Mapa193 X:89 Y:62
31/10/2016 06:18:39 p.m. Transportó a kUROL hacia Mapa193 X:89 Y:59
31/10/2016 06:18:39 p.m. Transportó a kUROL hacia Mapa193 X:87 Y:58
31/10/2016 06:18:39 p.m. Transportó a kUROL hacia Mapa193 X:83 Y:60
31/10/2016 06:18:40 p.m. Transportó a kUROL hacia Mapa193 X:77 Y:63
31/10/2016 06:18:40 p.m. Transportó a kUROL hacia Mapa193 X:71 Y:66
31/10/2016 06:18:40 p.m. Transportó a kUROL hacia Mapa193 X:67 Y:64
31/10/2016 06:18:40 p.m. Transportó a kUROL hacia Mapa193 X:63 Y:61
31/10/2016 06:18:40 p.m. Transportó a kUROL hacia Mapa193 X:59 Y:57
31/10/2016 06:18:41 p.m. Transportó a kUROL hacia Mapa193 X:54 Y:54
31/10/2016 06:18:41 p.m. Transportó a kUROL hacia Mapa193 X:49 Y:54
31/10/2016 06:18:41 p.m. Transportó a kUROL hacia Mapa193 X:46 Y:61
31/10/2016 06:18:41 p.m. Transportó a kUROL hacia Mapa193 X:45 Y:68
31/10/2016 06:18:42 p.m. Transportó a kUROL hacia Mapa193 X:48 Y:70
31/10/2016 06:18:42 p.m. Transportó a kUROL hacia Mapa193 X:51 Y:72
31/10/2016 06:18:42 p.m. Transportó a kUROL hacia Mapa193 X:54 Y:74
31/10/2016 06:18:42 p.m. Transportó a kUROL hacia Mapa193 X:57 Y:77
31/10/2016 06:18:42 p.m. Transportó a kUROL hacia Mapa193 X:59 Y:83
31/10/2016 06:18:42 p.m. Transportó a kUROL hacia Mapa193 X:59 Y:88
31/10/2016 06:18:43 p.m. Transportó a kUROL hacia Mapa193 X:57 Y:91
31/10/2016 06:18:43 p.m. Transportó a kUROL hacia Mapa193 X:53 Y:93
31/10/2016 06:18:43 p.m. Transportó a kUROL hacia Mapa193 X:47 Y:94
31/10/2016 06:18:44 p.m. Transportó a kUROL hacia Mapa193 X:40 Y:89
31/10/2016 06:18:44 p.m. Transportó a kUROL hacia Mapa193 X:34 Y:83
31/10/2016 06:18:44 p.m. Transportó a kUROL hacia Mapa193 X:29 Y:77
31/10/2016 06:18:44 p.m. Transportó a kUROL hacia Mapa193 X:25 Y:73
31/10/2016 06:18:44 p.m. Transportó a kUROL hacia Mapa193 X:25 Y:69
31/10/2016 06:18:44 p.m. Transportó a kUROL hacia Mapa193 X:25 Y:65
31/10/2016 06:18:45 p.m. Transportó a kUROL hacia Mapa193 X:26 Y:60
31/10/2016 06:18:45 p.m. Transportó a kUROL hacia Mapa193 X:28 Y:55
31/10/2016 06:18:45 p.m. Transportó a kUROL hacia Mapa193 X:31 Y:51
31/10/2016 06:18:45 p.m. Transportó a kUROL hacia Mapa193 X:35 Y:49
31/10/2016 06:18:45 p.m. Transportó a kUROL hacia Mapa193 X:40 Y:50
31/10/2016 06:18:46 p.m. Transportó a kUROL hacia Mapa193 X:46 Y:52
31/10/2016 06:18:46 p.m. Transportó a kUROL hacia Mapa193 X:51 Y:57
31/10/2016 06:18:46 p.m. Transportó a kUROL hacia Mapa193 X:55 Y:62
31/10/2016 06:18:48 p.m. Transportó a kUROL hacia Mapa1 X:50 Y:50
31/10/2016 06:18:50 p.m. Transportó a kUROL hacia Mapa194 X:50 Y:50
31/10/2016 06:18:53 p.m. Transportó a kUROL hacia Mapa194 X:46 Y:55
31/10/2016 06:18:53 p.m. Transportó a kUROL hacia Mapa194 X:41 Y:60
31/10/2016 06:18:53 p.m. Transportó a kUROL hacia Mapa194 X:36 Y:61
31/10/2016 06:18:53 p.m. Transportó a kUROL hacia Mapa194 X:32 Y:61
31/10/2016 06:18:53 p.m. Transportó a kUROL hacia Mapa194 X:27 Y:59
31/10/2016 06:18:53 p.m. Transportó a kUROL hacia Mapa194 X:23 Y:57
31/10/2016 06:18:54 p.m. Transportó a kUROL hacia Mapa194 X:19 Y:54
31/10/2016 06:18:54 p.m. Transportó a kUROL hacia Mapa194 X:17 Y:53
31/10/2016 06:18:54 p.m. Transportó a kUROL hacia Mapa194 X:19 Y:56
31/10/2016 06:18:54 p.m. Transportó a kUROL hacia Mapa194 X:24 Y:59
31/10/2016 06:18:54 p.m. Transportó a kUROL hacia Mapa194 X:30 Y:62
31/10/2016 06:18:55 p.m. Transportó a kUROL hacia Mapa194 X:36 Y:65
31/10/2016 06:18:55 p.m. Transportó a kUROL hacia Mapa194 X:42 Y:69
31/10/2016 06:18:55 p.m. Transportó a kUROL hacia Mapa194 X:46 Y:70
31/10/2016 06:18:55 p.m. Transportó a kUROL hacia Mapa194 X:50 Y:68
31/10/2016 06:18:55 p.m. Transportó a kUROL hacia Mapa194 X:54 Y:64
31/10/2016 06:18:56 p.m. Transportó a kUROL hacia Mapa194 X:58 Y:59
31/10/2016 06:18:56 p.m. Transportó a kUROL hacia Mapa194 X:63 Y:53
31/10/2016 06:18:56 p.m. Transportó a kUROL hacia Mapa194 X:65 Y:48
31/10/2016 06:18:56 p.m. Transportó a kUROL hacia Mapa194 X:63 Y:44
31/10/2016 06:18:56 p.m. Transportó a kUROL hacia Mapa194 X:57 Y:43
31/10/2016 06:18:56 p.m. Transportó a kUROL hacia Mapa194 X:52 Y:45
31/10/2016 06:18:57 p.m. Transportó a kUROL hacia Mapa194 X:48 Y:48
31/10/2016 06:18:57 p.m. Transportó a kUROL hacia Mapa194 X:44 Y:52
31/10/2016 06:18:59 p.m. Transportó a kUROL hacia Mapa192 X:50 Y:50
31/10/2016 06:19:03 p.m. Transportó a kUROL hacia Mapa192 X:48 Y:51
31/10/2016 06:19:04 p.m. Transportó a kUROL hacia Mapa192 X:45 Y:51
31/10/2016 06:19:04 p.m. Transportó a kUROL hacia Mapa192 X:42 Y:50
31/10/2016 06:19:04 p.m. Transportó a kUROL hacia Mapa192 X:40 Y:47
31/10/2016 06:19:04 p.m. Transportó a kUROL hacia Mapa192 X:40 Y:42
31/10/2016 06:19:04 p.m. Transportó a kUROL hacia Mapa192 X:41 Y:37
31/10/2016 06:19:05 p.m. Transportó a kUROL hacia Mapa192 X:42 Y:32
31/10/2016 06:19:05 p.m. Transportó a kUROL hacia Mapa192 X:45 Y:28
31/10/2016 06:19:05 p.m. Transportó a kUROL hacia Mapa192 X:45 Y:25
31/10/2016 06:19:06 p.m. Transportó a kUROL hacia Mapa192 X:43 Y:25
31/10/2016 06:19:07 p.m. Transportó a kUROL hacia Mapa192 X:40 Y:27
31/10/2016 06:19:07 p.m. Transportó a kUROL hacia Mapa192 X:35 Y:27
31/10/2016 06:19:07 p.m. Transportó a kUROL hacia Mapa192 X:30 Y:25
31/10/2016 06:19:08 p.m. Transportó a kUROL hacia Mapa192 X:31 Y:28
31/10/2016 06:19:09 p.m. Transportó a kUROL hacia Mapa192 X:30 Y:26
31/10/2016 06:19:11 p.m. Transportó a kUROL hacia Mapa192 X:34 Y:29
31/10/2016 06:19:12 p.m. Transportó a kUROL hacia Mapa192 X:35 Y:35
31/10/2016 06:19:13 p.m. Transportó a kUROL hacia Mapa192 X:41 Y:39
31/10/2016 06:19:14 p.m. Transportó a kUROL hacia Mapa192 X:48 Y:39
31/10/2016 06:19:15 p.m. Transportó a kUROL hacia Mapa192 X:55 Y:39
31/10/2016 06:19:16 p.m. Transportó a kUROL hacia Mapa192 X:62 Y:40
31/10/2016 06:19:16 p.m. Transportó a kUROL hacia Mapa192 X:66 Y:35
31/10/2016 06:19:17 p.m. Transportó a kUROL hacia Mapa192 X:67 Y:31
31/10/2016 06:19:18 p.m. Transportó a kUROL hacia Mapa1 X:50 Y:50
31/10/2016 06:20:09 p.m. Se conecto con ip:127.0.0.1
31/10/2016 06:20:26 p.m. Se conecto con ip:127.0.0.1
31/10/2016 06:20:42 p.m. Se conecto con ip:127.0.0.1
31/10/2016 06:20:50 p.m. kUROL ha cambiado la información sobre el BackUp.
31/10/2016 06:25:59 p.m. Se conecto con ip:127.0.0.1
31/10/2016 06:28:04 p.m. Se conecto con ip:127.0.0.1
