06/04/2016 08:03:14 p.m. server iniciado 0.13.0
06/04/2016 09:00:44 p.m. server cerrado.
06/04/2016 09:31:18 p.m. server iniciado 0.13.0
06/04/2016 10:08:32 p.m. server iniciado 0.13.0
07/04/2016 09:04:22 a.m. server iniciado 0.13.0
07/04/2016 09:50:44 a.m. server iniciado 0.13.0
07/04/2016 10:55:34 a.m. server iniciado 0.13.0
07/04/2016 11:00:00 a.m. server iniciado 0.13.0
07/04/2016 11:02:18 a.m. server iniciado 0.13.0
07/04/2016 11:04:38 a.m. server iniciado 0.13.0
07/04/2016 11:05:29 a.m. server iniciado 0.13.0
07/04/2016 11:12:43 a.m. server iniciado 0.13.0
07/04/2016 11:21:02 a.m. server iniciado 0.13.0
07/04/2016 11:40:24 a.m. server iniciado 0.13.0
07/04/2016 12:11:34 p.m. server iniciado 0.13.0
07/04/2016 12:51:13 p.m. server iniciado 0.13.0
07/04/2016 12:58:45 p.m. server iniciado 0.13.0
07/04/2016 01:48:28 p.m. server iniciado 0.13.0
07/04/2016 01:59:07 p.m. server iniciado 0.13.0
07/04/2016 01:59:56 p.m. server iniciado 0.13.0
07/04/2016 02:09:10 p.m. server iniciado 0.13.0
07/04/2016 06:44:25 p.m. server iniciado 0.13.0
07/04/2016 06:53:09 p.m. server iniciado 0.13.0
07/04/2016 07:01:52 p.m. server iniciado 0.13.0
07/04/2016 07:06:36 p.m. server iniciado 0.13.0
07/04/2016 07:10:14 p.m. server iniciado 0.13.0
07/04/2016 07:21:07 p.m. server iniciado 0.13.0
07/04/2016 07:23:55 p.m. server iniciado 0.13.0
07/04/2016 07:27:08 p.m. server iniciado 0.13.0
07/04/2016 07:28:31 p.m. server iniciado 0.13.0
07/04/2016 07:41:13 p.m. server iniciado 0.13.0
08/04/2016 06:03:39 p.m. server iniciado 0.13.0
08/04/2016 06:17:59 p.m. server iniciado 0.13.0
08/04/2016 06:54:01 p.m. server iniciado 0.13.0
08/04/2016 06:59:06 p.m. server iniciado 0.13.0
09/04/2016 04:47:00 p.m. server iniciado 0.13.0
09/04/2016 06:06:19 p.m. server iniciado 0.13.0
09/04/2016 10:49:37 p.m. server iniciado 0.13.0
09/04/2016 11:32:05 p.m. server iniciado 0.13.0
10/04/2016 12:39:47 a.m. server iniciado 0.13.0
10/04/2016 12:34:02 p.m. server iniciado 0.13.0
14/04/2016 11:24:08 p.m. server iniciado 0.13.0
16/04/2016 02:13:57 a.m. server iniciado 0.13.0
16/04/2016 03:20:58 p.m. server iniciado 0.13.0
16/04/2016 03:29:50 p.m. server iniciado 0.13.0
16/04/2016 03:35:21 p.m. server iniciado 0.13.0
16/04/2016 04:16:33 p.m. server iniciado 0.13.0
16/04/2016 04:59:11 p.m. server iniciado 0.13.0
16/04/2016 05:04:25 p.m. server iniciado 0.13.0
16/04/2016 05:44:44 p.m. server iniciado 0.13.0
17/04/2016 06:31:19 p.m. server iniciado 0.13.0
17/04/2016 07:42:10 p.m. server iniciado 0.13.0
17/04/2016 10:53:55 p.m. server iniciado 0.13.0
17/04/2016 11:06:55 p.m. server iniciado 0.13.0
17/04/2016 11:23:46 p.m. server iniciado 0.13.0
17/04/2016 11:27:00 p.m. server iniciado 0.13.0
17/04/2016 11:38:50 p.m. server iniciado 0.13.0
17/04/2016 11:43:09 p.m. server iniciado 0.13.0
17/04/2016 11:48:39 p.m. server iniciado 0.13.0
17/04/2016 11:51:11 p.m. server iniciado 0.13.0
18/04/2016 03:25:44 p.m. server iniciado 0.13.0
18/04/2016 06:06:58 p.m. server iniciado 0.13.0
18/04/2016 07:59:24 p.m. server iniciado 0.13.0
18/04/2016 11:09:16 p.m. server iniciado 0.13.0
18/04/2016 11:42:35 p.m. server cerrado.
19/04/2016 06:56:14 p.m. server iniciado 0.13.0
23/04/2016 06:51:30 p.m. server iniciado 0.13.0
23/04/2016 06:56:06 p.m. server iniciado 0.13.0
23/04/2016 09:47:07 p.m. server iniciado 0.13.0
23/04/2016 10:16:18 p.m. server iniciado 0.13.0
24/04/2016 12:47:41 p.m. server iniciado 0.13.0
24/04/2016 12:59:57 p.m. server cerrado.
24/04/2016 07:07:15 p.m. server iniciado 0.13.0
24/04/2016 07:32:12 p.m. server iniciado 0.13.0
24/04/2016 07:42:05 p.m. server iniciado 0.13.0
24/04/2016 07:44:33 p.m. server iniciado 0.13.0
24/04/2016 07:56:33 p.m. server iniciado 0.13.0
24/04/2016 08:36:20 p.m. server iniciado 0.13.0
24/04/2016 08:44:31 p.m. server iniciado 0.13.0
24/04/2016 08:50:28 p.m. server cerrado.
24/04/2016 11:15:19 p.m. server iniciado 0.13.0
24/04/2016 11:23:53 p.m. server iniciado 0.13.0
24/04/2016 11:28:32 p.m. server iniciado 0.13.0
24/04/2016 11:44:22 p.m. server iniciado 0.13.0
24/04/2016 11:48:17 p.m. server iniciado 0.13.0
24/04/2016 11:55:40 p.m. server iniciado 0.13.0
25/04/2016 08:22:51 p.m. server iniciado 0.13.0
25/04/2016 09:52:15 p.m. server iniciado 0.13.0
25/04/2016 10:26:38 p.m. server iniciado 0.13.0
27/04/2016 09:29:15 p.m. server iniciado 0.13.0
27/04/2016 09:36:47 p.m. server iniciado 0.13.0
27/04/2016 09:54:53 p.m. server iniciado 0.13.0
27/04/2016 11:31:19 p.m. server iniciado 0.13.0
28/04/2016 08:40:49 p.m. server iniciado 0.13.0
01/05/2016 06:03:37 p.m. server iniciado 0.13.0
01/05/2016 06:56:41 p.m. server iniciado 0.13.0
01/05/2016 07:11:43 p.m. server iniciado 0.13.0
01/05/2016 07:51:50 p.m. server iniciado 0.13.0
01/05/2016 07:52:40 p.m. server cerrado.
01/05/2016 08:02:39 p.m. server iniciado 0.13.0
01/05/2016 11:25:58 p.m. server iniciado 0.13.0
01/05/2016 11:49:17 p.m. server iniciado 0.13.0
02/05/2016 05:08:49 p.m. server iniciado 0.13.0
02/05/2016 05:49:08 p.m. server iniciado 0.13.0
02/05/2016 05:50:55 p.m. server iniciado 0.13.0
02/05/2016 05:54:15 p.m. server iniciado 0.13.0
02/05/2016 06:21:43 p.m. server iniciado 0.13.0
02/05/2016 06:31:44 p.m. server iniciado 0.13.0
02/05/2016 08:15:54 p.m. server iniciado 0.13.0
02/05/2016 08:15:58 p.m. server cerrado.
02/05/2016 08:16:08 p.m. server iniciado 0.13.0
02/05/2016 10:43:20 p.m. server cerrado.
02/05/2016 10:43:31 p.m. server iniciado 0.13.0
02/05/2016 10:45:59 p.m. server cerrado.
02/05/2016 10:46:09 p.m. server iniciado 0.13.0
02/05/2016 10:47:03 p.m. server cerrado.
02/05/2016 10:47:16 p.m. server iniciado 0.13.0
03/05/2016 12:04:47 a.m. server cerrado.
03/05/2016 12:04:59 a.m. server iniciado 0.13.0
03/05/2016 07:04:56 p.m. server cerrado.
03/05/2016 07:05:29 p.m. server iniciado 0.13.0
03/05/2016 07:11:18 p.m. server cerrado.
03/05/2016 07:11:31 p.m. server iniciado 0.13.0
03/05/2016 07:13:37 p.m. server cerrado.
03/05/2016 07:14:06 p.m. server iniciado 0.13.0
03/05/2016 07:53:51 p.m. server cerrado.
03/05/2016 07:54:13 p.m. server iniciado 0.13.0
04/05/2016 12:46:26 a.m. server iniciado 0.13.0
04/05/2016 10:25:11 p.m. server iniciado 0.13.0
04/05/2016 10:28:40 p.m. server iniciado 0.13.0
08/05/2016 06:39:24 p.m. server iniciado 0.13.0
08/05/2016 07:42:49 p.m. server iniciado 0.13.0
08/05/2016 08:16:23 p.m. server iniciado 0.13.0
09/05/2016 12:00:12 a.m. server iniciado 0.13.0
09/05/2016 12:00:27 a.m. server cerrado.
09/05/2016 12:00:35 a.m. server iniciado 0.13.0
09/05/2016 12:26:33 a.m. server cerrado.
09/05/2016 12:26:45 a.m. server iniciado 0.13.0
09/05/2016 03:16:11 a.m. server cerrado.
09/05/2016 02:41:57 p.m. server iniciado 0.13.0
09/05/2016 04:02:57 p.m. server cerrado.
09/05/2016 04:03:18 p.m. server iniciado 0.13.0
09/05/2016 04:13:24 p.m. server cerrado.
09/05/2016 04:13:56 p.m. server iniciado 0.13.0
09/05/2016 04:16:42 p.m. server cerrado.
09/05/2016 04:18:04 p.m. server iniciado 0.13.0
09/05/2016 04:46:18 p.m. server cerrado.
09/05/2016 04:46:29 p.m. server iniciado 0.13.0
09/05/2016 05:19:55 p.m. server cerrado.
09/05/2016 05:20:13 p.m. server iniciado 0.13.0
09/05/2016 08:20:43 p.m. server cerrado.
09/05/2016 08:21:08 p.m. server iniciado 0.13.0
09/05/2016 08:21:29 p.m. server iniciado 0.13.0
09/05/2016 08:21:45 p.m. server cerrado.
09/05/2016 08:21:51 p.m. server cerrado.
09/05/2016 08:22:04 p.m. server iniciado 0.13.0
10/05/2016 10:55:12 p.m. server iniciado 0.13.0
10/05/2016 10:58:23 p.m. server cerrado.
10/05/2016 11:01:22 p.m. server iniciado 0.13.0
11/05/2016 10:39:09 p.m. server cerrado.
11/05/2016 10:48:58 p.m. server iniciado 0.13.0
12/05/2016 12:21:03 a.m. server cerrado.
12/05/2016 12:21:09 a.m. server iniciado 1.0.0
12/05/2016 12:22:38 a.m. server cerrado.
12/05/2016 12:23:17 a.m. server iniciado 1.0.0
12/05/2016 12:24:07 a.m. server cerrado.
12/05/2016 12:25:49 a.m. server iniciado 1.0.0
12/05/2016 05:12:20 a.m. server cerrado.
12/05/2016 06:47:18 a.m. server iniciado 1.0.0
13/05/2016 03:16:32 a.m. server cerrado.
13/05/2016 06:48:19 a.m. server iniciado 1.0.0
13/05/2016 06:48:44 a.m. server iniciado 1.0.0
15/05/2016 04:49:15 p.m. server iniciado 1.0.0
15/05/2016 04:56:31 p.m. server cerrado.
15/05/2016 05:42:46 p.m. server cerrado.
15/05/2016 05:44:58 p.m. server iniciado 1.0.0
15/05/2016 05:45:25 p.m. server cerrado.
15/05/2016 06:35:32 p.m. server iniciado 1.0.0
15/05/2016 08:47:36 p.m. server cerrado.
15/05/2016 08:47:53 p.m. server iniciado 1.0.0
18/05/2016 10:15:35 p.m. server iniciado 1.0.0
18/05/2016 10:16:47 p.m. server cerrado.
18/05/2016 10:16:57 p.m. server iniciado 1.0.0
18/05/2016 10:26:55 p.m. server iniciado 1.0.0
18/05/2016 10:26:59 p.m. server cerrado.
18/05/2016 10:27:11 p.m. server iniciado 1.0.0
20/05/2016 07:51:08 p.m. server cerrado.
22/05/2016 02:02:13 p.m. server iniciado 1.0.0
22/05/2016 02:02:35 p.m. server cerrado.
12/07/2016 10:49:03 p.m. server iniciado 1.0.0
07/10/2016 06:59:29 p.m. server iniciado 1.0.0
08/10/2016 03:37:03 a.m. server iniciado 1.0.0
08/10/2016 03:51:17 a.m. server iniciado 1.0.0
08/10/2016 04:11:00 a.m. server iniciado 1.0.0
08/10/2016 04:15:27 a.m. server iniciado 1.0.0
08/10/2016 04:28:50 a.m. server iniciado 1.0.0
08/10/2016 04:57:35 a.m. server iniciado 1.0.0
08/10/2016 05:01:38 a.m. server iniciado 1.0.0
08/10/2016 05:11:33 a.m. server iniciado 1.0.0
08/10/2016 05:21:12 a.m. server iniciado 1.0.0
08/10/2016 01:19:06 p.m. server iniciado 1.0.0
08/10/2016 01:39:18 p.m. server iniciado 1.0.0
08/10/2016 07:04:47 p.m. server iniciado 1.0.0
08/10/2016 07:13:10 p.m. server iniciado 1.0.0
08/10/2016 08:53:00 p.m. server iniciado 1.0.0
09/10/2016 09:43:04 a.m. server iniciado 1.0.0
09/10/2016 09:57:54 a.m. server iniciado 1.0.0
09/10/2016 10:07:55 a.m. server iniciado 1.0.0
09/10/2016 11:42:24 a.m. server iniciado 1.0.0
09/10/2016 11:52:13 a.m. server iniciado 1.0.0
09/10/2016 06:11:45 p.m. server iniciado 1.0.0
09/10/2016 20:28:07 server iniciado 1.0.0
09/10/2016 20:37:35 server cerrado.
09/10/2016 22:50:38 server iniciado 1.0.0
09/10/2016 23:09:57 server iniciado 1.0.0
09/10/2016 23:10:03 server cerrado.
09/10/2016 23:10:09 server iniciado 1.0.0
10/10/2016 03:33:50 server cerrado.
10/10/2016 10:57:09 a.m. server iniciado 1.0.0
10/10/2016 11:01:22 a.m. server iniciado 1.0.0
10/10/2016 13:24:53 server iniciado 1.0.0
10/10/2016 13:26:40 server cerrado.
10/10/2016 13:27:25 server iniciado 1.0.0
10/10/2016 04:45:38 p.m. server iniciado 1.0.0
10/10/2016 04:57:25 p.m. server iniciado 1.0.0
10/10/2016 05:21:26 p.m. server iniciado 1.0.0
10/10/2016 11:25:09 p.m. server iniciado 1.0.0
10/10/2016 11:27:50 p.m. server iniciado 1.0.0
10/10/2016 11:37:02 p.m. server iniciado 1.0.0
11/10/2016 00:02:09 server iniciado 1.0.0
11/10/2016 00:02:39 server iniciado 1.0.0
11/10/2016 03:09:49 p.m. server iniciado 1.0.0
12/10/2016 01:15:05 p.m. server iniciado 1.0.0
12/10/2016 04:23:09 p.m. server cerrado.
17/10/2016 03:24:58 a.m. server iniciado 1.0.0
18/10/2016 10:44:29 a.m. server iniciado 1.0.0
19/10/2016 10:27:04 p.m. server iniciado 1.0.0
22/10/2016 07:09:15 p.m. server iniciado 1.0.0
23/10/2016 10:23:13 a.m. server iniciado 1.0.0
23/10/2016 10:56:46 a.m. server cerrado.
23/10/2016 10:58:18 a.m. server iniciado 1.0.0
23/10/2016 11:14:26 a.m. server cerrado.
23/10/2016 15:52:22 server iniciado 1.0.0
23/10/2016 19:14:41 server iniciado 1.0.0
23/10/2016 19:25:46 server cerrado.
23/10/2016 19:27:11 server iniciado 1.0.0
23/10/2016 19:30:51 server cerrado.
23/10/2016 19:30:54 server cerrado.
23/10/2016 19:31:05 server iniciado 1.0.0
23/10/2016 19:33:09 server iniciado 1.0.0
23/10/2016 19:40:41 server cerrado.
23/10/2016 19:45:10 server iniciado 1.0.0
23/10/2016 19:55:32 server cerrado.
23/10/2016 09:05:59 p.m. server iniciado 1.0.0
23/10/2016 09:27:40 p.m. server cerrado.
23/10/2016 09:27:57 p.m. server iniciado 1.0.0
23/10/2016 09:28:19 p.m. server cerrado.
23/10/2016 09:28:30 p.m. server iniciado 1.0.0
24/10/2016 07:51:45 p.m. server cerrado.
24/10/2016 07:53:58 p.m. server iniciado 1.0.0
24/10/2016 08:13:31 p.m. server cerrado.
24/10/2016 08:34:51 p.m. server iniciado 1.0.0
24/10/2016 08:45:59 p.m. server iniciado 1.0.0
24/10/2016 09:24:56 p.m. server iniciado 1.0.0
24/10/2016 09:28:45 p.m. server cerrado.
24/10/2016 09:29:53 p.m. server iniciado 1.0.0
24/10/2016 09:46:33 p.m. server cerrado.
24/10/2016 23:37:02 server iniciado 1.0.0
24/10/2016 23:40:02 server cerrado.
24/10/2016 23:40:16 server iniciado 1.0.0
26/10/2016 00:02:30 server iniciado 1.0.0
26/10/2016 00:06:15 server cerrado.
27/10/2016 02:11:34 a.m. server iniciado 1.0.0
27/10/2016 11:37:54 a.m. server cerrado.
30/10/2016 06:14:16 p.m. server iniciado 1.0.0
30/10/2016 10:34:19 p.m. server iniciado 1.0.0
30/10/2016 10:45:27 p.m. server iniciado 1.0.0
31/10/2016 02:01:12 a.m. server iniciado 1.0.0
31/10/2016 02:02:02 a.m. server iniciado 1.0.0
31/10/2016 02:07:51 a.m. server cerrado.
31/10/2016 02:08:13 a.m. server iniciado 1.0.0
31/10/2016 02:23:15 a.m. server cerrado.
31/10/2016 03:09:20 a.m. server iniciado 1.0.0
31/10/2016 02:13:07 p.m. server iniciado 1.0.0
31/10/2016 02:38:19 p.m. server iniciado 1.0.0
31/10/2016 02:48:28 p.m. server iniciado 1.0.0
31/10/2016 03:20:18 p.m. server cerrado.
31/10/2016 03:21:04 p.m. server iniciado 1.0.0
