06/04/2016 08:03:14 p.m. server iniciado 0.13.0
06/04/2016 09:00:44 p.m. server cerrado.
06/04/2016 09:31:18 p.m. server iniciado 0.13.0
06/04/2016 10:08:32 p.m. server iniciado 0.13.0
07/04/2016 09:04:22 a.m. server iniciado 0.13.0
07/04/2016 09:50:44 a.m. server iniciado 0.13.0
07/04/2016 10:55:34 a.m. server iniciado 0.13.0
07/04/2016 11:00:00 a.m. server iniciado 0.13.0
07/04/2016 11:02:18 a.m. server iniciado 0.13.0
07/04/2016 11:04:38 a.m. server iniciado 0.13.0
07/04/2016 11:05:29 a.m. server iniciado 0.13.0
07/04/2016 11:12:43 a.m. server iniciado 0.13.0
07/04/2016 11:21:02 a.m. server iniciado 0.13.0
07/04/2016 11:40:24 a.m. server iniciado 0.13.0
07/04/2016 12:11:34 p.m. server iniciado 0.13.0
07/04/2016 12:51:13 p.m. server iniciado 0.13.0
07/04/2016 12:58:45 p.m. server iniciado 0.13.0
07/04/2016 01:48:28 p.m. server iniciado 0.13.0
07/04/2016 01:59:07 p.m. server iniciado 0.13.0
07/04/2016 01:59:56 p.m. server iniciado 0.13.0
07/04/2016 02:09:10 p.m. server iniciado 0.13.0
07/04/2016 06:44:25 p.m. server iniciado 0.13.0
07/04/2016 06:53:09 p.m. server iniciado 0.13.0
07/04/2016 07:01:52 p.m. server iniciado 0.13.0
07/04/2016 07:06:36 p.m. server iniciado 0.13.0
07/04/2016 07:10:14 p.m. server iniciado 0.13.0
07/04/2016 07:21:07 p.m. server iniciado 0.13.0
07/04/2016 07:23:55 p.m. server iniciado 0.13.0
07/04/2016 07:27:08 p.m. server iniciado 0.13.0
07/04/2016 07:28:31 p.m. server iniciado 0.13.0
07/04/2016 07:41:13 p.m. server iniciado 0.13.0
08/04/2016 06:03:39 p.m. server iniciado 0.13.0
08/04/2016 06:17:59 p.m. server iniciado 0.13.0
08/04/2016 06:54:01 p.m. server iniciado 0.13.0
08/04/2016 06:59:06 p.m. server iniciado 0.13.0
09/04/2016 04:47:00 p.m. server iniciado 0.13.0
09/04/2016 06:06:19 p.m. server iniciado 0.13.0
09/04/2016 10:49:37 p.m. server iniciado 0.13.0
09/04/2016 11:32:05 p.m. server iniciado 0.13.0
10/04/2016 12:39:47 a.m. server iniciado 0.13.0
10/04/2016 12:34:02 p.m. server iniciado 0.13.0
14/04/2016 11:24:08 p.m. server iniciado 0.13.0
16/04/2016 02:13:57 a.m. server iniciado 0.13.0
16/04/2016 03:20:58 p.m. server iniciado 0.13.0
16/04/2016 03:29:50 p.m. server iniciado 0.13.0
16/04/2016 03:35:21 p.m. server iniciado 0.13.0
16/04/2016 04:16:33 p.m. server iniciado 0.13.0
16/04/2016 04:59:11 p.m. server iniciado 0.13.0
16/04/2016 05:04:25 p.m. server iniciado 0.13.0
16/04/2016 05:44:44 p.m. server iniciado 0.13.0
17/04/2016 06:31:19 p.m. server iniciado 0.13.0
17/04/2016 07:42:10 p.m. server iniciado 0.13.0
17/04/2016 10:53:55 p.m. server iniciado 0.13.0
17/04/2016 11:06:55 p.m. server iniciado 0.13.0
17/04/2016 11:23:46 p.m. server iniciado 0.13.0
17/04/2016 11:27:00 p.m. server iniciado 0.13.0
17/04/2016 11:38:50 p.m. server iniciado 0.13.0
17/04/2016 11:43:09 p.m. server iniciado 0.13.0
17/04/2016 11:48:39 p.m. server iniciado 0.13.0
17/04/2016 11:51:11 p.m. server iniciado 0.13.0
18/04/2016 03:25:44 p.m. server iniciado 0.13.0
18/04/2016 06:06:58 p.m. server iniciado 0.13.0
18/04/2016 07:59:24 p.m. server iniciado 0.13.0
18/04/2016 11:09:16 p.m. server iniciado 0.13.0
18/04/2016 11:42:35 p.m. server cerrado.
19/04/2016 06:56:14 p.m. server iniciado 0.13.0
23/04/2016 06:51:30 p.m. server iniciado 0.13.0
23/04/2016 06:56:06 p.m. server iniciado 0.13.0
23/04/2016 09:47:07 p.m. server iniciado 0.13.0
23/04/2016 10:16:18 p.m. server iniciado 0.13.0
24/04/2016 12:47:41 p.m. server iniciado 0.13.0
24/04/2016 12:59:57 p.m. server cerrado.
24/04/2016 07:07:15 p.m. server iniciado 0.13.0
24/04/2016 07:32:12 p.m. server iniciado 0.13.0
24/04/2016 07:42:05 p.m. server iniciado 0.13.0
24/04/2016 07:44:33 p.m. server iniciado 0.13.0
24/04/2016 07:56:33 p.m. server iniciado 0.13.0
24/04/2016 08:36:20 p.m. server iniciado 0.13.0
24/04/2016 08:44:31 p.m. server iniciado 0.13.0
24/04/2016 08:50:28 p.m. server cerrado.
24/04/2016 11:15:19 p.m. server iniciado 0.13.0
24/04/2016 11:23:53 p.m. server iniciado 0.13.0
24/04/2016 11:28:32 p.m. server iniciado 0.13.0
24/04/2016 11:44:22 p.m. server iniciado 0.13.0
24/04/2016 11:48:17 p.m. server iniciado 0.13.0
24/04/2016 11:55:40 p.m. server iniciado 0.13.0
25/04/2016 08:22:51 p.m. server iniciado 0.13.0
25/04/2016 09:52:15 p.m. server iniciado 0.13.0
25/04/2016 10:26:38 p.m. server iniciado 0.13.0
27/04/2016 09:29:15 p.m. server iniciado 0.13.0
27/04/2016 09:36:47 p.m. server iniciado 0.13.0
27/04/2016 09:54:53 p.m. server iniciado 0.13.0
27/04/2016 11:31:19 p.m. server iniciado 0.13.0
28/04/2016 08:40:49 p.m. server iniciado 0.13.0
01/05/2016 06:03:37 p.m. server iniciado 0.13.0
01/05/2016 06:56:41 p.m. server iniciado 0.13.0
01/05/2016 07:11:43 p.m. server iniciado 0.13.0
01/05/2016 07:51:50 p.m. server iniciado 0.13.0
01/05/2016 07:52:40 p.m. server cerrado.
01/05/2016 08:02:39 p.m. server iniciado 0.13.0
01/05/2016 11:25:58 p.m. server iniciado 0.13.0
01/05/2016 11:49:17 p.m. server iniciado 0.13.0
02/05/2016 05:08:49 p.m. server iniciado 0.13.0
02/05/2016 05:49:08 p.m. server iniciado 0.13.0
02/05/2016 05:50:55 p.m. server iniciado 0.13.0
02/05/2016 05:54:15 p.m. server iniciado 0.13.0
02/05/2016 06:21:43 p.m. server iniciado 0.13.0
02/05/2016 06:31:44 p.m. server iniciado 0.13.0
02/05/2016 08:15:54 p.m. server iniciado 0.13.0
02/05/2016 08:15:58 p.m. server cerrado.
02/05/2016 08:16:08 p.m. server iniciado 0.13.0
02/05/2016 10:43:20 p.m. server cerrado.
02/05/2016 10:43:31 p.m. server iniciado 0.13.0
02/05/2016 10:45:59 p.m. server cerrado.
02/05/2016 10:46:09 p.m. server iniciado 0.13.0
02/05/2016 10:47:03 p.m. server cerrado.
02/05/2016 10:47:16 p.m. server iniciado 0.13.0
03/05/2016 12:04:47 a.m. server cerrado.
03/05/2016 12:04:59 a.m. server iniciado 0.13.0
03/05/2016 07:04:56 p.m. server cerrado.
03/05/2016 07:05:29 p.m. server iniciado 0.13.0
03/05/2016 07:11:18 p.m. server cerrado.
03/05/2016 07:11:31 p.m. server iniciado 0.13.0
03/05/2016 07:13:37 p.m. server cerrado.
03/05/2016 07:14:06 p.m. server iniciado 0.13.0
03/05/2016 07:53:51 p.m. server cerrado.
03/05/2016 07:54:13 p.m. server iniciado 0.13.0
04/05/2016 12:46:26 a.m. server iniciado 0.13.0
04/05/2016 10:25:11 p.m. server iniciado 0.13.0
04/05/2016 10:28:40 p.m. server iniciado 0.13.0
08/05/2016 06:39:24 p.m. server iniciado 0.13.0
08/05/2016 07:42:49 p.m. server iniciado 0.13.0
08/05/2016 08:16:23 p.m. server iniciado 0.13.0
09/05/2016 12:00:12 a.m. server iniciado 0.13.0
09/05/2016 12:00:27 a.m. server cerrado.
09/05/2016 12:00:35 a.m. server iniciado 0.13.0
09/05/2016 12:26:33 a.m. server cerrado.
09/05/2016 12:26:45 a.m. server iniciado 0.13.0
09/05/2016 03:16:11 a.m. server cerrado.
09/05/2016 02:41:57 p.m. server iniciado 0.13.0
09/05/2016 04:02:57 p.m. server cerrado.
09/05/2016 04:03:18 p.m. server iniciado 0.13.0
09/05/2016 04:13:24 p.m. server cerrado.
09/05/2016 04:13:56 p.m. server iniciado 0.13.0
09/05/2016 04:16:42 p.m. server cerrado.
09/05/2016 04:18:04 p.m. server iniciado 0.13.0
09/05/2016 04:46:18 p.m. server cerrado.
09/05/2016 04:46:29 p.m. server iniciado 0.13.0
09/05/2016 05:19:55 p.m. server cerrado.
09/05/2016 05:20:13 p.m. server iniciado 0.13.0
09/05/2016 08:20:43 p.m. server cerrado.
09/05/2016 08:21:08 p.m. server iniciado 0.13.0
09/05/2016 08:21:29 p.m. server iniciado 0.13.0
09/05/2016 08:21:45 p.m. server cerrado.
09/05/2016 08:21:51 p.m. server cerrado.
09/05/2016 08:22:04 p.m. server iniciado 0.13.0
10/05/2016 10:55:12 p.m. server iniciado 0.13.0
10/05/2016 10:58:23 p.m. server cerrado.
10/05/2016 11:01:22 p.m. server iniciado 0.13.0
11/05/2016 10:39:09 p.m. server cerrado.
11/05/2016 10:48:58 p.m. server iniciado 0.13.0
12/05/2016 12:21:03 a.m. server cerrado.
12/05/2016 12:21:09 a.m. server iniciado 1.0.0
12/05/2016 12:22:38 a.m. server cerrado.
12/05/2016 12:23:17 a.m. server iniciado 1.0.0
12/05/2016 12:24:07 a.m. server cerrado.
12/05/2016 12:25:49 a.m. server iniciado 1.0.0
12/05/2016 05:12:20 a.m. server cerrado.
12/05/2016 06:47:18 a.m. server iniciado 1.0.0
13/05/2016 03:16:32 a.m. server cerrado.
13/05/2016 06:48:19 a.m. server iniciado 1.0.0
13/05/2016 06:48:44 a.m. server iniciado 1.0.0
15/05/2016 04:49:15 p.m. server iniciado 1.0.0
15/05/2016 04:56:31 p.m. server cerrado.
15/05/2016 05:42:46 p.m. server cerrado.
15/05/2016 05:44:58 p.m. server iniciado 1.0.0
15/05/2016 05:45:25 p.m. server cerrado.
15/05/2016 06:35:32 p.m. server iniciado 1.0.0
15/05/2016 08:47:36 p.m. server cerrado.
15/05/2016 08:47:53 p.m. server iniciado 1.0.0
18/05/2016 10:15:35 p.m. server iniciado 1.0.0
18/05/2016 10:16:47 p.m. server cerrado.
18/05/2016 10:16:57 p.m. server iniciado 1.0.0
18/05/2016 10:26:55 p.m. server iniciado 1.0.0
18/05/2016 10:26:59 p.m. server cerrado.
18/05/2016 10:27:11 p.m. server iniciado 1.0.0
20/05/2016 07:51:08 p.m. server cerrado.
22/05/2016 02:02:13 p.m. server iniciado 1.0.0
22/05/2016 02:02:35 p.m. server cerrado.
12/07/2016 10:49:03 p.m. server iniciado 1.0.0
07/10/2016 06:59:29 p.m. server iniciado 1.0.0
08/10/2016 03:37:03 a.m. server iniciado 1.0.0
08/10/2016 03:51:17 a.m. server iniciado 1.0.0
08/10/2016 04:11:00 a.m. server iniciado 1.0.0
08/10/2016 04:15:27 a.m. server iniciado 1.0.0
08/10/2016 04:28:50 a.m. server iniciado 1.0.0
08/10/2016 04:57:35 a.m. server iniciado 1.0.0
08/10/2016 05:01:38 a.m. server iniciado 1.0.0
08/10/2016 05:11:33 a.m. server iniciado 1.0.0
08/10/2016 05:21:12 a.m. server iniciado 1.0.0
08/10/2016 01:19:06 p.m. server iniciado 1.0.0
08/10/2016 01:39:18 p.m. server iniciado 1.0.0
08/10/2016 07:04:47 p.m. server iniciado 1.0.0
08/10/2016 07:13:10 p.m. server iniciado 1.0.0
08/10/2016 08:53:00 p.m. server iniciado 1.0.0
09/10/2016 09:43:04 a.m. server iniciado 1.0.0
09/10/2016 09:57:54 a.m. server iniciado 1.0.0
09/10/2016 10:07:55 a.m. server iniciado 1.0.0
09/10/2016 11:42:24 a.m. server iniciado 1.0.0
09/10/2016 11:52:13 a.m. server iniciado 1.0.0
09/10/2016 06:11:45 p.m. server iniciado 1.0.0
09/10/2016 20:28:07 server iniciado 1.0.0
09/10/2016 20:37:35 server cerrado.
09/10/2016 22:50:38 server iniciado 1.0.0
09/10/2016 23:09:57 server iniciado 1.0.0
09/10/2016 23:10:03 server cerrado.
09/10/2016 23:10:09 server iniciado 1.0.0
10/10/2016 03:33:50 server cerrado.
10/10/2016 10:57:09 a.m. server iniciado 1.0.0
10/10/2016 11:01:22 a.m. server iniciado 1.0.0
10/10/2016 13:24:53 server iniciado 1.0.0
10/10/2016 13:26:40 server cerrado.
10/10/2016 13:27:25 server iniciado 1.0.0
10/10/2016 04:45:38 p.m. server iniciado 1.0.0
10/10/2016 04:57:25 p.m. server iniciado 1.0.0
10/10/2016 05:21:26 p.m. server iniciado 1.0.0
10/10/2016 11:25:09 p.m. server iniciado 1.0.0
10/10/2016 11:27:50 p.m. server iniciado 1.0.0
10/10/2016 11:37:02 p.m. server iniciado 1.0.0
11/10/2016 00:02:09 server iniciado 1.0.0
11/10/2016 00:02:39 server iniciado 1.0.0
11/10/2016 03:09:49 p.m. server iniciado 1.0.0
12/10/2016 01:15:05 p.m. server iniciado 1.0.0
12/10/2016 04:23:09 p.m. server cerrado.
17/10/2016 03:24:58 a.m. server iniciado 1.0.0
18/10/2016 10:44:29 a.m. server iniciado 1.0.0
19/10/2016 10:27:04 p.m. server iniciado 1.0.0
22/10/2016 07:09:15 p.m. server iniciado 1.0.0
23/10/2016 10:23:13 a.m. server iniciado 1.0.0
23/10/2016 10:56:46 a.m. server cerrado.
23/10/2016 10:58:18 a.m. server iniciado 1.0.0
23/10/2016 11:14:26 a.m. server cerrado.
23/10/2016 15:52:22 server iniciado 1.0.0
23/10/2016 19:14:41 server iniciado 1.0.0
23/10/2016 19:25:46 server cerrado.
23/10/2016 19:27:11 server iniciado 1.0.0
23/10/2016 19:30:51 server cerrado.
23/10/2016 19:30:54 server cerrado.
23/10/2016 19:31:05 server iniciado 1.0.0
23/10/2016 19:33:09 server iniciado 1.0.0
23/10/2016 19:40:41 server cerrado.
23/10/2016 19:45:10 server iniciado 1.0.0
23/10/2016 19:55:32 server cerrado.
23/10/2016 09:05:59 p.m. server iniciado 1.0.0
23/10/2016 09:27:40 p.m. server cerrado.
23/10/2016 09:27:57 p.m. server iniciado 1.0.0
23/10/2016 09:28:19 p.m. server cerrado.
23/10/2016 09:28:30 p.m. server iniciado 1.0.0
24/10/2016 07:51:45 p.m. server cerrado.
24/10/2016 07:53:58 p.m. server iniciado 1.0.0
24/10/2016 08:13:31 p.m. server cerrado.
24/10/2016 08:34:51 p.m. server iniciado 1.0.0
24/10/2016 08:45:59 p.m. server iniciado 1.0.0
24/10/2016 09:24:56 p.m. server iniciado 1.0.0
24/10/2016 09:28:45 p.m. server cerrado.
24/10/2016 09:29:53 p.m. server iniciado 1.0.0
24/10/2016 09:46:33 p.m. server cerrado.
24/10/2016 23:37:02 server iniciado 1.0.0
24/10/2016 23:40:02 server cerrado.
24/10/2016 23:40:16 server iniciado 1.0.0
26/10/2016 00:02:30 server iniciado 1.0.0
26/10/2016 00:06:15 server cerrado.
27/10/2016 02:11:34 a.m. server iniciado 1.0.0
27/10/2016 11:37:54 a.m. server cerrado.
30/10/2016 06:14:16 p.m. server iniciado 1.0.0
30/10/2016 10:34:19 p.m. server iniciado 1.0.0
30/10/2016 10:45:27 p.m. server iniciado 1.0.0
31/10/2016 02:01:12 a.m. server iniciado 1.0.0
31/10/2016 02:02:02 a.m. server iniciado 1.0.0
31/10/2016 02:07:51 a.m. server cerrado.
31/10/2016 02:08:13 a.m. server iniciado 1.0.0
31/10/2016 02:23:15 a.m. server cerrado.
31/10/2016 03:09:20 a.m. server iniciado 1.0.0
31/10/2016 02:13:07 p.m. server iniciado 1.0.0
31/10/2016 02:38:19 p.m. server iniciado 1.0.0
31/10/2016 02:48:28 p.m. server iniciado 1.0.0
31/10/2016 03:20:18 p.m. server cerrado.
31/10/2016 03:20:52 p.m. server iniciado 1.0.0
31/10/2016 03:24:57 p.m. server iniciado 1.0.0
31/10/2016 03:25:00 p.m. server cerrado.
31/10/2016 03:25:13 p.m. server iniciado 1.0.0
31/10/2016 03:25:35 p.m. server iniciado 1.0.0
31/10/2016 03:37:39 p.m. server iniciado 1.0.0
31/10/2016 03:40:46 p.m. server iniciado 1.0.0
31/10/2016 03:48:16 p.m. server iniciado 1.0.0
31/10/2016 03:52:43 p.m. server iniciado 1.0.0
31/10/2016 04:01:52 p.m. server iniciado 1.0.0
31/10/2016 05:38:04 p.m. server cerrado.
31/10/2016 05:38:27 p.m. server iniciado 1.0.0
31/10/2016 05:43:05 p.m. server cerrado.
31/10/2016 05:46:18 p.m. server iniciado 1.0.0
31/10/2016 06:05:15 p.m. server iniciado 1.0.0
31/10/2016 06:11:49 p.m. server cerrado.
31/10/2016 06:16:53 p.m. server iniciado 1.0.0
31/10/2016 06:16:56 p.m. server cerrado.
31/10/2016 06:16:57 p.m. server cerrado.
31/10/2016 06:17:07 p.m. server iniciado 1.0.0
31/10/2016 06:39:32 p.m. server iniciado 1.0.0
31/10/2016 07:07:37 p.m. server iniciado 1.0.0
31/10/2016 08:24:51 p.m. server iniciado 1.0.0
31/10/2016 09:14:28 p.m. server iniciado 1.0.0
31/10/2016 09:20:53 p.m. server cerrado.
01/11/2016 08:59:29 a.m. server iniciado 1.0.0
01/11/2016 09:16:31 a.m. server iniciado 1.0.0
01/11/2016 09:20:11 a.m. server iniciado 1.0.0
01/11/2016 09:26:28 a.m. server iniciado 1.0.0
01/11/2016 09:28:38 a.m. server iniciado 1.0.0
01/11/2016 09:29:14 a.m. server iniciado 1.0.0
03/11/2016 08:02:30 p.m. server iniciado 1.0.0
03/11/2016 08:02:43 p.m. server cerrado.
03/11/2016 10:05:52 p.m. server iniciado 1.0.0
03/11/2016 10:05:57 p.m. server cerrado.
03/11/2016 10:06:08 p.m. server iniciado 1.0.0
04/11/2016 10:32:22 p.m. server iniciado 1.0.0
04/11/2016 10:36:25 p.m. server iniciado 1.0.0
04/11/2016 10:37:56 p.m. server iniciado 1.0.0
04/11/2016 11:58:21 p.m. server iniciado 1.0.0
05/11/2016 01:26:20 p.m. server iniciado 1.0.0
05/11/2016 01:37:39 p.m. server iniciado 1.0.0
05/11/2016 01:39:07 p.m. server iniciado 1.0.0
05/11/2016 01:40:28 p.m. server iniciado 1.0.0
05/11/2016 01:43:59 p.m. server iniciado 1.0.0
05/11/2016 01:50:54 p.m. server iniciado 1.0.0
05/11/2016 08:11:06 p.m. server iniciado 1.0.0
05/11/2016 08:14:09 p.m. server iniciado 1.0.0
05/11/2016 08:14:50 p.m. server iniciado 1.0.0
05/11/2016 08:15:05 p.m. server cerrado.
05/11/2016 08:15:26 p.m. server iniciado 1.0.0
05/11/2016 08:16:39 p.m. server iniciado 1.0.0
05/11/2016 08:19:33 p.m. server iniciado 1.0.0
05/11/2016 10:22:11 p.m. server iniciado 1.0.0
07/11/2016 02:49:30 server iniciado 1.0.0
07/11/2016 02:49:41 server cerrado.
07/11/2016 02:49:45 server iniciado 1.0.0
07/11/2016 02:51:12 server cerrado.
07/11/2016 02:53:44 server iniciado 1.0.0
07/11/2016 02:55:26 server cerrado.
07/11/2016 02:56:32 server iniciado 1.0.0
07/11/2016 02:59:02 server cerrado.
07/11/2016 03:10:32 server iniciado 1.0.0
07/11/2016 03:12:34 server cerrado.
07/11/2016 03:46:07 server iniciado 1.0.0
07/11/2016 03:46:14 server cerrado.
07/11/2016 03:47:23 server iniciado 1.0.0
07/11/2016 03:49:09 server cerrado.
07/11/2016 03:50:14 server iniciado 1.0.0
07/11/2016 03:51:57 server cerrado.
07/11/2016 03:52:18 server iniciado 1.0.0
07/11/2016 03:53:10 server cerrado.
07/11/2016 03:53:18 server iniciado 1.0.0
07/11/2016 03:54:50 server cerrado.
07/11/2016 03:56:23 server iniciado 1.0.0
07/11/2016 03:57:48 server cerrado.
07/11/2016 03:59:35 server iniciado 1.0.0
07/11/2016 04:01:17 server cerrado.
07/11/2016 04:03:12 server iniciado 1.0.0
07/11/2016 04:06:10 server cerrado.
07/11/2016 04:06:22 server iniciado 1.0.0
07/11/2016 04:06:25 server cerrado.
07/11/2016 04:06:54 server iniciado 1.0.0
07/11/2016 04:08:47 server cerrado.
07/11/2016 04:09:29 server iniciado 1.0.0
07/11/2016 04:13:54 server cerrado.
07/11/2016 04:14:00 server iniciado 1.0.0
07/11/2016 04:17:55 server cerrado.
07/11/2016 04:18:02 server iniciado 1.0.0
07/11/2016 04:19:32 server cerrado.
07/11/2016 04:20:18 server iniciado 1.0.0
07/11/2016 04:44:29 server iniciado 1.0.0
07/11/2016 11:30:42 server iniciado 1.0.0
07/11/2016 11:32:33 server cerrado.
07/11/2016 11:34:38 server iniciado 1.0.0
07/11/2016 11:35:11 server cerrado.
07/11/2016 11:36:50 server iniciado 1.0.0
07/11/2016 11:37:39 server cerrado.
07/11/2016 11:37:50 server iniciado 1.0.0
07/11/2016 11:38:41 server cerrado.
07/11/2016 12:02:55 server iniciado 1.0.0
07/11/2016 12:46:32 server iniciado 1.0.0
07/11/2016 12:53:19 server iniciado 1.0.0
07/11/2016 14:40:57 server iniciado 1.0.0
07/11/2016 15:08:22 server iniciado 1.0.0
07/11/2016 15:14:18 server cerrado.
07/11/2016 15:14:57 server iniciado 1.0.0
07/11/2016 15:17:00 server cerrado.
07/11/2016 15:20:10 server iniciado 1.0.0
07/11/2016 15:20:59 server cerrado.
07/11/2016 15:21:23 server iniciado 1.0.0
07/11/2016 15:36:28 server cerrado.
07/11/2016 16:46:53 server iniciado 1.0.0
07/11/2016 17:40:13 server iniciado 1.0.0
07/11/2016 17:40:16 server cerrado.
07/11/2016 17:41:45 server cerrado.
07/11/2016 17:41:57 server iniciado 1.0.0
07/11/2016 17:45:14 server cerrado.
07/11/2016 17:47:12 server iniciado 1.0.0
07/11/2016 18:02:17 server cerrado.
07/11/2016 18:02:31 server iniciado 1.0.0
07/11/2016 18:04:59 server cerrado.
07/11/2016 18:05:04 server iniciado 1.0.0
07/11/2016 18:07:30 server cerrado.
07/11/2016 18:07:35 server iniciado 1.0.0
07/11/2016 18:14:22 server cerrado.
07/11/2016 18:14:29 server iniciado 1.0.0
07/11/2016 18:15:53 server cerrado.
07/11/2016 18:16:07 server iniciado 1.0.0
07/11/2016 18:55:31 server iniciado 1.0.0
07/11/2016 18:58:09 server cerrado.
07/11/2016 18:58:14 server iniciado 1.0.0
07/11/2016 19:00:44 server cerrado.
07/11/2016 19:00:50 server iniciado 1.0.0
07/11/2016 19:03:06 server iniciado 1.0.0
07/11/2016 19:03:11 server cerrado.
07/11/2016 19:03:11 server iniciado 1.0.0
07/11/2016 19:11:05 server cerrado.
07/11/2016 19:11:12 server iniciado 1.0.0
07/11/2016 19:14:07 server cerrado.
07/11/2016 19:14:13 server iniciado 1.0.0
07/11/2016 19:18:33 server cerrado.
07/11/2016 19:19:05 server iniciado 1.0.0
07/11/2016 19:21:58 server iniciado 1.0.0
07/11/2016 19:23:28 server cerrado.
07/11/2016 21:30:53 server iniciado 1.0.0
07/11/2016 21:37:53 server iniciado 1.0.0
07/11/2016 21:56:43 server cerrado.
07/11/2016 22:06:53 server iniciado 1.0.0
07/11/2016 23:22:38 server cerrado.
08/11/2016 01:48:13 server iniciado 1.0.0
08/11/2016 01:51:53 server cerrado.
08/11/2016 01:51:59 server iniciado 1.0.0
08/11/2016 01:52:36 server cerrado.
08/11/2016 01:52:42 server iniciado 1.0.0
08/11/2016 01:54:25 server cerrado.
08/11/2016 01:54:31 server iniciado 1.0.0
08/11/2016 01:54:44 server cerrado.
08/11/2016 01:54:56 server iniciado 1.0.0
08/11/2016 01:56:03 server cerrado.
08/11/2016 01:57:01 server iniciado 1.0.0
08/11/2016 01:58:18 server cerrado.
08/11/2016 01:58:53 server iniciado 1.0.0
08/11/2016 02:00:24 server cerrado.
08/11/2016 02:02:59 server iniciado 1.0.0
08/11/2016 02:05:01 server cerrado.
08/11/2016 02:07:43 server iniciado 1.0.0
08/11/2016 02:11:08 server cerrado.
08/11/2016 02:15:16 server iniciado 1.0.0
08/11/2016 02:19:17 server cerrado.
08/11/2016 02:50:32 server iniciado 1.0.0
08/11/2016 02:54:33 server cerrado.
08/11/2016 02:58:55 server iniciado 1.0.0
08/11/2016 02:59:28 server cerrado.
08/11/2016 03:01:11 server iniciado 1.0.0
08/11/2016 03:02:15 server cerrado.
08/11/2016 03:28:53 server iniciado 1.0.0
08/11/2016 03:29:18 server cerrado.
08/11/2016 03:30:37 server iniciado 1.0.0
08/11/2016 03:36:02 server cerrado.
08/11/2016 03:36:07 server iniciado 1.0.0
08/11/2016 03:40:46 server cerrado.
08/11/2016 03:44:49 server iniciado 1.0.0
08/11/2016 03:47:13 server cerrado.
08/11/2016 03:54:06 server iniciado 1.0.0
08/11/2016 03:56:30 server cerrado.
08/11/2016 17:52:42 server iniciado 1.0.0
08/11/2016 17:55:11 server cerrado.
08/11/2016 17:55:17 server iniciado 1.0.0
08/11/2016 18:02:23 server iniciado 1.0.0
08/11/2016 18:03:57 server cerrado.
08/11/2016 18:15:04 server iniciado 1.0.0
08/11/2016 18:17:48 server cerrado.
08/11/2016 18:17:53 server iniciado 1.0.0
08/11/2016 18:23:32 server cerrado.
08/11/2016 18:25:09 server iniciado 1.0.0
08/11/2016 18:25:22 server cerrado.
08/11/2016 18:25:28 server iniciado 1.0.0
08/11/2016 18:27:11 server cerrado.
08/11/2016 18:27:34 server iniciado 1.0.0
08/11/2016 18:30:34 server cerrado.
09/11/2016 00:07:16 server iniciado 1.0.0
09/11/2016 00:08:09 server iniciado 1.0.0
09/11/2016 00:08:37 server cerrado.
09/11/2016 00:08:38 server cerrado.
09/11/2016 00:08:49 server iniciado 1.0.0
09/11/2016 00:11:11 server cerrado.
09/11/2016 00:12:13 server iniciado 1.0.0
09/11/2016 00:12:20 server cerrado.
09/11/2016 00:13:08 server iniciado 1.0.0
09/11/2016 00:13:29 server cerrado.
09/11/2016 00:19:05 server iniciado 1.0.0
09/11/2016 00:20:21 server cerrado.
09/11/2016 00:20:28 server iniciado 1.0.0
09/11/2016 00:20:31 server cerrado.
09/11/2016 00:21:48 server iniciado 1.0.0
09/11/2016 00:22:01 server cerrado.
09/11/2016 00:22:58 server iniciado 1.0.0
09/11/2016 00:28:08 server cerrado.
09/11/2016 00:29:10 server iniciado 1.0.0
09/11/2016 02:40:16 server iniciado 1.0.0
09/11/2016 02:45:12 server cerrado.
09/11/2016 02:54:54 server iniciado 1.0.0
09/11/2016 02:57:21 server cerrado.
09/11/2016 03:20:36 server iniciado 1.0.0
09/11/2016 03:33:43 server cerrado.
09/11/2016 12:13:45 server iniciado 1.0.0
09/11/2016 12:13:47 server cerrado.
09/11/2016 12:14:16 server iniciado 1.0.0
09/11/2016 12:17:03 server cerrado.
09/11/2016 20:13:52 server iniciado 1.0.0
09/11/2016 20:37:12 server cerrado.
09/11/2016 20:40:38 server iniciado 1.0.0
10/11/2016 12:52:45 p.m. server iniciado 1.0.0
10/11/2016 01:40:47 p.m. server iniciado 1.0.0
10/11/2016 01:42:21 p.m. server iniciado 1.0.0
10/11/2016 01:49:08 p.m. server iniciado 1.0.0
10/11/2016 01:51:19 p.m. server iniciado 1.0.0
10/11/2016 01:54:29 p.m. server iniciado 1.0.0
10/11/2016 02:24:31 p.m. server iniciado 1.0.0
10/11/2016 02:28:00 p.m. server iniciado 1.0.0
10/11/2016 02:40:46 p.m. server iniciado 1.0.0
10/11/2016 02:43:18 p.m. server iniciado 1.0.0
11/11/2016 05:58:51 p.m. server iniciado 1.0.0
14/11/2016 09:55:00 p.m. server iniciado 1.0.0
14/11/2016 10:05:46 p.m. server iniciado 1.0.0
14/11/2016 10:11:02 p.m. server iniciado 1.0.0
14/11/2016 10:13:59 p.m. server iniciado 1.0.0
15/11/2016 12:47:26 a.m. server iniciado 1.0.0
15/11/2016 12:50:30 a.m. server iniciado 1.0.0
15/11/2016 12:52:53 a.m. server iniciado 1.0.0
15/11/2016 08:47:29 p.m. server iniciado 1.0.0
15/11/2016 09:04:07 p.m. server apagado por Nhelk. 
15/11/2016 09:04:08 p.m. server cerrado.
18/11/2016 07:16:34 p.m. server iniciado 1.0.0
18/11/2016 07:44:25 p.m. server cerrado.
18/11/2016 08:08:53 p.m. server iniciado 1.0.0
19/11/2016 01:03:19 p.m. server iniciado 1.0.0
19/11/2016 09:06:47 p.m. server iniciado 1.0.0
19/11/2016 09:08:39 p.m. server iniciado 1.0.0
19/11/2016 09:09:53 p.m. server iniciado 1.0.0
19/11/2016 09:10:45 p.m. server iniciado 1.0.0
19/11/2016 09:14:16 p.m. server iniciado 1.0.0
19/11/2016 09:28:02 p.m. server iniciado 1.0.0
19/11/2016 10:14:16 p.m. server iniciado 1.0.0
19/11/2016 10:29:25 p.m. server iniciado 1.0.0
19/11/2016 10:48:32 p.m. server iniciado 1.0.0
19/11/2016 10:56:50 p.m. server iniciado 1.0.0
20/11/2016 12:41:28 a.m. server iniciado 1.0.0
20/11/2016 12:53:26 a.m. server cerrado.
20/11/2016 12:53:40 a.m. server iniciado 1.0.0
20/11/2016 01:55:05 a.m. server cerrado.
20/11/2016 02:02:30 a.m. server iniciado 1.0.0
20/11/2016 02:15:30 a.m. server cerrado.
20/11/2016 02:15:45 a.m. server iniciado 1.0.0
20/11/2016 10:23:02 a.m. server cerrado.
20/11/2016 10:24:46 a.m. server iniciado 1.0.0
20/11/2016 01:12:57 p.m. server cerrado.
20/11/2016 01:13:09 p.m. server iniciado 1.0.0
20/11/2016 02:30:31 p.m. server cerrado.
20/11/2016 02:30:42 p.m. server iniciado 1.0.0
20/11/2016 03:23:32 p.m. server cerrado.
20/11/2016 03:23:41 p.m. server iniciado 1.0.0
20/11/2016 03:37:52 p.m. server iniciado 1.0.0
20/11/2016 03:38:11 p.m. server iniciado 1.0.0
20/11/2016 03:38:19 p.m. server cerrado.
20/11/2016 03:38:20 p.m. server cerrado.
20/11/2016 03:38:27 p.m. server iniciado 1.0.0
20/11/2016 03:39:53 p.m. server cerrado.
20/11/2016 03:40:04 p.m. server iniciado 1.0.0
20/11/2016 05:55:29 p.m. server cerrado.
20/11/2016 05:55:41 p.m. server iniciado 1.0.0
20/11/2016 05:58:23 p.m. server iniciado 1.0.0
21/11/2016 03:10:29 p.m. server apagado por Nhelk. 
21/11/2016 03:10:30 p.m. server cerrado.
23/11/2016 09:12:03 p.m. server iniciado 1.0.0
27/11/2016 01:32:45 a.m. server iniciado 1.0.0
27/11/2016 01:47:12 a.m. server iniciado 1.0.0
27/11/2016 02:25:05 p.m. server cerrado.
27/11/2016 02:25:16 p.m. server iniciado 1.0.0
28/11/2016 12:26:24 a.m. server cerrado.
28/11/2016 12:11:53 p.m. server iniciado 1.0.0
28/11/2016 01:36:43 p.m. server cerrado.
28/11/2016 01:36:44 p.m. server iniciado 1.0.0
28/11/2016 01:37:11 p.m. server cerrado.
28/11/2016 01:37:21 p.m. server iniciado 1.0.0
28/11/2016 01:37:26 p.m. server cerrado.
28/11/2016 01:37:34 p.m. server iniciado 1.0.0
28/11/2016 04:51:59 p.m. server cerrado.
28/11/2016 04:52:54 p.m. server iniciado 1.0.0
02/12/2016 05:12:37 p.m. server cerrado.
02/12/2016 05:13:03 p.m. server iniciado 1.0.0
22/06/2019 12:07:01 p.m. server cerrado.
11/5/2020 02:10:44 server iniciado 1.0.0
11/5/2020 09:53:08 server iniciado 1.0.0
11/5/2020 14:26:49 server iniciado 1.0.0
11/5/2020 16:33:44 server iniciado 1.0.0
12/5/2020 13:14:56 server cerrado.
