20/11/2016 04:41:10 p.m. AntiCheat> Deteccion cheat poteo de PiNPiNELA

20/11/2016 04:41:37 p.m. AntiCheat> Deteccion cheat poteo doble click de ESTEARA

20/11/2016 04:41:37 p.m. AntiCheat> Deteccion cheat poteo doble click de ESTEARA

20/11/2016 04:41:37 p.m. AntiCheat> Deteccion cheat poteo doble click de ESTEARA

20/11/2016 04:41:37 p.m. AntiCheat> Deteccion cheat poteo de ESTEARA

20/11/2016 04:41:37 p.m. AntiCheat> Deteccion cheat poteo doble click de ESTEARA

20/11/2016 04:41:37 p.m. AntiCheat> Deteccion cheat poteo de ESTEARA

20/11/2016 04:41:37 p.m. AntiCheat> Deteccion cheat poteo doble click de ESTEARA

20/11/2016 04:41:37 p.m. AntiCheat> Deteccion cheat poteo de ESTEARA

20/11/2016 04:41:37 p.m. AntiCheat> Deteccion cheat poteo doble click de ESTEARA

20/11/2016 04:41:37 p.m. AntiCheat> Deteccion cheat poteo de ESTEARA

20/11/2016 04:41:37 p.m. AntiCheat> Deteccion cheat poteo doble click de ESTEARA

20/11/2016 04:41:37 p.m. AntiCheat> Deteccion cheat poteo de ESTEARA

20/11/2016 04:41:37 p.m. AntiCheat> Deteccion cheat poteo doble click de ESTEARA

20/11/2016 04:41:37 p.m. AntiCheat> Deteccion cheat poteo de ESTEARA

20/11/2016 04:41:37 p.m. AntiCheat> Deteccion cheat poteo doble click de ESTEARA

20/11/2016 04:41:37 p.m. AntiCheat> Deteccion cheat poteo de ESTEARA

20/11/2016 04:41:37 p.m. AntiCheat> Deteccion cheat poteo de ESTEARA

20/11/2016 04:41:37 p.m. AntiCheat> Deteccion cheat poteo de ESTEARA

20/11/2016 04:41:37 p.m. AntiCheat> Deteccion cheat poteo de ESTEARA

20/11/2016 04:41:37 p.m. AntiCheat> Deteccion cheat poteo de ESTEARA

20/11/2016 04:41:37 p.m. AntiCheat> Deteccion cheat poteo de ESTEARA

20/11/2016 04:41:37 p.m. AntiCheat> Deteccion cheat poteo doble click de ESTEARA

20/11/2016 04:41:37 p.m. AntiCheat> Deteccion cheat poteo de ESTEARA

20/11/2016 04:41:37 p.m. AntiCheat> Deteccion cheat poteo doble click de ESTEARA

20/11/2016 04:41:37 p.m. AntiCheat> Deteccion cheat poteo de ESTEARA

20/11/2016 04:41:37 p.m. AntiCheat> Deteccion cheat poteo doble click de ESTEARA

20/11/2016 04:41:37 p.m. AntiCheat> Deteccion cheat poteo de ESTEARA

20/11/2016 04:41:37 p.m. AntiCheat> Deteccion cheat poteo doble click de ESTEARA

20/11/2016 04:41:37 p.m. AntiCheat> Deteccion cheat poteo doble click de ESTEARA

20/11/2016 04:41:37 p.m. AntiCheat> Deteccion cheat poteo de ESTEARA

20/11/2016 04:41:40 p.m. AntiCheat> Deteccion cheat poteo de ESTEARA

20/11/2016 04:41:40 p.m. AntiCheat> Deteccion cheat poteo de ESTEARA

20/11/2016 04:41:40 p.m. AntiCheat> Deteccion cheat poteo de PiNPiNELA

20/11/2016 04:41:40 p.m. AntiCheat> Deteccion cheat poteo doble click de PiNPiNELA

20/11/2016 04:41:40 p.m. AntiCheat> Deteccion cheat poteo de ESTEARA

20/11/2016 04:41:49 p.m. AntiCheat> Deteccion cheat poteo de ESTEARA

20/11/2016 06:46:43 p.m. AntiCheat> Deteccion cheat poteo de Nisca

20/11/2016 06:46:43 p.m. AntiCheat> Deteccion cheat poteo de Nisca

20/11/2016 09:28:21 p.m. AntiCheat> Deteccion cheat lanzar de Morder

20/11/2016 09:28:21 p.m. AntiCheat> Deteccion cheat lanzar de Morder

20/11/2016 09:28:21 p.m. AntiCheat> Deteccion cheat lanzar de Morder

20/11/2016 11:59:34 p.m. AntiCheat> Deteccion cheat poteo de William

20/11/2016 11:59:34 p.m. AntiCheat> Deteccion cheat poteo de William

21/11/2016 01:11:20 a.m. AntiCheat> Deteccion cheat poteo de Pochoo

21/11/2016 01:11:20 a.m. AntiCheat> Deteccion cheat poteo de Pochoo

21/11/2016 01:11:20 a.m. AntiCheat> Deteccion cheat poteo de Pochoo

21/11/2016 01:11:22 a.m. AntiCheat> Deteccion cheat poteo de Pochoo

21/11/2016 01:11:24 a.m. AntiCheat> Deteccion cheat poteo de Pochoo

21/11/2016 01:12:50 a.m. AntiCheat> Deteccion cheat poteo de Pochoo

21/11/2016 01:12:51 a.m. AntiCheat> Deteccion cheat poteo de Pochoo

21/11/2016 03:00:11 a.m. AntiCheat> Deteccion cheat poteo de SJUWZ

21/11/2016 03:00:11 a.m. AntiCheat> Deteccion cheat poteo de SJUWZ

21/11/2016 03:00:11 a.m. AntiCheat> Deteccion cheat poteo de SJUWZ

21/11/2016 03:00:11 a.m. AntiCheat> Deteccion cheat poteo de SJUWZ

21/11/2016 03:00:11 a.m. AntiCheat> Deteccion cheat poteo de SJUWZ

21/11/2016 03:00:11 a.m. AntiCheat> Deteccion cheat poteo de SJUWZ

21/11/2016 03:00:11 a.m. AntiCheat> Deteccion cheat poteo de SJUWZ

21/11/2016 03:00:11 a.m. AntiCheat> Deteccion cheat poteo de SJUWZ

21/11/2016 03:00:11 a.m. AntiCheat> Deteccion cheat poteo de SJUWZ

21/11/2016 03:00:11 a.m. AntiCheat> Deteccion cheat poteo de SJUWZ

21/11/2016 03:00:11 a.m. AntiCheat> Deteccion cheat poteo de SJUWZ

21/11/2016 03:00:11 a.m. AntiCheat> Deteccion cheat poteo de SJUWZ

21/11/2016 03:00:11 a.m. AntiCheat> Deteccion cheat poteo de SJUWZ

21/11/2016 03:00:11 a.m. AntiCheat> Deteccion cheat poteo de SJUWZ

21/11/2016 03:00:11 a.m. AntiCheat> Deteccion cheat poteo de SJUWZ

21/11/2016 03:00:11 a.m. AntiCheat> Deteccion cheat poteo de SJUWZ

21/11/2016 03:00:11 a.m. AntiCheat> Deteccion cheat poteo de SJUWZ

21/11/2016 03:00:11 a.m. AntiCheat> Deteccion cheat poteo de SJUWZ

21/11/2016 03:00:11 a.m. AntiCheat> Deteccion cheat poteo de SJUWZ

21/11/2016 03:00:11 a.m. AntiCheat> Deteccion cheat poteo de SJUWZ

21/11/2016 03:00:11 a.m. AntiCheat> Deteccion cheat poteo de SJUWZ

21/11/2016 03:00:11 a.m. AntiCheat> Deteccion cheat poteo de SJUWZ

21/11/2016 03:00:11 a.m. AntiCheat> Deteccion cheat poteo de SJUWZ

21/11/2016 03:00:11 a.m. AntiCheat> Deteccion cheat poteo de SJUWZ

21/11/2016 03:00:11 a.m. AntiCheat> Deteccion cheat poteo de SJUWZ

21/11/2016 03:00:11 a.m. AntiCheat> Deteccion cheat poteo de SJUWZ

21/11/2016 03:00:11 a.m. AntiCheat> Deteccion cheat poteo de SJUWZ

21/11/2016 03:00:11 a.m. AntiCheat> Deteccion cheat poteo de SJUWZ

21/11/2016 03:00:11 a.m. AntiCheat> Deteccion cheat poteo de SJUWZ

21/11/2016 03:00:11 a.m. AntiCheat> Deteccion cheat poteo de SJUWZ

21/11/2016 03:00:11 a.m. AntiCheat> Deteccion cheat poteo de SJUWZ

21/11/2016 03:00:11 a.m. AntiCheat> Deteccion cheat poteo de SJUWZ

21/11/2016 03:00:11 a.m. AntiCheat> Deteccion cheat poteo de SJUWZ

21/11/2016 03:00:11 a.m. AntiCheat> Deteccion cheat poteo de SJUWZ

21/11/2016 03:00:11 a.m. AntiCheat> Deteccion cheat poteo de SJUWZ

21/11/2016 03:00:11 a.m. AntiCheat> Deteccion cheat poteo de SJUWZ

21/11/2016 03:00:11 a.m. AntiCheat> Deteccion cheat poteo de SJUWZ

21/11/2016 03:00:11 a.m. AntiCheat> Deteccion cheat poteo de SJUWZ

21/11/2016 03:00:11 a.m. AntiCheat> Deteccion cheat poteo de SJUWZ

21/11/2016 03:00:11 a.m. AntiCheat> Deteccion cheat poteo de SJUWZ

21/11/2016 03:00:11 a.m. AntiCheat> Deteccion cheat poteo de SJUWZ

21/11/2016 03:00:11 a.m. AntiCheat> Deteccion cheat poteo de SJUWZ

21/11/2016 03:00:11 a.m. AntiCheat> Deteccion cheat poteo de SJUWZ

21/11/2016 03:00:11 a.m. AntiCheat> Deteccion cheat poteo de SJUWZ

21/11/2016 03:00:11 a.m. AntiCheat> Deteccion cheat poteo de SJUWZ

21/11/2016 03:00:11 a.m. AntiCheat> Deteccion cheat poteo de SJUWZ

21/11/2016 03:00:11 a.m. AntiCheat> Deteccion cheat poteo de SJUWZ

21/11/2016 03:00:15 a.m. AntiCheat> Deteccion cheat poteo de SJUWZ

21/11/2016 03:00:21 a.m. AntiCheat> Deteccion cheat poteo de SJUWZ

21/11/2016 03:00:24 a.m. AntiCheat> Deteccion cheat poteo de SJUWZ

21/11/2016 03:00:32 a.m. AntiCheat> Deteccion cheat poteo de SJUWZ

21/11/2016 10:14:58 a.m. AntiCheat> Deteccion cheat poteo de pOcHoO

21/11/2016 10:15:00 a.m. AntiCheat> Deteccion cheat poteo de pOcHoO

21/11/2016 10:15:03 a.m. AntiCheat> Deteccion cheat poteo de pOcHoO

21/11/2016 10:15:04 a.m. AntiCheat> Deteccion cheat poteo de pOcHoO

21/11/2016 11:44:58 a.m. AntiCheat> Deteccion cheat poteo doble click de Pochoo

21/11/2016 11:44:58 a.m. AntiCheat> Deteccion cheat poteo doble click de Pochoo

21/11/2016 11:44:58 a.m. AntiCheat> Deteccion cheat poteo doble click de Pochoo

21/11/2016 11:44:58 a.m. AntiCheat> Deteccion cheat poteo doble click de Pochoo

21/11/2016 11:44:58 a.m. AntiCheat> Deteccion cheat poteo doble click de Pochoo

21/11/2016 11:44:58 a.m. AntiCheat> Deteccion cheat poteo doble click de Pochoo

21/11/2016 11:45:01 a.m. AntiCheat> Deteccion cheat poteo doble click de Pochoo

21/11/2016 11:45:01 a.m. AntiCheat> Deteccion cheat poteo doble click de Pochoo

21/11/2016 11:45:01 a.m. AntiCheat> Deteccion cheat poteo doble click de Pochoo

21/11/2016 11:45:01 a.m. AntiCheat> Deteccion cheat poteo doble click de Pochoo

21/11/2016 11:45:12 a.m. AntiCheat> Deteccion cheat poteo doble click de Pochoo

21/11/2016 11:45:12 a.m. AntiCheat> Deteccion cheat poteo doble click de Pochoo

21/11/2016 11:45:12 a.m. AntiCheat> Deteccion cheat poteo doble click de Pochoo

21/11/2016 11:45:12 a.m. AntiCheat> Deteccion cheat poteo doble click de Pochoo

21/11/2016 11:46:26 a.m. AntiCheat> Deteccion cheat poteo doble click de Pochoo

21/11/2016 11:46:26 a.m. AntiCheat> Deteccion cheat poteo doble click de Pochoo

21/11/2016 11:46:26 a.m. AntiCheat> Deteccion cheat poteo doble click de Pochoo

21/11/2016 11:46:26 a.m. AntiCheat> Deteccion cheat poteo doble click de Pochoo

21/11/2016 12:56:45 p.m. AntiCheat> Deteccion cheat poteo de Pochoo

21/11/2016 12:56:45 p.m. AntiCheat> Deteccion cheat poteo de Pochoo

21/11/2016 12:56:45 p.m. AntiCheat> Deteccion cheat poteo de Pochoo

21/11/2016 12:57:32 p.m. AntiCheat> Deteccion cheat poteo de Pochoo

21/11/2016 12:57:32 p.m. AntiCheat> Deteccion cheat poteo de Pochoo

21/11/2016 12:57:32 p.m. AntiCheat> Deteccion cheat poteo de Pochoo

21/11/2016 12:57:35 p.m. AntiCheat> Deteccion cheat poteo de Pochoo

21/11/2016 12:57:35 p.m. AntiCheat> Deteccion cheat poteo de Pochoo

21/11/2016 12:57:35 p.m. AntiCheat> Deteccion cheat poteo de Pochoo

21/11/2016 12:57:35 p.m. AntiCheat> Deteccion cheat poteo de Pochoo

21/11/2016 12:57:36 p.m. AntiCheat> Deteccion cheat poteo de Pochoo

21/11/2016 12:57:36 p.m. AntiCheat> Deteccion cheat poteo de Pochoo

21/11/2016 12:57:36 p.m. AntiCheat> Deteccion cheat poteo de Pochoo

21/11/2016 12:57:37 p.m. AntiCheat> Deteccion cheat poteo de Pochoo

21/11/2016 12:57:38 p.m. AntiCheat> Deteccion cheat poteo de Pochoo

21/11/2016 12:57:43 p.m. AntiCheat> Deteccion cheat poteo de Pochoo

21/11/2016 12:57:43 p.m. AntiCheat> Deteccion cheat poteo de Pochoo

21/11/2016 12:57:45 p.m. AntiCheat> Deteccion cheat poteo de Pochoo

21/11/2016 12:58:05 p.m. AntiCheat> Deteccion cheat poteo de Pochoo

21/11/2016 12:58:06 p.m. AntiCheat> Deteccion cheat poteo de Pochoo

21/11/2016 12:59:06 p.m. AntiCheat> Deteccion cheat poteo de Pochoo

21/11/2016 12:59:06 p.m. AntiCheat> Deteccion cheat poteo de Pochoo

21/11/2016 12:59:06 p.m. AntiCheat> Deteccion cheat poteo de Pochoo

21/11/2016 12:59:06 p.m. AntiCheat> Deteccion cheat poteo de Pochoo

21/11/2016 12:59:06 p.m. AntiCheat> Deteccion cheat poteo de Pochoo

21/11/2016 12:59:06 p.m. AntiCheat> Deteccion cheat poteo de Pochoo

21/11/2016 12:59:06 p.m. AntiCheat> Deteccion cheat poteo de Pochoo

21/11/2016 12:59:06 p.m. AntiCheat> Deteccion cheat poteo de Pochoo

21/11/2016 12:59:06 p.m. AntiCheat> Deteccion cheat poteo de Pochoo

21/11/2016 12:59:06 p.m. AntiCheat> Deteccion cheat poteo de Pochoo

21/11/2016 12:59:06 p.m. AntiCheat> Deteccion cheat poteo de Pochoo

21/11/2016 12:59:06 p.m. AntiCheat> Deteccion cheat poteo doble click de Pochoo

21/11/2016 12:59:06 p.m. AntiCheat> Deteccion cheat poteo de Pochoo

21/11/2016 12:59:07 p.m. AntiCheat> Deteccion cheat poteo doble click de Pochoo

21/11/2016 12:59:07 p.m. AntiCheat> Deteccion cheat poteo de Pochoo

21/11/2016 12:59:07 p.m. AntiCheat> Deteccion cheat poteo de Pochoo

21/11/2016 12:59:07 p.m. AntiCheat> Deteccion cheat poteo de Pochoo

21/11/2016 12:59:07 p.m. AntiCheat> Deteccion cheat poteo de Pochoo

21/11/2016 12:59:07 p.m. AntiCheat> Deteccion cheat poteo de Pochoo

21/11/2016 01:09:03 p.m. AntiCheat> Deteccion cheat poteo de Pochoo

21/11/2016 01:09:03 p.m. AntiCheat> Deteccion cheat poteo de Pochoo

21/11/2016 01:09:03 p.m. AntiCheat> Deteccion cheat poteo de Pochoo

21/11/2016 01:11:16 p.m. AntiCheat> Deteccion cheat poteo de FAGTER

21/11/2016 01:11:17 p.m. AntiCheat> Deteccion cheat poteo de FAGTER

21/11/2016 02:05:45 p.m. AntiCheat> Deteccion cheat poteo de FAGTER

21/11/2016 02:22:36 p.m. AntiCheat> Deteccion cheat poteo doble click de Pochoo

21/11/2016 02:22:36 p.m. AntiCheat> Deteccion cheat poteo doble click de Pochoo

21/11/2016 02:22:36 p.m. AntiCheat> Deteccion cheat poteo doble click de Pochoo

21/11/2016 02:25:19 p.m. AntiCheat> Deteccion cheat poteo doble click de CHAPA

21/11/2016 02:28:50 p.m. AntiCheat> Deteccion cheat poteo de AHSiMED

21/11/2016 02:28:50 p.m. AntiCheat> Deteccion cheat poteo de AHSiMED

21/11/2016 02:28:50 p.m. AntiCheat> Deteccion cheat poteo de AHSiMED

21/11/2016 02:29:43 p.m. AntiCheat> Deteccion cheat poteo de AHSiMED

21/11/2016 02:29:43 p.m. AntiCheat> Deteccion cheat poteo de AHSiMED

21/11/2016 02:29:45 p.m. AntiCheat> Deteccion cheat poteo de AHSiMED

21/11/2016 02:29:45 p.m. AntiCheat> Deteccion cheat poteo de AHSiMED

21/11/2016 02:29:46 p.m. AntiCheat> Deteccion cheat poteo de AHSiMED

21/11/2016 02:29:46 p.m. AntiCheat> Deteccion cheat poteo de AHSiMED

21/11/2016 02:29:46 p.m. AntiCheat> Deteccion cheat poteo de AHSiMED

21/11/2016 02:29:47 p.m. AntiCheat> Deteccion cheat poteo de AHSiMED

21/11/2016 02:29:47 p.m. AntiCheat> Deteccion cheat poteo de AHSiMED

21/11/2016 02:29:47 p.m. AntiCheat> Deteccion cheat poteo de AHSiMED

21/11/2016 02:29:47 p.m. AntiCheat> Deteccion cheat poteo de AHSiMED

21/11/2016 02:29:48 p.m. AntiCheat> Deteccion cheat poteo de AHSiMED

21/11/2016 02:29:48 p.m. AntiCheat> Deteccion cheat poteo de AHSiMED

21/11/2016 02:29:48 p.m. AntiCheat> Deteccion cheat poteo de AHSiMED

21/11/2016 02:29:48 p.m. AntiCheat> Deteccion cheat poteo de AHSiMED

21/11/2016 02:29:49 p.m. AntiCheat> Deteccion cheat poteo de AHSiMED

21/11/2016 02:29:49 p.m. AntiCheat> Deteccion cheat poteo de AHSiMED

21/11/2016 02:31:36 p.m. AntiCheat> Deteccion cheat poteo de CHAPA

21/11/2016 02:31:37 p.m. AntiCheat> Deteccion cheat poteo de CHAPA

21/11/2016 02:31:37 p.m. AntiCheat> Deteccion cheat poteo de CHAPA

21/11/2016 02:31:39 p.m. AntiCheat> Deteccion cheat poteo de CHAPA

21/11/2016 02:31:41 p.m. AntiCheat> Deteccion cheat poteo de CHAPA

21/11/2016 02:32:32 p.m. AntiCheat> Deteccion cheat poteo doble click de CHAPA

21/11/2016 02:32:32 p.m. AntiCheat> Deteccion cheat poteo doble click de CHAPA

21/11/2016 02:32:32 p.m. AntiCheat> Deteccion cheat poteo doble click de CHAPA

21/11/2016 02:32:32 p.m. AntiCheat> Deteccion cheat poteo doble click de CHAPA

21/11/2016 02:32:32 p.m. AntiCheat> Deteccion cheat poteo doble click de CHAPA

21/11/2016 02:32:32 p.m. AntiCheat> Deteccion cheat poteo doble click de CHAPA

21/11/2016 02:32:32 p.m. AntiCheat> Deteccion cheat poteo doble click de CHAPA

21/11/2016 02:32:32 p.m. AntiCheat> Deteccion cheat poteo doble click de CHAPA

21/11/2016 02:32:32 p.m. AntiCheat> Deteccion cheat poteo doble click de CHAPA

21/11/2016 02:32:32 p.m. AntiCheat> Deteccion cheat poteo doble click de CHAPA

21/11/2016 02:32:32 p.m. AntiCheat> Deteccion cheat poteo doble click de CHAPA

21/11/2016 02:32:32 p.m. AntiCheat> Deteccion cheat poteo doble click de CHAPA

21/11/2016 02:32:32 p.m. AntiCheat> Deteccion cheat poteo doble click de CHAPA

21/11/2016 02:32:32 p.m. AntiCheat> Deteccion cheat poteo doble click de CHAPA

21/11/2016 02:32:32 p.m. AntiCheat> Deteccion cheat poteo doble click de CHAPA

21/11/2016 02:32:32 p.m. AntiCheat> Deteccion cheat poteo doble click de CHAPA

21/11/2016 02:32:32 p.m. AntiCheat> Deteccion cheat poteo doble click de CHAPA

21/11/2016 02:38:13 p.m. AntiCheat> Deteccion cheat poteo doble click de CHAPA

21/11/2016 02:38:13 p.m. AntiCheat> Deteccion cheat poteo doble click de CHAPA

21/11/2016 02:38:13 p.m. AntiCheat> Deteccion cheat poteo doble click de CHAPA

21/11/2016 02:38:13 p.m. AntiCheat> Deteccion cheat poteo doble click de CHAPA

21/11/2016 02:38:13 p.m. AntiCheat> Deteccion cheat poteo doble click de CHAPA

21/11/2016 02:38:13 p.m. AntiCheat> Deteccion cheat poteo doble click de CHAPA

21/11/2016 02:38:13 p.m. AntiCheat> Deteccion cheat poteo doble click de CHAPA

21/11/2016 02:38:13 p.m. AntiCheat> Deteccion cheat poteo doble click de CHAPA

21/11/2016 02:38:13 p.m. AntiCheat> Deteccion cheat poteo doble click de CHAPA

21/11/2016 02:40:56 p.m. AntiCheat> Deteccion cheat poteo de crip

21/11/2016 02:40:56 p.m. AntiCheat> Deteccion cheat poteo de crip

21/11/2016 02:48:21 p.m. AntiCheat> Deteccion cheat poteo de Pochoo

21/11/2016 02:48:21 p.m. AntiCheat> Deteccion cheat poteo de Pochoo

21/11/2016 02:48:25 p.m. AntiCheat> Deteccion cheat poteo de Pochoo

21/11/2016 02:48:25 p.m. AntiCheat> Deteccion cheat poteo de Pochoo

21/11/2016 02:48:25 p.m. AntiCheat> Deteccion cheat poteo de Pochoo

21/11/2016 02:48:25 p.m. AntiCheat> Deteccion cheat poteo de Pochoo

21/11/2016 02:48:25 p.m. AntiCheat> Deteccion cheat poteo de Pochoo

21/11/2016 02:48:37 p.m. AntiCheat> Deteccion cheat poteo doble click de Pochoo

21/11/2016 02:48:37 p.m. AntiCheat> Deteccion cheat poteo de Pochoo

21/11/2016 02:48:37 p.m. AntiCheat> Deteccion cheat poteo doble click de Pochoo

21/11/2016 02:48:37 p.m. AntiCheat> Deteccion cheat poteo doble click de Pochoo

21/11/2016 02:48:37 p.m. AntiCheat> Deteccion cheat poteo de Pochoo

21/11/2016 02:48:37 p.m. AntiCheat> Deteccion cheat poteo doble click de Pochoo

21/11/2016 02:48:37 p.m. AntiCheat> Deteccion cheat poteo de Pochoo

21/11/2016 02:48:37 p.m. AntiCheat> Deteccion cheat poteo de Pochoo

21/11/2016 02:48:37 p.m. AntiCheat> Deteccion cheat poteo doble click de Pochoo

21/11/2016 02:48:37 p.m. AntiCheat> Deteccion cheat poteo doble click de Pochoo

21/11/2016 02:48:37 p.m. AntiCheat> Deteccion cheat poteo de Pochoo

21/11/2016 02:48:37 p.m. AntiCheat> Deteccion cheat poteo doble click de Pochoo

21/11/2016 02:48:43 p.m. AntiCheat> Deteccion cheat poteo de CHAPA

21/11/2016 02:48:44 p.m. AntiCheat> Deteccion cheat poteo de CHAPA

21/11/2016 02:48:45 p.m. AntiCheat> Deteccion cheat poteo de CHAPA

21/11/2016 02:48:45 p.m. AntiCheat> Deteccion cheat poteo de CHAPA

21/11/2016 02:48:46 p.m. AntiCheat> Deteccion cheat poteo de CHAPA

21/11/2016 02:48:48 p.m. AntiCheat> Deteccion cheat poteo de CHAPA

21/11/2016 02:48:49 p.m. AntiCheat> Deteccion cheat poteo de CHAPA

21/11/2016 02:48:50 p.m. AntiCheat> Deteccion cheat poteo de CHAPA

21/11/2016 02:48:50 p.m. AntiCheat> Deteccion cheat poteo de CHAPA

21/11/2016 02:48:51 p.m. AntiCheat> Deteccion cheat poteo de CHAPA

21/11/2016 02:48:52 p.m. AntiCheat> Deteccion cheat poteo de CHAPA

21/11/2016 02:48:53 p.m. AntiCheat> Deteccion cheat poteo de CHAPA

21/11/2016 02:48:54 p.m. AntiCheat> Deteccion cheat poteo de CHAPA

21/11/2016 02:48:57 p.m. AntiCheat> Deteccion cheat poteo de CHAPA

21/11/2016 02:48:57 p.m. AntiCheat> Deteccion cheat poteo de CHAPA

21/11/2016 02:48:57 p.m. AntiCheat> Deteccion cheat poteo de CHAPA

21/11/2016 02:48:57 p.m. AntiCheat> Deteccion cheat poteo de CHAPA

21/11/2016 02:48:59 p.m. AntiCheat> Deteccion cheat poteo de CHAPA

21/11/2016 02:48:59 p.m. AntiCheat> Deteccion cheat poteo de CHAPA

21/11/2016 02:49:00 p.m. AntiCheat> Deteccion cheat poteo de CHAPA

21/11/2016 02:49:03 p.m. AntiCheat> Deteccion cheat poteo de CHAPA

21/11/2016 02:49:04 p.m. AntiCheat> Deteccion cheat poteo de CHAPA

21/11/2016 02:49:05 p.m. AntiCheat> Deteccion cheat poteo de CHAPA

21/11/2016 02:49:06 p.m. AntiCheat> Deteccion cheat poteo de CHAPA

21/11/2016 02:49:07 p.m. AntiCheat> Deteccion cheat poteo de CHAPA

21/11/2016 02:49:08 p.m. AntiCheat> Deteccion cheat poteo de CHAPA

21/11/2016 02:53:44 p.m. AntiCheat> Deteccion cheat poteo de CHAPA

21/11/2016 02:53:44 p.m. AntiCheat> Deteccion cheat poteo doble click de CHAPA

21/11/2016 02:53:44 p.m. AntiCheat> Deteccion cheat poteo de CHAPA

21/11/2016 02:53:44 p.m. AntiCheat> Deteccion cheat poteo doble click de CHAPA

21/11/2016 02:53:44 p.m. AntiCheat> Deteccion cheat poteo de CHAPA

21/11/2016 02:53:44 p.m. AntiCheat> Deteccion cheat poteo de CHAPA

21/11/2016 02:53:44 p.m. AntiCheat> Deteccion cheat poteo doble click de CHAPA

21/11/2016 02:53:44 p.m. AntiCheat> Deteccion cheat poteo de CHAPA

21/11/2016 02:53:44 p.m. AntiCheat> Deteccion cheat poteo doble click de CHAPA

21/11/2016 02:53:44 p.m. AntiCheat> Deteccion cheat poteo doble click de CHAPA

21/11/2016 02:53:44 p.m. AntiCheat> Deteccion cheat poteo doble click de CHAPA

21/11/2016 02:53:44 p.m. AntiCheat> Deteccion cheat poteo doble click de CHAPA

21/11/2016 02:53:44 p.m. AntiCheat> Deteccion cheat poteo de CHAPA

21/11/2016 02:53:44 p.m. AntiCheat> Deteccion cheat poteo de CHAPA

21/11/2016 02:53:44 p.m. AntiCheat> Deteccion cheat poteo doble click de CHAPA

21/11/2016 02:53:44 p.m. AntiCheat> Deteccion cheat poteo doble click de CHAPA

21/11/2016 02:53:46 p.m. AntiCheat> Deteccion cheat poteo de CHAPA

21/11/2016 02:53:53 p.m. AntiCheat> Deteccion cheat poteo de CHAPA

21/11/2016 02:53:54 p.m. AntiCheat> Deteccion cheat poteo de CHAPA

21/11/2016 02:56:41 p.m. AntiCheat> Deteccion cheat poteo de CHAPA

21/11/2016 03:00:20 p.m. AntiCheat> Deteccion cheat poteo de crip

21/11/2016 03:00:20 p.m. AntiCheat> Deteccion cheat poteo doble click de crip

21/11/2016 03:00:20 p.m. AntiCheat> Deteccion cheat poteo de crip

21/11/2016 03:00:20 p.m. AntiCheat> Deteccion cheat poteo de crip

21/11/2016 03:00:20 p.m. AntiCheat> Deteccion cheat poteo doble click de crip

21/11/2016 03:00:20 p.m. AntiCheat> Deteccion cheat poteo de crip

21/11/2016 03:00:20 p.m. AntiCheat> Deteccion cheat poteo de crip

21/11/2016 03:00:20 p.m. AntiCheat> Deteccion cheat poteo de Pochoo

21/11/2016 03:00:20 p.m. AntiCheat> Deteccion cheat poteo de crip

21/11/2016 03:00:20 p.m. AntiCheat> Deteccion cheat poteo de Pochoo

21/11/2016 03:00:20 p.m. AntiCheat> Deteccion cheat poteo de Pochoo

21/11/2016 03:00:20 p.m. AntiCheat> Deteccion cheat poteo de Pochoo

21/11/2016 03:00:20 p.m. AntiCheat> Deteccion cheat poteo de Pochoo

21/11/2016 03:00:20 p.m. AntiCheat> Deteccion cheat poteo de Pochoo

21/11/2016 03:00:21 p.m. AntiCheat> Deteccion cheat poteo de Pochoo

21/11/2016 03:00:22 p.m. AntiCheat> Deteccion cheat poteo de Pochoo

21/11/2016 03:00:23 p.m. AntiCheat> Deteccion cheat poteo de Pochoo

21/11/2016 03:00:25 p.m. AntiCheat> Deteccion cheat poteo de Pochoo

21/11/2016 03:00:27 p.m. AntiCheat> Deteccion cheat poteo de Pochoo

21/11/2016 03:03:53 p.m. AntiCheat> Deteccion cheat poteo de Pochoo

21/11/2016 03:03:55 p.m. AntiCheat> Deteccion cheat poteo de Pochoo

21/11/2016 03:03:57 p.m. AntiCheat> Deteccion cheat poteo de Pochoo

21/11/2016 03:03:57 p.m. AntiCheat> Deteccion cheat poteo de Pochoo

21/11/2016 03:03:58 p.m. AntiCheat> Deteccion cheat poteo de Pochoo

21/11/2016 03:03:58 p.m. AntiCheat> Deteccion cheat poteo de Pochoo

21/11/2016 03:03:58 p.m. AntiCheat> Deteccion cheat poteo de Pochoo

21/11/2016 03:04:01 p.m. AntiCheat> Deteccion cheat poteo de Pochoo

21/11/2016 03:04:02 p.m. AntiCheat> Deteccion cheat poteo de Pochoo

21/11/2016 03:04:03 p.m. AntiCheat> Deteccion cheat poteo de Pochoo

21/11/2016 03:04:06 p.m. AntiCheat> Deteccion cheat poteo de Pochoo

21/11/2016 03:04:06 p.m. AntiCheat> Deteccion cheat poteo de Pochoo

21/11/2016 03:04:08 p.m. AntiCheat> Deteccion cheat poteo de Pochoo

21/11/2016 03:04:08 p.m. AntiCheat> Deteccion cheat poteo de Pochoo

21/11/2016 03:04:10 p.m. AntiCheat> Deteccion cheat poteo de Pochoo

21/11/2016 03:04:11 p.m. AntiCheat> Deteccion cheat poteo de Pochoo

21/11/2016 03:04:11 p.m. AntiCheat> Deteccion cheat poteo de Pochoo

21/11/2016 03:04:11 p.m. AntiCheat> Deteccion cheat poteo de Pochoo

21/11/2016 03:04:11 p.m. AntiCheat> Deteccion cheat poteo de Pochoo

21/11/2016 03:04:15 p.m. AntiCheat> Deteccion cheat poteo de Pochoo

21/11/2016 03:04:16 p.m. AntiCheat> Deteccion cheat poteo de Pochoo

21/11/2016 03:04:21 p.m. AntiCheat> Deteccion cheat poteo de Pochoo

21/11/2016 03:04:22 p.m. AntiCheat> Deteccion cheat poteo de Pochoo

21/11/2016 03:04:43 p.m. AntiCheat> Deteccion cheat poteo de Pochoo

21/11/2016 03:04:45 p.m. AntiCheat> Deteccion cheat poteo de Pochoo

21/11/2016 03:04:52 p.m. AntiCheat> Deteccion cheat poteo de Pochoo

21/11/2016 03:04:53 p.m. AntiCheat> Deteccion cheat poteo de Pochoo

21/11/2016 03:04:55 p.m. AntiCheat> Deteccion cheat poteo de Pochoo

21/11/2016 03:04:55 p.m. AntiCheat> Deteccion cheat poteo de Pochoo

21/11/2016 03:04:55 p.m. AntiCheat> Deteccion cheat poteo de Pochoo

21/11/2016 03:05:00 p.m. AntiCheat> Deteccion cheat poteo de Pochoo

21/11/2016 03:05:00 p.m. AntiCheat> Deteccion cheat poteo de Pochoo

24/11/2016 02:54:08 p.m. AntiCheat> Deteccion cheat poteo doble click de AskA

24/11/2016 02:54:10 p.m. AntiCheat> Deteccion cheat poteo doble click de AskA

24/11/2016 02:54:14 p.m. AntiCheat> Deteccion cheat poteo doble click de AskA

24/11/2016 02:54:14 p.m. AntiCheat> Deteccion cheat poteo de AskA

24/11/2016 02:54:23 p.m. AntiCheat> Deteccion cheat poteo de AskA

24/11/2016 02:54:37 p.m. AntiCheat> Deteccion cheat poteo de AskA

24/11/2016 02:54:49 p.m. AntiCheat> Deteccion cheat poteo doble click de AskA

24/11/2016 02:54:50 p.m. AntiCheat> Deteccion cheat poteo de AskA

24/11/2016 02:54:50 p.m. AntiCheat> Deteccion cheat poteo doble click de AskA

24/11/2016 02:54:59 p.m. AntiCheat> Deteccion cheat poteo de AskA

24/11/2016 02:55:01 p.m. AntiCheat> Deteccion cheat poteo doble click de AskA

24/11/2016 02:55:01 p.m. AntiCheat> Deteccion cheat poteo de AskA

24/11/2016 02:55:02 p.m. AntiCheat> Deteccion cheat poteo de AskA

24/11/2016 02:55:03 p.m. AntiCheat> Deteccion cheat poteo doble click de AskA

24/11/2016 02:55:03 p.m. AntiCheat> Deteccion cheat poteo doble click de AskA

24/11/2016 02:55:04 p.m. AntiCheat> Deteccion cheat poteo doble click de AskA

24/11/2016 02:55:05 p.m. AntiCheat> Deteccion cheat poteo doble click de AskA

24/11/2016 02:55:08 p.m. AntiCheat> Deteccion cheat poteo doble click de AskA

24/11/2016 02:55:08 p.m. AntiCheat> Deteccion cheat poteo doble click de AskA

24/11/2016 02:55:09 p.m. AntiCheat> Deteccion cheat poteo de AskA

24/11/2016 02:55:09 p.m. AntiCheat> Deteccion cheat poteo doble click de AskA

24/11/2016 02:55:10 p.m. AntiCheat> Deteccion cheat poteo doble click de AskA

24/11/2016 02:55:11 p.m. AntiCheat> Deteccion cheat poteo de AskA

24/11/2016 02:55:11 p.m. AntiCheat> Deteccion cheat poteo doble click de AskA

24/11/2016 02:55:12 p.m. AntiCheat> Deteccion cheat poteo doble click de AskA

24/11/2016 02:55:13 p.m. AntiCheat> Deteccion cheat poteo doble click de AskA

24/11/2016 02:55:14 p.m. AntiCheat> Deteccion cheat poteo doble click de AskA

24/11/2016 02:55:15 p.m. AntiCheat> Deteccion cheat poteo doble click de AskA

24/11/2016 02:55:16 p.m. AntiCheat> Deteccion cheat poteo doble click de AskA

24/11/2016 02:55:20 p.m. AntiCheat> Deteccion cheat poteo doble click de AskA

24/11/2016 02:55:21 p.m. AntiCheat> Deteccion cheat poteo doble click de AskA

24/11/2016 02:55:21 p.m. AntiCheat> Deteccion cheat poteo doble click de AskA

24/11/2016 02:55:22 p.m. AntiCheat> Deteccion cheat poteo doble click de AskA

24/11/2016 02:55:25 p.m. AntiCheat> Deteccion cheat poteo doble click de AskA

24/11/2016 02:55:26 p.m. AntiCheat> Deteccion cheat poteo doble click de AskA

24/11/2016 02:55:26 p.m. AntiCheat> Deteccion cheat poteo de AskA

24/11/2016 02:55:27 p.m. AntiCheat> Deteccion cheat poteo doble click de AskA

24/11/2016 02:55:28 p.m. AntiCheat> Deteccion cheat poteo de AskA

24/11/2016 02:55:28 p.m. AntiCheat> Deteccion cheat poteo doble click de AskA

24/11/2016 02:55:31 p.m. AntiCheat> Deteccion cheat poteo doble click de AskA

24/11/2016 02:55:31 p.m. AntiCheat> Deteccion cheat poteo de AskA

24/11/2016 02:55:45 p.m. AntiCheat> Deteccion cheat poteo de AskA

24/11/2016 02:55:56 p.m. AntiCheat> Deteccion cheat poteo de AskA

24/11/2016 02:56:39 p.m. AntiCheat> Deteccion cheat poteo doble click de AskA

24/11/2016 02:56:39 p.m. AntiCheat> Deteccion cheat poteo doble click de AskA

24/11/2016 02:56:40 p.m. AntiCheat> Deteccion cheat poteo de AskA

24/11/2016 02:56:40 p.m. AntiCheat> Deteccion cheat poteo doble click de AskA

24/11/2016 02:56:43 p.m. AntiCheat> Deteccion cheat poteo de AskA

24/11/2016 02:56:44 p.m. AntiCheat> Deteccion cheat poteo doble click de AskA

24/11/2016 02:56:50 p.m. AntiCheat> Deteccion cheat poteo de AskA

24/11/2016 02:57:15 p.m. AntiCheat> Deteccion cheat poteo doble click de AskA

24/11/2016 02:57:26 p.m. AntiCheat> Deteccion cheat poteo de AskA

24/11/2016 02:57:31 p.m. AntiCheat> Deteccion cheat poteo de AskA

24/11/2016 02:57:37 p.m. AntiCheat> Deteccion cheat poteo de AskA

24/11/2016 02:58:04 p.m. AntiCheat> Deteccion cheat poteo de AskA

24/11/2016 02:58:06 p.m. AntiCheat> Deteccion cheat poteo de AskA

24/11/2016 02:58:08 p.m. AntiCheat> Deteccion cheat poteo doble click de AskA

24/11/2016 02:58:09 p.m. AntiCheat> Deteccion cheat poteo de AskA

24/11/2016 02:58:09 p.m. AntiCheat> Deteccion cheat poteo doble click de AskA

24/11/2016 02:58:10 p.m. AntiCheat> Deteccion cheat poteo doble click de AskA

24/11/2016 02:58:11 p.m. AntiCheat> Deteccion cheat poteo de AskA

24/11/2016 02:58:11 p.m. AntiCheat> Deteccion cheat poteo doble click de AskA

24/11/2016 02:58:12 p.m. AntiCheat> Deteccion cheat poteo doble click de AskA

24/11/2016 02:58:13 p.m. AntiCheat> Deteccion cheat poteo de AskA

24/11/2016 02:58:58 p.m. AntiCheat> Deteccion cheat poteo de AskA

24/11/2016 02:59:00 p.m. AntiCheat> Deteccion cheat poteo de AskA

24/11/2016 02:59:01 p.m. AntiCheat> Deteccion cheat poteo de AskA

24/11/2016 02:59:33 p.m. AntiCheat> Deteccion cheat poteo doble click de AskA

24/11/2016 02:59:34 p.m. AntiCheat> Deteccion cheat poteo doble click de AskA

24/11/2016 02:59:48 p.m. AntiCheat> Deteccion cheat poteo doble click de AskA

24/11/2016 02:59:49 p.m. AntiCheat> Deteccion cheat poteo doble click de AskA

24/11/2016 02:59:50 p.m. AntiCheat> Deteccion cheat poteo doble click de AskA

24/11/2016 02:59:51 p.m. AntiCheat> Deteccion cheat poteo de AskA

24/11/2016 02:59:53 p.m. AntiCheat> Deteccion cheat poteo doble click de AskA

24/11/2016 02:59:53 p.m. AntiCheat> Deteccion cheat poteo de AskA

24/11/2016 02:59:55 p.m. AntiCheat> Deteccion cheat poteo de AskA

24/11/2016 02:59:55 p.m. AntiCheat> Deteccion cheat poteo doble click de AskA

24/11/2016 02:59:56 p.m. AntiCheat> Deteccion cheat poteo doble click de AskA

24/11/2016 02:59:56 p.m. AntiCheat> Deteccion cheat poteo de AskA

24/11/2016 02:59:57 p.m. AntiCheat> Deteccion cheat poteo doble click de AskA

24/11/2016 02:59:58 p.m. AntiCheat> Deteccion cheat poteo doble click de AskA

24/11/2016 02:59:59 p.m. AntiCheat> Deteccion cheat poteo doble click de AskA

24/11/2016 02:59:59 p.m. AntiCheat> Deteccion cheat poteo de AskA

24/11/2016 03:00:00 p.m. AntiCheat> Deteccion cheat poteo doble click de AskA

24/11/2016 03:00:20 p.m. AntiCheat> Deteccion cheat poteo doble click de AskA

24/11/2016 03:00:27 p.m. AntiCheat> Deteccion cheat poteo de AskA

24/11/2016 03:00:31 p.m. AntiCheat> Deteccion cheat poteo de AskA

24/11/2016 03:00:37 p.m. AntiCheat> Deteccion cheat poteo de AskA

24/11/2016 03:00:44 p.m. AntiCheat> Deteccion cheat poteo de AskA

24/11/2016 03:01:01 p.m. AntiCheat> Deteccion cheat poteo de AskA

24/11/2016 03:01:03 p.m. AntiCheat> Deteccion cheat poteo doble click de AskA

24/11/2016 03:01:04 p.m. AntiCheat> Deteccion cheat poteo doble click de AskA

24/11/2016 03:01:05 p.m. AntiCheat> Deteccion cheat poteo de AskA

24/11/2016 03:01:05 p.m. AntiCheat> Deteccion cheat poteo doble click de AskA

24/11/2016 03:01:06 p.m. AntiCheat> Deteccion cheat poteo doble click de AskA

24/11/2016 03:01:07 p.m. AntiCheat> Deteccion cheat poteo doble click de AskA

24/11/2016 03:01:08 p.m. AntiCheat> Deteccion cheat poteo de AskA

24/11/2016 03:01:09 p.m. AntiCheat> Deteccion cheat poteo doble click de AskA

24/11/2016 03:01:10 p.m. AntiCheat> Deteccion cheat poteo doble click de AskA

24/11/2016 03:01:12 p.m. AntiCheat> Deteccion cheat poteo de AskA

24/11/2016 03:01:12 p.m. AntiCheat> Deteccion cheat poteo doble click de AskA

24/11/2016 03:01:14 p.m. AntiCheat> Deteccion cheat poteo doble click de AskA

24/11/2016 03:01:15 p.m. AntiCheat> Deteccion cheat poteo doble click de AskA

24/11/2016 03:01:15 p.m. AntiCheat> Deteccion cheat poteo de AskA

24/11/2016 03:01:16 p.m. AntiCheat> Deteccion cheat poteo doble click de AskA

24/11/2016 03:01:16 p.m. AntiCheat> Deteccion cheat poteo doble click de AskA

24/11/2016 03:01:17 p.m. AntiCheat> Deteccion cheat poteo doble click de AskA

24/11/2016 03:01:18 p.m. AntiCheat> Deteccion cheat poteo de AskA

24/11/2016 03:01:18 p.m. AntiCheat> Deteccion cheat poteo doble click de AskA

24/11/2016 03:01:19 p.m. AntiCheat> Deteccion cheat poteo doble click de AskA

24/11/2016 03:01:21 p.m. AntiCheat> Deteccion cheat poteo doble click de AskA

24/11/2016 03:01:22 p.m. AntiCheat> Deteccion cheat poteo doble click de AskA

24/11/2016 03:01:23 p.m. AntiCheat> Deteccion cheat poteo doble click de AskA

24/11/2016 03:01:24 p.m. AntiCheat> Deteccion cheat poteo doble click de AskA

24/11/2016 03:01:24 p.m. AntiCheat> Deteccion cheat poteo de AskA

24/11/2016 03:01:25 p.m. AntiCheat> Deteccion cheat poteo doble click de AskA

24/11/2016 03:06:05 p.m. AntiCheat> Deteccion cheat poteo de AskA

24/11/2016 03:06:10 p.m. AntiCheat> Deteccion cheat poteo de AskA

24/11/2016 03:06:15 p.m. AntiCheat> Deteccion cheat poteo doble click de AskA

24/11/2016 03:06:15 p.m. AntiCheat> Deteccion cheat poteo de AskA

24/11/2016 03:06:17 p.m. AntiCheat> Deteccion cheat poteo de AskA

24/11/2016 03:06:20 p.m. AntiCheat> Deteccion cheat poteo doble click de AskA

24/11/2016 03:06:21 p.m. AntiCheat> Deteccion cheat poteo doble click de AskA

24/11/2016 03:06:21 p.m. AntiCheat> Deteccion cheat poteo de AskA

24/11/2016 03:06:22 p.m. AntiCheat> Deteccion cheat poteo doble click de AskA

24/11/2016 03:06:22 p.m. AntiCheat> Deteccion cheat poteo doble click de AskA

24/11/2016 03:06:23 p.m. AntiCheat> Deteccion cheat poteo doble click de AskA

24/11/2016 03:06:24 p.m. AntiCheat> Deteccion cheat poteo doble click de AskA

24/11/2016 03:06:25 p.m. AntiCheat> Deteccion cheat poteo doble click de AskA

24/11/2016 03:06:28 p.m. AntiCheat> Deteccion cheat poteo doble click de AskA

24/11/2016 03:06:28 p.m. AntiCheat> Deteccion cheat poteo doble click de AskA

24/11/2016 03:06:31 p.m. AntiCheat> Deteccion cheat poteo doble click de AskA

24/11/2016 03:06:31 p.m. AntiCheat> Deteccion cheat poteo de AskA

24/11/2016 03:06:32 p.m. AntiCheat> Deteccion cheat poteo doble click de AskA

24/11/2016 03:06:32 p.m. AntiCheat> Deteccion cheat poteo de AskA

24/11/2016 03:06:34 p.m. AntiCheat> Deteccion cheat poteo doble click de AskA

24/11/2016 03:06:57 p.m. AntiCheat> Deteccion cheat poteo de AskA

24/11/2016 03:07:28 p.m. AntiCheat> Deteccion cheat poteo de AskA

24/11/2016 03:07:35 p.m. AntiCheat> Deteccion cheat poteo de AskA

24/11/2016 03:07:36 p.m. AntiCheat> Deteccion cheat poteo de AskA

24/11/2016 03:07:41 p.m. AntiCheat> Deteccion cheat poteo doble click de AskA

24/11/2016 03:07:42 p.m. AntiCheat> Deteccion cheat poteo de AskA

24/11/2016 03:07:42 p.m. AntiCheat> Deteccion cheat poteo doble click de AskA

24/11/2016 03:07:42 p.m. AntiCheat> Deteccion cheat poteo doble click de AskA

24/11/2016 03:07:43 p.m. AntiCheat> Deteccion cheat poteo doble click de AskA

24/11/2016 03:07:44 p.m. AntiCheat> Deteccion cheat poteo de AskA

24/11/2016 03:07:44 p.m. AntiCheat> Deteccion cheat poteo doble click de AskA

24/11/2016 03:07:46 p.m. AntiCheat> Deteccion cheat poteo de AskA

24/11/2016 03:07:51 p.m. AntiCheat> Deteccion cheat poteo doble click de AskA

24/11/2016 03:08:33 p.m. AntiCheat> Deteccion cheat poteo doble click de AskA

24/11/2016 03:08:34 p.m. AntiCheat> Deteccion cheat poteo de AskA

24/11/2016 03:08:35 p.m. AntiCheat> Deteccion cheat poteo doble click de AskA

24/11/2016 03:08:49 p.m. AntiCheat> Deteccion cheat poteo de AskA

24/11/2016 03:08:53 p.m. AntiCheat> Deteccion cheat poteo de AskA

24/11/2016 03:08:59 p.m. AntiCheat> Deteccion cheat poteo de AskA

24/11/2016 03:09:04 p.m. AntiCheat> Deteccion cheat poteo de AskA

24/11/2016 03:09:08 p.m. AntiCheat> Deteccion cheat poteo doble click de AskA

24/11/2016 03:09:09 p.m. AntiCheat> Deteccion cheat poteo de AskA

24/11/2016 03:09:09 p.m. AntiCheat> Deteccion cheat poteo doble click de AskA

24/11/2016 03:09:14 p.m. AntiCheat> Deteccion cheat poteo doble click de AskA

24/11/2016 03:10:20 p.m. AntiCheat> Deteccion cheat poteo de AskA

24/11/2016 03:10:21 p.m. AntiCheat> Deteccion cheat poteo doble click de AskA

24/11/2016 03:10:24 p.m. AntiCheat> Deteccion cheat poteo doble click de AskA

24/11/2016 03:22:50 p.m. AntiCheat> Deteccion cheat lanzar de Verganza

24/11/2016 03:23:32 p.m. AntiCheat> Deteccion cheat poteo de KITZERCK

24/11/2016 03:23:33 p.m. AntiCheat> Deteccion cheat poteo de KITZERCK

24/11/2016 03:24:19 p.m. AntiCheat> Deteccion cheat lanzar de Verganza

24/11/2016 03:24:22 p.m. AntiCheat> Deteccion cheat lanzar de Verganza

24/11/2016 04:14:03 p.m. AntiCheat> Deteccion cheat poteo de MORODO

24/11/2016 04:31:19 p.m. AntiCheat> Deteccion cheat poteo de MORODO

24/11/2016 04:31:34 p.m. AntiCheat> Deteccion cheat poteo de MORODO

24/11/2016 04:32:47 p.m. AntiCheat> Deteccion cheat poteo de MORODO

24/11/2016 05:35:48 p.m. AntiCheat> Deteccion cheat poteo de R

24/11/2016 05:35:51 p.m. AntiCheat> Deteccion cheat poteo de R

24/11/2016 06:07:26 p.m. AntiCheat> Deteccion cheat poteo de KATRINA

24/11/2016 06:07:42 p.m. AntiCheat> Deteccion cheat poteo de KATRINA

24/11/2016 06:09:08 p.m. AntiCheat> Deteccion cheat poteo de KATRINA

24/11/2016 06:09:11 p.m. AntiCheat> Deteccion cheat poteo de KATRINA

24/11/2016 06:09:11 p.m. AntiCheat> Deteccion cheat poteo de KATRINA

24/11/2016 06:09:11 p.m. AntiCheat> Deteccion cheat poteo de KATRINA

24/11/2016 06:09:11 p.m. AntiCheat> Deteccion cheat poteo de KATRINA

24/11/2016 06:09:12 p.m. AntiCheat> Deteccion cheat poteo doble click de KATRINA

24/11/2016 06:09:13 p.m. AntiCheat> Deteccion cheat poteo de KATRINA

24/11/2016 06:09:13 p.m. AntiCheat> Deteccion cheat poteo doble click de KATRINA

24/11/2016 06:20:57 p.m. AntiCheat> Deteccion cheat poteo de WHIZARD

24/11/2016 06:21:01 p.m. AntiCheat> Deteccion cheat poteo de WHIZARD

24/11/2016 06:21:09 p.m. AntiCheat> Deteccion cheat poteo de WHIZARD

27/11/2016 01:55:58 p.m. AntiCheat> Deteccion cheat poteo de Delfina

27/11/2016 01:55:58 p.m. AntiCheat> Deteccion cheat poteo de Delfina

27/11/2016 01:55:58 p.m. AntiCheat> Deteccion cheat poteo de Delfina

27/11/2016 01:55:58 p.m. AntiCheat> Deteccion cheat poteo de Delfina

27/11/2016 01:55:58 p.m. AntiCheat> Deteccion cheat poteo de Delfina

27/11/2016 01:55:58 p.m. AntiCheat> Deteccion cheat poteo de Delfina

27/11/2016 01:55:58 p.m. AntiCheat> Deteccion cheat poteo de Delfina

27/11/2016 01:55:58 p.m. AntiCheat> Deteccion cheat poteo de Delfina

27/11/2016 01:55:58 p.m. AntiCheat> Deteccion cheat poteo de Delfina

27/11/2016 01:55:58 p.m. AntiCheat> Deteccion cheat poteo de Delfina

27/11/2016 01:55:58 p.m. AntiCheat> Deteccion cheat poteo de Delfina

27/11/2016 05:47:01 p.m. AntiCheat> Deteccion cheat poteo de Baggio

27/11/2016 05:47:01 p.m. AntiCheat> Deteccion cheat poteo de Baggio

28/11/2016 01:32:01 p.m. AntiCheat> Deteccion cheat poteo doble click de NHIARA

28/11/2016 02:13:34 p.m. AntiCheat> Deteccion cheat poteo de Lunatik

28/11/2016 02:14:14 p.m. AntiCheat> Deteccion cheat poteo de Lunatik

28/11/2016 02:14:14 p.m. AntiCheat> Deteccion cheat poteo de Lunatik

28/11/2016 05:35:17 p.m. AntiCheat> Deteccion cheat poteo de Barxa

30/11/2016 12:09:05 a.m. AntiCheat> Deteccion cheat poteo de William

30/11/2016 12:09:05 a.m. AntiCheat> Deteccion cheat poteo de William

30/11/2016 12:09:05 a.m. AntiCheat> Deteccion cheat poteo de William

30/11/2016 12:09:09 a.m. AntiCheat> Deteccion cheat poteo de William

30/11/2016 12:09:09 a.m. AntiCheat> Deteccion cheat poteo de William

30/11/2016 12:09:10 a.m. AntiCheat> Deteccion cheat poteo de William

30/11/2016 12:09:10 a.m. AntiCheat> Deteccion cheat poteo de William

30/11/2016 12:09:15 a.m. AntiCheat> Deteccion cheat poteo de William

30/11/2016 12:09:15 a.m. AntiCheat> Deteccion cheat poteo de William

01/12/2016 12:17:21 p.m. AntiCheat> Deteccion cheat poteo doble click de Luigi

01/12/2016 12:17:21 p.m. AntiCheat> Deteccion cheat poteo doble click de Luigi

01/12/2016 12:17:21 p.m. AntiCheat> Deteccion cheat poteo de Luigi

01/12/2016 12:17:21 p.m. AntiCheat> Deteccion cheat poteo doble click de Luigi

01/12/2016 12:17:21 p.m. AntiCheat> Deteccion cheat poteo de Luigi

01/12/2016 12:17:21 p.m. AntiCheat> Deteccion cheat poteo de Luigi

01/12/2016 12:17:21 p.m. AntiCheat> Deteccion cheat poteo doble click de Luigi

01/12/2016 12:17:21 p.m. AntiCheat> Deteccion cheat poteo doble click de Luigi

01/12/2016 12:17:21 p.m. AntiCheat> Deteccion cheat poteo de Luigi

01/12/2016 12:17:21 p.m. AntiCheat> Deteccion cheat poteo doble click de Luigi

